[1 of 50] COLB
Saved: /home/qcx201/Projects/daytrade/data/chart/chart-colb.json
Saved: /home/qcx201/Projects/daytrade/data/summary/summary-colb.json
<Response [200]> https://finance.yahoo.com/calendar/earnings/?symbol=COLB&offset=0&size=100
<Response [200]> https://finance.yahoo.com/calendar/earnings/?symbol=COLB&offset=100&size=100
<Response [200]> https://finance.yahoo.com/calendar/earnings/?symbol=COLB&offset=200&size=100
Saved: /home/qcx201/Projects/daytrade/data/earnings/earnings-colb.json
now: 2025-12-29 17:40:02.825973 | eta: 0:05:54.900042 | delta: 0:00:07.242858 | avg: 0:00:07.242858
[2 of 50] ATR
Saved: /home/qcx201/Projects/daytrade/data/chart/chart-atr.json
Saved: /home/qcx201/Projects/daytrade/data/summary/summary-atr.json
<Response [200]> https://finance.yahoo.com/calendar/earnings/?symbol=ATR&offset=0&size=100
<Response [200]> https://finance.yahoo.com/calendar/earnings/?symbol=ATR&offset=100&size=100
<Response [200]> https://finance.yahoo.com/calendar/earnings/?symbol=ATR&offset=200&size=100
Saved: /home/qcx201/Projects/daytrade/data/earnings/earnings-atr.json
now: 2025-12-29 17:40:13.017895 | eta: 0:06:58.434720 | delta: 0:00:17.434780 | avg: 0:00:08.717390
[3 of 50] BRX
Saved: /home/qcx201/Projects/daytrade/data/chart/chart-brx.json
Saved: /home/qcx201/Projects/daytrade/data/summary/summary-brx.json
<Response [200]> https://finance.yahoo.com/calendar/earnings/?symbol=BRX&offset=0&size=100
<Response [200]> https://finance.yahoo.com/calendar/earnings/?symbol=BRX&offset=100&size=100
Saved: /home/qcx201/Projects/daytrade/data/earnings/earnings-brx.json
now: 2025-12-29 17:40:18.025007 | eta: 0:05:51.589657 | delta: 0:00:22.441892 | avg: 0:00:07.480631
[4 of 50] VMI
Saved: /home/qcx201/Projects/daytrade/data/chart/chart-vmi.json
Saved: /home/qcx201/Projects/daytrade/data/summary/summary-vmi.json
<Response [200]> https://finance.yahoo.com/calendar/earnings/?symbol=VMI&offset=0&size=100
<Response [200]> https://finance.yahoo.com/calendar/earnings/?symbol=VMI&offset=100&size=100
Saved: /home/qcx201/Projects/daytrade/data/earnings/earnings-vmi.json
now: 2025-12-29 17:40:22.634734 | eta: 0:05:11.093630 | delta: 0:00:27.051619 | avg: 0:00:06.762905
[5 of 50] MTCH
Saved: /home/qcx201/Projects/daytrade/data/chart/chart-mtch.json
Saved: /home/qcx201/Projects/daytrade/data/summary/summary-mtch.json
<Response [200]> https://finance.yahoo.com/calendar/earnings/?symbol=MTCH&offset=0&size=100
<Response [200]> https://finance.yahoo.com/calendar/earnings/?symbol=MTCH&offset=100&size=100
Sleeping 90.0 seconds...
<Response [200]> https://finance.yahoo.com/calendar/earnings/?symbol=MTCH&offset=100&size=100
Sleeping 112.5 seconds...
<Response [200]> https://finance.yahoo.com/calendar/earnings/?symbol=MTCH&offset=100&size=100
Saved: /home/qcx201/Projects/daytrade/data/earnings/earnings-mtch.json
now: 2025-12-29 17:43:54.450953 | eta: 0:35:49.810560 | delta: 0:03:58.867838 | avg: 0:00:47.773568
[6 of 50] OMF
Saved: /home/qcx201/Projects/daytrade/data/chart/chart-omf.json
Saved: /home/qcx201/Projects/daytrade/data/summary/summary-omf.json
<Response [200]> https://finance.yahoo.com/calendar/earnings/?symbol=OMF&offset=0&size=100
<Response [200]> https://finance.yahoo.com/calendar/earnings/?symbol=OMF&offset=100&size=100
Saved: /home/qcx201/Projects/daytrade/data/earnings/earnings-omf.json
now: 2025-12-29 17:43:56.923113 | eta: 0:29:29.826652 | delta: 0:04:01.339998 | avg: 0:00:40.223333
[7 of 50] LKQ
Saved: /home/qcx201/Projects/daytrade/data/chart/chart-lkq.json
Saved: /home/qcx201/Projects/daytrade/data/summary/summary-lkq.json
<Response [200]> https://finance.yahoo.com/calendar/earnings/?symbol=LKQ&offset=0&size=100
<Response [200]> https://finance.yahoo.com/calendar/earnings/?symbol=LKQ&offset=100&size=100
Saved: /home/qcx201/Projects/daytrade/data/earnings/earnings-lkq.json
now: 2025-12-29 17:43:59.498498 | eta: 0:24:58.337365 | delta: 0:04:03.915383 | avg: 0:00:34.845055
[8 of 50] CUBE
Saved: /home/qcx201/Projects/daytrade/data/chart/chart-cube.json
Saved: /home/qcx201/Projects/daytrade/data/summary/summary-cube.json
<Response [200]> https://finance.yahoo.com/calendar/earnings/?symbol=CUBE&offset=0&size=100
<Response [200]> https://finance.yahoo.com/calendar/earnings/?symbol=CUBE&offset=100&size=100
Saved: /home/qcx201/Projects/daytrade/data/earnings/earnings-cube.json
now: 2025-12-29 17:44:03.255227 | eta: 0:21:40.278588 | delta: 0:04:07.672112 | avg: 0:00:30.959014
[9 of 50] TAP
Saved: /home/qcx201/Projects/daytrade/data/chart/chart-tap.json
Saved: /home/qcx201/Projects/daytrade/data/summary/summary-tap.json
<Response [200]> https://finance.yahoo.com/calendar/earnings/?symbol=TAP&offset=0&size=100
Sleeping 90.0 seconds...
<Response [200]> https://finance.yahoo.com/calendar/earnings/?symbol=TAP&offset=0&size=100
Sleeping 112.5 seconds...
<Response [200]> https://finance.yahoo.com/calendar/earnings/?symbol=TAP&offset=0&size=100
<Response [200]> https://finance.yahoo.com/calendar/earnings/?symbol=TAP&offset=100&size=100
<Response [200]> https://finance.yahoo.com/calendar/earnings/?symbol=TAP&offset=200&size=100
Saved: /home/qcx201/Projects/daytrade/data/earnings/earnings-tap.json
now: 2025-12-29 17:47:37.358835 | eta: 0:35:03.644933 | delta: 0:07:41.775720 | avg: 0:00:51.308413
[10 of 50] SOLS
Saved: /home/qcx201/Projects/daytrade/data/chart/chart-sols.json
Saved: /home/qcx201/Projects/daytrade/data/summary/summary-sols.json
<Response [200]> https://finance.yahoo.com/calendar/earnings/?symbol=SOLS&offset=0&size=100
Sleeping 90.0 seconds...
<Response [200]> https://finance.yahoo.com/calendar/earnings/?symbol=SOLS&offset=0&size=100
Sleeping 112.5 seconds...
<Response [200]> https://finance.yahoo.com/calendar/earnings/?symbol=SOLS&offset=0&size=100
<Response [200]> https://finance.yahoo.com/calendar/earnings/?symbol=SOLS&offset=100&size=100
Saved: /home/qcx201/Projects/daytrade/data/earnings/earnings-sols.json
now: 2025-12-29 17:51:08.952803 | eta: 0:44:53.478760 | delta: 0:11:13.369688 | avg: 0:01:07.336969
[11 of 50] CART
Saved: /home/qcx201/Projects/daytrade/data/chart/chart-cart.json
Saved: /home/qcx201/Projects/daytrade/data/summary/summary-cart.json
<Response [200]> https://finance.yahoo.com/calendar/earnings/?symbol=CART&offset=0&size=100
<Response [200]> https://finance.yahoo.com/calendar/earnings/?symbol=CART&offset=100&size=100
Saved: /home/qcx201/Projects/daytrade/data/earnings/earnings-cart.json
now: 2025-12-29 17:51:11.700938 | eta: 0:39:57.145023 | delta: 0:11:16.117823 | avg: 0:01:01.465257
[12 of 50] R
Saved: /home/qcx201/Projects/daytrade/data/chart/chart-r.json
Saved: /home/qcx201/Projects/daytrade/data/summary/summary-r.json
<Response [200]> https://finance.yahoo.com/calendar/earnings/?symbol=R&offset=0&size=100
<Response [200]> https://finance.yahoo.com/calendar/earnings/?symbol=R&offset=100&size=100
<Response [200]> https://finance.yahoo.com/calendar/earnings/?symbol=R&offset=200&size=100
Sleeping 90.0 seconds...
<Response [200]> https://finance.yahoo.com/calendar/earnings/?symbol=R&offset=200&size=100
Sleeping 112.5 seconds...
<Response [200]> https://finance.yahoo.com/calendar/earnings/?symbol=R&offset=200&size=100
Saved: /home/qcx201/Projects/daytrade/data/earnings/earnings-r.json
now: 2025-12-29 17:54:45.580184 | eta: 0:46:58.324036 | delta: 0:14:49.997069 | avg: 0:01:14.166422
[13 of 50] ONTO
Saved: /home/qcx201/Projects/daytrade/data/chart/chart-onto.json
Saved: /home/qcx201/Projects/daytrade/data/summary/summary-onto.json
<Response [200]> https://finance.yahoo.com/calendar/earnings/?symbol=ONTO&offset=0&size=100
<Response [200]> https://finance.yahoo.com/calendar/earnings/?symbol=ONTO&offset=100&size=100
Saved: /home/qcx201/Projects/daytrade/data/earnings/earnings-onto.json
now: 2025-12-29 17:54:48.171453 | eta: 0:42:20.443717 | delta: 0:14:52.588338 | avg: 0:01:08.660641
[14 of 50] TTC
Saved: /home/qcx201/Projects/daytrade/data/chart/chart-ttc.json
Saved: /home/qcx201/Projects/daytrade/data/summary/summary-ttc.json
<Response [200]> https://finance.yahoo.com/calendar/earnings/?symbol=TTC&offset=0&size=100
<Response [200]> https://finance.yahoo.com/calendar/earnings/?symbol=TTC&offset=100&size=100
<Response [200]> https://finance.yahoo.com/calendar/earnings/?symbol=TTC&offset=200&size=100
Saved: /home/qcx201/Projects/daytrade/data/earnings/earnings-ttc.json
now: 2025-12-29 17:54:52.747137 | eta: 0:38:26.993184 | delta: 0:14:57.164022 | avg: 0:01:04.083144
[15 of 50] LYFT
Saved: /home/qcx201/Projects/daytrade/data/chart/chart-lyft.json
Saved: /home/qcx201/Projects/daytrade/data/summary/summary-lyft.json
<Response [200]> https://finance.yahoo.com/calendar/earnings/?symbol=LYFT&offset=0&size=100
Sleeping 90.0 seconds...
<Response [200]> https://finance.yahoo.com/calendar/earnings/?symbol=LYFT&offset=0&size=100
Sleeping 112.5 seconds...
<Response [200]> https://finance.yahoo.com/calendar/earnings/?symbol=LYFT&offset=0&size=100
<Response [200]> https://finance.yahoo.com/calendar/earnings/?symbol=LYFT&offset=100&size=100
Saved: /home/qcx201/Projects/daytrade/data/earnings/earnings-lyft.json
now: 2025-12-29 17:58:24.756149 | eta: 0:43:08.070415 | delta: 0:18:29.173034 | avg: 0:01:13.944869
[16 of 50] TPG
Saved: /home/qcx201/Projects/daytrade/data/chart/chart-tpg.json
Saved: /home/qcx201/Projects/daytrade/data/summary/summary-tpg.json
<Response [200]> https://finance.yahoo.com/calendar/earnings/?symbol=TPG&offset=0&size=100
Sleeping 90.0 seconds...
<Response [200]> https://finance.yahoo.com/calendar/earnings/?symbol=TPG&offset=0&size=100
Sleeping 112.5 seconds...
<Response [200]> https://finance.yahoo.com/calendar/earnings/?symbol=TPG&offset=0&size=100
Sleeping 135.0 seconds...
<Response [200]> https://finance.yahoo.com/calendar/earnings/?symbol=TPG&offset=0&size=100
<Response [200]> https://finance.yahoo.com/calendar/earnings/?symbol=TPG&offset=100&size=100
Saved: /home/qcx201/Projects/daytrade/data/earnings/earnings-tpg.json
now: 2025-12-29 18:04:15.221570 | eta: 0:51:41.731702 | delta: 0:24:19.638455 | avg: 0:01:31.227403
[17 of 50] OSK
Saved: /home/qcx201/Projects/daytrade/data/chart/chart-osk.json
Saved: /home/qcx201/Projects/daytrade/data/summary/summary-osk.json
<Response [200]> https://finance.yahoo.com/calendar/earnings/?symbol=OSK&offset=0&size=100
<Response [200]> https://finance.yahoo.com/calendar/earnings/?symbol=OSK&offset=100&size=100
<Response [200]> https://finance.yahoo.com/calendar/earnings/?symbol=OSK&offset=200&size=100
Saved: /home/qcx201/Projects/daytrade/data/earnings/earnings-osk.json
now: 2025-12-29 18:04:20.461005 | eta: 0:47:23.586504 | delta: 0:24:24.877890 | avg: 0:01:26.169288
[18 of 50] AOS
Saved: /home/qcx201/Projects/daytrade/data/chart/chart-aos.json
Saved: /home/qcx201/Projects/daytrade/data/summary/summary-aos.json
<Response [200]> https://finance.yahoo.com/calendar/earnings/?symbol=AOS&offset=0&size=100
Sleeping 90.0 seconds...
<Response [200]> https://finance.yahoo.com/calendar/earnings/?symbol=AOS&offset=0&size=100
Sleeping 112.5 seconds...
<Response [200]> https://finance.yahoo.com/calendar/earnings/?symbol=AOS&offset=0&size=100
Sleeping 135.0 seconds...
<Response [200]> https://finance.yahoo.com/calendar/earnings/?symbol=AOS&offset=0&size=100
<Response [200]> https://finance.yahoo.com/calendar/earnings/?symbol=AOS&offset=100&size=100
Saved: /home/qcx201/Projects/daytrade/data/earnings/earnings-aos.json
now: 2025-12-29 18:10:12.001066 | eta: 0:53:49.187456 | delta: 0:30:16.417951 | avg: 0:01:40.912108
[19 of 50] PLNT
Saved: /home/qcx201/Projects/daytrade/data/chart/chart-plnt.json
Saved: /home/qcx201/Projects/daytrade/data/summary/summary-plnt.json
<Response [200]> https://finance.yahoo.com/calendar/earnings/?symbol=PLNT&offset=0&size=100
<Response [200]> https://finance.yahoo.com/calendar/earnings/?symbol=PLNT&offset=100&size=100
Saved: /home/qcx201/Projects/daytrade/data/earnings/earnings-plnt.json
now: 2025-12-29 18:10:15.243812 | eta: 0:49:28.920096 | delta: 0:30:19.660697 | avg: 0:01:35.771616
[20 of 50] WYNN
Saved: /home/qcx201/Projects/daytrade/data/chart/chart-wynn.json
Saved: /home/qcx201/Projects/daytrade/data/summary/summary-wynn.json
<Response [200]> https://finance.yahoo.com/calendar/earnings/?symbol=WYNN&offset=0&size=100
<Response [200]> https://finance.yahoo.com/calendar/earnings/?symbol=WYNN&offset=100&size=100
Sleeping 90.0 seconds...
<Response [200]> https://finance.yahoo.com/calendar/earnings/?symbol=WYNN&offset=100&size=100
Sleeping 112.5 seconds...
<Response [200]> https://finance.yahoo.com/calendar/earnings/?symbol=WYNN&offset=100&size=100
Saved: /home/qcx201/Projects/daytrade/data/earnings/earnings-wynn.json
now: 2025-12-29 18:13:45.535001 | eta: 0:50:44.927820 | delta: 0:33:49.951886 | avg: 0:01:41.497594
[21 of 50] WTFC
Saved: /home/qcx201/Projects/daytrade/data/chart/chart-wtfc.json
Saved: /home/qcx201/Projects/daytrade/data/summary/summary-wtfc.json
<Response [200]> https://finance.yahoo.com/calendar/earnings/?symbol=WTFC&offset=0&size=100
<Response [200]> https://finance.yahoo.com/calendar/earnings/?symbol=WTFC&offset=100&size=100
<Response [200]> https://finance.yahoo.com/calendar/earnings/?symbol=WTFC&offset=200&size=100
Sleeping 90.0 seconds...
<Response [200]> https://finance.yahoo.com/calendar/earnings/?symbol=WTFC&offset=200&size=100
Sleeping 112.5 seconds...
<Response [200]> https://finance.yahoo.com/calendar/earnings/?symbol=WTFC&offset=200&size=100
Saved: /home/qcx201/Projects/daytrade/data/earnings/earnings-wtfc.json
now: 2025-12-29 18:17:19.072900 | eta: 0:51:38.152563 | delta: 0:37:23.489785 | avg: 0:01:46.832847
[22 of 50] SN
Saved: /home/qcx201/Projects/daytrade/data/chart/chart-sn.json
Saved: /home/qcx201/Projects/daytrade/data/summary/summary-sn.json
<Response [200]> https://finance.yahoo.com/calendar/earnings/?symbol=SN&offset=0&size=100
<Response [200]> https://finance.yahoo.com/calendar/earnings/?symbol=SN&offset=100&size=100
Saved: /home/qcx201/Projects/daytrade/data/earnings/earnings-sn.json
now: 2025-12-29 18:17:21.551576 | eta: 0:47:38.505328 | delta: 0:37:25.968461 | avg: 0:01:42.089476
[23 of 50] FLS
Saved: /home/qcx201/Projects/daytrade/data/chart/chart-fls.json
Saved: /home/qcx201/Projects/daytrade/data/summary/summary-fls.json
<Response [200]> https://finance.yahoo.com/calendar/earnings/?symbol=FLS&offset=0&size=100
<Response [200]> https://finance.yahoo.com/calendar/earnings/?symbol=FLS&offset=100&size=100
<Response [200]> https://finance.yahoo.com/calendar/earnings/?symbol=FLS&offset=200&size=100
Saved: /home/qcx201/Projects/daytrade/data/earnings/earnings-fls.json
now: 2025-12-29 18:17:26.386700 | eta: 0:44:02.247675 | delta: 0:37:30.803585 | avg: 0:01:37.861025
[24 of 50] EGP
Saved: /home/qcx201/Projects/daytrade/data/chart/chart-egp.json
Saved: /home/qcx201/Projects/daytrade/data/summary/summary-egp.json
<Response [200]> https://finance.yahoo.com/calendar/earnings/?symbol=EGP&offset=0&size=100
<Response [200]> https://finance.yahoo.com/calendar/earnings/?symbol=EGP&offset=100&size=100
Sleeping 90.0 seconds...
<Response [200]> https://finance.yahoo.com/calendar/earnings/?symbol=EGP&offset=100&size=100
Sleeping 112.5 seconds...
<Response [200]> https://finance.yahoo.com/calendar/earnings/?symbol=EGP&offset=100&size=100
Saved: /home/qcx201/Projects/daytrade/data/earnings/earnings-egp.json
now: 2025-12-29 18:20:57.246473 | eta: 0:44:26.801982 | delta: 0:41:01.663358 | avg: 0:01:42.569307
[25 of 50] TECH
Saved: /home/qcx201/Projects/daytrade/data/chart/chart-tech.json
Saved: /home/qcx201/Projects/daytrade/data/summary/summary-tech.json
<Response [200]> https://finance.yahoo.com/calendar/earnings/?symbol=TECH&offset=0&size=100
<Response [200]> https://finance.yahoo.com/calendar/earnings/?symbol=TECH&offset=100&size=100
<Response [200]> https://finance.yahoo.com/calendar/earnings/?symbol=TECH&offset=200&size=100
Sleeping 90.0 seconds...
<Response [200]> https://finance.yahoo.com/calendar/earnings/?symbol=TECH&offset=200&size=100
Sleeping 112.5 seconds...
<Response [200]> https://finance.yahoo.com/calendar/earnings/?symbol=TECH&offset=200&size=100
Sleeping 135.0 seconds...
<Response [200]> https://finance.yahoo.com/calendar/earnings/?symbol=TECH&offset=200&size=100
Saved: /home/qcx201/Projects/daytrade/data/earnings/earnings-tech.json
now: 2025-12-29 18:26:49.093722 | eta: 0:46:53.510600 | delta: 0:46:53.510607 | avg: 0:01:52.540424
[26 of 50] REXR
Saved: /home/qcx201/Projects/daytrade/data/chart/chart-rexr.json
Saved: /home/qcx201/Projects/daytrade/data/summary/summary-rexr.json
<Response [200]> https://finance.yahoo.com/calendar/earnings/?symbol=REXR&offset=0&size=100
<Response [200]> https://finance.yahoo.com/calendar/earnings/?symbol=REXR&offset=100&size=100
Saved: /home/qcx201/Projects/daytrade/data/earnings/earnings-rexr.json
now: 2025-12-29 18:26:51.727710 | eta: 0:43:19.518096 | delta: 0:46:56.144595 | avg: 0:01:48.313254
[27 of 50] FYBR
Saved: /home/qcx201/Projects/daytrade/data/chart/chart-fybr.json
Saved: /home/qcx201/Projects/daytrade/data/summary/summary-fybr.json
<Response [200]> https://finance.yahoo.com/calendar/earnings/?symbol=FYBR&offset=0&size=100
<Response [200]> https://finance.yahoo.com/calendar/earnings/?symbol=FYBR&offset=100&size=100
Saved: /home/qcx201/Projects/daytrade/data/earnings/earnings-fybr.json
now: 2025-12-29 18:26:53.844964 | eta: 0:40:00.741564 | delta: 0:46:58.261849 | avg: 0:01:44.380068
[28 of 50] PR
Saved: /home/qcx201/Projects/daytrade/data/chart/chart-pr.json
Saved: /home/qcx201/Projects/daytrade/data/summary/summary-pr.json
<Response [200]> https://finance.yahoo.com/calendar/earnings/?symbol=PR&offset=0&size=100
<Response [200]> https://finance.yahoo.com/calendar/earnings/?symbol=PR&offset=100&size=100
Saved: /home/qcx201/Projects/daytrade/data/earnings/earnings-pr.json
now: 2025-12-29 18:26:56.638243 | eta: 0:36:56.543318 | delta: 0:47:01.055128 | avg: 0:01:40.751969
[29 of 50] WAL
Saved: /home/qcx201/Projects/daytrade/data/chart/chart-wal.json
Saved: /home/qcx201/Projects/daytrade/data/summary/summary-wal.json
<Response [200]> https://finance.yahoo.com/calendar/earnings/?symbol=WAL&offset=0&size=100
Sleeping 90.0 seconds...
<Response [200]> https://finance.yahoo.com/calendar/earnings/?symbol=WAL&offset=0&size=100
Sleeping 112.5 seconds...
<Response [200]> https://finance.yahoo.com/calendar/earnings/?symbol=WAL&offset=0&size=100
<Response [200]> https://finance.yahoo.com/calendar/earnings/?symbol=WAL&offset=100&size=100
Saved: /home/qcx201/Projects/daytrade/data/earnings/earnings-wal.json
now: 2025-12-29 18:30:24.340550 | eta: 0:36:33.238152 | delta: 0:50:28.757435 | avg: 0:01:44.439912
[30 of 50] OWL
Saved: /home/qcx201/Projects/daytrade/data/chart/chart-owl.json
Saved: /home/qcx201/Projects/daytrade/data/summary/summary-owl.json
<Response [200]> https://finance.yahoo.com/calendar/earnings/?symbol=OWL&offset=0&size=100
<Response [200]> https://finance.yahoo.com/calendar/earnings/?symbol=OWL&offset=100&size=100
Sleeping 90.0 seconds...
<Response [200]> https://finance.yahoo.com/calendar/earnings/?symbol=OWL&offset=100&size=100
Sleeping 112.5 seconds...
<Response [200]> https://finance.yahoo.com/calendar/earnings/?symbol=OWL&offset=100&size=100
Saved: /home/qcx201/Projects/daytrade/data/earnings/earnings-owl.json
now: 2025-12-29 18:33:52.814265 | eta: 0:35:58.154100 | delta: 0:53:57.231150 | avg: 0:01:47.907705
[31 of 50] DOX
Saved: /home/qcx201/Projects/daytrade/data/chart/chart-dox.json
Saved: /home/qcx201/Projects/daytrade/data/summary/summary-dox.json
<Response [200]> https://finance.yahoo.com/calendar/earnings/?symbol=DOX&offset=0&size=100
<Response [200]> https://finance.yahoo.com/calendar/earnings/?symbol=DOX&offset=100&size=100
<Response [200]> https://finance.yahoo.com/calendar/earnings/?symbol=DOX&offset=200&size=100
Saved: /home/qcx201/Projects/daytrade/data/earnings/earnings-dox.json
now: 2025-12-29 18:33:56.449538 | eta: 0:33:06.337482 | delta: 0:54:00.866423 | avg: 0:01:44.544078
[32 of 50] COKE
Saved: /home/qcx201/Projects/daytrade/data/chart/chart-coke.json
Saved: /home/qcx201/Projects/daytrade/data/summary/summary-coke.json
<Response [200]> https://finance.yahoo.com/calendar/earnings/?symbol=COKE&offset=0&size=100
<Response [200]> https://finance.yahoo.com/calendar/earnings/?symbol=COKE&offset=100&size=100
Saved: /home/qcx201/Projects/daytrade/data/earnings/earnings-coke.json
now: 2025-12-29 18:33:59.896057 | eta: 0:30:24.926022 | delta: 0:54:04.312942 | avg: 0:01:41.384779
[33 of 50] AFG
Saved: /home/qcx201/Projects/daytrade/data/chart/chart-afg.json
Saved: /home/qcx201/Projects/daytrade/data/summary/summary-afg.json
<Response [200]> https://finance.yahoo.com/calendar/earnings/?symbol=AFG&offset=0&size=100
<Response [200]> https://finance.yahoo.com/calendar/earnings/?symbol=AFG&offset=100&size=100
Sleeping 90.0 seconds...
<Response [200]> https://finance.yahoo.com/calendar/earnings/?symbol=AFG&offset=100&size=100
Sleeping 112.5 seconds...
<Response [200]> https://finance.yahoo.com/calendar/earnings/?symbol=AFG&offset=100&size=100
<Response [200]> https://finance.yahoo.com/calendar/earnings/?symbol=AFG&offset=200&size=100
Saved: /home/qcx201/Projects/daytrade/data/earnings/earnings-afg.json
now: 2025-12-29 18:37:31.198713 | eta: 0:29:40.165608 | delta: 0:57:35.615598 | avg: 0:01:44.715624
[34 of 50] CR
Saved: /home/qcx201/Projects/daytrade/data/chart/chart-cr.json
Saved: /home/qcx201/Projects/daytrade/data/summary/summary-cr.json
<Response [200]> https://finance.yahoo.com/calendar/earnings/?symbol=CR&offset=0&size=100
<Response [200]> https://finance.yahoo.com/calendar/earnings/?symbol=CR&offset=100&size=100
<Response [200]> https://finance.yahoo.com/calendar/earnings/?symbol=CR&offset=200&size=100
Saved: /home/qcx201/Projects/daytrade/data/earnings/earnings-cr.json
now: 2025-12-29 18:37:35.172632 | eta: 0:27:08.042128 | delta: 0:57:39.589517 | avg: 0:01:41.752633
[35 of 50] APA
Saved: /home/qcx201/Projects/daytrade/data/chart/chart-apa.json
Saved: /home/qcx201/Projects/daytrade/data/summary/summary-apa.json
<Response [200]> https://finance.yahoo.com/calendar/earnings/?symbol=APA&offset=0&size=100
Sleeping 90.0 seconds...
<Response [200]> https://finance.yahoo.com/calendar/earnings/?symbol=APA&offset=0&size=100
Sleeping 112.5 seconds...
<Response [200]> https://finance.yahoo.com/calendar/earnings/?symbol=APA&offset=0&size=100
<Response [200]> https://finance.yahoo.com/calendar/earnings/?symbol=APA&offset=100&size=100
<Response [200]> https://finance.yahoo.com/calendar/earnings/?symbol=APA&offset=200&size=100
Saved: /home/qcx201/Projects/daytrade/data/earnings/earnings-apa.json
now: 2025-12-29 18:41:04.591186 | eta: 0:26:12.432030 | delta: 1:01:09.008071 | avg: 0:01:44.828802
[36 of 50] TTEK
Saved: /home/qcx201/Projects/daytrade/data/chart/chart-ttek.json
Saved: /home/qcx201/Projects/daytrade/data/summary/summary-ttek.json
<Response [200]> https://finance.yahoo.com/calendar/earnings/?symbol=TTEK&offset=0&size=100
<Response [200]> https://finance.yahoo.com/calendar/earnings/?symbol=TTEK&offset=100&size=100
<Response [200]> https://finance.yahoo.com/calendar/earnings/?symbol=TTEK&offset=200&size=100
Saved: /home/qcx201/Projects/daytrade/data/earnings/earnings-ttek.json
now: 2025-12-29 18:41:08.417426 | eta: 0:23:48.324450 | delta: 1:01:12.834311 | avg: 0:01:42.023175
[37 of 50] LEA
Saved: /home/qcx201/Projects/daytrade/data/chart/chart-lea.json
Saved: /home/qcx201/Projects/daytrade/data/summary/summary-lea.json
<Response [200]> https://finance.yahoo.com/calendar/earnings/?symbol=LEA&offset=0&size=100
<Response [200]> https://finance.yahoo.com/calendar/earnings/?symbol=LEA&offset=100&size=100
<Response [200]> https://finance.yahoo.com/calendar/earnings/?symbol=LEA&offset=200&size=100
Saved: /home/qcx201/Projects/daytrade/data/earnings/earnings-lea.json
now: 2025-12-29 18:41:12.592061 | eta: 0:21:31.922060 | delta: 1:01:17.008946 | avg: 0:01:39.378620
[38 of 50] BPOP
Saved: /home/qcx201/Projects/daytrade/data/chart/chart-bpop.json
Saved: /home/qcx201/Projects/daytrade/data/summary/summary-bpop.json
<Response [200]> https://finance.yahoo.com/calendar/earnings/?symbol=BPOP&offset=0&size=100
Sleeping 90.0 seconds...
<Response [200]> https://finance.yahoo.com/calendar/earnings/?symbol=BPOP&offset=0&size=100
Sleeping 112.5 seconds...
<Response [200]> https://finance.yahoo.com/calendar/earnings/?symbol=BPOP&offset=0&size=100
<Response [200]> https://finance.yahoo.com/calendar/earnings/?symbol=BPOP&offset=100&size=100
<Response [200]> https://finance.yahoo.com/calendar/earnings/?symbol=BPOP&offset=200&size=100
Saved: /home/qcx201/Projects/daytrade/data/earnings/earnings-bpop.json
now: 2025-12-29 18:44:41.757139 | eta: 0:20:27.212844 | delta: 1:04:46.174024 | avg: 0:01:42.267737
[39 of 50] LAD
Saved: /home/qcx201/Projects/daytrade/data/chart/chart-lad.json
Saved: /home/qcx201/Projects/daytrade/data/summary/summary-lad.json
<Response [200]> https://finance.yahoo.com/calendar/earnings/?symbol=LAD&offset=0&size=100
<Response [200]> https://finance.yahoo.com/calendar/earnings/?symbol=LAD&offset=100&size=100
<Response [200]> https://finance.yahoo.com/calendar/earnings/?symbol=LAD&offset=200&size=100
Saved: /home/qcx201/Projects/daytrade/data/earnings/earnings-lad.json
now: 2025-12-29 18:44:45.923552 | eta: 0:18:17.275509 | delta: 1:04:50.340437 | avg: 0:01:39.752319
[40 of 50] ZION
Saved: /home/qcx201/Projects/daytrade/data/chart/chart-zion.json
Saved: /home/qcx201/Projects/daytrade/data/summary/summary-zion.json
<Response [200]> https://finance.yahoo.com/calendar/earnings/?symbol=ZION&offset=0&size=100
<Response [200]> https://finance.yahoo.com/calendar/earnings/?symbol=ZION&offset=100&size=100
<Response [200]> https://finance.yahoo.com/calendar/earnings/?symbol=ZION&offset=200&size=100
Sleeping 90.0 seconds...
<Response [200]> https://finance.yahoo.com/calendar/earnings/?symbol=ZION&offset=200&size=100
Saved: /home/qcx201/Projects/daytrade/data/earnings/earnings-zion.json
now: 2025-12-29 18:46:21.242322 | eta: 0:16:36.414800 | delta: 1:06:25.659207 | avg: 0:01:39.641480
[41 of 50] RGEN
Saved: /home/qcx201/Projects/daytrade/data/chart/chart-rgen.json
Saved: /home/qcx201/Projects/daytrade/data/summary/summary-rgen.json
<Response [200]> https://finance.yahoo.com/calendar/earnings/?symbol=RGEN&offset=0&size=100
<Response [200]> https://finance.yahoo.com/calendar/earnings/?symbol=RGEN&offset=100&size=100
Saved: /home/qcx201/Projects/daytrade/data/earnings/earnings-rgen.json
now: 2025-12-29 18:46:24.414097 | eta: 0:14:35.597049 | delta: 1:06:28.830982 | avg: 0:01:37.288561
[42 of 50] OGE
Saved: /home/qcx201/Projects/daytrade/data/chart/chart-oge.json
Saved: /home/qcx201/Projects/daytrade/data/summary/summary-oge.json
<Response [200]> https://finance.yahoo.com/calendar/earnings/?symbol=OGE&offset=0&size=100
Sleeping 90.0 seconds...
<Response [200]> https://finance.yahoo.com/calendar/earnings/?symbol=OGE&offset=0&size=100
<Response [200]> https://finance.yahoo.com/calendar/earnings/?symbol=OGE&offset=100&size=100
Saved: /home/qcx201/Projects/daytrade/data/earnings/earnings-oge.json
now: 2025-12-29 18:48:01.989139 | eta: 0:12:58.363056 | delta: 1:08:06.406024 | avg: 0:01:37.295382
[43 of 50] FRT
Saved: /home/qcx201/Projects/daytrade/data/chart/chart-frt.json
Saved: /home/qcx201/Projects/daytrade/data/summary/summary-frt.json
<Response [200]> https://finance.yahoo.com/calendar/earnings/?symbol=FRT&offset=0&size=100
<Response [200]> https://finance.yahoo.com/calendar/earnings/?symbol=FRT&offset=100&size=100
Saved: /home/qcx201/Projects/daytrade/data/earnings/earnings-frt.json
now: 2025-12-29 18:48:05.188772 | eta: 0:11:05.749756 | delta: 1:08:09.605657 | avg: 0:01:35.107108
[44 of 50] SAIA
Saved: /home/qcx201/Projects/daytrade/data/chart/chart-saia.json
Saved: /home/qcx201/Projects/daytrade/data/summary/summary-saia.json
<Response [200]> https://finance.yahoo.com/calendar/earnings/?symbol=SAIA&offset=0&size=100
<Response [200]> https://finance.yahoo.com/calendar/earnings/?symbol=SAIA&offset=100&size=100
Saved: /home/qcx201/Projects/daytrade/data/earnings/earnings-saia.json
now: 2025-12-29 18:48:07.760211 | eta: 0:09:18.024150 | delta: 1:08:12.177096 | avg: 0:01:33.004025
[45 of 50] SEIC
Saved: /home/qcx201/Projects/daytrade/data/chart/chart-seic.json
Saved: /home/qcx201/Projects/daytrade/data/summary/summary-seic.json
<Response [200]> https://finance.yahoo.com/calendar/earnings/?symbol=SEIC&offset=0&size=100
<Response [200]> https://finance.yahoo.com/calendar/earnings/?symbol=SEIC&offset=100&size=100
Sleeping 90.0 seconds...
<Response [200]> https://finance.yahoo.com/calendar/earnings/?symbol=SEIC&offset=100&size=100
<Response [200]> https://finance.yahoo.com/calendar/earnings/?symbol=SEIC&offset=200&size=100
Saved: /home/qcx201/Projects/daytrade/data/earnings/earnings-seic.json
now: 2025-12-29 18:49:43.627147 | eta: 0:07:45.338225 | delta: 1:09:48.044032 | avg: 0:01:33.067645
[46 of 50] PRI
Saved: /home/qcx201/Projects/daytrade/data/chart/chart-pri.json
Saved: /home/qcx201/Projects/daytrade/data/summary/summary-pri.json
<Response [200]> https://finance.yahoo.com/calendar/earnings/?symbol=PRI&offset=0&size=100
<Response [200]> https://finance.yahoo.com/calendar/earnings/?symbol=PRI&offset=100&size=100
Saved: /home/qcx201/Projects/daytrade/data/earnings/earnings-pri.json
now: 2025-12-29 18:49:45.738636 | eta: 0:06:04.361348 | delta: 1:09:50.155521 | avg: 0:01:31.090337
[47 of 50] GME
Saved: /home/qcx201/Projects/daytrade/data/chart/chart-gme.json
Saved: /home/qcx201/Projects/daytrade/data/summary/summary-gme.json
<Response [200]> https://finance.yahoo.com/calendar/earnings/?symbol=GME&offset=0&size=100
<Response [200]> https://finance.yahoo.com/calendar/earnings/?symbol=GME&offset=100&size=100
Saved: /home/qcx201/Projects/daytrade/data/earnings/earnings-gme.json
now: 2025-12-29 18:49:48.327820 | eta: 0:04:27.622002 | delta: 1:09:52.744705 | avg: 0:01:29.207334
[48 of 50] KNSL
Saved: /home/qcx201/Projects/daytrade/data/chart/chart-knsl.json
Saved: /home/qcx201/Projects/daytrade/data/summary/summary-knsl.json
<Response [200]> https://finance.yahoo.com/calendar/earnings/?symbol=KNSL&offset=0&size=100
<Response [200]> https://finance.yahoo.com/calendar/earnings/?symbol=KNSL&offset=100&size=100
Saved: /home/qcx201/Projects/daytrade/data/earnings/earnings-knsl.json
now: 2025-12-29 18:49:50.686798 | eta: 0:02:54.795986 | delta: 1:09:55.103683 | avg: 0:01:27.397993
[49 of 50] PCOR
Saved: /home/qcx201/Projects/daytrade/data/chart/chart-pcor.json
Saved: /home/qcx201/Projects/daytrade/data/summary/summary-pcor.json
<Response [200]> https://finance.yahoo.com/calendar/earnings/?symbol=PCOR&offset=0&size=100
<Response [200]> https://finance.yahoo.com/calendar/earnings/?symbol=PCOR&offset=100&size=100
Saved: /home/qcx201/Projects/daytrade/data/earnings/earnings-pcor.json
now: 2025-12-29 18:49:53.241501 | eta: 0:01:25.666498 | delta: 1:09:57.658386 | avg: 0:01:25.666498
[50 of 50] ADC
Saved: /home/qcx201/Projects/daytrade/data/chart/chart-adc.json
Saved: /home/qcx201/Projects/daytrade/data/summary/summary-adc.json
<Response [200]> https://finance.yahoo.com/calendar/earnings/?symbol=ADC&offset=0&size=100
<Response [200]> https://finance.yahoo.com/calendar/earnings/?symbol=ADC&offset=100&size=100
Saved: /home/qcx201/Projects/daytrade/data/earnings/earnings-adc.json
now: 2025-12-29 18:49:55.656630 | eta: 0:00:00 | delta: 1:10:00.073515 | avg: 0:01:24.001470
-- Complete --
