[1 of 50] WH
Saved: /home/qcx201/Projects/daytrade/data/chart/chart-wh.json
Saved: /home/qcx201/Projects/daytrade/data/summary/summary-wh.json
<Response [200]> https://finance.yahoo.com/calendar/earnings/?symbol=WH&offset=0&size=100
<Response [200]> https://finance.yahoo.com/calendar/earnings/?symbol=WH&offset=100&size=100
Saved: /home/qcx201/Projects/daytrade/data/earnings/earnings-wh.json
now: 2025-12-29 17:39:55.882997 | eta: 0:02:44.570322 | delta: 0:00:03.358578 | avg: 0:00:03.358578
[2 of 50] SITE
Saved: /home/qcx201/Projects/daytrade/data/chart/chart-site.json
Saved: /home/qcx201/Projects/daytrade/data/summary/summary-site.json
<Response [200]> https://finance.yahoo.com/calendar/earnings/?symbol=SITE&offset=0&size=100
<Response [200]> https://finance.yahoo.com/calendar/earnings/?symbol=SITE&offset=100&size=100
Saved: /home/qcx201/Projects/daytrade/data/earnings/earnings-site.json
now: 2025-12-29 17:39:59.648146 | eta: 0:02:50.969472 | delta: 0:00:07.123727 | avg: 0:00:03.561864
[3 of 50] AN
Saved: /home/qcx201/Projects/daytrade/data/chart/chart-an.json
Saved: /home/qcx201/Projects/daytrade/data/summary/summary-an.json
<Response [200]> https://finance.yahoo.com/calendar/earnings/?symbol=AN&offset=0&size=100
<Response [200]> https://finance.yahoo.com/calendar/earnings/?symbol=AN&offset=100&size=100
<Response [200]> https://finance.yahoo.com/calendar/earnings/?symbol=AN&offset=200&size=100
Saved: /home/qcx201/Projects/daytrade/data/earnings/earnings-an.json
now: 2025-12-29 17:40:07.695905 | eta: 0:03:57.686614 | delta: 0:00:15.171486 | avg: 0:00:05.057162
[4 of 50] HRB
Saved: /home/qcx201/Projects/daytrade/data/chart/chart-hrb.json
Saved: /home/qcx201/Projects/daytrade/data/summary/summary-hrb.json
<Response [200]> https://finance.yahoo.com/calendar/earnings/?symbol=HRB&offset=0&size=100
<Response [200]> https://finance.yahoo.com/calendar/earnings/?symbol=HRB&offset=100&size=100
<Response [200]> https://finance.yahoo.com/calendar/earnings/?symbol=HRB&offset=200&size=100
Saved: /home/qcx201/Projects/daytrade/data/earnings/earnings-hrb.json
now: 2025-12-29 17:40:17.071348 | eta: 0:04:42.289672 | delta: 0:00:24.546929 | avg: 0:00:06.136732
[5 of 50] MHK
Saved: /home/qcx201/Projects/daytrade/data/chart/chart-mhk.json
Saved: /home/qcx201/Projects/daytrade/data/summary/summary-mhk.json
<Response [200]> https://finance.yahoo.com/calendar/earnings/?symbol=MHK&offset=0&size=100
<Response [200]> https://finance.yahoo.com/calendar/earnings/?symbol=MHK&offset=100&size=100
<Response [200]> https://finance.yahoo.com/calendar/earnings/?symbol=MHK&offset=200&size=100
Saved: /home/qcx201/Projects/daytrade/data/earnings/earnings-mhk.json
now: 2025-12-29 17:40:22.427791 | eta: 0:04:29.130330 | delta: 0:00:29.903372 | avg: 0:00:05.980674
[6 of 50] BFAM
Saved: /home/qcx201/Projects/daytrade/data/chart/chart-bfam.json
Saved: /home/qcx201/Projects/daytrade/data/summary/summary-bfam.json
<Response [200]> https://finance.yahoo.com/calendar/earnings/?symbol=BFAM&offset=0&size=100
<Response [200]> https://finance.yahoo.com/calendar/earnings/?symbol=BFAM&offset=100&size=100
Sleeping 90.0 seconds...
<Response [200]> https://finance.yahoo.com/calendar/earnings/?symbol=BFAM&offset=100&size=100
Sleeping 112.5 seconds...
<Response [200]> https://finance.yahoo.com/calendar/earnings/?symbol=BFAM&offset=100&size=100
Saved: /home/qcx201/Projects/daytrade/data/earnings/earnings-bfam.json
now: 2025-12-29 17:43:54.888295 | eta: 0:29:37.335076 | delta: 0:04:02.363876 | avg: 0:00:40.393979
[7 of 50] NXST
Saved: /home/qcx201/Projects/daytrade/data/chart/chart-nxst.json
Saved: /home/qcx201/Projects/daytrade/data/summary/summary-nxst.json
<Response [200]> https://finance.yahoo.com/calendar/earnings/?symbol=NXST&offset=0&size=100
<Response [200]> https://finance.yahoo.com/calendar/earnings/?symbol=NXST&offset=100&size=100
Saved: /home/qcx201/Projects/daytrade/data/earnings/earnings-nxst.json
now: 2025-12-29 17:43:57.860671 | eta: 0:25:07.065548 | delta: 0:04:05.336252 | avg: 0:00:35.048036
[8 of 50] RITM
Saved: /home/qcx201/Projects/daytrade/data/chart/chart-ritm.json
Saved: /home/qcx201/Projects/daytrade/data/summary/summary-ritm.json
<Response [200]> https://finance.yahoo.com/calendar/earnings/?symbol=RITM&offset=0&size=100
<Response [200]> https://finance.yahoo.com/calendar/earnings/?symbol=RITM&offset=100&size=100
Saved: /home/qcx201/Projects/daytrade/data/earnings/earnings-ritm.json
now: 2025-12-29 17:44:00.563970 | eta: 0:21:42.207648 | delta: 0:04:08.039551 | avg: 0:00:31.004944
[9 of 50] LW
Saved: /home/qcx201/Projects/daytrade/data/chart/chart-lw.json
Saved: /home/qcx201/Projects/daytrade/data/summary/summary-lw.json
<Response [200]> https://finance.yahoo.com/calendar/earnings/?symbol=LW&offset=0&size=100
Sleeping 90.0 seconds...
<Response [200]> https://finance.yahoo.com/calendar/earnings/?symbol=LW&offset=0&size=100
Sleeping 112.5 seconds...
<Response [200]> https://finance.yahoo.com/calendar/earnings/?symbol=LW&offset=0&size=100
<Response [200]> https://finance.yahoo.com/calendar/earnings/?symbol=LW&offset=100&size=100
Saved: /home/qcx201/Projects/daytrade/data/earnings/earnings-lw.json
now: 2025-12-29 17:47:30.764724 | eta: 0:34:47.539149 | delta: 0:07:38.240305 | avg: 0:00:50.915589
[10 of 50] AS
Saved: /home/qcx201/Projects/daytrade/data/chart/chart-as.json
Saved: /home/qcx201/Projects/daytrade/data/summary/summary-as.json
<Response [200]> https://finance.yahoo.com/calendar/earnings/?symbol=AS&offset=0&size=100
<Response [200]> https://finance.yahoo.com/calendar/earnings/?symbol=AS&offset=100&size=100
Saved: /home/qcx201/Projects/daytrade/data/earnings/earnings-as.json
now: 2025-12-29 17:47:33.395089 | eta: 0:30:43.482680 | delta: 0:07:40.870670 | avg: 0:00:46.087067
[11 of 50] DOCS
Saved: /home/qcx201/Projects/daytrade/data/chart/chart-docs.json
Saved: /home/qcx201/Projects/daytrade/data/summary/summary-docs.json
<Response [200]> https://finance.yahoo.com/calendar/earnings/?symbol=DOCS&offset=0&size=100
<Response [200]> https://finance.yahoo.com/calendar/earnings/?symbol=DOCS&offset=100&size=100
Saved: /home/qcx201/Projects/daytrade/data/earnings/earnings-docs.json
now: 2025-12-29 17:47:35.861133 | eta: 0:27:22.739241 | delta: 0:07:43.336714 | avg: 0:00:42.121519
[12 of 50] DAR
Saved: /home/qcx201/Projects/daytrade/data/chart/chart-dar.json
Saved: /home/qcx201/Projects/daytrade/data/summary/summary-dar.json
<Response [200]> https://finance.yahoo.com/calendar/earnings/?symbol=DAR&offset=0&size=100
<Response [200]> https://finance.yahoo.com/calendar/earnings/?symbol=DAR&offset=100&size=100
Sleeping 90.0 seconds...
<Response [200]> https://finance.yahoo.com/calendar/earnings/?symbol=DAR&offset=100&size=100
Sleeping 112.5 seconds...
<Response [200]> https://finance.yahoo.com/calendar/earnings/?symbol=DAR&offset=100&size=100
Saved: /home/qcx201/Projects/daytrade/data/earnings/earnings-dar.json
now: 2025-12-29 17:51:07.778874 | eta: 0:35:38.305790 | delta: 0:11:15.254455 | avg: 0:00:56.271205
[13 of 50] SLM
Saved: /home/qcx201/Projects/daytrade/data/chart/chart-slm.json
Saved: /home/qcx201/Projects/daytrade/data/summary/summary-slm.json
<Response [200]> https://finance.yahoo.com/calendar/earnings/?symbol=SLM&offset=0&size=100
<Response [200]> https://finance.yahoo.com/calendar/earnings/?symbol=SLM&offset=100&size=100
<Response [200]> https://finance.yahoo.com/calendar/earnings/?symbol=SLM&offset=200&size=100
Saved: /home/qcx201/Projects/daytrade/data/earnings/earnings-slm.json
now: 2025-12-29 17:51:13.004797 | eta: 0:32:16.751828 | delta: 0:11:20.480378 | avg: 0:00:52.344644
[14 of 50] MTN
Saved: /home/qcx201/Projects/daytrade/data/chart/chart-mtn.json
Saved: /home/qcx201/Projects/daytrade/data/summary/summary-mtn.json
<Response [200]> https://finance.yahoo.com/calendar/earnings/?symbol=MTN&offset=0&size=100
<Response [200]> https://finance.yahoo.com/calendar/earnings/?symbol=MTN&offset=100&size=100
Sleeping 90.0 seconds...
<Response [200]> https://finance.yahoo.com/calendar/earnings/?symbol=MTN&offset=100&size=100
Sleeping 112.5 seconds...
<Response [200]> https://finance.yahoo.com/calendar/earnings/?symbol=MTN&offset=100&size=100
<Response [200]> https://finance.yahoo.com/calendar/earnings/?symbol=MTN&offset=200&size=100
Saved: /home/qcx201/Projects/daytrade/data/earnings/earnings-mtn.json
now: 2025-12-29 17:54:46.654165 | eta: 0:38:19.190760 | delta: 0:14:54.129746 | avg: 0:01:03.866410
[15 of 50] VVV
Saved: /home/qcx201/Projects/daytrade/data/chart/chart-vvv.json
Saved: /home/qcx201/Projects/daytrade/data/summary/summary-vvv.json
<Response [200]> https://finance.yahoo.com/calendar/earnings/?symbol=VVV&offset=0&size=100
<Response [200]> https://finance.yahoo.com/calendar/earnings/?symbol=VVV&offset=100&size=100
Saved: /home/qcx201/Projects/daytrade/data/earnings/earnings-vvv.json
now: 2025-12-29 17:54:50.356512 | eta: 0:34:54.941555 | delta: 0:14:57.832093 | avg: 0:00:59.855473
[16 of 50] SAIC
Saved: /home/qcx201/Projects/daytrade/data/chart/chart-saic.json
Saved: /home/qcx201/Projects/daytrade/data/summary/summary-saic.json
<Response [200]> https://finance.yahoo.com/calendar/earnings/?symbol=SAIC&offset=0&size=100
<Response [200]> https://finance.yahoo.com/calendar/earnings/?symbol=SAIC&offset=100&size=100
Saved: /home/qcx201/Projects/daytrade/data/earnings/earnings-saic.json
now: 2025-12-29 17:54:52.973549 | eta: 0:31:53.454414 | delta: 0:15:00.449130 | avg: 0:00:56.278071
[17 of 50] MSM
Saved: /home/qcx201/Projects/daytrade/data/chart/chart-msm.json
Saved: /home/qcx201/Projects/daytrade/data/summary/summary-msm.json
<Response [200]> https://finance.yahoo.com/calendar/earnings/?symbol=MSM&offset=0&size=100
Sleeping 90.0 seconds...
<Response [200]> https://finance.yahoo.com/calendar/earnings/?symbol=MSM&offset=0&size=100
Sleeping 112.5 seconds...
<Response [200]> https://finance.yahoo.com/calendar/earnings/?symbol=MSM&offset=0&size=100
<Response [200]> https://finance.yahoo.com/calendar/earnings/?symbol=MSM&offset=100&size=100
<Response [200]> https://finance.yahoo.com/calendar/earnings/?symbol=MSM&offset=200&size=100
Sleeping 135.0 seconds...
<Response [200]> https://finance.yahoo.com/calendar/earnings/?symbol=MSM&offset=200&size=100
Saved: /home/qcx201/Projects/daytrade/data/earnings/earnings-msm.json
now: 2025-12-29 18:00:44.895328 | eta: 0:40:31.072941 | delta: 0:20:52.370909 | avg: 0:01:13.668877
[18 of 50] DLB
Saved: /home/qcx201/Projects/daytrade/data/chart/chart-dlb.json
Saved: /home/qcx201/Projects/daytrade/data/summary/summary-dlb.json
<Response [200]> https://finance.yahoo.com/calendar/earnings/?symbol=DLB&offset=0&size=100
<Response [200]> https://finance.yahoo.com/calendar/earnings/?symbol=DLB&offset=100&size=100
Saved: /home/qcx201/Projects/daytrade/data/earnings/earnings-dlb.json
now: 2025-12-29 18:00:48.405938 | eta: 0:37:12.678272 | delta: 0:20:55.881519 | avg: 0:01:09.771196
[19 of 50] SARO
Saved: /home/qcx201/Projects/daytrade/data/chart/chart-saro.json
Saved: /home/qcx201/Projects/daytrade/data/summary/summary-saro.json
<Response [200]> https://finance.yahoo.com/calendar/earnings/?symbol=SARO&offset=0&size=100
<Response [200]> https://finance.yahoo.com/calendar/earnings/?symbol=SARO&offset=100&size=100
Saved: /home/qcx201/Projects/daytrade/data/earnings/earnings-saro.json
now: 2025-12-29 18:00:50.170158 | eta: 0:34:11.948311 | delta: 0:20:57.645739 | avg: 0:01:06.191881
[20 of 50] KRMN
Saved: /home/qcx201/Projects/daytrade/data/chart/chart-krmn.json
Saved: /home/qcx201/Projects/daytrade/data/summary/summary-krmn.json
<Response [200]> https://finance.yahoo.com/calendar/earnings/?symbol=KRMN&offset=0&size=100
<Response [200]> https://finance.yahoo.com/calendar/earnings/?symbol=KRMN&offset=100&size=100
Saved: /home/qcx201/Projects/daytrade/data/earnings/earnings-krmn.json
now: 2025-12-29 18:00:51.825231 | eta: 0:31:28.951230 | delta: 0:20:59.300812 | avg: 0:01:02.965041
[21 of 50] BSY
Saved: /home/qcx201/Projects/daytrade/data/chart/chart-bsy.json
Saved: /home/qcx201/Projects/daytrade/data/summary/summary-bsy.json
<Response [200]> https://finance.yahoo.com/calendar/earnings/?symbol=BSY&offset=0&size=100
<Response [200]> https://finance.yahoo.com/calendar/earnings/?symbol=BSY&offset=100&size=100
Saved: /home/qcx201/Projects/daytrade/data/earnings/earnings-bsy.json
now: 2025-12-29 18:00:53.852798 | eta: 0:29:01.834424 | delta: 0:21:01.328379 | avg: 0:01:00.063256
[22 of 50] BRBR
Saved: /home/qcx201/Projects/daytrade/data/chart/chart-brbr.json
Saved: /home/qcx201/Projects/daytrade/data/summary/summary-brbr.json
<Response [200]> https://finance.yahoo.com/calendar/earnings/?symbol=BRBR&offset=0&size=100
<Response [200]> https://finance.yahoo.com/calendar/earnings/?symbol=BRBR&offset=100&size=100
Saved: /home/qcx201/Projects/daytrade/data/earnings/earnings-brbr.json
now: 2025-12-29 18:00:55.889185 | eta: 0:26:47.918788 | delta: 0:21:03.364766 | avg: 0:00:57.425671
[23 of 50] YETI
Saved: /home/qcx201/Projects/daytrade/data/chart/chart-yeti.json
Saved: /home/qcx201/Projects/daytrade/data/summary/summary-yeti.json
<Response [200]> https://finance.yahoo.com/calendar/earnings/?symbol=YETI&offset=0&size=100
<Response [200]> https://finance.yahoo.com/calendar/earnings/?symbol=YETI&offset=100&size=100
Saved: /home/qcx201/Projects/daytrade/data/earnings/earnings-yeti.json
now: 2025-12-29 18:00:58.251768 | eta: 0:24:45.853848 | delta: 0:21:05.727349 | avg: 0:00:55.031624
[24 of 50] VKTX
Saved: /home/qcx201/Projects/daytrade/data/chart/chart-vktx.json
Saved: /home/qcx201/Projects/daytrade/data/summary/summary-vktx.json
<Response [200]> https://finance.yahoo.com/calendar/earnings/?symbol=VKTX&offset=0&size=100
<Response [200]> https://finance.yahoo.com/calendar/earnings/?symbol=VKTX&offset=100&size=100
Saved: /home/qcx201/Projects/daytrade/data/earnings/earnings-vktx.json
now: 2025-12-29 18:01:00.240562 | eta: 0:22:53.359156 | delta: 0:21:07.716143 | avg: 0:00:52.821506
[25 of 50] TREX
Saved: /home/qcx201/Projects/daytrade/data/chart/chart-trex.json
Saved: /home/qcx201/Projects/daytrade/data/summary/summary-trex.json
<Response [200]> https://finance.yahoo.com/calendar/earnings/?symbol=TREX&offset=0&size=100
<Response [200]> https://finance.yahoo.com/calendar/earnings/?symbol=TREX&offset=100&size=100
<Response [200]> https://finance.yahoo.com/calendar/earnings/?symbol=TREX&offset=200&size=100
Saved: /home/qcx201/Projects/daytrade/data/earnings/earnings-trex.json
now: 2025-12-29 18:01:03.555307 | eta: 0:21:11.030900 | delta: 0:21:11.030888 | avg: 0:00:50.841236
[26 of 50] LLYVK
Saved: /home/qcx201/Projects/daytrade/data/chart/chart-llyvk.json
Saved: /home/qcx201/Projects/daytrade/data/summary/summary-llyvk.json
<Response [200]> https://finance.yahoo.com/calendar/earnings/?symbol=LLYVK&offset=0&size=100
<Response [200]> https://finance.yahoo.com/calendar/earnings/?symbol=LLYVK&offset=100&size=100
Saved: /home/qcx201/Projects/daytrade/data/earnings/earnings-llyvk.json
now: 2025-12-29 18:01:05.451917 | eta: 0:19:35.010000 | delta: 0:21:12.927498 | avg: 0:00:48.958750
[27 of 50] SIRI
Saved: /home/qcx201/Projects/daytrade/data/chart/chart-siri.json
Saved: /home/qcx201/Projects/daytrade/data/summary/summary-siri.json
<Response [200]> https://finance.yahoo.com/calendar/earnings/?symbol=SIRI&offset=0&size=100
<Response [200]> https://finance.yahoo.com/calendar/earnings/?symbol=SIRI&offset=100&size=100
<Response [200]> https://finance.yahoo.com/calendar/earnings/?symbol=SIRI&offset=200&size=100
Saved: /home/qcx201/Projects/daytrade/data/earnings/earnings-siri.json
now: 2025-12-29 18:01:09.162447 | eta: 0:18:07.506470 | delta: 0:21:16.638028 | avg: 0:00:47.282890
[28 of 50] BFB
[29 of 50] WHR
Saved: /home/qcx201/Projects/daytrade/data/chart/chart-whr.json
Saved: /home/qcx201/Projects/daytrade/data/summary/summary-whr.json
<Response [200]> https://finance.yahoo.com/calendar/earnings/?symbol=WHR&offset=0&size=100
<Response [200]> https://finance.yahoo.com/calendar/earnings/?symbol=WHR&offset=100&size=100
<Response [200]> https://finance.yahoo.com/calendar/earnings/?symbol=WHR&offset=200&size=100
Saved: /home/qcx201/Projects/daytrade/data/earnings/earnings-whr.json
now: 2025-12-29 18:01:13.289013 | eta: 0:15:27.450216 | delta: 0:21:20.764594 | avg: 0:00:44.164296
[30 of 50] CRCL
Saved: /home/qcx201/Projects/daytrade/data/chart/chart-crcl.json
Saved: /home/qcx201/Projects/daytrade/data/summary/summary-crcl.json
<Response [200]> https://finance.yahoo.com/calendar/earnings/?symbol=CRCL&offset=0&size=100
<Response [200]> https://finance.yahoo.com/calendar/earnings/?symbol=CRCL&offset=100&size=100
Saved: /home/qcx201/Projects/daytrade/data/earnings/earnings-crcl.json
now: 2025-12-29 18:01:15.082112 | eta: 0:14:15.038460 | delta: 0:21:22.557693 | avg: 0:00:42.751923
[31 of 50] NWS
Saved: /home/qcx201/Projects/daytrade/data/chart/chart-nws.json
Saved: /home/qcx201/Projects/daytrade/data/summary/summary-nws.json
<Response [200]> https://finance.yahoo.com/calendar/earnings/?symbol=NWS&offset=0&size=100
<Response [200]> https://finance.yahoo.com/calendar/earnings/?symbol=NWS&offset=100&size=100
Saved: /home/qcx201/Projects/daytrade/data/earnings/earnings-nws.json
now: 2025-12-29 18:01:17.170415 | eta: 0:13:07.363667 | delta: 0:21:24.645996 | avg: 0:00:41.440193
[32 of 50] BHF
Saved: /home/qcx201/Projects/daytrade/data/chart/chart-bhf.json
Saved: /home/qcx201/Projects/daytrade/data/summary/summary-bhf.json
<Response [200]> https://finance.yahoo.com/calendar/earnings/?symbol=BHF&offset=0&size=100
Sleeping 90.0 seconds...
<Response [200]> https://finance.yahoo.com/calendar/earnings/?symbol=BHF&offset=0&size=100
Sleeping 112.5 seconds...
<Response [200]> https://finance.yahoo.com/calendar/earnings/?symbol=BHF&offset=0&size=100
<Response [200]> https://finance.yahoo.com/calendar/earnings/?symbol=BHF&offset=100&size=100
Sleeping 135.0 seconds...
<Response [200]> https://finance.yahoo.com/calendar/earnings/?symbol=BHF&offset=100&size=100
Saved: /home/qcx201/Projects/daytrade/data/earnings/earnings-bhf.json
now: 2025-12-29 18:07:06.613424 | eta: 0:15:19.175058 | delta: 0:27:14.089005 | avg: 0:00:51.065281
[33 of 50] ADT
Saved: /home/qcx201/Projects/daytrade/data/chart/chart-adt.json
Saved: /home/qcx201/Projects/daytrade/data/summary/summary-adt.json
<Response [200]> https://finance.yahoo.com/calendar/earnings/?symbol=ADT&offset=0&size=100
<Response [200]> https://finance.yahoo.com/calendar/earnings/?symbol=ADT&offset=100&size=100
Saved: /home/qcx201/Projects/daytrade/data/earnings/earnings-adt.json
now: 2025-12-29 18:07:08.706374 | eta: 0:14:02.881607 | delta: 0:27:16.181955 | avg: 0:00:49.581271
[34 of 50] EPR
Saved: /home/qcx201/Projects/daytrade/data/chart/chart-epr.json
Saved: /home/qcx201/Projects/daytrade/data/summary/summary-epr.json
<Response [200]> https://finance.yahoo.com/calendar/earnings/?symbol=EPR&offset=0&size=100
<Response [200]> https://finance.yahoo.com/calendar/earnings/?symbol=EPR&offset=100&size=100
Saved: /home/qcx201/Projects/daytrade/data/earnings/earnings-epr.json
now: 2025-12-29 18:07:11.303961 | eta: 0:12:51.190368 | delta: 0:27:18.779542 | avg: 0:00:48.199398
[35 of 50] COLD
Saved: /home/qcx201/Projects/daytrade/data/chart/chart-cold.json
Saved: /home/qcx201/Projects/daytrade/data/summary/summary-cold.json
<Response [200]> https://finance.yahoo.com/calendar/earnings/?symbol=COLD&offset=0&size=100
<Response [200]> https://finance.yahoo.com/calendar/earnings/?symbol=COLD&offset=100&size=100
Saved: /home/qcx201/Projects/daytrade/data/earnings/earnings-cold.json
now: 2025-12-29 18:07:13.269843 | eta: 0:11:43.176615 | delta: 0:27:20.745424 | avg: 0:00:46.878441
[36 of 50] NVST
Saved: /home/qcx201/Projects/daytrade/data/chart/chart-nvst.json
Saved: /home/qcx201/Projects/daytrade/data/summary/summary-nvst.json
<Response [200]> https://finance.yahoo.com/calendar/earnings/?symbol=NVST&offset=0&size=100
<Response [200]> https://finance.yahoo.com/calendar/earnings/?symbol=NVST&offset=100&size=100
Saved: /home/qcx201/Projects/daytrade/data/earnings/earnings-nvst.json
now: 2025-12-29 18:07:15.928877 | eta: 0:10:39.101736 | delta: 0:27:23.404458 | avg: 0:00:45.650124
[37 of 50] SHC
Saved: /home/qcx201/Projects/daytrade/data/chart/chart-shc.json
Saved: /home/qcx201/Projects/daytrade/data/summary/summary-shc.json
<Response [200]> https://finance.yahoo.com/calendar/earnings/?symbol=SHC&offset=0&size=100
<Response [200]> https://finance.yahoo.com/calendar/earnings/?symbol=SHC&offset=100&size=100
Saved: /home/qcx201/Projects/daytrade/data/earnings/earnings-shc.json
now: 2025-12-29 18:07:17.929862 | eta: 0:09:38.115421 | delta: 0:27:25.405443 | avg: 0:00:44.470417
[38 of 50] GFS
Saved: /home/qcx201/Projects/daytrade/data/chart/chart-gfs.json
Saved: /home/qcx201/Projects/daytrade/data/summary/summary-gfs.json
<Response [200]> https://finance.yahoo.com/calendar/earnings/?symbol=GFS&offset=0&size=100
<Response [200]> https://finance.yahoo.com/calendar/earnings/?symbol=GFS&offset=100&size=100
Saved: /home/qcx201/Projects/daytrade/data/earnings/earnings-gfs.json
now: 2025-12-29 18:07:19.869012 | eta: 0:08:40.214088 | delta: 0:27:27.344593 | avg: 0:00:43.351174
[39 of 50] SLGN
Saved: /home/qcx201/Projects/daytrade/data/chart/chart-slgn.json
Saved: /home/qcx201/Projects/daytrade/data/summary/summary-slgn.json
<Response [200]> https://finance.yahoo.com/calendar/earnings/?symbol=SLGN&offset=0&size=100
<Response [200]> https://finance.yahoo.com/calendar/earnings/?symbol=SLGN&offset=100&size=100
<Response [200]> https://finance.yahoo.com/calendar/earnings/?symbol=SLGN&offset=200&size=100
Saved: /home/qcx201/Projects/daytrade/data/earnings/earnings-slgn.json
now: 2025-12-29 18:07:23.972958 | eta: 0:07:45.793174 | delta: 0:27:31.448539 | avg: 0:00:42.344834
[40 of 50] EEFT
Saved: /home/qcx201/Projects/daytrade/data/chart/chart-eeft.json
Saved: /home/qcx201/Projects/daytrade/data/summary/summary-eeft.json
<Response [200]> https://finance.yahoo.com/calendar/earnings/?symbol=EEFT&offset=0&size=100
<Response [200]> https://finance.yahoo.com/calendar/earnings/?symbol=EEFT&offset=100&size=100
<Response [200]> https://finance.yahoo.com/calendar/earnings/?symbol=EEFT&offset=200&size=100
Saved: /home/qcx201/Projects/daytrade/data/earnings/earnings-eeft.json
now: 2025-12-29 18:07:27.626448 | eta: 0:06:53.775510 | delta: 0:27:35.102029 | avg: 0:00:41.377551
[41 of 50] RYN
Saved: /home/qcx201/Projects/daytrade/data/chart/chart-ryn.json
Saved: /home/qcx201/Projects/daytrade/data/summary/summary-ryn.json
<Response [200]> https://finance.yahoo.com/calendar/earnings/?symbol=RYN&offset=0&size=100
<Response [200]> https://finance.yahoo.com/calendar/earnings/?symbol=RYN&offset=100&size=100
<Response [200]> https://finance.yahoo.com/calendar/earnings/?symbol=RYN&offset=200&size=100
Saved: /home/qcx201/Projects/daytrade/data/earnings/earnings-ryn.json
now: 2025-12-29 18:07:31.044017 | eta: 0:06:04.065282 | delta: 0:27:38.519598 | avg: 0:00:40.451698
[42 of 50] WSC
Saved: /home/qcx201/Projects/daytrade/data/chart/chart-wsc.json
Saved: /home/qcx201/Projects/daytrade/data/summary/summary-wsc.json
<Response [200]> https://finance.yahoo.com/calendar/earnings/?symbol=WSC&offset=0&size=100
<Response [200]> https://finance.yahoo.com/calendar/earnings/?symbol=WSC&offset=100&size=100
Saved: /home/qcx201/Projects/daytrade/data/earnings/earnings-wsc.json
now: 2025-12-29 18:07:33.035718 | eta: 0:05:16.287864 | delta: 0:27:40.511299 | avg: 0:00:39.535983
[43 of 50] ALGM
Saved: /home/qcx201/Projects/daytrade/data/chart/chart-algm.json
Saved: /home/qcx201/Projects/daytrade/data/summary/summary-algm.json
<Response [200]> https://finance.yahoo.com/calendar/earnings/?symbol=ALGM&offset=0&size=100
<Response [200]> https://finance.yahoo.com/calendar/earnings/?symbol=ALGM&offset=100&size=100
Saved: /home/qcx201/Projects/daytrade/data/earnings/earnings-algm.json
now: 2025-12-29 18:07:35.048302 | eta: 0:04:30.643422 | delta: 0:27:42.523883 | avg: 0:00:38.663346
[44 of 50] FHB
Saved: /home/qcx201/Projects/daytrade/data/chart/chart-fhb.json
Saved: /home/qcx201/Projects/daytrade/data/summary/summary-fhb.json
<Response [200]> https://finance.yahoo.com/calendar/earnings/?symbol=FHB&offset=0&size=100
<Response [200]> https://finance.yahoo.com/calendar/earnings/?symbol=FHB&offset=100&size=100
Saved: /home/qcx201/Projects/daytrade/data/earnings/earnings-fhb.json
now: 2025-12-29 18:07:37.924581 | eta: 0:03:47.100024 | delta: 0:27:45.400162 | avg: 0:00:37.850004
[45 of 50] PSN
Saved: /home/qcx201/Projects/daytrade/data/chart/chart-psn.json
Saved: /home/qcx201/Projects/daytrade/data/summary/summary-psn.json
<Response [200]> https://finance.yahoo.com/calendar/earnings/?symbol=PSN&offset=0&size=100
<Response [200]> https://finance.yahoo.com/calendar/earnings/?symbol=PSN&offset=100&size=100
Saved: /home/qcx201/Projects/daytrade/data/earnings/earnings-psn.json
now: 2025-12-29 18:07:40.164147 | eta: 0:03:05.293305 | delta: 0:27:47.639728 | avg: 0:00:37.058661
[46 of 50] ZG
Saved: /home/qcx201/Projects/daytrade/data/chart/chart-zg.json
Saved: /home/qcx201/Projects/daytrade/data/summary/summary-zg.json
<Response [200]> https://finance.yahoo.com/calendar/earnings/?symbol=ZG&offset=0&size=100
<Response [200]> https://finance.yahoo.com/calendar/earnings/?symbol=ZG&offset=100&size=100
Saved: /home/qcx201/Projects/daytrade/data/earnings/earnings-zg.json
now: 2025-12-29 18:07:42.305015 | eta: 0:02:25.198312 | delta: 0:27:49.780596 | avg: 0:00:36.299578
[47 of 50] PVH
Saved: /home/qcx201/Projects/daytrade/data/chart/chart-pvh.json
Saved: /home/qcx201/Projects/daytrade/data/summary/summary-pvh.json
<Response [200]> https://finance.yahoo.com/calendar/earnings/?symbol=PVH&offset=0&size=100
<Response [200]> https://finance.yahoo.com/calendar/earnings/?symbol=PVH&offset=100&size=100
<Response [200]> https://finance.yahoo.com/calendar/earnings/?symbol=PVH&offset=200&size=100
Saved: /home/qcx201/Projects/daytrade/data/earnings/earnings-pvh.json
now: 2025-12-29 18:07:47.052708 | eta: 0:01:46.884783 | delta: 0:27:54.528289 | avg: 0:00:35.628261
[48 of 50] MDU
Saved: /home/qcx201/Projects/daytrade/data/chart/chart-mdu.json
Saved: /home/qcx201/Projects/daytrade/data/summary/summary-mdu.json
<Response [200]> https://finance.yahoo.com/calendar/earnings/?symbol=MDU&offset=0&size=100
<Response [200]> https://finance.yahoo.com/calendar/earnings/?symbol=MDU&offset=100&size=100
<Response [200]> https://finance.yahoo.com/calendar/earnings/?symbol=MDU&offset=200&size=100
Sleeping 90.0 seconds...
<Response [200]> https://finance.yahoo.com/calendar/earnings/?symbol=MDU&offset=200&size=100
Sleeping 112.5 seconds...
<Response [200]> https://finance.yahoo.com/calendar/earnings/?symbol=MDU&offset=200&size=100
Sleeping 135.0 seconds...
<Response [200]> https://finance.yahoo.com/calendar/earnings/?symbol=MDU&offset=200&size=100
Saved: /home/qcx201/Projects/daytrade/data/earnings/earnings-mdu.json
now: 2025-12-29 18:13:34.656986 | eta: 0:01:24.255524 | delta: 0:33:42.132567 | avg: 0:00:42.127762
[49 of 50] MSGS
Saved: /home/qcx201/Projects/daytrade/data/chart/chart-msgs.json
Saved: /home/qcx201/Projects/daytrade/data/summary/summary-msgs.json
<Response [200]> https://finance.yahoo.com/calendar/earnings/?symbol=MSGS&offset=0&size=100
<Response [200]> https://finance.yahoo.com/calendar/earnings/?symbol=MSGS&offset=100&size=100
Saved: /home/qcx201/Projects/daytrade/data/earnings/earnings-msgs.json
now: 2025-12-29 18:13:36.713987 | eta: 0:00:41.309991 | delta: 0:33:44.189568 | avg: 0:00:41.309991
[50 of 50] OZK
Saved: /home/qcx201/Projects/daytrade/data/chart/chart-ozk.json
Saved: /home/qcx201/Projects/daytrade/data/summary/summary-ozk.json
<Response [200]> https://finance.yahoo.com/calendar/earnings/?symbol=OZK&offset=0&size=100
<Response [200]> https://finance.yahoo.com/calendar/earnings/?symbol=OZK&offset=100&size=100
<Response [200]> https://finance.yahoo.com/calendar/earnings/?symbol=OZK&offset=200&size=100
Saved: /home/qcx201/Projects/daytrade/data/earnings/earnings-ozk.json
now: 2025-12-29 18:13:40.007475 | eta: 0:00:00 | delta: 0:33:47.483056 | avg: 0:00:40.549661
-- Complete --
