[1 of 50] PNW
Saved: /home/qcx201/Projects/daytrade/data/chart/chart-pnw.json
Saved: /home/qcx201/Projects/daytrade/data/summary/summary-pnw.json
<Response [200]> https://finance.yahoo.com/calendar/earnings/?symbol=PNW&offset=0&size=100
<Response [200]> https://finance.yahoo.com/calendar/earnings/?symbol=PNW&offset=100&size=100
<Response [200]> https://finance.yahoo.com/calendar/earnings/?symbol=PNW&offset=200&size=100
Saved: /home/qcx201/Projects/daytrade/data/earnings/earnings-pnw.json
now: 2025-12-29 17:40:01.061427 | eta: 0:06:31.333110 | delta: 0:00:07.986390 | avg: 0:00:07.986390
[2 of 50] WBS
Saved: /home/qcx201/Projects/daytrade/data/chart/chart-wbs.json
Saved: /home/qcx201/Projects/daytrade/data/summary/summary-wbs.json
<Response [200]> https://finance.yahoo.com/calendar/earnings/?symbol=WBS&offset=0&size=100
<Response [200]> https://finance.yahoo.com/calendar/earnings/?symbol=WBS&offset=100&size=100
<Response [200]> https://finance.yahoo.com/calendar/earnings/?symbol=WBS&offset=200&size=100
Saved: /home/qcx201/Projects/daytrade/data/earnings/earnings-wbs.json
now: 2025-12-29 17:40:09.665404 | eta: 0:06:38.168832 | delta: 0:00:16.590367 | avg: 0:00:08.295184
[3 of 50] ORI
Saved: /home/qcx201/Projects/daytrade/data/chart/chart-ori.json
Saved: /home/qcx201/Projects/daytrade/data/summary/summary-ori.json
<Response [200]> https://finance.yahoo.com/calendar/earnings/?symbol=ORI&offset=0&size=100
<Response [200]> https://finance.yahoo.com/calendar/earnings/?symbol=ORI&offset=100&size=100
<Response [200]> https://finance.yahoo.com/calendar/earnings/?symbol=ORI&offset=200&size=100
Saved: /home/qcx201/Projects/daytrade/data/earnings/earnings-ori.json
now: 2025-12-29 17:40:17.664173 | eta: 0:06:25.229813 | delta: 0:00:24.589136 | avg: 0:00:08.196379
[4 of 50] DCI
Saved: /home/qcx201/Projects/daytrade/data/chart/chart-dci.json
Saved: /home/qcx201/Projects/daytrade/data/summary/summary-dci.json
<Response [200]> https://finance.yahoo.com/calendar/earnings/?symbol=DCI&offset=0&size=100
<Response [200]> https://finance.yahoo.com/calendar/earnings/?symbol=DCI&offset=100&size=100
<Response [200]> https://finance.yahoo.com/calendar/earnings/?symbol=DCI&offset=200&size=100
Saved: /home/qcx201/Projects/daytrade/data/earnings/earnings-dci.json
now: 2025-12-29 17:40:24.029881 | eta: 0:05:55.980706 | delta: 0:00:30.954844 | avg: 0:00:07.738711
[5 of 50] EHC
Saved: /home/qcx201/Projects/daytrade/data/chart/chart-ehc.json
Saved: /home/qcx201/Projects/daytrade/data/summary/summary-ehc.json
<Response [200]> https://finance.yahoo.com/calendar/earnings/?symbol=EHC&offset=0&size=100
Sleeping 90.0 seconds...
<Response [200]> https://finance.yahoo.com/calendar/earnings/?symbol=EHC&offset=0&size=100
Sleeping 112.5 seconds...
<Response [200]> https://finance.yahoo.com/calendar/earnings/?symbol=EHC&offset=0&size=100
<Response [200]> https://finance.yahoo.com/calendar/earnings/?symbol=EHC&offset=100&size=100
Saved: /home/qcx201/Projects/daytrade/data/earnings/earnings-ehc.json
now: 2025-12-29 17:43:57.436555 | eta: 0:36:39.253680 | delta: 0:04:04.361518 | avg: 0:00:48.872304
[6 of 50] RBRK
Saved: /home/qcx201/Projects/daytrade/data/chart/chart-rbrk.json
Saved: /home/qcx201/Projects/daytrade/data/summary/summary-rbrk.json
<Response [200]> https://finance.yahoo.com/calendar/earnings/?symbol=RBRK&offset=0&size=100
<Response [200]> https://finance.yahoo.com/calendar/earnings/?symbol=RBRK&offset=100&size=100
Saved: /home/qcx201/Projects/daytrade/data/earnings/earnings-rbrk.json
now: 2025-12-29 17:43:59.546812 | eta: 0:30:07.459676 | delta: 0:04:06.471775 | avg: 0:00:41.078629
[7 of 50] WMS
Saved: /home/qcx201/Projects/daytrade/data/chart/chart-wms.json
Saved: /home/qcx201/Projects/daytrade/data/summary/summary-wms.json
<Response [200]> https://finance.yahoo.com/calendar/earnings/?symbol=WMS&offset=0&size=100
<Response [200]> https://finance.yahoo.com/calendar/earnings/?symbol=WMS&offset=100&size=100
Sleeping 90.0 seconds...
<Response [200]> https://finance.yahoo.com/calendar/earnings/?symbol=WMS&offset=100&size=100
Sleeping 112.5 seconds...
<Response [200]> https://finance.yahoo.com/calendar/earnings/?symbol=WMS&offset=100&size=100
Saved: /home/qcx201/Projects/daytrade/data/earnings/earnings-wms.json
now: 2025-12-29 17:47:30.147980 | eta: 0:46:47.733805 | delta: 0:07:37.072943 | avg: 0:01:05.296135
[8 of 50] MANH
Saved: /home/qcx201/Projects/daytrade/data/chart/chart-manh.json
Saved: /home/qcx201/Projects/daytrade/data/summary/summary-manh.json
<Response [200]> https://finance.yahoo.com/calendar/earnings/?symbol=MANH&offset=0&size=100
<Response [200]> https://finance.yahoo.com/calendar/earnings/?symbol=MANH&offset=100&size=100
<Response [200]> https://finance.yahoo.com/calendar/earnings/?symbol=MANH&offset=200&size=100
Saved: /home/qcx201/Projects/daytrade/data/earnings/earnings-manh.json
now: 2025-12-29 17:47:34.931801 | eta: 0:40:24.748032 | delta: 0:07:41.856764 | avg: 0:00:57.732096
[9 of 50] LSCC
Saved: /home/qcx201/Projects/daytrade/data/chart/chart-lscc.json
Saved: /home/qcx201/Projects/daytrade/data/summary/summary-lscc.json
<Response [200]> https://finance.yahoo.com/calendar/earnings/?symbol=LSCC&offset=0&size=100
<Response [200]> https://finance.yahoo.com/calendar/earnings/?symbol=LSCC&offset=100&size=100
Sleeping 90.0 seconds...
<Response [200]> https://finance.yahoo.com/calendar/earnings/?symbol=LSCC&offset=100&size=100
Sleeping 112.5 seconds...
<Response [200]> https://finance.yahoo.com/calendar/earnings/?symbol=LSCC&offset=100&size=100
<Response [200]> https://finance.yahoo.com/calendar/earnings/?symbol=LSCC&offset=200&size=100
Saved: /home/qcx201/Projects/daytrade/data/earnings/earnings-lscc.json
now: 2025-12-29 17:51:09.238410 | eta: 0:51:20.299824 | delta: 0:11:16.163373 | avg: 0:01:15.129264
[10 of 50] JAZZ
Saved: /home/qcx201/Projects/daytrade/data/chart/chart-jazz.json
Saved: /home/qcx201/Projects/daytrade/data/summary/summary-jazz.json
<Response [200]> https://finance.yahoo.com/calendar/earnings/?symbol=JAZZ&offset=0&size=100
<Response [200]> https://finance.yahoo.com/calendar/earnings/?symbol=JAZZ&offset=100&size=100
Saved: /home/qcx201/Projects/daytrade/data/earnings/earnings-jazz.json
now: 2025-12-29 17:51:12.936892 | eta: 0:45:19.447440 | delta: 0:11:19.861855 | avg: 0:01:07.986186
[11 of 50] CNM
Saved: /home/qcx201/Projects/daytrade/data/chart/chart-cnm.json
Saved: /home/qcx201/Projects/daytrade/data/summary/summary-cnm.json
<Response [200]> https://finance.yahoo.com/calendar/earnings/?symbol=CNM&offset=0&size=100
<Response [200]> https://finance.yahoo.com/calendar/earnings/?symbol=CNM&offset=100&size=100
Sleeping 90.0 seconds...
<Response [200]> https://finance.yahoo.com/calendar/earnings/?symbol=CNM&offset=100&size=100
Sleeping 112.5 seconds...
<Response [200]> https://finance.yahoo.com/calendar/earnings/?symbol=CNM&offset=100&size=100
Saved: /home/qcx201/Projects/daytrade/data/earnings/earnings-cnm.json
now: 2025-12-29 17:54:45.499036 | eta: 0:52:44.048706 | delta: 0:14:52.423999 | avg: 0:01:21.129454
[12 of 50] FIVE
Saved: /home/qcx201/Projects/daytrade/data/chart/chart-five.json
Saved: /home/qcx201/Projects/daytrade/data/summary/summary-five.json
<Response [200]> https://finance.yahoo.com/calendar/earnings/?symbol=FIVE&offset=0&size=100
<Response [200]> https://finance.yahoo.com/calendar/earnings/?symbol=FIVE&offset=100&size=100
Saved: /home/qcx201/Projects/daytrade/data/earnings/earnings-five.json
now: 2025-12-29 17:54:48.314651 | eta: 0:47:14.925438 | delta: 0:14:55.239614 | avg: 0:01:14.603301
[13 of 50] BAH
Saved: /home/qcx201/Projects/daytrade/data/chart/chart-bah.json
Saved: /home/qcx201/Projects/daytrade/data/summary/summary-bah.json
<Response [200]> https://finance.yahoo.com/calendar/earnings/?symbol=BAH&offset=0&size=100
<Response [200]> https://finance.yahoo.com/calendar/earnings/?symbol=BAH&offset=100&size=100
Saved: /home/qcx201/Projects/daytrade/data/earnings/earnings-bah.json
now: 2025-12-29 17:54:51.164240 | eta: 0:42:36.100045 | delta: 0:14:58.089203 | avg: 0:01:09.083785
[14 of 50] ONON
Saved: /home/qcx201/Projects/daytrade/data/chart/chart-onon.json
Saved: /home/qcx201/Projects/daytrade/data/summary/summary-onon.json
<Response [200]> https://finance.yahoo.com/calendar/earnings/?symbol=ONON&offset=0&size=100
<Response [200]> https://finance.yahoo.com/calendar/earnings/?symbol=ONON&offset=100&size=100
Sleeping 90.0 seconds...
<Response [200]> https://finance.yahoo.com/calendar/earnings/?symbol=ONON&offset=100&size=100
Sleeping 112.5 seconds...
<Response [200]> https://finance.yahoo.com/calendar/earnings/?symbol=ONON&offset=100&size=100
Saved: /home/qcx201/Projects/daytrade/data/earnings/earnings-onon.json
now: 2025-12-29 17:58:22.721793 | eta: 0:47:33.377388 | delta: 0:18:29.646756 | avg: 0:01:19.260483
[15 of 50] SJM
Saved: /home/qcx201/Projects/daytrade/data/chart/chart-sjm.json
Saved: /home/qcx201/Projects/daytrade/data/summary/summary-sjm.json
<Response [200]> https://finance.yahoo.com/calendar/earnings/?symbol=SJM&offset=0&size=100
<Response [200]> https://finance.yahoo.com/calendar/earnings/?symbol=SJM&offset=100&size=100
Sleeping 90.0 seconds...
<Response [200]> https://finance.yahoo.com/calendar/earnings/?symbol=SJM&offset=100&size=100
Sleeping 112.5 seconds...
<Response [200]> https://finance.yahoo.com/calendar/earnings/?symbol=SJM&offset=100&size=100
Sleeping 135.0 seconds...
<Response [200]> https://finance.yahoo.com/calendar/earnings/?symbol=SJM&offset=100&size=100
<Response [200]> https://finance.yahoo.com/calendar/earnings/?symbol=SJM&offset=200&size=100
Saved: /home/qcx201/Projects/daytrade/data/earnings/earnings-sjm.json
now: 2025-12-29 18:04:14.620145 | eta: 0:56:50.271935 | delta: 0:24:21.545108 | avg: 0:01:37.436341
[16 of 50] AAL
Saved: /home/qcx201/Projects/daytrade/data/chart/chart-aal.json
Saved: /home/qcx201/Projects/daytrade/data/summary/summary-aal.json
<Response [200]> https://finance.yahoo.com/calendar/earnings/?symbol=AAL&offset=0&size=100
<Response [200]> https://finance.yahoo.com/calendar/earnings/?symbol=AAL&offset=100&size=100
Saved: /home/qcx201/Projects/daytrade/data/earnings/earnings-aal.json
now: 2025-12-29 18:04:17.729296 | eta: 0:51:52.390294 | delta: 0:24:24.654259 | avg: 0:01:31.540891
[17 of 50] NCLH
Saved: /home/qcx201/Projects/daytrade/data/chart/chart-nclh.json
Saved: /home/qcx201/Projects/daytrade/data/summary/summary-nclh.json
<Response [200]> https://finance.yahoo.com/calendar/earnings/?symbol=NCLH&offset=0&size=100
<Response [200]> https://finance.yahoo.com/calendar/earnings/?symbol=NCLH&offset=100&size=100
Saved: /home/qcx201/Projects/daytrade/data/earnings/earnings-nclh.json
now: 2025-12-29 18:04:20.542390 | eta: 0:47:28.613097 | delta: 0:24:27.467353 | avg: 0:01:26.321609
[18 of 50] DTM
Saved: /home/qcx201/Projects/daytrade/data/chart/chart-dtm.json
Saved: /home/qcx201/Projects/daytrade/data/summary/summary-dtm.json
<Response [200]> https://finance.yahoo.com/calendar/earnings/?symbol=DTM&offset=0&size=100
Sleeping 90.0 seconds...
<Response [200]> https://finance.yahoo.com/calendar/earnings/?symbol=DTM&offset=0&size=100
Sleeping 112.5 seconds...
<Response [200]> https://finance.yahoo.com/calendar/earnings/?symbol=DTM&offset=0&size=100
Sleeping 135.0 seconds...
<Response [200]> https://finance.yahoo.com/calendar/earnings/?symbol=DTM&offset=0&size=100
<Response [200]> https://finance.yahoo.com/calendar/earnings/?symbol=DTM&offset=100&size=100
Saved: /home/qcx201/Projects/daytrade/data/earnings/earnings-dtm.json
now: 2025-12-29 18:10:09.696315 | eta: 0:53:49.548928 | delta: 0:30:16.621278 | avg: 0:01:40.923404
[19 of 50] VTRS
Saved: /home/qcx201/Projects/daytrade/data/chart/chart-vtrs.json
Saved: /home/qcx201/Projects/daytrade/data/summary/summary-vtrs.json
<Response [200]> https://finance.yahoo.com/calendar/earnings/?symbol=VTRS&offset=0&size=100
<Response [200]> https://finance.yahoo.com/calendar/earnings/?symbol=VTRS&offset=100&size=100
<Response [200]> https://finance.yahoo.com/calendar/earnings/?symbol=VTRS&offset=200&size=100
Saved: /home/qcx201/Projects/daytrade/data/earnings/earnings-vtrs.json
now: 2025-12-29 18:10:14.424649 | eta: 0:49:31.675686 | delta: 0:30:21.349612 | avg: 0:01:35.860506
[20 of 50] CLX
Saved: /home/qcx201/Projects/daytrade/data/chart/chart-clx.json
Saved: /home/qcx201/Projects/daytrade/data/summary/summary-clx.json
<Response [200]> https://finance.yahoo.com/calendar/earnings/?symbol=CLX&offset=0&size=100
<Response [200]> https://finance.yahoo.com/calendar/earnings/?symbol=CLX&offset=100&size=100
Sleeping 90.0 seconds...
<Response [200]> https://finance.yahoo.com/calendar/earnings/?symbol=CLX&offset=100&size=100
Sleeping 112.5 seconds...
<Response [200]> https://finance.yahoo.com/calendar/earnings/?symbol=CLX&offset=100&size=100
<Response [200]> https://finance.yahoo.com/calendar/earnings/?symbol=CLX&offset=200&size=100
Saved: /home/qcx201/Projects/daytrade/data/earnings/earnings-clx.json
now: 2025-12-29 18:13:45.900442 | eta: 0:50:49.238100 | delta: 0:33:52.825405 | avg: 0:01:41.641270
[21 of 50] TOL
Saved: /home/qcx201/Projects/daytrade/data/chart/chart-tol.json
Saved: /home/qcx201/Projects/daytrade/data/summary/summary-tol.json
<Response [200]> https://finance.yahoo.com/calendar/earnings/?symbol=TOL&offset=0&size=100
<Response [200]> https://finance.yahoo.com/calendar/earnings/?symbol=TOL&offset=100&size=100
<Response [200]> https://finance.yahoo.com/calendar/earnings/?symbol=TOL&offset=200&size=100
Saved: /home/qcx201/Projects/daytrade/data/earnings/earnings-tol.json
now: 2025-12-29 18:13:51.046181 | eta: 0:46:54.341105 | delta: 0:33:57.971144 | avg: 0:01:37.046245
[22 of 50] EQH
Saved: /home/qcx201/Projects/daytrade/data/chart/chart-eqh.json
Saved: /home/qcx201/Projects/daytrade/data/summary/summary-eqh.json
<Response [200]> https://finance.yahoo.com/calendar/earnings/?symbol=EQH&offset=0&size=100
Sleeping 90.0 seconds...
<Response [200]> https://finance.yahoo.com/calendar/earnings/?symbol=EQH&offset=0&size=100
Sleeping 112.5 seconds...
<Response [200]> https://finance.yahoo.com/calendar/earnings/?symbol=EQH&offset=0&size=100
<Response [200]> https://finance.yahoo.com/calendar/earnings/?symbol=EQH&offset=100&size=100
Saved: /home/qcx201/Projects/daytrade/data/earnings/earnings-eqh.json
now: 2025-12-29 18:17:22.918269 | eta: 0:47:43.436828 | delta: 0:37:29.843232 | avg: 0:01:42.265601
[23 of 50] U
Saved: /home/qcx201/Projects/daytrade/data/chart/chart-u.json
Saved: /home/qcx201/Projects/daytrade/data/summary/summary-u.json
<Response [200]> https://finance.yahoo.com/calendar/earnings/?symbol=U&offset=0&size=100
<Response [200]> https://finance.yahoo.com/calendar/earnings/?symbol=U&offset=100&size=100
Saved: /home/qcx201/Projects/daytrade/data/earnings/earnings-u.json
now: 2025-12-29 18:17:25.185542 | eta: 0:44:03.781896 | delta: 0:37:32.110505 | avg: 0:01:37.917848
[24 of 50] ROKU
Saved: /home/qcx201/Projects/daytrade/data/chart/chart-roku.json
Saved: /home/qcx201/Projects/daytrade/data/summary/summary-roku.json
<Response [200]> https://finance.yahoo.com/calendar/earnings/?symbol=ROKU&offset=0&size=100
<Response [200]> https://finance.yahoo.com/calendar/earnings/?symbol=ROKU&offset=100&size=100
Saved: /home/qcx201/Projects/daytrade/data/earnings/earnings-roku.json
now: 2025-12-29 18:17:28.590551 | eta: 0:40:43.475138 | delta: 0:37:35.515514 | avg: 0:01:33.979813
[25 of 50] FNF
Saved: /home/qcx201/Projects/daytrade/data/chart/chart-fnf.json
Saved: /home/qcx201/Projects/daytrade/data/summary/summary-fnf.json
<Response [200]> https://finance.yahoo.com/calendar/earnings/?symbol=FNF&offset=0&size=100
Sleeping 90.0 seconds...
<Response [200]> https://finance.yahoo.com/calendar/earnings/?symbol=FNF&offset=0&size=100
Sleeping 112.5 seconds...
<Response [200]> https://finance.yahoo.com/calendar/earnings/?symbol=FNF&offset=0&size=100
<Response [200]> https://finance.yahoo.com/calendar/earnings/?symbol=FNF&offset=100&size=100
Saved: /home/qcx201/Projects/daytrade/data/earnings/earnings-fnf.json
now: 2025-12-29 18:20:58.455277 | eta: 0:41:05.380250 | delta: 0:41:05.380240 | avg: 0:01:38.615210
[26 of 50] EG
Saved: /home/qcx201/Projects/daytrade/data/chart/chart-eg.json
Saved: /home/qcx201/Projects/daytrade/data/summary/summary-eg.json
<Response [200]> https://finance.yahoo.com/calendar/earnings/?symbol=EG&offset=0&size=100
<Response [200]> https://finance.yahoo.com/calendar/earnings/?symbol=EG&offset=100&size=100
<Response [200]> https://finance.yahoo.com/calendar/earnings/?symbol=EG&offset=200&size=100
Sleeping 90.0 seconds...
<Response [200]> https://finance.yahoo.com/calendar/earnings/?symbol=EG&offset=200&size=100
Sleeping 112.5 seconds...
<Response [200]> https://finance.yahoo.com/calendar/earnings/?symbol=EG&offset=200&size=100
Sleeping 135.0 seconds...
<Response [200]> https://finance.yahoo.com/calendar/earnings/?symbol=EG&offset=200&size=100
Saved: /home/qcx201/Projects/daytrade/data/earnings/earnings-eg.json
now: 2025-12-29 18:26:49.890655 | eta: 0:43:20.137488 | delta: 0:46:56.815618 | avg: 0:01:48.339062
[27 of 50] HEI
Saved: /home/qcx201/Projects/daytrade/data/chart/chart-hei.json
Saved: /home/qcx201/Projects/daytrade/data/summary/summary-hei.json
<Response [200]> https://finance.yahoo.com/calendar/earnings/?symbol=HEI&offset=0&size=100
<Response [200]> https://finance.yahoo.com/calendar/earnings/?symbol=HEI&offset=100&size=100
<Response [200]> https://finance.yahoo.com/calendar/earnings/?symbol=HEI&offset=200&size=100
Saved: /home/qcx201/Projects/daytrade/data/earnings/earnings-hei.json
now: 2025-12-29 18:26:54.328782 | eta: 0:40:03.290217 | delta: 0:47:01.253745 | avg: 0:01:44.490879
[28 of 50] PFGC
Saved: /home/qcx201/Projects/daytrade/data/chart/chart-pfgc.json
Saved: /home/qcx201/Projects/daytrade/data/summary/summary-pfgc.json
<Response [200]> https://finance.yahoo.com/calendar/earnings/?symbol=PFGC&offset=0&size=100
<Response [200]> https://finance.yahoo.com/calendar/earnings/?symbol=PFGC&offset=100&size=100
Sleeping 90.0 seconds...
<Response [200]> https://finance.yahoo.com/calendar/earnings/?symbol=PFGC&offset=100&size=100
Sleeping 112.5 seconds...
<Response [200]> https://finance.yahoo.com/calendar/earnings/?symbol=PFGC&offset=100&size=100
Saved: /home/qcx201/Projects/daytrade/data/earnings/earnings-pfgc.json
now: 2025-12-29 18:30:21.666169 | eta: 0:39:39.607318 | delta: 0:50:28.591132 | avg: 0:01:48.163969
[29 of 50] AVY
Saved: /home/qcx201/Projects/daytrade/data/chart/chart-avy.json
Saved: /home/qcx201/Projects/daytrade/data/summary/summary-avy.json
<Response [200]> https://finance.yahoo.com/calendar/earnings/?symbol=AVY&offset=0&size=100
<Response [200]> https://finance.yahoo.com/calendar/earnings/?symbol=AVY&offset=100&size=100
<Response [200]> https://finance.yahoo.com/calendar/earnings/?symbol=AVY&offset=200&size=100
Saved: /home/qcx201/Projects/daytrade/data/earnings/earnings-avy.json
now: 2025-12-29 18:30:25.922551 | eta: 0:36:36.199929 | delta: 0:50:32.847514 | avg: 0:01:44.580949
[30 of 50] WPC
Saved: /home/qcx201/Projects/daytrade/data/chart/chart-wpc.json
Saved: /home/qcx201/Projects/daytrade/data/summary/summary-wpc.json
<Response [200]> https://finance.yahoo.com/calendar/earnings/?symbol=WPC&offset=0&size=100
Sleeping 90.0 seconds...
<Response [200]> https://finance.yahoo.com/calendar/earnings/?symbol=WPC&offset=0&size=100
Sleeping 112.5 seconds...
<Response [200]> https://finance.yahoo.com/calendar/earnings/?symbol=WPC&offset=0&size=100
<Response [200]> https://finance.yahoo.com/calendar/earnings/?symbol=WPC&offset=100&size=100
Saved: /home/qcx201/Projects/daytrade/data/earnings/earnings-wpc.json
now: 2025-12-29 18:33:54.388883 | eta: 0:36:00.875900 | delta: 0:54:01.313846 | avg: 0:01:48.043795
[31 of 50] CSL
Saved: /home/qcx201/Projects/daytrade/data/chart/chart-csl.json
Saved: /home/qcx201/Projects/daytrade/data/summary/summary-csl.json
<Response [200]> https://finance.yahoo.com/calendar/earnings/?symbol=CSL&offset=0&size=100
<Response [200]> https://finance.yahoo.com/calendar/earnings/?symbol=CSL&offset=100&size=100
<Response [200]> https://finance.yahoo.com/calendar/earnings/?symbol=CSL&offset=200&size=100
Saved: /home/qcx201/Projects/daytrade/data/earnings/earnings-csl.json
now: 2025-12-29 18:33:58.656202 | eta: 0:33:09.227173 | delta: 0:54:05.581165 | avg: 0:01:44.696167
[32 of 50] RBC
Saved: /home/qcx201/Projects/daytrade/data/chart/chart-rbc.json
Saved: /home/qcx201/Projects/daytrade/data/summary/summary-rbc.json
<Response [200]> https://finance.yahoo.com/calendar/earnings/?symbol=RBC&offset=0&size=100
<Response [200]> https://finance.yahoo.com/calendar/earnings/?symbol=RBC&offset=100&size=100
Saved: /home/qcx201/Projects/daytrade/data/earnings/earnings-rbc.json
now: 2025-12-29 18:34:01.735175 | eta: 0:30:27.371322 | delta: 0:54:08.660138 | avg: 0:01:41.520629
[33 of 50] AA
Saved: /home/qcx201/Projects/daytrade/data/chart/chart-aa.json
Saved: /home/qcx201/Projects/daytrade/data/summary/summary-aa.json
<Response [200]> https://finance.yahoo.com/calendar/earnings/?symbol=AA&offset=0&size=100
Sleeping 90.0 seconds...
<Response [200]> https://finance.yahoo.com/calendar/earnings/?symbol=AA&offset=0&size=100
Sleeping 112.5 seconds...
<Response [200]> https://finance.yahoo.com/calendar/earnings/?symbol=AA&offset=0&size=100
<Response [200]> https://finance.yahoo.com/calendar/earnings/?symbol=AA&offset=100&size=100
Saved: /home/qcx201/Projects/daytrade/data/earnings/earnings-aa.json
now: 2025-12-29 18:37:31.605116 | eta: 0:29:41.667014 | delta: 0:57:38.530079 | avg: 0:01:44.803942
[34 of 50] DOCU
Saved: /home/qcx201/Projects/daytrade/data/chart/chart-docu.json
Saved: /home/qcx201/Projects/daytrade/data/summary/summary-docu.json
<Response [200]> https://finance.yahoo.com/calendar/earnings/?symbol=DOCU&offset=0&size=100
<Response [200]> https://finance.yahoo.com/calendar/earnings/?symbol=DOCU&offset=100&size=100
Saved: /home/qcx201/Projects/daytrade/data/earnings/earnings-docu.json
now: 2025-12-29 18:37:33.953090 | eta: 0:27:08.648496 | delta: 0:57:40.878053 | avg: 0:01:41.790531
[35 of 50] NBIX
Saved: /home/qcx201/Projects/daytrade/data/chart/chart-nbix.json
Saved: /home/qcx201/Projects/daytrade/data/summary/summary-nbix.json
<Response [200]> https://finance.yahoo.com/calendar/earnings/?symbol=NBIX&offset=0&size=100
<Response [200]> https://finance.yahoo.com/calendar/earnings/?symbol=NBIX&offset=100&size=100
Sleeping 90.0 seconds...
<Response [200]> https://finance.yahoo.com/calendar/earnings/?symbol=NBIX&offset=100&size=100
Sleeping 112.5 seconds...
<Response [200]> https://finance.yahoo.com/calendar/earnings/?symbol=NBIX&offset=100&size=100
<Response [200]> https://finance.yahoo.com/calendar/earnings/?symbol=NBIX&offset=200&size=100
Saved: /home/qcx201/Projects/daytrade/data/earnings/earnings-nbix.json
now: 2025-12-29 18:41:02.292279 | eta: 0:26:12.521670 | delta: 1:01:09.217242 | avg: 0:01:44.834778
[36 of 50] RVMD
Saved: /home/qcx201/Projects/daytrade/data/chart/chart-rvmd.json
Saved: /home/qcx201/Projects/daytrade/data/summary/summary-rvmd.json
<Response [200]> https://finance.yahoo.com/calendar/earnings/?symbol=RVMD&offset=0&size=100
<Response [200]> https://finance.yahoo.com/calendar/earnings/?symbol=RVMD&offset=100&size=100
Saved: /home/qcx201/Projects/daytrade/data/earnings/earnings-rvmd.json
now: 2025-12-29 18:41:05.921877 | eta: 0:23:48.329322 | delta: 1:01:12.846840 | avg: 0:01:42.023523
[37 of 50] MTZ
Saved: /home/qcx201/Projects/daytrade/data/chart/chart-mtz.json
Saved: /home/qcx201/Projects/daytrade/data/summary/summary-mtz.json
<Response [200]> https://finance.yahoo.com/calendar/earnings/?symbol=MTZ&offset=0&size=100
<Response [200]> https://finance.yahoo.com/calendar/earnings/?symbol=MTZ&offset=100&size=100
<Response [200]> https://finance.yahoo.com/calendar/earnings/?symbol=MTZ&offset=200&size=100
Saved: /home/qcx201/Projects/daytrade/data/earnings/earnings-mtz.json
now: 2025-12-29 18:41:09.637871 | eta: 0:21:31.765319 | delta: 1:01:16.562834 | avg: 0:01:39.366563
[38 of 50] GGG
Saved: /home/qcx201/Projects/daytrade/data/chart/chart-ggg.json
Saved: /home/qcx201/Projects/daytrade/data/summary/summary-ggg.json
<Response [200]> https://finance.yahoo.com/calendar/earnings/?symbol=GGG&offset=0&size=100
<Response [200]> https://finance.yahoo.com/calendar/earnings/?symbol=GGG&offset=100&size=100
<Response [200]> https://finance.yahoo.com/calendar/earnings/?symbol=GGG&offset=200&size=100
Saved: /home/qcx201/Projects/daytrade/data/earnings/earnings-ggg.json
now: 2025-12-29 18:41:14.309446 | eta: 0:19:22.495080 | delta: 1:01:21.234409 | avg: 0:01:36.874590
[39 of 50] OKTA
Saved: /home/qcx201/Projects/daytrade/data/chart/chart-okta.json
Saved: /home/qcx201/Projects/daytrade/data/summary/summary-okta.json
<Response [200]> https://finance.yahoo.com/calendar/earnings/?symbol=OKTA&offset=0&size=100
Sleeping 90.0 seconds...
<Response [200]> https://finance.yahoo.com/calendar/earnings/?symbol=OKTA&offset=0&size=100
Sleeping 112.5 seconds...
<Response [200]> https://finance.yahoo.com/calendar/earnings/?symbol=OKTA&offset=0&size=100
<Response [200]> https://finance.yahoo.com/calendar/earnings/?symbol=OKTA&offset=100&size=100
Saved: /home/qcx201/Projects/daytrade/data/earnings/earnings-okta.json
now: 2025-12-29 18:44:41.514729 | eta: 0:18:16.739402 | delta: 1:04:48.439692 | avg: 0:01:39.703582
[40 of 50] APG
Saved: /home/qcx201/Projects/daytrade/data/chart/chart-apg.json
Saved: /home/qcx201/Projects/daytrade/data/summary/summary-apg.json
<Response [200]> https://finance.yahoo.com/calendar/earnings/?symbol=APG&offset=0&size=100
<Response [200]> https://finance.yahoo.com/calendar/earnings/?symbol=APG&offset=100&size=100
Saved: /home/qcx201/Projects/daytrade/data/earnings/earnings-apg.json
now: 2025-12-29 18:44:43.659255 | eta: 0:16:12.646050 | delta: 1:04:50.584218 | avg: 0:01:37.264605
[41 of 50] BALL
Saved: /home/qcx201/Projects/daytrade/data/chart/chart-ball.json
Saved: /home/qcx201/Projects/daytrade/data/summary/summary-ball.json
<Response [200]> https://finance.yahoo.com/calendar/earnings/?symbol=BALL&offset=0&size=100
<Response [200]> https://finance.yahoo.com/calendar/earnings/?symbol=BALL&offset=100&size=100
<Response [200]> https://finance.yahoo.com/calendar/earnings/?symbol=BALL&offset=200&size=100
Saved: /home/qcx201/Projects/daytrade/data/earnings/earnings-ball.json
now: 2025-12-29 18:44:47.580198 | eta: 0:14:14.891379 | delta: 1:04:54.505161 | avg: 0:01:34.987931
[42 of 50] SUI
Saved: /home/qcx201/Projects/daytrade/data/chart/chart-sui.json
Saved: /home/qcx201/Projects/daytrade/data/summary/summary-sui.json
<Response [200]> https://finance.yahoo.com/calendar/earnings/?symbol=SUI&offset=0&size=100
Sleeping 90.0 seconds...
<Response [200]> https://finance.yahoo.com/calendar/earnings/?symbol=SUI&offset=0&size=100
<Response [200]> https://finance.yahoo.com/calendar/earnings/?symbol=SUI&offset=100&size=100
Saved: /home/qcx201/Projects/daytrade/data/earnings/earnings-sui.json
now: 2025-12-29 18:46:21.674318 | eta: 0:12:39.733200 | delta: 1:06:28.599281 | avg: 0:01:34.966650
[43 of 50] BLD
Saved: /home/qcx201/Projects/daytrade/data/chart/chart-bld.json
Saved: /home/qcx201/Projects/daytrade/data/summary/summary-bld.json
<Response [200]> https://finance.yahoo.com/calendar/earnings/?symbol=BLD&offset=0&size=100
<Response [200]> https://finance.yahoo.com/calendar/earnings/?symbol=BLD&offset=100&size=100
Saved: /home/qcx201/Projects/daytrade/data/earnings/earnings-bld.json
now: 2025-12-29 18:46:23.926298 | eta: 0:10:49.673458 | delta: 1:06:30.851261 | avg: 0:01:32.810494
[44 of 50] BWXT
Saved: /home/qcx201/Projects/daytrade/data/chart/chart-bwxt.json
Saved: /home/qcx201/Projects/daytrade/data/summary/summary-bwxt.json
<Response [200]> https://finance.yahoo.com/calendar/earnings/?symbol=BWXT&offset=0&size=100
<Response [200]> https://finance.yahoo.com/calendar/earnings/?symbol=BWXT&offset=100&size=100
Saved: /home/qcx201/Projects/daytrade/data/earnings/earnings-bwxt.json
now: 2025-12-29 18:46:27.300108 | eta: 0:09:04.667058 | delta: 1:06:34.225071 | avg: 0:01:30.777843
[45 of 50] ASTS
Saved: /home/qcx201/Projects/daytrade/data/chart/chart-asts.json
Saved: /home/qcx201/Projects/daytrade/data/summary/summary-asts.json
<Response [200]> https://finance.yahoo.com/calendar/earnings/?symbol=ASTS&offset=0&size=100
Sleeping 90.0 seconds...
<Response [200]> https://finance.yahoo.com/calendar/earnings/?symbol=ASTS&offset=0&size=100
<Response [200]> https://finance.yahoo.com/calendar/earnings/?symbol=ASTS&offset=100&size=100
Saved: /home/qcx201/Projects/daytrade/data/earnings/earnings-asts.json
now: 2025-12-29 18:48:01.020543 | eta: 0:07:34.216165 | delta: 1:08:07.945506 | avg: 0:01:30.843233
[46 of 50] NLY
Saved: /home/qcx201/Projects/daytrade/data/chart/chart-nly.json
Saved: /home/qcx201/Projects/daytrade/data/summary/summary-nly.json
<Response [200]> https://finance.yahoo.com/calendar/earnings/?symbol=NLY&offset=0&size=100
<Response [200]> https://finance.yahoo.com/calendar/earnings/?symbol=NLY&offset=100&size=100
<Response [200]> https://finance.yahoo.com/calendar/earnings/?symbol=NLY&offset=200&size=100
Saved: /home/qcx201/Projects/daytrade/data/earnings/earnings-nly.json
now: 2025-12-29 18:48:05.840143 | eta: 0:05:55.892616 | delta: 1:08:12.765106 | avg: 0:01:28.973154
[47 of 50] LII
Saved: /home/qcx201/Projects/daytrade/data/chart/chart-lii.json
Saved: /home/qcx201/Projects/daytrade/data/summary/summary-lii.json
<Response [200]> https://finance.yahoo.com/calendar/earnings/?symbol=LII&offset=0&size=100
<Response [200]> https://finance.yahoo.com/calendar/earnings/?symbol=LII&offset=100&size=100
<Response [200]> https://finance.yahoo.com/calendar/earnings/?symbol=LII&offset=200&size=100
Sleeping 90.0 seconds...
<Response [200]> https://finance.yahoo.com/calendar/earnings/?symbol=LII&offset=200&size=100
Saved: /home/qcx201/Projects/daytrade/data/earnings/earnings-lii.json
now: 2025-12-29 18:49:42.595898 | eta: 0:04:27.416226 | delta: 1:09:49.520861 | avg: 0:01:29.138742
[48 of 50] EWBC
Saved: /home/qcx201/Projects/daytrade/data/chart/chart-ewbc.json
Saved: /home/qcx201/Projects/daytrade/data/summary/summary-ewbc.json
<Response [200]> https://finance.yahoo.com/calendar/earnings/?symbol=EWBC&offset=0&size=100
<Response [200]> https://finance.yahoo.com/calendar/earnings/?symbol=EWBC&offset=100&size=100
<Response [200]> https://finance.yahoo.com/calendar/earnings/?symbol=EWBC&offset=200&size=100
Saved: /home/qcx201/Projects/daytrade/data/earnings/earnings-ewbc.json
now: 2025-12-29 18:49:46.065453 | eta: 0:02:54.707934 | delta: 1:09:52.990416 | avg: 0:01:27.353967
[49 of 50] SMCI
Saved: /home/qcx201/Projects/daytrade/data/chart/chart-smci.json
Saved: /home/qcx201/Projects/daytrade/data/summary/summary-smci.json
<Response [200]> https://finance.yahoo.com/calendar/earnings/?symbol=SMCI&offset=0&size=100
<Response [200]> https://finance.yahoo.com/calendar/earnings/?symbol=SMCI&offset=100&size=100
Saved: /home/qcx201/Projects/daytrade/data/earnings/earnings-smci.json
now: 2025-12-29 18:49:48.806381 | eta: 0:01:25.627170 | delta: 1:09:55.731344 | avg: 0:01:25.627170
[50 of 50] RS
Saved: /home/qcx201/Projects/daytrade/data/chart/chart-rs.json
Saved: /home/qcx201/Projects/daytrade/data/summary/summary-rs.json
<Response [200]> https://finance.yahoo.com/calendar/earnings/?symbol=RS&offset=0&size=100
<Response [200]> https://finance.yahoo.com/calendar/earnings/?symbol=RS&offset=100&size=100
<Response [200]> https://finance.yahoo.com/calendar/earnings/?symbol=RS&offset=200&size=100
Saved: /home/qcx201/Projects/daytrade/data/earnings/earnings-rs.json
now: 2025-12-29 18:49:52.628414 | eta: 0:00:00 | delta: 1:09:59.553377 | avg: 0:01:23.991068
-- Complete --
