[1 of 50] LYB
Saved: /home/qcx201/Projects/daytrade/data/chart/chart-lyb.json
Saved: /home/qcx201/Projects/daytrade/data/summary/summary-lyb.json
<Response [200]> https://finance.yahoo.com/calendar/earnings/?symbol=LYB&offset=0&size=100
<Response [200]> https://finance.yahoo.com/calendar/earnings/?symbol=LYB&offset=100&size=100
Saved: /home/qcx201/Projects/daytrade/data/earnings/earnings-lyb.json
now: 2025-12-29 17:39:56.688868 | eta: 0:03:46.467661 | delta: 0:00:04.621789 | avg: 0:00:04.621789
[2 of 50] WTRG
Saved: /home/qcx201/Projects/daytrade/data/chart/chart-wtrg.json
Saved: /home/qcx201/Projects/daytrade/data/summary/summary-wtrg.json
<Response [200]> https://finance.yahoo.com/calendar/earnings/?symbol=WTRG&offset=0&size=100
<Response [200]> https://finance.yahoo.com/calendar/earnings/?symbol=WTRG&offset=100&size=100
<Response [200]> https://finance.yahoo.com/calendar/earnings/?symbol=WTRG&offset=200&size=100
Saved: /home/qcx201/Projects/daytrade/data/earnings/earnings-wtrg.json
now: 2025-12-29 17:40:02.998185 | eta: 0:04:22.346544 | delta: 0:00:10.931106 | avg: 0:00:05.465553
[3 of 50] MTSI
Saved: /home/qcx201/Projects/daytrade/data/chart/chart-mtsi.json
Saved: /home/qcx201/Projects/daytrade/data/summary/summary-mtsi.json
<Response [200]> https://finance.yahoo.com/calendar/earnings/?symbol=MTSI&offset=0&size=100
<Response [200]> https://finance.yahoo.com/calendar/earnings/?symbol=MTSI&offset=100&size=100
Saved: /home/qcx201/Projects/daytrade/data/earnings/earnings-mtsi.json
now: 2025-12-29 17:40:09.385368 | eta: 0:04:31.319861 | delta: 0:00:17.318289 | avg: 0:00:05.772763
[4 of 50] SCI
Saved: /home/qcx201/Projects/daytrade/data/chart/chart-sci.json
Saved: /home/qcx201/Projects/daytrade/data/summary/summary-sci.json
<Response [200]> https://finance.yahoo.com/calendar/earnings/?symbol=SCI&offset=0&size=100
<Response [200]> https://finance.yahoo.com/calendar/earnings/?symbol=SCI&offset=100&size=100
<Response [200]> https://finance.yahoo.com/calendar/earnings/?symbol=SCI&offset=200&size=100
Saved: /home/qcx201/Projects/daytrade/data/earnings/earnings-sci.json
now: 2025-12-29 17:40:17.825986 | eta: 0:04:56.227442 | delta: 0:00:25.758907 | avg: 0:00:06.439727
[5 of 50] TXRH
Saved: /home/qcx201/Projects/daytrade/data/chart/chart-txrh.json
Saved: /home/qcx201/Projects/daytrade/data/summary/summary-txrh.json
<Response [200]> https://finance.yahoo.com/calendar/earnings/?symbol=TXRH&offset=0&size=100
<Response [200]> https://finance.yahoo.com/calendar/earnings/?symbol=TXRH&offset=100&size=100
Saved: /home/qcx201/Projects/daytrade/data/earnings/earnings-txrh.json
now: 2025-12-29 17:40:22.080352 | eta: 0:04:30.119475 | delta: 0:00:30.013273 | avg: 0:00:06.002655
[6 of 50] HAS
Saved: /home/qcx201/Projects/daytrade/data/chart/chart-has.json
Saved: /home/qcx201/Projects/daytrade/data/summary/summary-has.json
<Response [200]> https://finance.yahoo.com/calendar/earnings/?symbol=HAS&offset=0&size=100
Sleeping 90.0 seconds...
<Response [200]> https://finance.yahoo.com/calendar/earnings/?symbol=HAS&offset=0&size=100
Sleeping 112.5 seconds...
<Response [200]> https://finance.yahoo.com/calendar/earnings/?symbol=HAS&offset=0&size=100
<Response [200]> https://finance.yahoo.com/calendar/earnings/?symbol=HAS&offset=100&size=100
<Response [200]> https://finance.yahoo.com/calendar/earnings/?symbol=HAS&offset=200&size=100
Saved: /home/qcx201/Projects/daytrade/data/earnings/earnings-has.json
now: 2025-12-29 17:43:56.725615 | eta: 0:29:54.162612 | delta: 0:04:04.658536 | avg: 0:00:40.776423
[7 of 50] RVTY
Saved: /home/qcx201/Projects/daytrade/data/chart/chart-rvty.json
Saved: /home/qcx201/Projects/daytrade/data/summary/summary-rvty.json
<Response [200]> https://finance.yahoo.com/calendar/earnings/?symbol=RVTY&offset=0&size=100
<Response [200]> https://finance.yahoo.com/calendar/earnings/?symbol=RVTY&offset=100&size=100
<Response [200]> https://finance.yahoo.com/calendar/earnings/?symbol=RVTY&offset=200&size=100
Saved: /home/qcx201/Projects/daytrade/data/earnings/earnings-rvty.json
now: 2025-12-29 17:44:00.924728 | eta: 0:25:28.696999 | delta: 0:04:08.857649 | avg: 0:00:35.551093
[8 of 50] CACI
Saved: /home/qcx201/Projects/daytrade/data/chart/chart-caci.json
Saved: /home/qcx201/Projects/daytrade/data/summary/summary-caci.json
<Response [200]> https://finance.yahoo.com/calendar/earnings/?symbol=CACI&offset=0&size=100
Sleeping 90.0 seconds...
<Response [200]> https://finance.yahoo.com/calendar/earnings/?symbol=CACI&offset=0&size=100
Sleeping 112.5 seconds...
<Response [200]> https://finance.yahoo.com/calendar/earnings/?symbol=CACI&offset=0&size=100
<Response [200]> https://finance.yahoo.com/calendar/earnings/?symbol=CACI&offset=100&size=100
<Response [200]> https://finance.yahoo.com/calendar/earnings/?symbol=CACI&offset=200&size=100
Saved: /home/qcx201/Projects/daytrade/data/earnings/earnings-caci.json
now: 2025-12-29 17:47:33.091759 | eta: 0:40:20.379570 | delta: 0:07:41.024680 | avg: 0:00:57.628085
[9 of 50] IOT
Saved: /home/qcx201/Projects/daytrade/data/chart/chart-iot.json
Saved: /home/qcx201/Projects/daytrade/data/summary/summary-iot.json
<Response [200]> https://finance.yahoo.com/calendar/earnings/?symbol=IOT&offset=0&size=100
<Response [200]> https://finance.yahoo.com/calendar/earnings/?symbol=IOT&offset=100&size=100
Saved: /home/qcx201/Projects/daytrade/data/earnings/earnings-iot.json
now: 2025-12-29 17:47:37.458297 | eta: 0:35:20.115535 | delta: 0:07:45.391218 | avg: 0:00:51.710135
[10 of 50] AIZ
Saved: /home/qcx201/Projects/daytrade/data/chart/chart-aiz.json
Saved: /home/qcx201/Projects/daytrade/data/summary/summary-aiz.json
<Response [200]> https://finance.yahoo.com/calendar/earnings/?symbol=AIZ&offset=0&size=100
Sleeping 90.0 seconds...
<Response [200]> https://finance.yahoo.com/calendar/earnings/?symbol=AIZ&offset=0&size=100
Sleeping 112.5 seconds...
<Response [200]> https://finance.yahoo.com/calendar/earnings/?symbol=AIZ&offset=0&size=100
<Response [200]> https://finance.yahoo.com/calendar/earnings/?symbol=AIZ&offset=100&size=100
Saved: /home/qcx201/Projects/daytrade/data/earnings/earnings-aiz.json
now: 2025-12-29 17:51:10.030291 | eta: 0:45:11.852840 | delta: 0:11:17.963212 | avg: 0:01:07.796321
[11 of 50] ALGN
Saved: /home/qcx201/Projects/daytrade/data/chart/chart-algn.json
Saved: /home/qcx201/Projects/daytrade/data/summary/summary-algn.json
<Response [200]> https://finance.yahoo.com/calendar/earnings/?symbol=ALGN&offset=0&size=100
<Response [200]> https://finance.yahoo.com/calendar/earnings/?symbol=ALGN&offset=100&size=100
<Response [200]> https://finance.yahoo.com/calendar/earnings/?symbol=ALGN&offset=200&size=100
Saved: /home/qcx201/Projects/daytrade/data/earnings/earnings-algn.json
now: 2025-12-29 17:51:14.412463 | eta: 0:40:19.224561 | delta: 0:11:22.345384 | avg: 0:01:02.031399
[12 of 50] WCC
Saved: /home/qcx201/Projects/daytrade/data/chart/chart-wcc.json
Saved: /home/qcx201/Projects/daytrade/data/summary/summary-wcc.json
<Response [200]> https://finance.yahoo.com/calendar/earnings/?symbol=WCC&offset=0&size=100
Sleeping 90.0 seconds...
<Response [200]> https://finance.yahoo.com/calendar/earnings/?symbol=WCC&offset=0&size=100
Sleeping 112.5 seconds...
<Response [200]> https://finance.yahoo.com/calendar/earnings/?symbol=WCC&offset=0&size=100
<Response [200]> https://finance.yahoo.com/calendar/earnings/?symbol=WCC&offset=100&size=100
<Response [200]> https://finance.yahoo.com/calendar/earnings/?symbol=WCC&offset=200&size=100
Saved: /home/qcx201/Projects/daytrade/data/earnings/earnings-wcc.json
now: 2025-12-29 17:54:49.441457 | eta: 0:47:21.685524 | delta: 0:14:57.374378 | avg: 0:01:14.781198
[13 of 50] GLPI
Saved: /home/qcx201/Projects/daytrade/data/chart/chart-glpi.json
Saved: /home/qcx201/Projects/daytrade/data/summary/summary-glpi.json
<Response [200]> https://finance.yahoo.com/calendar/earnings/?symbol=GLPI&offset=0&size=100
<Response [200]> https://finance.yahoo.com/calendar/earnings/?symbol=GLPI&offset=100&size=100
Saved: /home/qcx201/Projects/daytrade/data/earnings/earnings-glpi.json
now: 2025-12-29 17:54:52.074653 | eta: 0:42:41.560024 | delta: 0:15:00.007574 | avg: 0:01:09.231352
[14 of 50] CLH
Saved: /home/qcx201/Projects/daytrade/data/chart/chart-clh.json
Saved: /home/qcx201/Projects/daytrade/data/summary/summary-clh.json
<Response [200]> https://finance.yahoo.com/calendar/earnings/?symbol=CLH&offset=0&size=100
Sleeping 90.0 seconds...
<Response [200]> https://finance.yahoo.com/calendar/earnings/?symbol=CLH&offset=0&size=100
<Response [200]> https://finance.yahoo.com/calendar/earnings/?symbol=CLH&offset=100&size=100
Sleeping 112.5 seconds...
<Response [200]> https://finance.yahoo.com/calendar/earnings/?symbol=CLH&offset=100&size=100
Saved: /home/qcx201/Projects/daytrade/data/earnings/earnings-clh.json
now: 2025-12-29 17:58:24.325159 | eta: 0:47:40.092216 | delta: 0:18:32.258080 | avg: 0:01:19.447006
[15 of 50] WSO
Saved: /home/qcx201/Projects/daytrade/data/chart/chart-wso.json
Saved: /home/qcx201/Projects/daytrade/data/summary/summary-wso.json
<Response [200]> https://finance.yahoo.com/calendar/earnings/?symbol=WSO&offset=0&size=100
Sleeping 90.0 seconds...
<Response [200]> https://finance.yahoo.com/calendar/earnings/?symbol=WSO&offset=0&size=100
Sleeping 112.5 seconds...
<Response [200]> https://finance.yahoo.com/calendar/earnings/?symbol=WSO&offset=0&size=100
Sleeping 135.0 seconds...
<Response [200]> https://finance.yahoo.com/calendar/earnings/?symbol=WSO&offset=0&size=100
<Response [200]> https://finance.yahoo.com/calendar/earnings/?symbol=WSO&offset=100&size=100
<Response [200]> https://finance.yahoo.com/calendar/earnings/?symbol=WSO&offset=200&size=100
Saved: /home/qcx201/Projects/daytrade/data/earnings/earnings-wso.json
now: 2025-12-29 18:04:16.817291 | eta: 0:56:57.750490 | delta: 0:24:24.750212 | avg: 0:01:37.650014
[16 of 50] UDR
Saved: /home/qcx201/Projects/daytrade/data/chart/chart-udr.json
Saved: /home/qcx201/Projects/daytrade/data/summary/summary-udr.json
<Response [200]> https://finance.yahoo.com/calendar/earnings/?symbol=UDR&offset=0&size=100
<Response [200]> https://finance.yahoo.com/calendar/earnings/?symbol=UDR&offset=100&size=100
<Response [200]> https://finance.yahoo.com/calendar/earnings/?symbol=UDR&offset=200&size=100
Saved: /home/qcx201/Projects/daytrade/data/earnings/earnings-udr.json
now: 2025-12-29 18:04:22.166533 | eta: 0:52:03.961344 | delta: 0:24:30.099454 | avg: 0:01:31.881216
[17 of 50] CCK
Saved: /home/qcx201/Projects/daytrade/data/chart/chart-cck.json
Saved: /home/qcx201/Projects/daytrade/data/summary/summary-cck.json
<Response [200]> https://finance.yahoo.com/calendar/earnings/?symbol=CCK&offset=0&size=100
Sleeping 90.0 seconds...
<Response [200]> https://finance.yahoo.com/calendar/earnings/?symbol=CCK&offset=0&size=100
Sleeping 112.5 seconds...
<Response [200]> https://finance.yahoo.com/calendar/earnings/?symbol=CCK&offset=0&size=100
Sleeping 135.0 seconds...
<Response [200]> https://finance.yahoo.com/calendar/earnings/?symbol=CCK&offset=0&size=100
<Response [200]> https://finance.yahoo.com/calendar/earnings/?symbol=CCK&offset=100&size=100
<Response [200]> https://finance.yahoo.com/calendar/earnings/?symbol=CCK&offset=200&size=100
Saved: /home/qcx201/Projects/daytrade/data/earnings/earnings-cck.json
now: 2025-12-29 18:10:12.536615 | eta: 0:58:53.852619 | delta: 0:30:20.469536 | avg: 0:01:47.086443
[18 of 50] PEN
Saved: /home/qcx201/Projects/daytrade/data/chart/chart-pen.json
Saved: /home/qcx201/Projects/daytrade/data/summary/summary-pen.json
<Response [200]> https://finance.yahoo.com/calendar/earnings/?symbol=PEN&offset=0&size=100
<Response [200]> https://finance.yahoo.com/calendar/earnings/?symbol=PEN&offset=100&size=100
Saved: /home/qcx201/Projects/daytrade/data/earnings/earnings-pen.json
now: 2025-12-29 18:10:17.945278 | eta: 0:54:06.005696 | delta: 0:30:25.878199 | avg: 0:01:41.437678
[19 of 50] AYI
Saved: /home/qcx201/Projects/daytrade/data/chart/chart-ayi.json
Saved: /home/qcx201/Projects/daytrade/data/summary/summary-ayi.json
<Response [200]> https://finance.yahoo.com/calendar/earnings/?symbol=AYI&offset=0&size=100
Sleeping 90.0 seconds...
<Response [200]> https://finance.yahoo.com/calendar/earnings/?symbol=AYI&offset=0&size=100
Sleeping 112.5 seconds...
<Response [200]> https://finance.yahoo.com/calendar/earnings/?symbol=AYI&offset=0&size=100
<Response [200]> https://finance.yahoo.com/calendar/earnings/?symbol=AYI&offset=100&size=100
Saved: /home/qcx201/Projects/daytrade/data/earnings/earnings-ayi.json
now: 2025-12-29 18:13:46.101809 | eta: 0:55:18.688229 | delta: 0:33:54.034730 | avg: 0:01:47.054459
[20 of 50] SOLV
Saved: /home/qcx201/Projects/daytrade/data/chart/chart-solv.json
Saved: /home/qcx201/Projects/daytrade/data/summary/summary-solv.json
<Response [200]> https://finance.yahoo.com/calendar/earnings/?symbol=SOLV&offset=0&size=100
<Response [200]> https://finance.yahoo.com/calendar/earnings/?symbol=SOLV&offset=100&size=100
Saved: /home/qcx201/Projects/daytrade/data/earnings/earnings-solv.json
now: 2025-12-29 18:13:49.615574 | eta: 0:50:56.322750 | delta: 0:33:57.548495 | avg: 0:01:41.877425
[21 of 50] BG
Saved: /home/qcx201/Projects/daytrade/data/chart/chart-bg.json
Saved: /home/qcx201/Projects/daytrade/data/summary/summary-bg.json
<Response [200]> https://finance.yahoo.com/calendar/earnings/?symbol=BG&offset=0&size=100
Sleeping 90.0 seconds...
<Response [200]> https://finance.yahoo.com/calendar/earnings/?symbol=BG&offset=0&size=100
<Response [200]> https://finance.yahoo.com/calendar/earnings/?symbol=BG&offset=100&size=100
Sleeping 112.5 seconds...
<Response [200]> https://finance.yahoo.com/calendar/earnings/?symbol=BG&offset=100&size=100
Saved: /home/qcx201/Projects/daytrade/data/earnings/earnings-bg.json
now: 2025-12-29 18:17:22.758374 | eta: 0:51:48.097504 | delta: 0:37:30.691295 | avg: 0:01:47.175776
[22 of 50] GL
Saved: /home/qcx201/Projects/daytrade/data/chart/chart-gl.json
Saved: /home/qcx201/Projects/daytrade/data/summary/summary-gl.json
<Response [200]> https://finance.yahoo.com/calendar/earnings/?symbol=GL&offset=0&size=100
<Response [200]> https://finance.yahoo.com/calendar/earnings/?symbol=GL&offset=100&size=100
<Response [200]> https://finance.yahoo.com/calendar/earnings/?symbol=GL&offset=200&size=100
Saved: /home/qcx201/Projects/daytrade/data/earnings/earnings-gl.json
now: 2025-12-29 18:17:27.025684 | eta: 0:47:49.947304 | delta: 0:37:34.958605 | avg: 0:01:42.498118
[23 of 50] CPT
Saved: /home/qcx201/Projects/daytrade/data/chart/chart-cpt.json
Saved: /home/qcx201/Projects/daytrade/data/summary/summary-cpt.json
<Response [200]> https://finance.yahoo.com/calendar/earnings/?symbol=CPT&offset=0&size=100
<Response [200]> https://finance.yahoo.com/calendar/earnings/?symbol=CPT&offset=100&size=100
Sleeping 90.0 seconds...
<Response [200]> https://finance.yahoo.com/calendar/earnings/?symbol=CPT&offset=100&size=100
Sleeping 112.5 seconds...
<Response [200]> https://finance.yahoo.com/calendar/earnings/?symbol=CPT&offset=100&size=100
Saved: /home/qcx201/Projects/daytrade/data/earnings/earnings-cpt.json
now: 2025-12-29 18:20:56.883645 | eta: 0:48:13.480326 | delta: 0:41:04.816566 | avg: 0:01:47.165938
[24 of 50] EPAM
Saved: /home/qcx201/Projects/daytrade/data/chart/chart-epam.json
Saved: /home/qcx201/Projects/daytrade/data/summary/summary-epam.json
<Response [200]> https://finance.yahoo.com/calendar/earnings/?symbol=EPAM&offset=0&size=100
<Response [200]> https://finance.yahoo.com/calendar/earnings/?symbol=EPAM&offset=100&size=100
Saved: /home/qcx201/Projects/daytrade/data/earnings/earnings-epam.json
now: 2025-12-29 18:21:01.134912 | eta: 0:44:34.823476 | delta: 0:41:09.067833 | avg: 0:01:42.877826
[25 of 50] SWK
Saved: /home/qcx201/Projects/daytrade/data/chart/chart-swk.json
Saved: /home/qcx201/Projects/daytrade/data/summary/summary-swk.json
<Response [200]> https://finance.yahoo.com/calendar/earnings/?symbol=SWK&offset=0&size=100
Sleeping 90.0 seconds...
<Response [200]> https://finance.yahoo.com/calendar/earnings/?symbol=SWK&offset=0&size=100
Sleeping 112.5 seconds...
<Response [200]> https://finance.yahoo.com/calendar/earnings/?symbol=SWK&offset=0&size=100
Sleeping 135.0 seconds...
<Response [200]> https://finance.yahoo.com/calendar/earnings/?symbol=SWK&offset=0&size=100
<Response [200]> https://finance.yahoo.com/calendar/earnings/?symbol=SWK&offset=100&size=100
<Response [200]> https://finance.yahoo.com/calendar/earnings/?symbol=SWK&offset=200&size=100
Saved: /home/qcx201/Projects/daytrade/data/earnings/earnings-swk.json
now: 2025-12-29 18:26:51.175836 | eta: 0:46:59.108750 | delta: 0:46:59.108757 | avg: 0:01:52.764350
[26 of 50] ELS
Saved: /home/qcx201/Projects/daytrade/data/chart/chart-els.json
Saved: /home/qcx201/Projects/daytrade/data/summary/summary-els.json
<Response [200]> https://finance.yahoo.com/calendar/earnings/?symbol=ELS&offset=0&size=100
<Response [200]> https://finance.yahoo.com/calendar/earnings/?symbol=ELS&offset=100&size=100
Saved: /home/qcx201/Projects/daytrade/data/earnings/earnings-els.json
now: 2025-12-29 18:26:54.772545 | eta: 0:43:25.574280 | delta: 0:47:02.705466 | avg: 0:01:48.565595
[27 of 50] BXP
Saved: /home/qcx201/Projects/daytrade/data/chart/chart-bxp.json
Saved: /home/qcx201/Projects/daytrade/data/summary/summary-bxp.json
<Response [200]> https://finance.yahoo.com/calendar/earnings/?symbol=BXP&offset=0&size=100
<Response [200]> https://finance.yahoo.com/calendar/earnings/?symbol=BXP&offset=100&size=100
Sleeping 90.0 seconds...
<Response [200]> https://finance.yahoo.com/calendar/earnings/?symbol=BXP&offset=100&size=100
Sleeping 112.5 seconds...
<Response [200]> https://finance.yahoo.com/calendar/earnings/?symbol=BXP&offset=100&size=100
<Response [200]> https://finance.yahoo.com/calendar/earnings/?symbol=BXP&offset=200&size=100
Saved: /home/qcx201/Projects/daytrade/data/earnings/earnings-bxp.json
now: 2025-12-29 18:30:23.495008 | eta: 0:43:02.327484 | delta: 0:50:31.427929 | avg: 0:01:52.275108
[28 of 50] CRL
Saved: /home/qcx201/Projects/daytrade/data/chart/chart-crl.json
Saved: /home/qcx201/Projects/daytrade/data/summary/summary-crl.json
<Response [200]> https://finance.yahoo.com/calendar/earnings/?symbol=CRL&offset=0&size=100
<Response [200]> https://finance.yahoo.com/calendar/earnings/?symbol=CRL&offset=100&size=100
<Response [200]> https://finance.yahoo.com/calendar/earnings/?symbol=CRL&offset=200&size=100
Sleeping 90.0 seconds...
<Response [200]> https://finance.yahoo.com/calendar/earnings/?symbol=CRL&offset=200&size=100
Sleeping 112.5 seconds...
<Response [200]> https://finance.yahoo.com/calendar/earnings/?symbol=CRL&offset=200&size=100
Saved: /home/qcx201/Projects/daytrade/data/earnings/earnings-crl.json
now: 2025-12-29 18:33:53.540013 | eta: 0:42:26.871580 | delta: 0:54:01.472934 | avg: 0:01:55.766890
[29 of 50] AMH
Saved: /home/qcx201/Projects/daytrade/data/chart/chart-amh.json
Saved: /home/qcx201/Projects/daytrade/data/summary/summary-amh.json
<Response [200]> https://finance.yahoo.com/calendar/earnings/?symbol=AMH&offset=0&size=100
<Response [200]> https://finance.yahoo.com/calendar/earnings/?symbol=AMH&offset=100&size=100
Saved: /home/qcx201/Projects/daytrade/data/earnings/earnings-amh.json
now: 2025-12-29 18:33:56.965686 | eta: 0:39:09.754155 | delta: 0:54:04.898607 | avg: 0:01:51.893055
[30 of 50] DAY
Saved: /home/qcx201/Projects/daytrade/data/chart/chart-day.json
Saved: /home/qcx201/Projects/daytrade/data/summary/summary-day.json
<Response [200]> https://finance.yahoo.com/calendar/earnings/?symbol=DAY&offset=0&size=100
<Response [200]> https://finance.yahoo.com/calendar/earnings/?symbol=DAY&offset=100&size=100
Saved: /home/qcx201/Projects/daytrade/data/earnings/earnings-day.json
now: 2025-12-29 18:33:59.225029 | eta: 0:36:04.771960 | delta: 0:54:07.157950 | avg: 0:01:48.238598
[31 of 50] AES
Saved: /home/qcx201/Projects/daytrade/data/chart/chart-aes.json
Saved: /home/qcx201/Projects/daytrade/data/summary/summary-aes.json
<Response [200]> https://finance.yahoo.com/calendar/earnings/?symbol=AES&offset=0&size=100
<Response [200]> https://finance.yahoo.com/calendar/earnings/?symbol=AES&offset=100&size=100
Sleeping 90.0 seconds...
<Response [200]> https://finance.yahoo.com/calendar/earnings/?symbol=AES&offset=100&size=100
Sleeping 112.5 seconds...
<Response [200]> https://finance.yahoo.com/calendar/earnings/?symbol=AES&offset=100&size=100
<Response [200]> https://finance.yahoo.com/calendar/earnings/?symbol=AES&offset=200&size=100
Saved: /home/qcx201/Projects/daytrade/data/earnings/earnings-aes.json
now: 2025-12-29 18:37:31.640740 | eta: 0:35:20.383850 | delta: 0:57:39.573661 | avg: 0:01:51.599150
[32 of 50] BWA
Saved: /home/qcx201/Projects/daytrade/data/chart/chart-bwa.json
Saved: /home/qcx201/Projects/daytrade/data/summary/summary-bwa.json
<Response [200]> https://finance.yahoo.com/calendar/earnings/?symbol=BWA&offset=0&size=100
<Response [200]> https://finance.yahoo.com/calendar/earnings/?symbol=BWA&offset=100&size=100
<Response [200]> https://finance.yahoo.com/calendar/earnings/?symbol=BWA&offset=200&size=100
Saved: /home/qcx201/Projects/daytrade/data/earnings/earnings-bwa.json
now: 2025-12-29 18:37:35.829156 | eta: 0:32:28.366170 | delta: 0:57:43.762077 | avg: 0:01:48.242565
[33 of 50] IVZ
Saved: /home/qcx201/Projects/daytrade/data/chart/chart-ivz.json
Saved: /home/qcx201/Projects/daytrade/data/summary/summary-ivz.json
<Response [200]> https://finance.yahoo.com/calendar/earnings/?symbol=IVZ&offset=0&size=100
Sleeping 90.0 seconds...
<Response [200]> https://finance.yahoo.com/calendar/earnings/?symbol=IVZ&offset=0&size=100
Sleeping 112.5 seconds...
<Response [200]> https://finance.yahoo.com/calendar/earnings/?symbol=IVZ&offset=0&size=100
<Response [200]> https://finance.yahoo.com/calendar/earnings/?symbol=IVZ&offset=100&size=100
<Response [200]> https://finance.yahoo.com/calendar/earnings/?symbol=IVZ&offset=200&size=100
Saved: /home/qcx201/Projects/daytrade/data/earnings/earnings-ivz.json
now: 2025-12-29 18:41:04.405505 | eta: 0:31:31.810711 | delta: 1:01:12.338426 | avg: 0:01:51.282983
[34 of 50] GMED
Saved: /home/qcx201/Projects/daytrade/data/chart/chart-gmed.json
Saved: /home/qcx201/Projects/daytrade/data/summary/summary-gmed.json
<Response [200]> https://finance.yahoo.com/calendar/earnings/?symbol=GMED&offset=0&size=100
<Response [200]> https://finance.yahoo.com/calendar/earnings/?symbol=GMED&offset=100&size=100
Saved: /home/qcx201/Projects/daytrade/data/earnings/earnings-gmed.json
now: 2025-12-29 18:41:06.492736 | eta: 0:28:49.141488 | delta: 1:01:14.425657 | avg: 0:01:48.071343
[35 of 50] BAX
Saved: /home/qcx201/Projects/daytrade/data/chart/chart-bax.json
Saved: /home/qcx201/Projects/daytrade/data/summary/summary-bax.json
<Response [200]> https://finance.yahoo.com/calendar/earnings/?symbol=BAX&offset=0&size=100
<Response [200]> https://finance.yahoo.com/calendar/earnings/?symbol=BAX&offset=100&size=100
<Response [200]> https://finance.yahoo.com/calendar/earnings/?symbol=BAX&offset=200&size=100
Saved: /home/qcx201/Projects/daytrade/data/earnings/earnings-bax.json
now: 2025-12-29 18:41:10.633341 | eta: 0:26:16.528395 | delta: 1:01:18.566262 | avg: 0:01:45.101893
[36 of 50] OVV
Saved: /home/qcx201/Projects/daytrade/data/chart/chart-ovv.json
Saved: /home/qcx201/Projects/daytrade/data/summary/summary-ovv.json
<Response [200]> https://finance.yahoo.com/calendar/earnings/?symbol=OVV&offset=0&size=100
<Response [200]> https://finance.yahoo.com/calendar/earnings/?symbol=OVV&offset=100&size=100
<Response [200]> https://finance.yahoo.com/calendar/earnings/?symbol=OVV&offset=200&size=100
Saved: /home/qcx201/Projects/daytrade/data/earnings/earnings-ovv.json
now: 2025-12-29 18:41:14.168845 | eta: 0:23:51.928470 | delta: 1:01:22.101766 | avg: 0:01:42.280605
[37 of 50] AR
Saved: /home/qcx201/Projects/daytrade/data/chart/chart-ar.json
Saved: /home/qcx201/Projects/daytrade/data/summary/summary-ar.json
<Response [200]> https://finance.yahoo.com/calendar/earnings/?symbol=AR&offset=0&size=100
Sleeping 90.0 seconds...
<Response [200]> https://finance.yahoo.com/calendar/earnings/?symbol=AR&offset=0&size=100
Sleeping 112.5 seconds...
<Response [200]> https://finance.yahoo.com/calendar/earnings/?symbol=AR&offset=0&size=100
<Response [200]> https://finance.yahoo.com/calendar/earnings/?symbol=AR&offset=100&size=100
Saved: /home/qcx201/Projects/daytrade/data/earnings/earnings-ar.json
now: 2025-12-29 18:44:41.870188 | eta: 0:22:46.687582 | delta: 1:04:49.803109 | avg: 0:01:45.129814
[38 of 50] SWKS
Saved: /home/qcx201/Projects/daytrade/data/chart/chart-swks.json
Saved: /home/qcx201/Projects/daytrade/data/summary/summary-swks.json
<Response [200]> https://finance.yahoo.com/calendar/earnings/?symbol=SWKS&offset=0&size=100
<Response [200]> https://finance.yahoo.com/calendar/earnings/?symbol=SWKS&offset=100&size=100
Saved: /home/qcx201/Projects/daytrade/data/earnings/earnings-swks.json
now: 2025-12-29 18:44:45.504499 | eta: 0:20:29.506548 | delta: 1:04:53.437420 | avg: 0:01:42.458879
[39 of 50] ARMK
Saved: /home/qcx201/Projects/daytrade/data/chart/chart-armk.json
Saved: /home/qcx201/Projects/daytrade/data/summary/summary-armk.json
<Response [200]> https://finance.yahoo.com/calendar/earnings/?symbol=ARMK&offset=0&size=100
<Response [200]> https://finance.yahoo.com/calendar/earnings/?symbol=ARMK&offset=100&size=100
Saved: /home/qcx201/Projects/daytrade/data/earnings/earnings-armk.json
now: 2025-12-29 18:44:47.862214 | eta: 0:18:18.814013 | delta: 1:04:55.795135 | avg: 0:01:39.892183
[40 of 50] W
Saved: /home/qcx201/Projects/daytrade/data/chart/chart-w.json
Saved: /home/qcx201/Projects/daytrade/data/summary/summary-w.json
<Response [200]> https://finance.yahoo.com/calendar/earnings/?symbol=W&offset=0&size=100
Sleeping 90.0 seconds...
<Response [200]> https://finance.yahoo.com/calendar/earnings/?symbol=W&offset=0&size=100
<Response [200]> https://finance.yahoo.com/calendar/earnings/?symbol=W&offset=100&size=100
Saved: /home/qcx201/Projects/daytrade/data/earnings/earnings-w.json
now: 2025-12-29 18:46:21.313526 | eta: 0:16:37.311610 | delta: 1:06:29.246447 | avg: 0:01:39.731161
[41 of 50] JEF
Saved: /home/qcx201/Projects/daytrade/data/chart/chart-jef.json
Saved: /home/qcx201/Projects/daytrade/data/summary/summary-jef.json
<Response [200]> https://finance.yahoo.com/calendar/earnings/?symbol=JEF&offset=0&size=100
<Response [200]> https://finance.yahoo.com/calendar/earnings/?symbol=JEF&offset=100&size=100
Saved: /home/qcx201/Projects/daytrade/data/earnings/earnings-jef.json
now: 2025-12-29 18:46:24.126199 | eta: 0:14:36.305664 | delta: 1:06:32.059120 | avg: 0:01:37.367296
[42 of 50] QGEN
Saved: /home/qcx201/Projects/daytrade/data/chart/chart-qgen.json
Saved: /home/qcx201/Projects/daytrade/data/summary/summary-qgen.json
<Response [200]> https://finance.yahoo.com/calendar/earnings/?symbol=QGEN&offset=0&size=100
<Response [200]> https://finance.yahoo.com/calendar/earnings/?symbol=QGEN&offset=100&size=100
Saved: /home/qcx201/Projects/daytrade/data/earnings/earnings-qgen.json
now: 2025-12-29 18:46:27.063263 | eta: 0:12:40.951656 | delta: 1:06:34.996184 | avg: 0:01:35.118957
[43 of 50] FOX
Saved: /home/qcx201/Projects/daytrade/data/chart/chart-fox.json
Saved: /home/qcx201/Projects/daytrade/data/summary/summary-fox.json
<Response [200]> https://finance.yahoo.com/calendar/earnings/?symbol=FOX&offset=0&size=100
Sleeping 90.0 seconds...
<Response [200]> https://finance.yahoo.com/calendar/earnings/?symbol=FOX&offset=0&size=100
<Response [200]> https://finance.yahoo.com/calendar/earnings/?symbol=FOX&offset=100&size=100
Saved: /home/qcx201/Projects/daytrade/data/earnings/earnings-fox.json
now: 2025-12-29 18:48:00.929213 | eta: 0:11:05.628719 | delta: 1:08:08.862134 | avg: 0:01:35.089817
[44 of 50] HLI
Saved: /home/qcx201/Projects/daytrade/data/chart/chart-hli.json
Saved: /home/qcx201/Projects/daytrade/data/summary/summary-hli.json
<Response [200]> https://finance.yahoo.com/calendar/earnings/?symbol=HLI&offset=0&size=100
<Response [200]> https://finance.yahoo.com/calendar/earnings/?symbol=HLI&offset=100&size=100
Saved: /home/qcx201/Projects/daytrade/data/earnings/earnings-hli.json
now: 2025-12-29 18:48:03.887783 | eta: 0:09:17.975550 | delta: 1:08:11.820704 | avg: 0:01:32.995925
[45 of 50] RRX
Saved: /home/qcx201/Projects/daytrade/data/chart/chart-rrx.json
Saved: /home/qcx201/Projects/daytrade/data/summary/summary-rrx.json
<Response [200]> https://finance.yahoo.com/calendar/earnings/?symbol=RRX&offset=0&size=100
<Response [200]> https://finance.yahoo.com/calendar/earnings/?symbol=RRX&offset=100&size=100
<Response [200]> https://finance.yahoo.com/calendar/earnings/?symbol=RRX&offset=200&size=100
Saved: /home/qcx201/Projects/daytrade/data/earnings/earnings-rrx.json
now: 2025-12-29 18:48:07.809003 | eta: 0:07:35.082435 | delta: 1:08:15.741924 | avg: 0:01:31.016487
[46 of 50] SSB
Saved: /home/qcx201/Projects/daytrade/data/chart/chart-ssb.json
Saved: /home/qcx201/Projects/daytrade/data/summary/summary-ssb.json
<Response [200]> https://finance.yahoo.com/calendar/earnings/?symbol=SSB&offset=0&size=100
<Response [200]> https://finance.yahoo.com/calendar/earnings/?symbol=SSB&offset=100&size=100
Sleeping 90.0 seconds...
<Response [200]> https://finance.yahoo.com/calendar/earnings/?symbol=SSB&offset=100&size=100
<Response [200]> https://finance.yahoo.com/calendar/earnings/?symbol=SSB&offset=200&size=100
Saved: /home/qcx201/Projects/daytrade/data/earnings/earnings-ssb.json
now: 2025-12-29 18:49:43.386983 | eta: 0:06:04.462600 | delta: 1:09:51.319904 | avg: 0:01:31.115650
[47 of 50] OC
Saved: /home/qcx201/Projects/daytrade/data/chart/chart-oc.json
Saved: /home/qcx201/Projects/daytrade/data/summary/summary-oc.json
<Response [200]> https://finance.yahoo.com/calendar/earnings/?symbol=OC&offset=0&size=100
<Response [200]> https://finance.yahoo.com/calendar/earnings/?symbol=OC&offset=100&size=100
Saved: /home/qcx201/Projects/daytrade/data/earnings/earnings-oc.json
now: 2025-12-29 18:49:45.536780 | eta: 0:04:27.668280 | delta: 1:09:53.469701 | avg: 0:01:29.222760
[48 of 50] NWSA
Saved: /home/qcx201/Projects/daytrade/data/chart/chart-nwsa.json
Saved: /home/qcx201/Projects/daytrade/data/summary/summary-nwsa.json
<Response [200]> https://finance.yahoo.com/calendar/earnings/?symbol=NWSA&offset=0&size=100
<Response [200]> https://finance.yahoo.com/calendar/earnings/?symbol=NWSA&offset=100&size=100
Saved: /home/qcx201/Projects/daytrade/data/earnings/earnings-nwsa.json
now: 2025-12-29 18:49:47.564984 | eta: 0:02:54.812412 | delta: 1:09:55.497905 | avg: 0:01:27.406206
[49 of 50] AIT
Saved: /home/qcx201/Projects/daytrade/data/chart/chart-ait.json
Saved: /home/qcx201/Projects/daytrade/data/summary/summary-ait.json
<Response [200]> https://finance.yahoo.com/calendar/earnings/?symbol=AIT&offset=0&size=100
<Response [200]> https://finance.yahoo.com/calendar/earnings/?symbol=AIT&offset=100&size=100
<Response [200]> https://finance.yahoo.com/calendar/earnings/?symbol=AIT&offset=200&size=100
Saved: /home/qcx201/Projects/daytrade/data/earnings/earnings-ait.json
now: 2025-12-29 18:49:51.674687 | eta: 0:01:25.706278 | delta: 1:09:59.607608 | avg: 0:01:25.706278
[50 of 50] SNX
Saved: /home/qcx201/Projects/daytrade/data/chart/chart-snx.json
Saved: /home/qcx201/Projects/daytrade/data/summary/summary-snx.json
<Response [200]> https://finance.yahoo.com/calendar/earnings/?symbol=SNX&offset=0&size=100
<Response [200]> https://finance.yahoo.com/calendar/earnings/?symbol=SNX&offset=100&size=100
Saved: /home/qcx201/Projects/daytrade/data/earnings/earnings-snx.json
now: 2025-12-29 18:49:54.401673 | eta: 0:00:00 | delta: 1:10:02.334594 | avg: 0:01:24.046692
-- Complete --
