[1 of 50] SNA
Saved: /home/qcx201/Projects/daytrade/data/chart/chart-sna.json
Saved: /home/qcx201/Projects/daytrade/data/summary/summary-sna.json
<Response [200]> https://finance.yahoo.com/calendar/earnings/?symbol=SNA&offset=0&size=100
<Response [200]> https://finance.yahoo.com/calendar/earnings/?symbol=SNA&offset=100&size=100
<Response [200]> https://finance.yahoo.com/calendar/earnings/?symbol=SNA&offset=200&size=100
Saved: /home/qcx201/Projects/daytrade/data/earnings/earnings-sna.json
now: 2025-12-29 17:39:57.836687 | eta: 0:06:51.974409 | delta: 0:00:08.407641 | avg: 0:00:08.407641
[2 of 50] CDW
Saved: /home/qcx201/Projects/daytrade/data/chart/chart-cdw.json
Saved: /home/qcx201/Projects/daytrade/data/summary/summary-cdw.json
<Response [200]> https://finance.yahoo.com/calendar/earnings/?symbol=CDW&offset=0&size=100
<Response [200]> https://finance.yahoo.com/calendar/earnings/?symbol=CDW&offset=100&size=100
Saved: /home/qcx201/Projects/daytrade/data/earnings/earnings-cdw.json
now: 2025-12-29 17:40:01.547714 | eta: 0:04:50.848032 | delta: 0:00:12.118668 | avg: 0:00:06.059334
[3 of 50] PKG
Saved: /home/qcx201/Projects/daytrade/data/chart/chart-pkg.json
Saved: /home/qcx201/Projects/daytrade/data/summary/summary-pkg.json
<Response [200]> https://finance.yahoo.com/calendar/earnings/?symbol=PKG&offset=0&size=100
<Response [200]> https://finance.yahoo.com/calendar/earnings/?symbol=PKG&offset=100&size=100
<Response [200]> https://finance.yahoo.com/calendar/earnings/?symbol=PKG&offset=200&size=100
Saved: /home/qcx201/Projects/daytrade/data/earnings/earnings-pkg.json
now: 2025-12-29 17:40:12.372418 | eta: 0:05:59.446177 | delta: 0:00:22.943372 | avg: 0:00:07.647791
[4 of 50] BURL
Saved: /home/qcx201/Projects/daytrade/data/chart/chart-burl.json
Saved: /home/qcx201/Projects/daytrade/data/summary/summary-burl.json
<Response [200]> https://finance.yahoo.com/calendar/earnings/?symbol=BURL&offset=0&size=100
<Response [200]> https://finance.yahoo.com/calendar/earnings/?symbol=BURL&offset=100&size=100
Saved: /home/qcx201/Projects/daytrade/data/earnings/earnings-burl.json
now: 2025-12-29 17:40:17.288569 | eta: 0:05:20.384526 | delta: 0:00:27.859523 | avg: 0:00:06.964881
[5 of 50] SGI
Saved: /home/qcx201/Projects/daytrade/data/chart/chart-sgi.json
Saved: /home/qcx201/Projects/daytrade/data/summary/summary-sgi.json
<Response [200]> https://finance.yahoo.com/calendar/earnings/?symbol=SGI&offset=0&size=100
<Response [200]> https://finance.yahoo.com/calendar/earnings/?symbol=SGI&offset=100&size=100
Saved: /home/qcx201/Projects/daytrade/data/earnings/earnings-sgi.json
now: 2025-12-29 17:40:21.543889 | eta: 0:04:49.033605 | delta: 0:00:32.114843 | avg: 0:00:06.422969
[6 of 50] PNR
Saved: /home/qcx201/Projects/daytrade/data/chart/chart-pnr.json
Saved: /home/qcx201/Projects/daytrade/data/summary/summary-pnr.json
<Response [200]> https://finance.yahoo.com/calendar/earnings/?symbol=PNR&offset=0&size=100
Sleeping 90.0 seconds...
<Response [200]> https://finance.yahoo.com/calendar/earnings/?symbol=PNR&offset=0&size=100
Sleeping 112.5 seconds...
<Response [200]> https://finance.yahoo.com/calendar/earnings/?symbol=PNR&offset=0&size=100
<Response [200]> https://finance.yahoo.com/calendar/earnings/?symbol=PNR&offset=100&size=100
<Response [200]> https://finance.yahoo.com/calendar/earnings/?symbol=PNR&offset=200&size=100
Saved: /home/qcx201/Projects/daytrade/data/earnings/earnings-pnr.json
now: 2025-12-29 17:43:56.870545 | eta: 0:30:14.571000 | delta: 0:04:07.441499 | avg: 0:00:41.240250
[7 of 50] WY
Saved: /home/qcx201/Projects/daytrade/data/chart/chart-wy.json
Saved: /home/qcx201/Projects/daytrade/data/summary/summary-wy.json
<Response [200]> https://finance.yahoo.com/calendar/earnings/?symbol=WY&offset=0&size=100
<Response [200]> https://finance.yahoo.com/calendar/earnings/?symbol=WY&offset=100&size=100
<Response [200]> https://finance.yahoo.com/calendar/earnings/?symbol=WY&offset=200&size=100
Saved: /home/qcx201/Projects/daytrade/data/earnings/earnings-wy.json
now: 2025-12-29 17:44:01.582398 | eta: 0:25:48.942001 | delta: 0:04:12.153352 | avg: 0:00:36.021907
[8 of 50] COO
Saved: /home/qcx201/Projects/daytrade/data/chart/chart-coo.json
Saved: /home/qcx201/Projects/daytrade/data/summary/summary-coo.json
<Response [200]> https://finance.yahoo.com/calendar/earnings/?symbol=COO&offset=0&size=100
Sleeping 90.0 seconds...
<Response [200]> https://finance.yahoo.com/calendar/earnings/?symbol=COO&offset=0&size=100
Sleeping 112.5 seconds...
<Response [200]> https://finance.yahoo.com/calendar/earnings/?symbol=COO&offset=0&size=100
<Response [200]> https://finance.yahoo.com/calendar/earnings/?symbol=COO&offset=100&size=100
<Response [200]> https://finance.yahoo.com/calendar/earnings/?symbol=COO&offset=200&size=100
Saved: /home/qcx201/Projects/daytrade/data/earnings/earnings-coo.json
now: 2025-12-29 17:47:33.622183 | eta: 0:40:37.013964 | delta: 0:07:44.193137 | avg: 0:00:58.024142
[9 of 50] TTD
Saved: /home/qcx201/Projects/daytrade/data/chart/chart-ttd.json
Saved: /home/qcx201/Projects/daytrade/data/summary/summary-ttd.json
<Response [200]> https://finance.yahoo.com/calendar/earnings/?symbol=TTD&offset=0&size=100
<Response [200]> https://finance.yahoo.com/calendar/earnings/?symbol=TTD&offset=100&size=100
Saved: /home/qcx201/Projects/daytrade/data/earnings/earnings-ttd.json
now: 2025-12-29 17:47:36.800910 | eta: 0:35:29.138487 | delta: 0:07:47.371864 | avg: 0:00:51.930207
[10 of 50] ATI
Saved: /home/qcx201/Projects/daytrade/data/chart/chart-ati.json
Saved: /home/qcx201/Projects/daytrade/data/summary/summary-ati.json
<Response [200]> https://finance.yahoo.com/calendar/earnings/?symbol=ATI&offset=0&size=100
Sleeping 90.0 seconds...
<Response [200]> https://finance.yahoo.com/calendar/earnings/?symbol=ATI&offset=0&size=100
Sleeping 112.5 seconds...
<Response [200]> https://finance.yahoo.com/calendar/earnings/?symbol=ATI&offset=0&size=100
<Response [200]> https://finance.yahoo.com/calendar/earnings/?symbol=ATI&offset=100&size=100
<Response [200]> https://finance.yahoo.com/calendar/earnings/?symbol=ATI&offset=200&size=100
Saved: /home/qcx201/Projects/daytrade/data/earnings/earnings-ati.json
now: 2025-12-29 17:51:10.508034 | eta: 0:45:24.315960 | delta: 0:11:21.078988 | avg: 0:01:08.107899
[11 of 50] SSNC
Saved: /home/qcx201/Projects/daytrade/data/chart/chart-ssnc.json
Saved: /home/qcx201/Projects/daytrade/data/summary/summary-ssnc.json
<Response [200]> https://finance.yahoo.com/calendar/earnings/?symbol=SSNC&offset=0&size=100
<Response [200]> https://finance.yahoo.com/calendar/earnings/?symbol=SSNC&offset=100&size=100
Saved: /home/qcx201/Projects/daytrade/data/earnings/earnings-ssnc.json
now: 2025-12-29 17:51:14.345533 | eta: 0:40:28.340265 | delta: 0:11:24.916487 | avg: 0:01:02.265135
[12 of 50] CG
Saved: /home/qcx201/Projects/daytrade/data/chart/chart-cg.json
Saved: /home/qcx201/Projects/daytrade/data/summary/summary-cg.json
<Response [200]> https://finance.yahoo.com/calendar/earnings/?symbol=CG&offset=0&size=100
Sleeping 90.0 seconds...
<Response [200]> https://finance.yahoo.com/calendar/earnings/?symbol=CG&offset=0&size=100
Sleeping 112.5 seconds...
<Response [200]> https://finance.yahoo.com/calendar/earnings/?symbol=CG&offset=0&size=100
<Response [200]> https://finance.yahoo.com/calendar/earnings/?symbol=CG&offset=100&size=100
Saved: /home/qcx201/Projects/daytrade/data/earnings/earnings-cg.json
now: 2025-12-29 17:54:47.299183 | eta: 0:47:23.255418 | delta: 0:14:57.870137 | avg: 0:01:14.822511
[13 of 50] INCY
Saved: /home/qcx201/Projects/daytrade/data/chart/chart-incy.json
Saved: /home/qcx201/Projects/daytrade/data/summary/summary-incy.json
<Response [200]> https://finance.yahoo.com/calendar/earnings/?symbol=INCY&offset=0&size=100
<Response [200]> https://finance.yahoo.com/calendar/earnings/?symbol=INCY&offset=100&size=100
<Response [200]> https://finance.yahoo.com/calendar/earnings/?symbol=INCY&offset=200&size=100
Saved: /home/qcx201/Projects/daytrade/data/earnings/earnings-incy.json
now: 2025-12-29 17:54:51.572471 | eta: 0:42:47.638976 | delta: 0:15:02.143425 | avg: 0:01:09.395648
[14 of 50] XPO
Saved: /home/qcx201/Projects/daytrade/data/chart/chart-xpo.json
Saved: /home/qcx201/Projects/daytrade/data/summary/summary-xpo.json
<Response [200]> https://finance.yahoo.com/calendar/earnings/?symbol=XPO&offset=0&size=100
Sleeping 90.0 seconds...
<Response [200]> https://finance.yahoo.com/calendar/earnings/?symbol=XPO&offset=0&size=100
Sleeping 112.5 seconds...
<Response [200]> https://finance.yahoo.com/calendar/earnings/?symbol=XPO&offset=0&size=100
<Response [200]> https://finance.yahoo.com/calendar/earnings/?symbol=XPO&offset=100&size=100
Saved: /home/qcx201/Projects/daytrade/data/earnings/earnings-xpo.json
now: 2025-12-29 17:58:23.193527 | eta: 0:47:43.965816 | delta: 0:18:33.764481 | avg: 0:01:19.554606
[15 of 50] J
Saved: /home/qcx201/Projects/daytrade/data/chart/chart-j.json
Saved: /home/qcx201/Projects/daytrade/data/summary/summary-j.json
<Response [200]> https://finance.yahoo.com/calendar/earnings/?symbol=J&offset=0&size=100
Sleeping 90.0 seconds...
<Response [200]> https://finance.yahoo.com/calendar/earnings/?symbol=J&offset=0&size=100
Sleeping 112.5 seconds...
<Response [200]> https://finance.yahoo.com/calendar/earnings/?symbol=J&offset=0&size=100
Sleeping 135.0 seconds...
<Response [200]> https://finance.yahoo.com/calendar/earnings/?symbol=J&offset=0&size=100
<Response [200]> https://finance.yahoo.com/calendar/earnings/?symbol=J&offset=100&size=100
<Response [200]> https://finance.yahoo.com/calendar/earnings/?symbol=J&offset=200&size=100
Saved: /home/qcx201/Projects/daytrade/data/earnings/earnings-j.json
now: 2025-12-29 18:04:15.155671 | eta: 0:57:00.028780 | delta: 0:24:25.726625 | avg: 0:01:37.715108
[16 of 50] CRS
Saved: /home/qcx201/Projects/daytrade/data/chart/chart-crs.json
Saved: /home/qcx201/Projects/daytrade/data/summary/summary-crs.json
<Response [200]> https://finance.yahoo.com/calendar/earnings/?symbol=CRS&offset=0&size=100
<Response [200]> https://finance.yahoo.com/calendar/earnings/?symbol=CRS&offset=100&size=100
<Response [200]> https://finance.yahoo.com/calendar/earnings/?symbol=CRS&offset=200&size=100
Saved: /home/qcx201/Projects/daytrade/data/earnings/earnings-crs.json
now: 2025-12-29 18:04:20.017978 | eta: 0:52:05.001472 | delta: 0:24:30.588932 | avg: 0:01:31.911808
[17 of 50] MAA
Saved: /home/qcx201/Projects/daytrade/data/chart/chart-maa.json
Saved: /home/qcx201/Projects/daytrade/data/summary/summary-maa.json
<Response [200]> https://finance.yahoo.com/calendar/earnings/?symbol=MAA&offset=0&size=100
Sleeping 90.0 seconds...
<Response [200]> https://finance.yahoo.com/calendar/earnings/?symbol=MAA&offset=0&size=100
Sleeping 112.5 seconds...
<Response [200]> https://finance.yahoo.com/calendar/earnings/?symbol=MAA&offset=0&size=100
Sleeping 135.0 seconds...
<Response [200]> https://finance.yahoo.com/calendar/earnings/?symbol=MAA&offset=0&size=100
<Response [200]> https://finance.yahoo.com/calendar/earnings/?symbol=MAA&offset=100&size=100
Saved: /home/qcx201/Projects/daytrade/data/earnings/earnings-maa.json
now: 2025-12-29 18:10:09.734644 | eta: 0:58:53.534400 | delta: 0:30:20.305598 | avg: 0:01:47.076800
[18 of 50] RIVN
Saved: /home/qcx201/Projects/daytrade/data/chart/chart-rivn.json
Saved: /home/qcx201/Projects/daytrade/data/summary/summary-rivn.json
<Response [200]> https://finance.yahoo.com/calendar/earnings/?symbol=RIVN&offset=0&size=100
<Response [200]> https://finance.yahoo.com/calendar/earnings/?symbol=RIVN&offset=100&size=100
Saved: /home/qcx201/Projects/daytrade/data/earnings/earnings-rivn.json
now: 2025-12-29 18:10:12.633964 | eta: 0:54:01.253184 | delta: 0:30:23.204918 | avg: 0:01:41.289162
[19 of 50] TXT
Saved: /home/qcx201/Projects/daytrade/data/chart/chart-txt.json
Saved: /home/qcx201/Projects/daytrade/data/summary/summary-txt.json
<Response [200]> https://finance.yahoo.com/calendar/earnings/?symbol=TXT&offset=0&size=100
<Response [200]> https://finance.yahoo.com/calendar/earnings/?symbol=TXT&offset=100&size=100
<Response [200]> https://finance.yahoo.com/calendar/earnings/?symbol=TXT&offset=200&size=100
Sleeping 90.0 seconds...
<Response [200]> https://finance.yahoo.com/calendar/earnings/?symbol=TXT&offset=200&size=100
Sleeping 112.5 seconds...
<Response [200]> https://finance.yahoo.com/calendar/earnings/?symbol=TXT&offset=200&size=100
Saved: /home/qcx201/Projects/daytrade/data/earnings/earnings-txt.json
now: 2025-12-29 18:13:44.871719 | eta: 0:55:20.985422 | delta: 0:33:55.442673 | avg: 0:01:47.128562
[20 of 50] JLL
Saved: /home/qcx201/Projects/daytrade/data/chart/chart-jll.json
Saved: /home/qcx201/Projects/daytrade/data/summary/summary-jll.json
<Response [200]> https://finance.yahoo.com/calendar/earnings/?symbol=JLL&offset=0&size=100
<Response [200]> https://finance.yahoo.com/calendar/earnings/?symbol=JLL&offset=100&size=100
<Response [200]> https://finance.yahoo.com/calendar/earnings/?symbol=JLL&offset=200&size=100
Saved: /home/qcx201/Projects/daytrade/data/earnings/earnings-jll.json
now: 2025-12-29 18:13:49.517211 | eta: 0:51:00.132240 | delta: 0:34:00.088165 | avg: 0:01:42.004408
[21 of 50] TSN
Saved: /home/qcx201/Projects/daytrade/data/chart/chart-tsn.json
Saved: /home/qcx201/Projects/daytrade/data/summary/summary-tsn.json
<Response [200]> https://finance.yahoo.com/calendar/earnings/?symbol=TSN&offset=0&size=100
Sleeping 90.0 seconds...
<Response [200]> https://finance.yahoo.com/calendar/earnings/?symbol=TSN&offset=0&size=100
Sleeping 112.5 seconds...
<Response [200]> https://finance.yahoo.com/calendar/earnings/?symbol=TSN&offset=0&size=100
<Response [200]> https://finance.yahoo.com/calendar/earnings/?symbol=TSN&offset=100&size=100
<Response [200]> https://finance.yahoo.com/calendar/earnings/?symbol=TSN&offset=200&size=100
Saved: /home/qcx201/Projects/daytrade/data/earnings/earnings-tsn.json
now: 2025-12-29 18:17:23.738994 | eta: 0:51:53.094697 | delta: 0:37:34.309948 | avg: 0:01:47.348093
[22 of 50] DOW
Saved: /home/qcx201/Projects/daytrade/data/chart/chart-dow.json
Saved: /home/qcx201/Projects/daytrade/data/summary/summary-dow.json
<Response [200]> https://finance.yahoo.com/calendar/earnings/?symbol=DOW&offset=0&size=100
<Response [200]> https://finance.yahoo.com/calendar/earnings/?symbol=DOW&offset=100&size=100
Saved: /home/qcx201/Projects/daytrade/data/earnings/earnings-dow.json
now: 2025-12-29 18:17:26.579899 | eta: 0:47:52.737448 | delta: 0:37:37.150853 | avg: 0:01:42.597766
[23 of 50] NVT
Saved: /home/qcx201/Projects/daytrade/data/chart/chart-nvt.json
Saved: /home/qcx201/Projects/daytrade/data/summary/summary-nvt.json
<Response [200]> https://finance.yahoo.com/calendar/earnings/?symbol=NVT&offset=0&size=100
<Response [200]> https://finance.yahoo.com/calendar/earnings/?symbol=NVT&offset=100&size=100
Sleeping 90.0 seconds...
<Response [200]> https://finance.yahoo.com/calendar/earnings/?symbol=NVT&offset=100&size=100
Sleeping 112.5 seconds...
<Response [200]> https://finance.yahoo.com/calendar/earnings/?symbol=NVT&offset=100&size=100
Saved: /home/qcx201/Projects/daytrade/data/earnings/earnings-nvt.json
now: 2025-12-29 18:20:56.656982 | eta: 0:48:16.311060 | delta: 0:41:07.227936 | avg: 0:01:47.270780
[24 of 50] HOLX
Saved: /home/qcx201/Projects/daytrade/data/chart/chart-holx.json
Saved: /home/qcx201/Projects/daytrade/data/summary/summary-holx.json
<Response [200]> https://finance.yahoo.com/calendar/earnings/?symbol=HOLX&offset=0&size=100
<Response [200]> https://finance.yahoo.com/calendar/earnings/?symbol=HOLX&offset=100&size=100
<Response [200]> https://finance.yahoo.com/calendar/earnings/?symbol=HOLX&offset=200&size=100
Sleeping 90.0 seconds...
<Response [200]> https://finance.yahoo.com/calendar/earnings/?symbol=HOLX&offset=200&size=100
Sleeping 112.5 seconds...
<Response [200]> https://finance.yahoo.com/calendar/earnings/?symbol=HOLX&offset=200&size=100
Sleeping 135.0 seconds...
<Response [200]> https://finance.yahoo.com/calendar/earnings/?symbol=HOLX&offset=200&size=100
Saved: /home/qcx201/Projects/daytrade/data/earnings/earnings-holx.json
now: 2025-12-29 18:26:47.984181 | eta: 0:50:53.434722 | delta: 0:46:58.555135 | avg: 0:01:57.439797
[25 of 50] TPL
Saved: /home/qcx201/Projects/daytrade/data/chart/chart-tpl.json
Saved: /home/qcx201/Projects/daytrade/data/summary/summary-tpl.json
<Response [200]> https://finance.yahoo.com/calendar/earnings/?symbol=TPL&offset=0&size=100
<Response [200]> https://finance.yahoo.com/calendar/earnings/?symbol=TPL&offset=100&size=100
Saved: /home/qcx201/Projects/daytrade/data/earnings/earnings-tpl.json
now: 2025-12-29 18:26:51.271891 | eta: 0:47:01.842850 | delta: 0:47:01.842845 | avg: 0:01:52.873714
[26 of 50] INVH
Saved: /home/qcx201/Projects/daytrade/data/chart/chart-invh.json
Saved: /home/qcx201/Projects/daytrade/data/summary/summary-invh.json
<Response [200]> https://finance.yahoo.com/calendar/earnings/?symbol=INVH&offset=0&size=100
<Response [200]> https://finance.yahoo.com/calendar/earnings/?symbol=INVH&offset=100&size=100
Saved: /home/qcx201/Projects/daytrade/data/earnings/earnings-invh.json
now: 2025-12-29 18:26:54.029809 | eta: 0:43:27.323784 | delta: 0:47:04.600763 | avg: 0:01:48.638491
[27 of 50] APTV
Saved: /home/qcx201/Projects/daytrade/data/chart/chart-aptv.json
Saved: /home/qcx201/Projects/daytrade/data/summary/summary-aptv.json
<Response [200]> https://finance.yahoo.com/calendar/earnings/?symbol=APTV&offset=0&size=100
<Response [200]> https://finance.yahoo.com/calendar/earnings/?symbol=APTV&offset=100&size=100
Saved: /home/qcx201/Projects/daytrade/data/earnings/earnings-aptv.json
now: 2025-12-29 18:26:56.469420 | eta: 0:40:08.219577 | delta: 0:47:07.040374 | avg: 0:01:44.705199
[28 of 50] TOST
Saved: /home/qcx201/Projects/daytrade/data/chart/chart-tost.json
Saved: /home/qcx201/Projects/daytrade/data/summary/summary-tost.json
<Response [200]> https://finance.yahoo.com/calendar/earnings/?symbol=TOST&offset=0&size=100
Sleeping 90.0 seconds...
<Response [200]> https://finance.yahoo.com/calendar/earnings/?symbol=TOST&offset=0&size=100
Sleeping 112.5 seconds...
<Response [200]> https://finance.yahoo.com/calendar/earnings/?symbol=TOST&offset=0&size=100
<Response [200]> https://finance.yahoo.com/calendar/earnings/?symbol=TOST&offset=100&size=100
Saved: /home/qcx201/Projects/daytrade/data/earnings/earnings-tost.json
now: 2025-12-29 18:30:24.249173 | eta: 0:39:44.501526 | delta: 0:50:34.820127 | avg: 0:01:48.386433
[29 of 50] DKNG
Saved: /home/qcx201/Projects/daytrade/data/chart/chart-dkng.json
Saved: /home/qcx201/Projects/daytrade/data/summary/summary-dkng.json
<Response [200]> https://finance.yahoo.com/calendar/earnings/?symbol=DKNG&offset=0&size=100
<Response [200]> https://finance.yahoo.com/calendar/earnings/?symbol=DKNG&offset=100&size=100
Saved: /home/qcx201/Projects/daytrade/data/earnings/earnings-dkng.json
now: 2025-12-29 18:30:26.586970 | eta: 0:36:39.321264 | delta: 0:50:37.157924 | avg: 0:01:44.729584
[30 of 50] EVRG
Saved: /home/qcx201/Projects/daytrade/data/chart/chart-evrg.json
Saved: /home/qcx201/Projects/daytrade/data/summary/summary-evrg.json
<Response [200]> https://finance.yahoo.com/calendar/earnings/?symbol=EVRG&offset=0&size=100
Sleeping 90.0 seconds...
<Response [200]> https://finance.yahoo.com/calendar/earnings/?symbol=EVRG&offset=0&size=100
Sleeping 112.5 seconds...
<Response [200]> https://finance.yahoo.com/calendar/earnings/?symbol=EVRG&offset=0&size=100
<Response [200]> https://finance.yahoo.com/calendar/earnings/?symbol=EVRG&offset=100&size=100
Saved: /home/qcx201/Projects/daytrade/data/earnings/earnings-evrg.json
now: 2025-12-29 18:33:55.243324 | eta: 0:36:03.876180 | delta: 0:54:05.814278 | avg: 0:01:48.193809
[31 of 50] ESS
Saved: /home/qcx201/Projects/daytrade/data/chart/chart-ess.json
Saved: /home/qcx201/Projects/daytrade/data/summary/summary-ess.json
<Response [200]> https://finance.yahoo.com/calendar/earnings/?symbol=ESS&offset=0&size=100
<Response [200]> https://finance.yahoo.com/calendar/earnings/?symbol=ESS&offset=100&size=100
<Response [200]> https://finance.yahoo.com/calendar/earnings/?symbol=ESS&offset=200&size=100
Saved: /home/qcx201/Projects/daytrade/data/earnings/earnings-ess.json
now: 2025-12-29 18:33:59.124134 | eta: 0:33:11.748606 | delta: 0:54:09.695088 | avg: 0:01:44.828874
[32 of 50] LNT
Saved: /home/qcx201/Projects/daytrade/data/chart/chart-lnt.json
Saved: /home/qcx201/Projects/daytrade/data/summary/summary-lnt.json
<Response [200]> https://finance.yahoo.com/calendar/earnings/?symbol=LNT&offset=0&size=100
<Response [200]> https://finance.yahoo.com/calendar/earnings/?symbol=LNT&offset=100&size=100
Sleeping 90.0 seconds...
<Response [200]> https://finance.yahoo.com/calendar/earnings/?symbol=LNT&offset=100&size=100
Sleeping 112.5 seconds...
<Response [200]> https://finance.yahoo.com/calendar/earnings/?symbol=LNT&offset=100&size=100
<Response [200]> https://finance.yahoo.com/calendar/earnings/?symbol=LNT&offset=200&size=100
Saved: /home/qcx201/Projects/daytrade/data/earnings/earnings-lnt.json
now: 2025-12-29 18:37:31.079305 | eta: 0:32:27.178278 | delta: 0:57:41.650259 | avg: 0:01:48.176571
[33 of 50] TRU
Saved: /home/qcx201/Projects/daytrade/data/chart/chart-tru.json
Saved: /home/qcx201/Projects/daytrade/data/summary/summary-tru.json
<Response [200]> https://finance.yahoo.com/calendar/earnings/?symbol=TRU&offset=0&size=100
<Response [200]> https://finance.yahoo.com/calendar/earnings/?symbol=TRU&offset=100&size=100
Saved: /home/qcx201/Projects/daytrade/data/earnings/earnings-tru.json
now: 2025-12-29 18:37:33.963502 | eta: 0:29:44.760181 | delta: 0:57:44.534456 | avg: 0:01:44.985893
[34 of 50] ROL
Saved: /home/qcx201/Projects/daytrade/data/chart/chart-rol.json
Saved: /home/qcx201/Projects/daytrade/data/summary/summary-rol.json
<Response [200]> https://finance.yahoo.com/calendar/earnings/?symbol=ROL&offset=0&size=100
Sleeping 90.0 seconds...
<Response [200]> https://finance.yahoo.com/calendar/earnings/?symbol=ROL&offset=0&size=100
Sleeping 112.5 seconds...
<Response [200]> https://finance.yahoo.com/calendar/earnings/?symbol=ROL&offset=0&size=100
Sleeping 135.0 seconds...
<Response [200]> https://finance.yahoo.com/calendar/earnings/?symbol=ROL&offset=0&size=100
<Response [200]> https://finance.yahoo.com/calendar/earnings/?symbol=ROL&offset=100&size=100
Saved: /home/qcx201/Projects/daytrade/data/earnings/earnings-rol.json
now: 2025-12-29 18:43:17.617166 | eta: 0:29:52.088528 | delta: 1:03:28.188120 | avg: 0:01:52.005533
[35 of 50] WWD
Saved: /home/qcx201/Projects/daytrade/data/chart/chart-wwd.json
Saved: /home/qcx201/Projects/daytrade/data/summary/summary-wwd.json
<Response [200]> https://finance.yahoo.com/calendar/earnings/?symbol=WWD&offset=0&size=100
<Response [200]> https://finance.yahoo.com/calendar/earnings/?symbol=WWD&offset=100&size=100
Saved: /home/qcx201/Projects/daytrade/data/earnings/earnings-wwd.json
now: 2025-12-29 18:43:19.791868 | eta: 0:27:13.012635 | delta: 1:03:30.362822 | avg: 0:01:48.867509
[36 of 50] AMCR
Saved: /home/qcx201/Projects/daytrade/data/chart/chart-amcr.json
Saved: /home/qcx201/Projects/daytrade/data/summary/summary-amcr.json
<Response [200]> https://finance.yahoo.com/calendar/earnings/?symbol=AMCR&offset=0&size=100
<Response [200]> https://finance.yahoo.com/calendar/earnings/?symbol=AMCR&offset=100&size=100
Saved: /home/qcx201/Projects/daytrade/data/earnings/earnings-amcr.json
now: 2025-12-29 18:43:21.869044 | eta: 0:24:42.615554 | delta: 1:03:32.439998 | avg: 0:01:45.901111
[37 of 50] EXAS
Saved: /home/qcx201/Projects/daytrade/data/chart/chart-exas.json
Saved: /home/qcx201/Projects/daytrade/data/summary/summary-exas.json
<Response [200]> https://finance.yahoo.com/calendar/earnings/?symbol=EXAS&offset=0&size=100
<Response [200]> https://finance.yahoo.com/calendar/earnings/?symbol=EXAS&offset=100&size=100
Saved: /home/qcx201/Projects/daytrade/data/earnings/earnings-exas.json
now: 2025-12-29 18:43:24.015255 | eta: 0:22:20.260025 | delta: 1:03:34.586209 | avg: 0:01:43.096925
[38 of 50] LVS
Saved: /home/qcx201/Projects/daytrade/data/chart/chart-lvs.json
Saved: /home/qcx201/Projects/daytrade/data/summary/summary-lvs.json
<Response [200]> https://finance.yahoo.com/calendar/earnings/?symbol=LVS&offset=0&size=100
<Response [200]> https://finance.yahoo.com/calendar/earnings/?symbol=LVS&offset=100&size=100
Saved: /home/qcx201/Projects/daytrade/data/earnings/earnings-lvs.json
now: 2025-12-29 18:43:28.067172 | eta: 0:20:05.885724 | delta: 1:03:38.638126 | avg: 0:01:40.490477
[39 of 50] VRSN
Saved: /home/qcx201/Projects/daytrade/data/chart/chart-vrsn.json
Saved: /home/qcx201/Projects/daytrade/data/summary/summary-vrsn.json
<Response [200]> https://finance.yahoo.com/calendar/earnings/?symbol=VRSN&offset=0&size=100
<Response [200]> https://finance.yahoo.com/calendar/earnings/?symbol=VRSN&offset=100&size=100
<Response [200]> https://finance.yahoo.com/calendar/earnings/?symbol=VRSN&offset=200&size=100
Saved: /home/qcx201/Projects/daytrade/data/earnings/earnings-vrsn.json
now: 2025-12-29 18:43:31.595153 | eta: 0:17:58.046849 | delta: 1:03:42.166107 | avg: 0:01:38.004259
[40 of 50] EXPD
Saved: /home/qcx201/Projects/daytrade/data/chart/chart-expd.json
Saved: /home/qcx201/Projects/daytrade/data/summary/summary-expd.json
<Response [200]> https://finance.yahoo.com/calendar/earnings/?symbol=EXPD&offset=0&size=100
<Response [200]> https://finance.yahoo.com/calendar/earnings/?symbol=EXPD&offset=100&size=100
<Response [200]> https://finance.yahoo.com/calendar/earnings/?symbol=EXPD&offset=200&size=100
Saved: /home/qcx201/Projects/daytrade/data/earnings/earnings-expd.json
now: 2025-12-29 18:43:35.132167 | eta: 0:15:56.425780 | delta: 1:03:45.703121 | avg: 0:01:35.642578
[41 of 50] SBAC
Saved: /home/qcx201/Projects/daytrade/data/chart/chart-sbac.json
Saved: /home/qcx201/Projects/daytrade/data/summary/summary-sbac.json
<Response [200]> https://finance.yahoo.com/calendar/earnings/?symbol=SBAC&offset=0&size=100
<Response [200]> https://finance.yahoo.com/calendar/earnings/?symbol=SBAC&offset=100&size=100
<Response [200]> https://finance.yahoo.com/calendar/earnings/?symbol=SBAC&offset=200&size=100
Saved: /home/qcx201/Projects/daytrade/data/earnings/earnings-sbac.json
now: 2025-12-29 18:43:38.614525 | eta: 0:14:00.552912 | delta: 1:03:49.185479 | avg: 0:01:33.394768
[42 of 50] NVR
Saved: /home/qcx201/Projects/daytrade/data/chart/chart-nvr.json
Saved: /home/qcx201/Projects/daytrade/data/summary/summary-nvr.json
<Response [200]> https://finance.yahoo.com/calendar/earnings/?symbol=NVR&offset=0&size=100
<Response [200]> https://finance.yahoo.com/calendar/earnings/?symbol=NVR&offset=100&size=100
<Response [200]> https://finance.yahoo.com/calendar/earnings/?symbol=NVR&offset=200&size=100
Saved: /home/qcx201/Projects/daytrade/data/earnings/earnings-nvr.json
now: 2025-12-29 18:43:41.901859 | eta: 0:12:09.994824 | delta: 1:03:52.472813 | avg: 0:01:31.249353
[43 of 50] CHD
Saved: /home/qcx201/Projects/daytrade/data/chart/chart-chd.json
Saved: /home/qcx201/Projects/daytrade/data/summary/summary-chd.json
<Response [200]> https://finance.yahoo.com/calendar/earnings/?symbol=CHD&offset=0&size=100
<Response [200]> https://finance.yahoo.com/calendar/earnings/?symbol=CHD&offset=100&size=100
<Response [200]> https://finance.yahoo.com/calendar/earnings/?symbol=CHD&offset=200&size=100
Saved: /home/qcx201/Projects/daytrade/data/earnings/earnings-chd.json
now: 2025-12-29 18:43:45.422591 | eta: 0:10:24.464064 | delta: 1:03:55.993545 | avg: 0:01:29.209152
[44 of 50] IP
Saved: /home/qcx201/Projects/daytrade/data/chart/chart-ip.json
Saved: /home/qcx201/Projects/daytrade/data/summary/summary-ip.json
<Response [200]> https://finance.yahoo.com/calendar/earnings/?symbol=IP&offset=0&size=100
<Response [200]> https://finance.yahoo.com/calendar/earnings/?symbol=IP&offset=100&size=100
<Response [200]> https://finance.yahoo.com/calendar/earnings/?symbol=IP&offset=200&size=100
Saved: /home/qcx201/Projects/daytrade/data/earnings/earnings-ip.json
now: 2025-12-29 18:43:49.394740 | eta: 0:08:43.631688 | delta: 1:03:59.965694 | avg: 0:01:27.271948
[45 of 50] CMS
Saved: /home/qcx201/Projects/daytrade/data/chart/chart-cms.json
Saved: /home/qcx201/Projects/daytrade/data/summary/summary-cms.json
<Response [200]> https://finance.yahoo.com/calendar/earnings/?symbol=CMS&offset=0&size=100
<Response [200]> https://finance.yahoo.com/calendar/earnings/?symbol=CMS&offset=100&size=100
<Response [200]> https://finance.yahoo.com/calendar/earnings/?symbol=CMS&offset=200&size=100
Saved: /home/qcx201/Projects/daytrade/data/earnings/earnings-cms.json
now: 2025-12-29 18:43:53.003594 | eta: 0:07:07.063840 | delta: 1:04:03.574548 | avg: 0:01:25.412768
[46 of 50] ALAB
Saved: /home/qcx201/Projects/daytrade/data/chart/chart-alab.json
Saved: /home/qcx201/Projects/daytrade/data/summary/summary-alab.json
<Response [200]> https://finance.yahoo.com/calendar/earnings/?symbol=ALAB&offset=0&size=100
<Response [200]> https://finance.yahoo.com/calendar/earnings/?symbol=ALAB&offset=100&size=100
Saved: /home/qcx201/Projects/daytrade/data/earnings/earnings-alab.json
now: 2025-12-29 18:43:54.699257 | eta: 0:05:34.371324 | delta: 1:04:05.270211 | avg: 0:01:23.592831
[47 of 50] CASY
Saved: /home/qcx201/Projects/daytrade/data/chart/chart-casy.json
Saved: /home/qcx201/Projects/daytrade/data/summary/summary-casy.json
<Response [200]> https://finance.yahoo.com/calendar/earnings/?symbol=CASY&offset=0&size=100
<Response [200]> https://finance.yahoo.com/calendar/earnings/?symbol=CASY&offset=100&size=100
<Response [200]> https://finance.yahoo.com/calendar/earnings/?symbol=CASY&offset=200&size=100
Saved: /home/qcx201/Projects/daytrade/data/earnings/earnings-casy.json
now: 2025-12-29 18:43:58.457402 | eta: 0:04:05.682660 | delta: 1:04:09.028356 | avg: 0:01:21.894220
[48 of 50] CPAY
Saved: /home/qcx201/Projects/daytrade/data/chart/chart-cpay.json
Saved: /home/qcx201/Projects/daytrade/data/summary/summary-cpay.json
<Response [200]> https://finance.yahoo.com/calendar/earnings/?symbol=CPAY&offset=0&size=100
<Response [200]> https://finance.yahoo.com/calendar/earnings/?symbol=CPAY&offset=100&size=100
Saved: /home/qcx201/Projects/daytrade/data/earnings/earnings-cpay.json
now: 2025-12-29 18:44:00.682216 | eta: 0:02:40.468882 | delta: 1:04:11.253170 | avg: 0:01:20.234441
[49 of 50] ILMN
Saved: /home/qcx201/Projects/daytrade/data/chart/chart-ilmn.json
Saved: /home/qcx201/Projects/daytrade/data/summary/summary-ilmn.json
<Response [200]> https://finance.yahoo.com/calendar/earnings/?symbol=ILMN&offset=0&size=100
<Response [200]> https://finance.yahoo.com/calendar/earnings/?symbol=ILMN&offset=100&size=100
<Response [200]> https://finance.yahoo.com/calendar/earnings/?symbol=ILMN&offset=200&size=100
Saved: /home/qcx201/Projects/daytrade/data/earnings/earnings-ilmn.json
now: 2025-12-29 18:44:03.704636 | eta: 0:01:18.658686 | delta: 1:04:14.275590 | avg: 0:01:18.658686
[50 of 50] PTC
Saved: /home/qcx201/Projects/daytrade/data/chart/chart-ptc.json
Saved: /home/qcx201/Projects/daytrade/data/summary/summary-ptc.json
<Response [200]> https://finance.yahoo.com/calendar/earnings/?symbol=PTC&offset=0&size=100
<Response [200]> https://finance.yahoo.com/calendar/earnings/?symbol=PTC&offset=100&size=100
<Response [200]> https://finance.yahoo.com/calendar/earnings/?symbol=PTC&offset=200&size=100
Saved: /home/qcx201/Projects/daytrade/data/earnings/earnings-ptc.json
now: 2025-12-29 18:44:06.883454 | eta: 0:00:00 | delta: 1:04:17.454408 | avg: 0:01:17.149088
-- Complete --
