[1 of 50] GPK
Saved: /home/qcx201/Projects/daytrade/data/chart/chart-gpk.json
Saved: /home/qcx201/Projects/daytrade/data/summary/summary-gpk.json
<Response [200]> https://finance.yahoo.com/calendar/earnings/?symbol=GPK&offset=0&size=100
<Response [200]> https://finance.yahoo.com/calendar/earnings/?symbol=GPK&offset=100&size=100
Saved: /home/qcx201/Projects/daytrade/data/earnings/earnings-gpk.json
now: 2025-12-29 17:39:59.515590 | eta: 0:04:13.963129 | delta: 0:00:05.182921 | avg: 0:00:05.182921
[2 of 50] POST
Saved: /home/qcx201/Projects/daytrade/data/chart/chart-post.json
Saved: /home/qcx201/Projects/daytrade/data/summary/summary-post.json
<Response [200]> https://finance.yahoo.com/calendar/earnings/?symbol=POST&offset=0&size=100
<Response [200]> https://finance.yahoo.com/calendar/earnings/?symbol=POST&offset=100&size=100
Saved: /home/qcx201/Projects/daytrade/data/earnings/earnings-post.json
now: 2025-12-29 17:40:03.962524 | eta: 0:03:51.116544 | delta: 0:00:09.629855 | avg: 0:00:04.814928
[3 of 50] BRKR
Saved: /home/qcx201/Projects/daytrade/data/chart/chart-brkr.json
Saved: /home/qcx201/Projects/daytrade/data/summary/summary-brkr.json
<Response [200]> https://finance.yahoo.com/calendar/earnings/?symbol=BRKR&offset=0&size=100
<Response [200]> https://finance.yahoo.com/calendar/earnings/?symbol=BRKR&offset=100&size=100
Saved: /home/qcx201/Projects/daytrade/data/earnings/earnings-brkr.json
now: 2025-12-29 17:40:12.592480 | eta: 0:04:46.070388 | delta: 0:00:18.259811 | avg: 0:00:06.086604
[4 of 50] MTDR
Saved: /home/qcx201/Projects/daytrade/data/chart/chart-mtdr.json
Saved: /home/qcx201/Projects/daytrade/data/summary/summary-mtdr.json
<Response [200]> https://finance.yahoo.com/calendar/earnings/?symbol=MTDR&offset=0&size=100
<Response [200]> https://finance.yahoo.com/calendar/earnings/?symbol=MTDR&offset=100&size=100
Saved: /home/qcx201/Projects/daytrade/data/earnings/earnings-mtdr.json
now: 2025-12-29 17:40:17.587680 | eta: 0:04:27.432638 | delta: 0:00:23.255011 | avg: 0:00:05.813753
[5 of 50] BC
Saved: /home/qcx201/Projects/daytrade/data/chart/chart-bc.json
Saved: /home/qcx201/Projects/daytrade/data/summary/summary-bc.json
<Response [200]> https://finance.yahoo.com/calendar/earnings/?symbol=BC&offset=0&size=100
<Response [200]> https://finance.yahoo.com/calendar/earnings/?symbol=BC&offset=100&size=100
<Response [200]> https://finance.yahoo.com/calendar/earnings/?symbol=BC&offset=200&size=100
Saved: /home/qcx201/Projects/daytrade/data/earnings/earnings-bc.json
now: 2025-12-29 17:40:24.839994 | eta: 0:04:34.565925 | delta: 0:00:30.507325 | avg: 0:00:06.101465
[6 of 50] CCC
Saved: /home/qcx201/Projects/daytrade/data/chart/chart-ccc.json
Saved: /home/qcx201/Projects/daytrade/data/summary/summary-ccc.json
<Response [200]> https://finance.yahoo.com/calendar/earnings/?symbol=CCC&offset=0&size=100
Sleeping 90.0 seconds...
<Response [200]> https://finance.yahoo.com/calendar/earnings/?symbol=CCC&offset=0&size=100
Sleeping 112.5 seconds...
<Response [200]> https://finance.yahoo.com/calendar/earnings/?symbol=CCC&offset=0&size=100
<Response [200]> https://finance.yahoo.com/calendar/earnings/?symbol=CCC&offset=100&size=100
Saved: /home/qcx201/Projects/daytrade/data/earnings/earnings-ccc.json
now: 2025-12-29 17:43:56.259935 | eta: 0:29:34.133284 | delta: 0:04:01.927266 | avg: 0:00:40.321211
[7 of 50] UHALB
[8 of 50] ST
Saved: /home/qcx201/Projects/daytrade/data/chart/chart-st.json
Saved: /home/qcx201/Projects/daytrade/data/summary/summary-st.json
<Response [200]> https://finance.yahoo.com/calendar/earnings/?symbol=ST&offset=0&size=100
<Response [200]> https://finance.yahoo.com/calendar/earnings/?symbol=ST&offset=100&size=100
Saved: /home/qcx201/Projects/daytrade/data/earnings/earnings-st.json
now: 2025-12-29 17:43:58.740262 | eta: 0:21:23.139858 | delta: 0:04:04.407593 | avg: 0:00:30.550949
[9 of 50] ECG
Saved: /home/qcx201/Projects/daytrade/data/chart/chart-ecg.json
Saved: /home/qcx201/Projects/daytrade/data/summary/summary-ecg.json
<Response [200]> https://finance.yahoo.com/calendar/earnings/?symbol=ECG&offset=0&size=100
<Response [200]> https://finance.yahoo.com/calendar/earnings/?symbol=ECG&offset=100&size=100
Saved: /home/qcx201/Projects/daytrade/data/earnings/earnings-ecg.json
now: 2025-12-29 17:44:00.858925 | eta: 0:18:43.064046 | delta: 0:04:06.526256 | avg: 0:00:27.391806
[10 of 50] MRP
Saved: /home/qcx201/Projects/daytrade/data/chart/chart-mrp.json
Saved: /home/qcx201/Projects/daytrade/data/summary/summary-mrp.json
<Response [200]> https://finance.yahoo.com/calendar/earnings/?symbol=MRP&offset=0&size=100
Sleeping 90.0 seconds...
<Response [200]> https://finance.yahoo.com/calendar/earnings/?symbol=MRP&offset=0&size=100
Sleeping 112.5 seconds...
<Response [200]> https://finance.yahoo.com/calendar/earnings/?symbol=MRP&offset=0&size=100
<Response [200]> https://finance.yahoo.com/calendar/earnings/?symbol=MRP&offset=100&size=100
Saved: /home/qcx201/Projects/daytrade/data/earnings/earnings-mrp.json
now: 2025-12-29 17:47:30.949276 | eta: 0:30:26.466440 | delta: 0:07:36.616607 | avg: 0:00:45.661661
[11 of 50] LOPE
Saved: /home/qcx201/Projects/daytrade/data/chart/chart-lope.json
Saved: /home/qcx201/Projects/daytrade/data/summary/summary-lope.json
<Response [200]> https://finance.yahoo.com/calendar/earnings/?symbol=LOPE&offset=0&size=100
<Response [200]> https://finance.yahoo.com/calendar/earnings/?symbol=LOPE&offset=100&size=100
Saved: /home/qcx201/Projects/daytrade/data/earnings/earnings-lope.json
now: 2025-12-29 17:47:33.993663 | eta: 0:27:09.707157 | delta: 0:07:39.660994 | avg: 0:00:41.787363
[12 of 50] CE
Saved: /home/qcx201/Projects/daytrade/data/chart/chart-ce.json
Saved: /home/qcx201/Projects/daytrade/data/summary/summary-ce.json
<Response [200]> https://finance.yahoo.com/calendar/earnings/?symbol=CE&offset=0&size=100
<Response [200]> https://finance.yahoo.com/calendar/earnings/?symbol=CE&offset=100&size=100
Saved: /home/qcx201/Projects/daytrade/data/earnings/earnings-ce.json
now: 2025-12-29 17:47:37.151547 | eta: 0:24:25.593120 | delta: 0:07:42.818878 | avg: 0:00:38.568240
[13 of 50] LAZ
Saved: /home/qcx201/Projects/daytrade/data/chart/chart-laz.json
Saved: /home/qcx201/Projects/daytrade/data/summary/summary-laz.json
<Response [200]> https://finance.yahoo.com/calendar/earnings/?symbol=LAZ&offset=0&size=100
Sleeping 90.0 seconds...
<Response [200]> https://finance.yahoo.com/calendar/earnings/?symbol=LAZ&offset=0&size=100
Sleeping 112.5 seconds...
<Response [200]> https://finance.yahoo.com/calendar/earnings/?symbol=LAZ&offset=0&size=100
<Response [200]> https://finance.yahoo.com/calendar/earnings/?symbol=LAZ&offset=100&size=100
Saved: /home/qcx201/Projects/daytrade/data/earnings/earnings-laz.json
now: 2025-12-29 17:51:09.102954 | eta: 0:32:00.500059 | delta: 0:11:14.770285 | avg: 0:00:51.905407
[14 of 50] AMTM
Saved: /home/qcx201/Projects/daytrade/data/chart/chart-amtm.json
Saved: /home/qcx201/Projects/daytrade/data/summary/summary-amtm.json
<Response [200]> https://finance.yahoo.com/calendar/earnings/?symbol=AMTM&offset=0&size=100
<Response [200]> https://finance.yahoo.com/calendar/earnings/?symbol=AMTM&offset=100&size=100
Saved: /home/qcx201/Projects/daytrade/data/earnings/earnings-amtm.json
now: 2025-12-29 17:51:11.918658 | eta: 0:29:02.363964 | delta: 0:11:17.585989 | avg: 0:00:48.398999
[15 of 50] AMKR
Saved: /home/qcx201/Projects/daytrade/data/chart/chart-amkr.json
Saved: /home/qcx201/Projects/daytrade/data/summary/summary-amkr.json
<Response [200]> https://finance.yahoo.com/calendar/earnings/?symbol=AMKR&offset=0&size=100
<Response [200]> https://finance.yahoo.com/calendar/earnings/?symbol=AMKR&offset=100&size=100
<Response [200]> https://finance.yahoo.com/calendar/earnings/?symbol=AMKR&offset=200&size=100
Sleeping 90.0 seconds...
<Response [200]> https://finance.yahoo.com/calendar/earnings/?symbol=AMKR&offset=200&size=100
Sleeping 112.5 seconds...
<Response [200]> https://finance.yahoo.com/calendar/earnings/?symbol=AMKR&offset=200&size=100
Saved: /home/qcx201/Projects/daytrade/data/earnings/earnings-amkr.json
now: 2025-12-29 17:54:46.391458 | eta: 0:34:41.470510 | delta: 0:14:52.058789 | avg: 0:00:59.470586
[16 of 50] TNL
Saved: /home/qcx201/Projects/daytrade/data/chart/chart-tnl.json
Saved: /home/qcx201/Projects/daytrade/data/summary/summary-tnl.json
<Response [200]> https://finance.yahoo.com/calendar/earnings/?symbol=TNL&offset=0&size=100
<Response [200]> https://finance.yahoo.com/calendar/earnings/?symbol=TNL&offset=100&size=100
Saved: /home/qcx201/Projects/daytrade/data/earnings/earnings-tnl.json
now: 2025-12-29 17:54:50.000700 | eta: 0:31:43.294568 | delta: 0:14:55.668031 | avg: 0:00:55.979252
[17 of 50] NEU
Saved: /home/qcx201/Projects/daytrade/data/chart/chart-neu.json
Saved: /home/qcx201/Projects/daytrade/data/summary/summary-neu.json
<Response [200]> https://finance.yahoo.com/calendar/earnings/?symbol=NEU&offset=0&size=100
<Response [200]> https://finance.yahoo.com/calendar/earnings/?symbol=NEU&offset=100&size=100
Sleeping 90.0 seconds...
<Response [200]> https://finance.yahoo.com/calendar/earnings/?symbol=NEU&offset=100&size=100
Sleeping 112.5 seconds...
<Response [200]> https://finance.yahoo.com/calendar/earnings/?symbol=NEU&offset=100&size=100
Saved: /home/qcx201/Projects/daytrade/data/earnings/earnings-neu.json
now: 2025-12-29 17:58:22.463093 | eta: 0:35:51.076719 | delta: 0:18:28.130424 | avg: 0:01:05.184143
[18 of 50] QS
Saved: /home/qcx201/Projects/daytrade/data/chart/chart-qs.json
Saved: /home/qcx201/Projects/daytrade/data/summary/summary-qs.json
<Response [200]> https://finance.yahoo.com/calendar/earnings/?symbol=QS&offset=0&size=100
<Response [200]> https://finance.yahoo.com/calendar/earnings/?symbol=QS&offset=100&size=100
Sleeping 90.0 seconds...
<Response [200]> https://finance.yahoo.com/calendar/earnings/?symbol=QS&offset=100&size=100
Sleeping 112.5 seconds...
<Response [200]> https://finance.yahoo.com/calendar/earnings/?symbol=QS&offset=100&size=100
Sleeping 135.0 seconds...
<Response [200]> https://finance.yahoo.com/calendar/earnings/?symbol=QS&offset=100&size=100
Saved: /home/qcx201/Projects/daytrade/data/earnings/earnings-qs.json
now: 2025-12-29 18:04:14.817119 | eta: 0:43:16.416800 | delta: 0:24:20.484450 | avg: 0:01:21.138025
[19 of 50] S
Saved: /home/qcx201/Projects/daytrade/data/chart/chart-s.json
Saved: /home/qcx201/Projects/daytrade/data/summary/summary-s.json
<Response [200]> https://finance.yahoo.com/calendar/earnings/?symbol=S&offset=0&size=100
<Response [200]> https://finance.yahoo.com/calendar/earnings/?symbol=S&offset=100&size=100
Saved: /home/qcx201/Projects/daytrade/data/earnings/earnings-s.json
now: 2025-12-29 18:04:17.514912 | eta: 0:39:47.297352 | delta: 0:24:23.182243 | avg: 0:01:17.009592
[20 of 50] KRC
Saved: /home/qcx201/Projects/daytrade/data/chart/chart-krc.json
Saved: /home/qcx201/Projects/daytrade/data/summary/summary-krc.json
<Response [200]> https://finance.yahoo.com/calendar/earnings/?symbol=KRC&offset=0&size=100
<Response [200]> https://finance.yahoo.com/calendar/earnings/?symbol=KRC&offset=100&size=100
Saved: /home/qcx201/Projects/daytrade/data/earnings/earnings-krc.json
now: 2025-12-29 18:04:22.053935 | eta: 0:36:41.581890 | delta: 0:24:27.721266 | avg: 0:01:13.386063
[21 of 50] SON
Saved: /home/qcx201/Projects/daytrade/data/chart/chart-son.json
Saved: /home/qcx201/Projects/daytrade/data/summary/summary-son.json
<Response [200]> https://finance.yahoo.com/calendar/earnings/?symbol=SON&offset=0&size=100
Sleeping 90.0 seconds...
<Response [200]> https://finance.yahoo.com/calendar/earnings/?symbol=SON&offset=0&size=100
Sleeping 112.5 seconds...
<Response [200]> https://finance.yahoo.com/calendar/earnings/?symbol=SON&offset=0&size=100
Sleeping 135.0 seconds...
<Response [200]> https://finance.yahoo.com/calendar/earnings/?symbol=SON&offset=0&size=100
<Response [200]> https://finance.yahoo.com/calendar/earnings/?symbol=SON&offset=100&size=100
<Response [200]> https://finance.yahoo.com/calendar/earnings/?symbol=SON&offset=200&size=100
Saved: /home/qcx201/Projects/daytrade/data/earnings/earnings-son.json
now: 2025-12-29 18:10:12.659774 | eta: 0:41:51.023145 | delta: 0:30:18.327105 | avg: 0:01:26.587005
[22 of 50] DVA
Saved: /home/qcx201/Projects/daytrade/data/chart/chart-dva.json
Saved: /home/qcx201/Projects/daytrade/data/summary/summary-dva.json
<Response [200]> https://finance.yahoo.com/calendar/earnings/?symbol=DVA&offset=0&size=100
<Response [200]> https://finance.yahoo.com/calendar/earnings/?symbol=DVA&offset=100&size=100
<Response [200]> https://finance.yahoo.com/calendar/earnings/?symbol=DVA&offset=200&size=100
Sleeping 90.0 seconds...
<Response [200]> https://finance.yahoo.com/calendar/earnings/?symbol=DVA&offset=200&size=100
Sleeping 112.5 seconds...
<Response [200]> https://finance.yahoo.com/calendar/earnings/?symbol=DVA&offset=200&size=100
Saved: /home/qcx201/Projects/daytrade/data/earnings/earnings-dva.json
now: 2025-12-29 18:13:43.800656 | eta: 0:43:02.959260 | delta: 0:33:49.467987 | avg: 0:01:32.248545
[23 of 50] ENPH
Saved: /home/qcx201/Projects/daytrade/data/chart/chart-enph.json
Saved: /home/qcx201/Projects/daytrade/data/summary/summary-enph.json
<Response [200]> https://finance.yahoo.com/calendar/earnings/?symbol=ENPH&offset=0&size=100
<Response [200]> https://finance.yahoo.com/calendar/earnings/?symbol=ENPH&offset=100&size=100
Saved: /home/qcx201/Projects/daytrade/data/earnings/earnings-enph.json
now: 2025-12-29 18:13:46.599732 | eta: 0:39:45.704826 | delta: 0:33:52.267063 | avg: 0:01:28.359438
[24 of 50] FOUR
Saved: /home/qcx201/Projects/daytrade/data/chart/chart-four.json
Saved: /home/qcx201/Projects/daytrade/data/summary/summary-four.json
<Response [200]> https://finance.yahoo.com/calendar/earnings/?symbol=FOUR&offset=0&size=100
<Response [200]> https://finance.yahoo.com/calendar/earnings/?symbol=FOUR&offset=100&size=100
Saved: /home/qcx201/Projects/daytrade/data/earnings/earnings-four.json
now: 2025-12-29 18:13:49.774319 | eta: 0:36:45.061794 | delta: 0:33:55.441650 | avg: 0:01:24.810069
[25 of 50] AVT
Saved: /home/qcx201/Projects/daytrade/data/chart/chart-avt.json
Saved: /home/qcx201/Projects/daytrade/data/summary/summary-avt.json
<Response [200]> https://finance.yahoo.com/calendar/earnings/?symbol=AVT&offset=0&size=100
Sleeping 90.0 seconds...
<Response [200]> https://finance.yahoo.com/calendar/earnings/?symbol=AVT&offset=0&size=100
Sleeping 112.5 seconds...
<Response [200]> https://finance.yahoo.com/calendar/earnings/?symbol=AVT&offset=0&size=100
<Response [200]> https://finance.yahoo.com/calendar/earnings/?symbol=AVT&offset=100&size=100
<Response [200]> https://finance.yahoo.com/calendar/earnings/?symbol=AVT&offset=200&size=100
Saved: /home/qcx201/Projects/daytrade/data/earnings/earnings-avt.json
now: 2025-12-29 18:17:23.795043 | eta: 0:37:29.462375 | delta: 0:37:29.462374 | avg: 0:01:29.978495
[26 of 50] CUZ
Saved: /home/qcx201/Projects/daytrade/data/chart/chart-cuz.json
Saved: /home/qcx201/Projects/daytrade/data/summary/summary-cuz.json
<Response [200]> https://finance.yahoo.com/calendar/earnings/?symbol=CUZ&offset=0&size=100
<Response [200]> https://finance.yahoo.com/calendar/earnings/?symbol=CUZ&offset=100&size=100
Saved: /home/qcx201/Projects/daytrade/data/earnings/earnings-cuz.json
now: 2025-12-29 18:17:27.422338 | eta: 0:34:39.775080 | delta: 0:37:33.089669 | avg: 0:01:26.657295
[27 of 50] BBWI
Saved: /home/qcx201/Projects/daytrade/data/chart/chart-bbwi.json
Saved: /home/qcx201/Projects/daytrade/data/summary/summary-bbwi.json
<Response [200]> https://finance.yahoo.com/calendar/earnings/?symbol=BBWI&offset=0&size=100
Sleeping 90.0 seconds...
<Response [200]> https://finance.yahoo.com/calendar/earnings/?symbol=BBWI&offset=0&size=100
Sleeping 112.5 seconds...
<Response [200]> https://finance.yahoo.com/calendar/earnings/?symbol=BBWI&offset=0&size=100
<Response [200]> https://finance.yahoo.com/calendar/earnings/?symbol=BBWI&offset=100&size=100
<Response [200]> https://finance.yahoo.com/calendar/earnings/?symbol=BBWI&offset=200&size=100
Saved: /home/qcx201/Projects/daytrade/data/earnings/earnings-bbwi.json
now: 2025-12-29 18:20:59.934939 | eta: 0:35:00.327869 | delta: 0:41:05.602270 | avg: 0:01:31.318603
[28 of 50] ELF
Saved: /home/qcx201/Projects/daytrade/data/chart/chart-elf.json
Saved: /home/qcx201/Projects/daytrade/data/summary/summary-elf.json
<Response [200]> https://finance.yahoo.com/calendar/earnings/?symbol=ELF&offset=0&size=100
<Response [200]> https://finance.yahoo.com/calendar/earnings/?symbol=ELF&offset=100&size=100
Sleeping 90.0 seconds...
<Response [200]> https://finance.yahoo.com/calendar/earnings/?symbol=ELF&offset=100&size=100
Sleeping 112.5 seconds...
<Response [200]> https://finance.yahoo.com/calendar/earnings/?symbol=ELF&offset=100&size=100
Sleeping 135.0 seconds...
<Response [200]> https://finance.yahoo.com/calendar/earnings/?symbol=ELF&offset=100&size=100
Saved: /home/qcx201/Projects/daytrade/data/earnings/earnings-elf.json
now: 2025-12-29 18:26:48.720491 | eta: 0:36:51.304722 | delta: 0:46:54.387822 | avg: 0:01:40.513851
[29 of 50] PRMB
Saved: /home/qcx201/Projects/daytrade/data/chart/chart-prmb.json
Saved: /home/qcx201/Projects/daytrade/data/summary/summary-prmb.json
<Response [200]> https://finance.yahoo.com/calendar/earnings/?symbol=PRMB&offset=0&size=100
Sleeping 90.0 seconds...
<Response [200]> https://finance.yahoo.com/calendar/earnings/?symbol=PRMB&offset=0&size=100
Sleeping 112.5 seconds...
<Response [200]> https://finance.yahoo.com/calendar/earnings/?symbol=PRMB&offset=0&size=100
<Response [200]> https://finance.yahoo.com/calendar/earnings/?symbol=PRMB&offset=100&size=100
Saved: /home/qcx201/Projects/daytrade/data/earnings/earnings-prmb.json
now: 2025-12-29 18:30:16.387920 | eta: 0:36:28.384842 | delta: 0:50:22.055251 | avg: 0:01:44.208802
[30 of 50] AGO
Saved: /home/qcx201/Projects/daytrade/data/chart/chart-ago.json
Saved: /home/qcx201/Projects/daytrade/data/summary/summary-ago.json
<Response [200]> https://finance.yahoo.com/calendar/earnings/?symbol=AGO&offset=0&size=100
<Response [200]> https://finance.yahoo.com/calendar/earnings/?symbol=AGO&offset=100&size=100
Saved: /home/qcx201/Projects/daytrade/data/earnings/earnings-ago.json
now: 2025-12-29 18:30:19.360651 | eta: 0:33:36.685320 | delta: 0:50:25.027982 | avg: 0:01:40.834266
[31 of 50] AUR
Saved: /home/qcx201/Projects/daytrade/data/chart/chart-aur.json
Saved: /home/qcx201/Projects/daytrade/data/summary/summary-aur.json
<Response [200]> https://finance.yahoo.com/calendar/earnings/?symbol=AUR&offset=0&size=100
<Response [200]> https://finance.yahoo.com/calendar/earnings/?symbol=AUR&offset=100&size=100
Saved: /home/qcx201/Projects/daytrade/data/earnings/earnings-aur.json
now: 2025-12-29 18:30:21.797836 | eta: 0:30:55.543173 | delta: 0:50:27.465167 | avg: 0:01:37.660167
[32 of 50] JHG
Saved: /home/qcx201/Projects/daytrade/data/chart/chart-jhg.json
Saved: /home/qcx201/Projects/daytrade/data/summary/summary-jhg.json
<Response [200]> https://finance.yahoo.com/calendar/earnings/?symbol=JHG&offset=0&size=100
<Response [200]> https://finance.yahoo.com/calendar/earnings/?symbol=JHG&offset=100&size=100
Saved: /home/qcx201/Projects/daytrade/data/earnings/earnings-jhg.json
now: 2025-12-29 18:30:24.082568 | eta: 0:28:24.234312 | delta: 0:50:29.749899 | avg: 0:01:34.679684
[33 of 50] AM
Saved: /home/qcx201/Projects/daytrade/data/chart/chart-am.json
Saved: /home/qcx201/Projects/daytrade/data/summary/summary-am.json
<Response [200]> https://finance.yahoo.com/calendar/earnings/?symbol=AM&offset=0&size=100
<Response [200]> https://finance.yahoo.com/calendar/earnings/?symbol=AM&offset=100&size=100
Sleeping 90.0 seconds...
<Response [200]> https://finance.yahoo.com/calendar/earnings/?symbol=AM&offset=100&size=100
Sleeping 112.5 seconds...
<Response [200]> https://finance.yahoo.com/calendar/earnings/?symbol=AM&offset=100&size=100
Saved: /home/qcx201/Projects/daytrade/data/earnings/earnings-am.json
now: 2025-12-29 18:33:52.866472 | eta: 0:27:48.335596 | delta: 0:53:58.533803 | avg: 0:01:38.137388
[34 of 50] CHE
Saved: /home/qcx201/Projects/daytrade/data/chart/chart-che.json
Saved: /home/qcx201/Projects/daytrade/data/summary/summary-che.json
<Response [200]> https://finance.yahoo.com/calendar/earnings/?symbol=CHE&offset=0&size=100
<Response [200]> https://finance.yahoo.com/calendar/earnings/?symbol=CHE&offset=100&size=100
Saved: /home/qcx201/Projects/daytrade/data/earnings/earnings-che.json
now: 2025-12-29 18:33:56.836643 | eta: 0:25:25.884224 | delta: 0:54:02.503974 | avg: 0:01:35.367764
[35 of 50] KNX
Saved: /home/qcx201/Projects/daytrade/data/chart/chart-knx.json
Saved: /home/qcx201/Projects/daytrade/data/summary/summary-knx.json
<Response [200]> https://finance.yahoo.com/calendar/earnings/?symbol=KNX&offset=0&size=100
<Response [200]> https://finance.yahoo.com/calendar/earnings/?symbol=KNX&offset=100&size=100
<Response [200]> https://finance.yahoo.com/calendar/earnings/?symbol=KNX&offset=200&size=100
Saved: /home/qcx201/Projects/daytrade/data/earnings/earnings-knx.json
now: 2025-12-29 18:34:01.350477 | eta: 0:23:11.579055 | delta: 0:54:07.017808 | avg: 0:01:32.771937
[36 of 50] ALSN
Saved: /home/qcx201/Projects/daytrade/data/chart/chart-alsn.json
Saved: /home/qcx201/Projects/daytrade/data/summary/summary-alsn.json
<Response [200]> https://finance.yahoo.com/calendar/earnings/?symbol=ALSN&offset=0&size=100
Sleeping 90.0 seconds...
<Response [200]> https://finance.yahoo.com/calendar/earnings/?symbol=ALSN&offset=0&size=100
Sleeping 112.5 seconds...
<Response [200]> https://finance.yahoo.com/calendar/earnings/?symbol=ALSN&offset=0&size=100
<Response [200]> https://finance.yahoo.com/calendar/earnings/?symbol=ALSN&offset=100&size=100
Saved: /home/qcx201/Projects/daytrade/data/earnings/earnings-alsn.json
now: 2025-12-29 18:37:30.798252 | eta: 0:22:24.181062 | delta: 0:57:36.465583 | avg: 0:01:36.012933
[37 of 50] HALO
Saved: /home/qcx201/Projects/daytrade/data/chart/chart-halo.json
Saved: /home/qcx201/Projects/daytrade/data/summary/summary-halo.json
<Response [200]> https://finance.yahoo.com/calendar/earnings/?symbol=HALO&offset=0&size=100
<Response [200]> https://finance.yahoo.com/calendar/earnings/?symbol=HALO&offset=100&size=100
Saved: /home/qcx201/Projects/daytrade/data/earnings/earnings-halo.json
now: 2025-12-29 18:37:33.632028 | eta: 0:20:15.429501 | delta: 0:57:39.299359 | avg: 0:01:33.494577
[38 of 50] ROIV
Saved: /home/qcx201/Projects/daytrade/data/chart/chart-roiv.json
Saved: /home/qcx201/Projects/daytrade/data/summary/summary-roiv.json
<Response [200]> https://finance.yahoo.com/calendar/earnings/?symbol=ROIV&offset=0&size=100
<Response [200]> https://finance.yahoo.com/calendar/earnings/?symbol=ROIV&offset=100&size=100
Sleeping 90.0 seconds...
<Response [200]> https://finance.yahoo.com/calendar/earnings/?symbol=ROIV&offset=100&size=100
Sleeping 112.5 seconds...
<Response [200]> https://finance.yahoo.com/calendar/earnings/?symbol=ROIV&offset=100&size=100
Saved: /home/qcx201/Projects/daytrade/data/earnings/earnings-roiv.json
now: 2025-12-29 18:41:01.233824 | eta: 0:19:17.968788 | delta: 1:01:06.901155 | avg: 0:01:36.497399
[39 of 50] UGI
Saved: /home/qcx201/Projects/daytrade/data/chart/chart-ugi.json
Saved: /home/qcx201/Projects/daytrade/data/summary/summary-ugi.json
<Response [200]> https://finance.yahoo.com/calendar/earnings/?symbol=UGI&offset=0&size=100
<Response [200]> https://finance.yahoo.com/calendar/earnings/?symbol=UGI&offset=100&size=100
<Response [200]> https://finance.yahoo.com/calendar/earnings/?symbol=UGI&offset=200&size=100
Saved: /home/qcx201/Projects/daytrade/data/earnings/earnings-ugi.json
now: 2025-12-29 18:41:06.116387 | eta: 0:17:15.631300 | delta: 1:01:11.783718 | avg: 0:01:34.148300
[40 of 50] GNRC
Saved: /home/qcx201/Projects/daytrade/data/chart/chart-gnrc.json
Saved: /home/qcx201/Projects/daytrade/data/summary/summary-gnrc.json
<Response [200]> https://finance.yahoo.com/calendar/earnings/?symbol=GNRC&offset=0&size=100
<Response [200]> https://finance.yahoo.com/calendar/earnings/?symbol=GNRC&offset=100&size=100
Saved: /home/qcx201/Projects/daytrade/data/earnings/earnings-gnrc.json
now: 2025-12-29 18:41:08.322486 | eta: 0:15:18.497450 | delta: 1:01:13.989817 | avg: 0:01:31.849745
[41 of 50] ARE
Saved: /home/qcx201/Projects/daytrade/data/chart/chart-are.json
Saved: /home/qcx201/Projects/daytrade/data/summary/summary-are.json
<Response [200]> https://finance.yahoo.com/calendar/earnings/?symbol=ARE&offset=0&size=100
<Response [200]> https://finance.yahoo.com/calendar/earnings/?symbol=ARE&offset=100&size=100
Saved: /home/qcx201/Projects/daytrade/data/earnings/earnings-are.json
now: 2025-12-29 18:41:11.166673 | eta: 0:13:27.109902 | delta: 1:01:16.834004 | avg: 0:01:29.678878
[42 of 50] CFLT
Saved: /home/qcx201/Projects/daytrade/data/chart/chart-cflt.json
Saved: /home/qcx201/Projects/daytrade/data/summary/summary-cflt.json
<Response [200]> https://finance.yahoo.com/calendar/earnings/?symbol=CFLT&offset=0&size=100
<Response [200]> https://finance.yahoo.com/calendar/earnings/?symbol=CFLT&offset=100&size=100
Saved: /home/qcx201/Projects/daytrade/data/earnings/earnings-cflt.json
now: 2025-12-29 18:41:13.642477 | eta: 0:11:40.820912 | delta: 1:01:19.309808 | avg: 0:01:27.602614
[43 of 50] HSIC
Saved: /home/qcx201/Projects/daytrade/data/chart/chart-hsic.json
Saved: /home/qcx201/Projects/daytrade/data/summary/summary-hsic.json
<Response [200]> https://finance.yahoo.com/calendar/earnings/?symbol=HSIC&offset=0&size=100
Sleeping 90.0 seconds...
<Response [200]> https://finance.yahoo.com/calendar/earnings/?symbol=HSIC&offset=0&size=100
Sleeping 112.5 seconds...
<Response [200]> https://finance.yahoo.com/calendar/earnings/?symbol=HSIC&offset=0&size=100
<Response [200]> https://finance.yahoo.com/calendar/earnings/?symbol=HSIC&offset=100&size=100
<Response [200]> https://finance.yahoo.com/calendar/earnings/?symbol=HSIC&offset=200&size=100
Saved: /home/qcx201/Projects/daytrade/data/earnings/earnings-hsic.json
now: 2025-12-29 18:44:42.042937 | eta: 0:10:32.883069 | delta: 1:04:47.710268 | avg: 0:01:30.411867
[44 of 50] PAYC
Saved: /home/qcx201/Projects/daytrade/data/chart/chart-payc.json
Saved: /home/qcx201/Projects/daytrade/data/summary/summary-payc.json
<Response [200]> https://finance.yahoo.com/calendar/earnings/?symbol=PAYC&offset=0&size=100
<Response [200]> https://finance.yahoo.com/calendar/earnings/?symbol=PAYC&offset=100&size=100
Saved: /home/qcx201/Projects/daytrade/data/earnings/earnings-payc.json
now: 2025-12-29 18:44:44.452935 | eta: 0:08:50.470944 | delta: 1:04:50.120266 | avg: 0:01:28.411824
[45 of 50] RRC
Saved: /home/qcx201/Projects/daytrade/data/chart/chart-rrc.json
Saved: /home/qcx201/Projects/daytrade/data/summary/summary-rrc.json
<Response [200]> https://finance.yahoo.com/calendar/earnings/?symbol=RRC&offset=0&size=100
<Response [200]> https://finance.yahoo.com/calendar/earnings/?symbol=RRC&offset=100&size=100
<Response [200]> https://finance.yahoo.com/calendar/earnings/?symbol=RRC&offset=200&size=100
Sleeping 90.0 seconds...
<Response [200]> https://finance.yahoo.com/calendar/earnings/?symbol=RRC&offset=200&size=100
Saved: /home/qcx201/Projects/daytrade/data/earnings/earnings-rrc.json
now: 2025-12-29 18:46:20.444352 | eta: 0:07:22.901300 | delta: 1:06:26.111683 | avg: 0:01:28.580260
[46 of 50] AXS
Saved: /home/qcx201/Projects/daytrade/data/chart/chart-axs.json
Saved: /home/qcx201/Projects/daytrade/data/summary/summary-axs.json
<Response [200]> https://finance.yahoo.com/calendar/earnings/?symbol=AXS&offset=0&size=100
<Response [200]> https://finance.yahoo.com/calendar/earnings/?symbol=AXS&offset=100&size=100
Saved: /home/qcx201/Projects/daytrade/data/earnings/earnings-axs.json
now: 2025-12-29 18:46:22.900770 | eta: 0:05:46.832008 | delta: 1:06:28.568101 | avg: 0:01:26.708002
[47 of 50] AWI
Saved: /home/qcx201/Projects/daytrade/data/chart/chart-awi.json
Saved: /home/qcx201/Projects/daytrade/data/summary/summary-awi.json
<Response [200]> https://finance.yahoo.com/calendar/earnings/?symbol=AWI&offset=0&size=100
<Response [200]> https://finance.yahoo.com/calendar/earnings/?symbol=AWI&offset=100&size=100
Saved: /home/qcx201/Projects/daytrade/data/earnings/earnings-awi.json
now: 2025-12-29 18:46:25.425714 | eta: 0:04:14.750619 | delta: 1:06:31.093045 | avg: 0:01:24.916873
[48 of 50] AMG
Saved: /home/qcx201/Projects/daytrade/data/chart/chart-amg.json
Saved: /home/qcx201/Projects/daytrade/data/summary/summary-amg.json
<Response [200]> https://finance.yahoo.com/calendar/earnings/?symbol=AMG&offset=0&size=100
<Response [200]> https://finance.yahoo.com/calendar/earnings/?symbol=AMG&offset=100&size=100
<Response [200]> https://finance.yahoo.com/calendar/earnings/?symbol=AMG&offset=200&size=100
Sleeping 90.0 seconds...
<Response [200]> https://finance.yahoo.com/calendar/earnings/?symbol=AMG&offset=200&size=100
Saved: /home/qcx201/Projects/daytrade/data/earnings/earnings-amg.json
now: 2025-12-29 18:48:00.577998 | eta: 0:02:50.260222 | delta: 1:08:06.245329 | avg: 0:01:25.130111
[49 of 50] CAG
Saved: /home/qcx201/Projects/daytrade/data/chart/chart-cag.json
Saved: /home/qcx201/Projects/daytrade/data/summary/summary-cag.json
<Response [200]> https://finance.yahoo.com/calendar/earnings/?symbol=CAG&offset=0&size=100
<Response [200]> https://finance.yahoo.com/calendar/earnings/?symbol=CAG&offset=100&size=100
<Response [200]> https://finance.yahoo.com/calendar/earnings/?symbol=CAG&offset=200&size=100
Saved: /home/qcx201/Projects/daytrade/data/earnings/earnings-cag.json
now: 2025-12-29 18:48:05.206313 | eta: 0:01:23.487217 | delta: 1:08:10.873644 | avg: 0:01:23.487217
[50 of 50] CNH
Saved: /home/qcx201/Projects/daytrade/data/chart/chart-cnh.json
Saved: /home/qcx201/Projects/daytrade/data/summary/summary-cnh.json
<Response [200]> https://finance.yahoo.com/calendar/earnings/?symbol=CNH&offset=0&size=100
<Response [200]> https://finance.yahoo.com/calendar/earnings/?symbol=CNH&offset=100&size=100
Saved: /home/qcx201/Projects/daytrade/data/earnings/earnings-cnh.json
now: 2025-12-29 18:48:07.437833 | eta: 0:00:00 | delta: 1:08:13.105164 | avg: 0:01:21.862103
-- Complete --
