[1 of 50] RPRX
Saved: /home/qcx201/Projects/daytrade/data/chart/chart-rprx.json
Saved: /home/qcx201/Projects/daytrade/data/summary/summary-rprx.json
<Response [200]> https://finance.yahoo.com/calendar/earnings/?symbol=RPRX&offset=0&size=100
<Response [200]> https://finance.yahoo.com/calendar/earnings/?symbol=RPRX&offset=100&size=100
Saved: /home/qcx201/Projects/daytrade/data/earnings/earnings-rprx.json
now: 2025-12-29 17:39:57.826561 | eta: 0:03:34.657681 | delta: 0:00:04.380769 | avg: 0:00:04.380769
[2 of 50] PINS
Saved: /home/qcx201/Projects/daytrade/data/chart/chart-pins.json
Saved: /home/qcx201/Projects/daytrade/data/summary/summary-pins.json
<Response [200]> https://finance.yahoo.com/calendar/earnings/?symbol=PINS&offset=0&size=100
<Response [200]> https://finance.yahoo.com/calendar/earnings/?symbol=PINS&offset=100&size=100
Saved: /home/qcx201/Projects/daytrade/data/earnings/earnings-pins.json
now: 2025-12-29 17:40:02.039786 | eta: 0:03:26.255856 | delta: 0:00:08.593994 | avg: 0:00:04.296997
[3 of 50] JBHT
Saved: /home/qcx201/Projects/daytrade/data/chart/chart-jbht.json
Saved: /home/qcx201/Projects/daytrade/data/summary/summary-jbht.json
<Response [200]> https://finance.yahoo.com/calendar/earnings/?symbol=JBHT&offset=0&size=100
<Response [200]> https://finance.yahoo.com/calendar/earnings/?symbol=JBHT&offset=100&size=100
<Response [200]> https://finance.yahoo.com/calendar/earnings/?symbol=JBHT&offset=200&size=100
Saved: /home/qcx201/Projects/daytrade/data/earnings/earnings-jbht.json
now: 2025-12-29 17:40:10.825415 | eta: 0:04:32.280776 | delta: 0:00:17.379623 | avg: 0:00:05.793208
[4 of 50] DECK
Saved: /home/qcx201/Projects/daytrade/data/chart/chart-deck.json
Saved: /home/qcx201/Projects/daytrade/data/summary/summary-deck.json
<Response [200]> https://finance.yahoo.com/calendar/earnings/?symbol=DECK&offset=0&size=100
<Response [200]> https://finance.yahoo.com/calendar/earnings/?symbol=DECK&offset=100&size=100
Saved: /home/qcx201/Projects/daytrade/data/earnings/earnings-deck.json
now: 2025-12-29 17:40:17.085079 | eta: 0:04:31.851812 | delta: 0:00:23.639287 | avg: 0:00:05.909822
[5 of 50] FFIV
Saved: /home/qcx201/Projects/daytrade/data/chart/chart-ffiv.json
Saved: /home/qcx201/Projects/daytrade/data/summary/summary-ffiv.json
<Response [200]> https://finance.yahoo.com/calendar/earnings/?symbol=FFIV&offset=0&size=100
<Response [200]> https://finance.yahoo.com/calendar/earnings/?symbol=FFIV&offset=100&size=100
<Response [200]> https://finance.yahoo.com/calendar/earnings/?symbol=FFIV&offset=200&size=100
Saved: /home/qcx201/Projects/daytrade/data/earnings/earnings-ffiv.json
now: 2025-12-29 17:40:23.294745 | eta: 0:04:28.640595 | delta: 0:00:29.848953 | avg: 0:00:05.969791
[6 of 50] GEN
Saved: /home/qcx201/Projects/daytrade/data/chart/chart-gen.json
Saved: /home/qcx201/Projects/daytrade/data/summary/summary-gen.json
<Response [200]> https://finance.yahoo.com/calendar/earnings/?symbol=GEN&offset=0&size=100
Sleeping 90.0 seconds...
<Response [200]> https://finance.yahoo.com/calendar/earnings/?symbol=GEN&offset=0&size=100
Sleeping 112.5 seconds...
<Response [200]> https://finance.yahoo.com/calendar/earnings/?symbol=GEN&offset=0&size=100
<Response [200]> https://finance.yahoo.com/calendar/earnings/?symbol=GEN&offset=100&size=100
<Response [200]> https://finance.yahoo.com/calendar/earnings/?symbol=GEN&offset=200&size=100
Saved: /home/qcx201/Projects/daytrade/data/earnings/earnings-gen.json
now: 2025-12-29 17:43:56.975710 | eta: 0:29:45.886080 | delta: 0:04:03.529918 | avg: 0:00:40.588320
[7 of 50] ITT
Saved: /home/qcx201/Projects/daytrade/data/chart/chart-itt.json
Saved: /home/qcx201/Projects/daytrade/data/summary/summary-itt.json
<Response [200]> https://finance.yahoo.com/calendar/earnings/?symbol=ITT&offset=0&size=100
<Response [200]> https://finance.yahoo.com/calendar/earnings/?symbol=ITT&offset=100&size=100
<Response [200]> https://finance.yahoo.com/calendar/earnings/?symbol=ITT&offset=200&size=100
Saved: /home/qcx201/Projects/daytrade/data/earnings/earnings-itt.json
now: 2025-12-29 17:44:01.338947 | eta: 0:25:22.772244 | delta: 0:04:07.893155 | avg: 0:00:35.413308
[8 of 50] TKO
Saved: /home/qcx201/Projects/daytrade/data/chart/chart-tko.json
Saved: /home/qcx201/Projects/daytrade/data/summary/summary-tko.json
<Response [200]> https://finance.yahoo.com/calendar/earnings/?symbol=TKO&offset=0&size=100
Sleeping 90.0 seconds...
<Response [200]> https://finance.yahoo.com/calendar/earnings/?symbol=TKO&offset=0&size=100
Sleeping 112.5 seconds...
<Response [200]> https://finance.yahoo.com/calendar/earnings/?symbol=TKO&offset=0&size=100
<Response [200]> https://finance.yahoo.com/calendar/earnings/?symbol=TKO&offset=100&size=100
Saved: /home/qcx201/Projects/daytrade/data/earnings/earnings-tko.json
now: 2025-12-29 17:47:31.478367 | eta: 0:40:04.671024 | delta: 0:07:38.032575 | avg: 0:00:57.254072
[9 of 50] IEX
Saved: /home/qcx201/Projects/daytrade/data/chart/chart-iex.json
Saved: /home/qcx201/Projects/daytrade/data/summary/summary-iex.json
<Response [200]> https://finance.yahoo.com/calendar/earnings/?symbol=IEX&offset=0&size=100
<Response [200]> https://finance.yahoo.com/calendar/earnings/?symbol=IEX&offset=100&size=100
<Response [200]> https://finance.yahoo.com/calendar/earnings/?symbol=IEX&offset=200&size=100
Saved: /home/qcx201/Projects/daytrade/data/earnings/earnings-iex.json
now: 2025-12-29 17:47:37.917962 | eta: 0:35:15.928779 | delta: 0:07:44.472170 | avg: 0:00:51.608019
[10 of 50] FOXA
Saved: /home/qcx201/Projects/daytrade/data/chart/chart-foxa.json
Saved: /home/qcx201/Projects/daytrade/data/summary/summary-foxa.json
<Response [200]> https://finance.yahoo.com/calendar/earnings/?symbol=FOXA&offset=0&size=100
Sleeping 90.0 seconds...
<Response [200]> https://finance.yahoo.com/calendar/earnings/?symbol=FOXA&offset=0&size=100
Sleeping 112.5 seconds...
<Response [200]> https://finance.yahoo.com/calendar/earnings/?symbol=FOXA&offset=0&size=100
<Response [200]> https://finance.yahoo.com/calendar/earnings/?symbol=FOXA&offset=100&size=100
Saved: /home/qcx201/Projects/daytrade/data/earnings/earnings-foxa.json
now: 2025-12-29 17:51:09.190890 | eta: 0:45:02.980400 | delta: 0:11:15.745098 | avg: 0:01:07.574510
[11 of 50] JKHY
Saved: /home/qcx201/Projects/daytrade/data/chart/chart-jkhy.json
Saved: /home/qcx201/Projects/daytrade/data/summary/summary-jkhy.json
<Response [200]> https://finance.yahoo.com/calendar/earnings/?symbol=JKHY&offset=0&size=100
<Response [200]> https://finance.yahoo.com/calendar/earnings/?symbol=JKHY&offset=100&size=100
<Response [200]> https://finance.yahoo.com/calendar/earnings/?symbol=JKHY&offset=200&size=100
Saved: /home/qcx201/Projects/daytrade/data/earnings/earnings-jkhy.json
now: 2025-12-29 17:51:13.857146 | eta: 0:40:12.367542 | delta: 0:11:20.411354 | avg: 0:01:01.855578
[12 of 50] ACM
Saved: /home/qcx201/Projects/daytrade/data/chart/chart-acm.json
Saved: /home/qcx201/Projects/daytrade/data/summary/summary-acm.json
<Response [200]> https://finance.yahoo.com/calendar/earnings/?symbol=ACM&offset=0&size=100
Sleeping 90.0 seconds...
<Response [200]> https://finance.yahoo.com/calendar/earnings/?symbol=ACM&offset=0&size=100
Sleeping 112.5 seconds...
<Response [200]> https://finance.yahoo.com/calendar/earnings/?symbol=ACM&offset=0&size=100
<Response [200]> https://finance.yahoo.com/calendar/earnings/?symbol=ACM&offset=100&size=100
Saved: /home/qcx201/Projects/daytrade/data/earnings/earnings-acm.json
now: 2025-12-29 17:54:46.161943 | eta: 0:47:06.934494 | delta: 0:14:52.716151 | avg: 0:01:14.393013
[13 of 50] VIK
Saved: /home/qcx201/Projects/daytrade/data/chart/chart-vik.json
Saved: /home/qcx201/Projects/daytrade/data/summary/summary-vik.json
<Response [200]> https://finance.yahoo.com/calendar/earnings/?symbol=VIK&offset=0&size=100
<Response [200]> https://finance.yahoo.com/calendar/earnings/?symbol=VIK&offset=100&size=100
Saved: /home/qcx201/Projects/daytrade/data/earnings/earnings-vik.json
now: 2025-12-29 17:54:49.103827 | eta: 0:42:29.180564 | delta: 0:14:55.658035 | avg: 0:01:08.896772
[14 of 50] SF
Saved: /home/qcx201/Projects/daytrade/data/chart/chart-sf.json
Saved: /home/qcx201/Projects/daytrade/data/summary/summary-sf.json
<Response [200]> https://finance.yahoo.com/calendar/earnings/?symbol=SF&offset=0&size=100
<Response [200]> https://finance.yahoo.com/calendar/earnings/?symbol=SF&offset=100&size=100
Saved: /home/qcx201/Projects/daytrade/data/earnings/earnings-sf.json
now: 2025-12-29 17:54:52.115150 | eta: 0:38:30.864048 | delta: 0:14:58.669358 | avg: 0:01:04.190668
[15 of 50] OHI
Saved: /home/qcx201/Projects/daytrade/data/chart/chart-ohi.json
Saved: /home/qcx201/Projects/daytrade/data/summary/summary-ohi.json
<Response [200]> https://finance.yahoo.com/calendar/earnings/?symbol=OHI&offset=0&size=100
Sleeping 90.0 seconds...
<Response [200]> https://finance.yahoo.com/calendar/earnings/?symbol=OHI&offset=0&size=100
Sleeping 112.5 seconds...
<Response [200]> https://finance.yahoo.com/calendar/earnings/?symbol=OHI&offset=0&size=100
<Response [200]> https://finance.yahoo.com/calendar/earnings/?symbol=OHI&offset=100&size=100
Saved: /home/qcx201/Projects/daytrade/data/earnings/earnings-ohi.json
now: 2025-12-29 17:58:24.101128 | eta: 0:43:11.529115 | delta: 0:18:30.655336 | avg: 0:01:14.043689
[16 of 50] EVR
Saved: /home/qcx201/Projects/daytrade/data/chart/chart-evr.json
Saved: /home/qcx201/Projects/daytrade/data/summary/summary-evr.json
<Response [200]> https://finance.yahoo.com/calendar/earnings/?symbol=EVR&offset=0&size=100
Sleeping 90.0 seconds...
<Response [200]> https://finance.yahoo.com/calendar/earnings/?symbol=EVR&offset=0&size=100
Sleeping 112.5 seconds...
<Response [200]> https://finance.yahoo.com/calendar/earnings/?symbol=EVR&offset=0&size=100
Sleeping 135.0 seconds...
<Response [200]> https://finance.yahoo.com/calendar/earnings/?symbol=EVR&offset=0&size=100
<Response [200]> https://finance.yahoo.com/calendar/earnings/?symbol=EVR&offset=100&size=100
Saved: /home/qcx201/Projects/daytrade/data/earnings/earnings-evr.json
now: 2025-12-29 18:04:14.987183 | eta: 0:51:45.775458 | delta: 0:24:21.541391 | avg: 0:01:31.346337
[17 of 50] AKAM
Saved: /home/qcx201/Projects/daytrade/data/chart/chart-akam.json
Saved: /home/qcx201/Projects/daytrade/data/summary/summary-akam.json
<Response [200]> https://finance.yahoo.com/calendar/earnings/?symbol=AKAM&offset=0&size=100
<Response [200]> https://finance.yahoo.com/calendar/earnings/?symbol=AKAM&offset=100&size=100
<Response [200]> https://finance.yahoo.com/calendar/earnings/?symbol=AKAM&offset=200&size=100
Saved: /home/qcx201/Projects/daytrade/data/earnings/earnings-akam.json
now: 2025-12-29 18:04:18.853106 | eta: 0:47:24.614190 | delta: 0:24:25.407314 | avg: 0:01:26.200430
[18 of 50] TW
Saved: /home/qcx201/Projects/daytrade/data/chart/chart-tw.json
Saved: /home/qcx201/Projects/daytrade/data/summary/summary-tw.json
<Response [200]> https://finance.yahoo.com/calendar/earnings/?symbol=TW&offset=0&size=100
<Response [200]> https://finance.yahoo.com/calendar/earnings/?symbol=TW&offset=100&size=100
Saved: /home/qcx201/Projects/daytrade/data/earnings/earnings-tw.json
now: 2025-12-29 18:04:21.277746 | eta: 0:43:29.479040 | delta: 0:24:27.831954 | avg: 0:01:21.546220
[19 of 50] HST
Saved: /home/qcx201/Projects/daytrade/data/chart/chart-hst.json
Saved: /home/qcx201/Projects/daytrade/data/summary/summary-hst.json
<Response [200]> https://finance.yahoo.com/calendar/earnings/?symbol=HST&offset=0&size=100
Sleeping 90.0 seconds...
<Response [200]> https://finance.yahoo.com/calendar/earnings/?symbol=HST&offset=0&size=100
Sleeping 112.5 seconds...
<Response [200]> https://finance.yahoo.com/calendar/earnings/?symbol=HST&offset=0&size=100
Sleeping 135.0 seconds...
<Response [200]> https://finance.yahoo.com/calendar/earnings/?symbol=HST&offset=0&size=100
<Response [200]> https://finance.yahoo.com/calendar/earnings/?symbol=HST&offset=100&size=100
Saved: /home/qcx201/Projects/daytrade/data/earnings/earnings-hst.json
now: 2025-12-29 18:10:11.508926 | eta: 0:49:26.313523 | delta: 0:30:18.063134 | avg: 0:01:35.687533
[20 of 50] MEDP
Saved: /home/qcx201/Projects/daytrade/data/chart/chart-medp.json
Saved: /home/qcx201/Projects/daytrade/data/summary/summary-medp.json
<Response [200]> https://finance.yahoo.com/calendar/earnings/?symbol=MEDP&offset=0&size=100
<Response [200]> https://finance.yahoo.com/calendar/earnings/?symbol=MEDP&offset=100&size=100
Saved: /home/qcx201/Projects/daytrade/data/earnings/earnings-medp.json
now: 2025-12-29 18:10:13.812194 | eta: 0:45:30.549600 | delta: 0:30:20.366402 | avg: 0:01:31.018320
[21 of 50] ZBRA
Saved: /home/qcx201/Projects/daytrade/data/chart/chart-zbra.json
Saved: /home/qcx201/Projects/daytrade/data/summary/summary-zbra.json
<Response [200]> https://finance.yahoo.com/calendar/earnings/?symbol=ZBRA&offset=0&size=100
<Response [200]> https://finance.yahoo.com/calendar/earnings/?symbol=ZBRA&offset=100&size=100
<Response [200]> https://finance.yahoo.com/calendar/earnings/?symbol=ZBRA&offset=200&size=100
Sleeping 90.0 seconds...
<Response [200]> https://finance.yahoo.com/calendar/earnings/?symbol=ZBRA&offset=200&size=100
Sleeping 112.5 seconds...
<Response [200]> https://finance.yahoo.com/calendar/earnings/?symbol=ZBRA&offset=200&size=100
Saved: /home/qcx201/Projects/daytrade/data/earnings/earnings-zbra.json
now: 2025-12-29 18:13:43.349491 | eta: 0:46:43.200349 | delta: 0:33:49.903699 | avg: 0:01:36.662081
[22 of 50] REG
Saved: /home/qcx201/Projects/daytrade/data/chart/chart-reg.json
Saved: /home/qcx201/Projects/daytrade/data/summary/summary-reg.json
<Response [200]> https://finance.yahoo.com/calendar/earnings/?symbol=REG&offset=0&size=100
<Response [200]> https://finance.yahoo.com/calendar/earnings/?symbol=REG&offset=100&size=100
Saved: /home/qcx201/Projects/daytrade/data/earnings/earnings-reg.json
now: 2025-12-29 18:13:46.725040 | eta: 0:43:07.809952 | delta: 0:33:53.279248 | avg: 0:01:32.421784
[23 of 50] UHS
Saved: /home/qcx201/Projects/daytrade/data/chart/chart-uhs.json
Saved: /home/qcx201/Projects/daytrade/data/summary/summary-uhs.json
<Response [200]> https://finance.yahoo.com/calendar/earnings/?symbol=UHS&offset=0&size=100
<Response [200]> https://finance.yahoo.com/calendar/earnings/?symbol=UHS&offset=100&size=100
<Response [200]> https://finance.yahoo.com/calendar/earnings/?symbol=UHS&offset=200&size=100
Sleeping 90.0 seconds...
<Response [200]> https://finance.yahoo.com/calendar/earnings/?symbol=UHS&offset=200&size=100
Sleeping 112.5 seconds...
<Response [200]> https://finance.yahoo.com/calendar/earnings/?symbol=UHS&offset=200&size=100
Saved: /home/qcx201/Projects/daytrade/data/earnings/earnings-uhs.json
now: 2025-12-29 18:17:18.659006 | eta: 0:43:55.685082 | delta: 0:37:25.213214 | avg: 0:01:37.617966
[24 of 50] CF
Saved: /home/qcx201/Projects/daytrade/data/chart/chart-cf.json
Saved: /home/qcx201/Projects/daytrade/data/summary/summary-cf.json
<Response [200]> https://finance.yahoo.com/calendar/earnings/?symbol=CF&offset=0&size=100
<Response [200]> https://finance.yahoo.com/calendar/earnings/?symbol=CF&offset=100&size=100
Saved: /home/qcx201/Projects/daytrade/data/earnings/earnings-cf.json
now: 2025-12-29 18:17:21.361162 | eta: 0:40:35.241640 | delta: 0:37:27.915370 | avg: 0:01:33.663140
[25 of 50] EXEL
Saved: /home/qcx201/Projects/daytrade/data/chart/chart-exel.json
Saved: /home/qcx201/Projects/daytrade/data/summary/summary-exel.json
<Response [200]> https://finance.yahoo.com/calendar/earnings/?symbol=EXEL&offset=0&size=100
<Response [200]> https://finance.yahoo.com/calendar/earnings/?symbol=EXEL&offset=100&size=100
<Response [200]> https://finance.yahoo.com/calendar/earnings/?symbol=EXEL&offset=200&size=100
Saved: /home/qcx201/Projects/daytrade/data/earnings/earnings-exel.json
now: 2025-12-29 18:17:25.354155 | eta: 0:37:31.908375 | delta: 0:37:31.908363 | avg: 0:01:30.076335
[26 of 50] SCCO
Saved: /home/qcx201/Projects/daytrade/data/chart/chart-scco.json
Saved: /home/qcx201/Projects/daytrade/data/summary/summary-scco.json
<Response [200]> https://finance.yahoo.com/calendar/earnings/?symbol=SCCO&offset=0&size=100
<Response [200]> https://finance.yahoo.com/calendar/earnings/?symbol=SCCO&offset=100&size=100
Sleeping 90.0 seconds...
<Response [200]> https://finance.yahoo.com/calendar/earnings/?symbol=SCCO&offset=100&size=100
Sleeping 112.5 seconds...
<Response [200]> https://finance.yahoo.com/calendar/earnings/?symbol=SCCO&offset=100&size=100
Saved: /home/qcx201/Projects/daytrade/data/earnings/earnings-scco.json
now: 2025-12-29 18:20:56.676418 | eta: 0:37:53.751336 | delta: 0:41:03.230626 | avg: 0:01:34.739639
[27 of 50] IONS
Saved: /home/qcx201/Projects/daytrade/data/chart/chart-ions.json
Saved: /home/qcx201/Projects/daytrade/data/summary/summary-ions.json
<Response [200]> https://finance.yahoo.com/calendar/earnings/?symbol=IONS&offset=0&size=100
<Response [200]> https://finance.yahoo.com/calendar/earnings/?symbol=IONS&offset=100&size=100
<Response [200]> https://finance.yahoo.com/calendar/earnings/?symbol=IONS&offset=200&size=100
Saved: /home/qcx201/Projects/daytrade/data/earnings/earnings-ions.json
now: 2025-12-29 18:21:02.338163 | eta: 0:35:03.130534 | delta: 0:41:08.892371 | avg: 0:01:31.440458
[28 of 50] FHN
Saved: /home/qcx201/Projects/daytrade/data/chart/chart-fhn.json
Saved: /home/qcx201/Projects/daytrade/data/summary/summary-fhn.json
<Response [200]> https://finance.yahoo.com/calendar/earnings/?symbol=FHN&offset=0&size=100
Sleeping 90.0 seconds...
<Response [200]> https://finance.yahoo.com/calendar/earnings/?symbol=FHN&offset=0&size=100
Sleeping 112.5 seconds...
<Response [200]> https://finance.yahoo.com/calendar/earnings/?symbol=FHN&offset=0&size=100
Sleeping 135.0 seconds...
<Response [200]> https://finance.yahoo.com/calendar/earnings/?symbol=FHN&offset=0&size=100
<Response [200]> https://finance.yahoo.com/calendar/earnings/?symbol=FHN&offset=100&size=100
<Response [200]> https://finance.yahoo.com/calendar/earnings/?symbol=FHN&offset=200&size=100
Saved: /home/qcx201/Projects/daytrade/data/earnings/earnings-fhn.json
now: 2025-12-29 18:26:51.833637 | eta: 0:36:54.447598 | delta: 0:46:58.387845 | avg: 0:01:40.656709
[29 of 50] HII
Saved: /home/qcx201/Projects/daytrade/data/chart/chart-hii.json
Saved: /home/qcx201/Projects/daytrade/data/summary/summary-hii.json
<Response [200]> https://finance.yahoo.com/calendar/earnings/?symbol=HII&offset=0&size=100
<Response [200]> https://finance.yahoo.com/calendar/earnings/?symbol=HII&offset=100&size=100
Saved: /home/qcx201/Projects/daytrade/data/earnings/earnings-hii.json
now: 2025-12-29 18:26:54.175563 | eta: 0:34:02.597424 | delta: 0:47:00.729771 | avg: 0:01:37.266544
[30 of 50] MLI
Saved: /home/qcx201/Projects/daytrade/data/chart/chart-mli.json
Saved: /home/qcx201/Projects/daytrade/data/summary/summary-mli.json
<Response [200]> https://finance.yahoo.com/calendar/earnings/?symbol=MLI&offset=0&size=100
<Response [200]> https://finance.yahoo.com/calendar/earnings/?symbol=MLI&offset=100&size=100
Sleeping 90.0 seconds...
<Response [200]> https://finance.yahoo.com/calendar/earnings/?symbol=MLI&offset=100&size=100
Sleeping 112.5 seconds...
<Response [200]> https://finance.yahoo.com/calendar/earnings/?symbol=MLI&offset=100&size=100
Saved: /home/qcx201/Projects/daytrade/data/earnings/earnings-mli.json
now: 2025-12-29 18:30:22.421748 | eta: 0:33:39.317300 | delta: 0:50:28.975956 | avg: 0:01:40.965865
[31 of 50] BJ
Saved: /home/qcx201/Projects/daytrade/data/chart/chart-bj.json
Saved: /home/qcx201/Projects/daytrade/data/summary/summary-bj.json
<Response [200]> https://finance.yahoo.com/calendar/earnings/?symbol=BJ&offset=0&size=100
<Response [200]> https://finance.yahoo.com/calendar/earnings/?symbol=BJ&offset=100&size=100
Saved: /home/qcx201/Projects/daytrade/data/earnings/earnings-bj.json
now: 2025-12-29 18:30:24.624881 | eta: 0:30:57.819449 | delta: 0:50:31.179089 | avg: 0:01:37.779971
[32 of 50] ALLY
Saved: /home/qcx201/Projects/daytrade/data/chart/chart-ally.json
Saved: /home/qcx201/Projects/daytrade/data/summary/summary-ally.json
<Response [200]> https://finance.yahoo.com/calendar/earnings/?symbol=ALLY&offset=0&size=100
<Response [200]> https://finance.yahoo.com/calendar/earnings/?symbol=ALLY&offset=100&size=100
Sleeping 90.0 seconds...
<Response [200]> https://finance.yahoo.com/calendar/earnings/?symbol=ALLY&offset=100&size=100
Sleeping 112.5 seconds...
<Response [200]> https://finance.yahoo.com/calendar/earnings/?symbol=ALLY&offset=100&size=100
Sleeping 135.0 seconds...
<Response [200]> https://finance.yahoo.com/calendar/earnings/?symbol=ALLY&offset=100&size=100
Saved: /home/qcx201/Projects/daytrade/data/earnings/earnings-ally.json
now: 2025-12-29 18:36:10.131314 | eta: 0:31:39.385614 | delta: 0:56:16.685522 | avg: 0:01:45.521423
[33 of 50] RPM
Saved: /home/qcx201/Projects/daytrade/data/chart/chart-rpm.json
Saved: /home/qcx201/Projects/daytrade/data/summary/summary-rpm.json
<Response [200]> https://finance.yahoo.com/calendar/earnings/?symbol=RPM&offset=0&size=100
<Response [200]> https://finance.yahoo.com/calendar/earnings/?symbol=RPM&offset=100&size=100
<Response [200]> https://finance.yahoo.com/calendar/earnings/?symbol=RPM&offset=200&size=100
Saved: /home/qcx201/Projects/daytrade/data/earnings/earnings-rpm.json
now: 2025-12-29 18:36:14.703597 | eta: 0:29:01.860086 | delta: 0:56:21.257805 | avg: 0:01:42.462358
[34 of 50] ALLE
Saved: /home/qcx201/Projects/daytrade/data/chart/chart-alle.json
Saved: /home/qcx201/Projects/daytrade/data/summary/summary-alle.json
<Response [200]> https://finance.yahoo.com/calendar/earnings/?symbol=ALLE&offset=0&size=100
<Response [200]> https://finance.yahoo.com/calendar/earnings/?symbol=ALLE&offset=100&size=100
Saved: /home/qcx201/Projects/daytrade/data/earnings/earnings-alle.json
now: 2025-12-29 18:36:16.765483 | eta: 0:26:32.150448 | delta: 0:56:23.319691 | avg: 0:01:39.509403
[35 of 50] ENTG
Saved: /home/qcx201/Projects/daytrade/data/chart/chart-entg.json
Saved: /home/qcx201/Projects/daytrade/data/summary/summary-entg.json
<Response [200]> https://finance.yahoo.com/calendar/earnings/?symbol=ENTG&offset=0&size=100
<Response [200]> https://finance.yahoo.com/calendar/earnings/?symbol=ENTG&offset=100&size=100
<Response [200]> https://finance.yahoo.com/calendar/earnings/?symbol=ENTG&offset=200&size=100
Saved: /home/qcx201/Projects/daytrade/data/earnings/earnings-entg.json
now: 2025-12-29 18:36:20.214498 | eta: 0:24:11.472300 | delta: 0:56:26.768706 | avg: 0:01:36.764820
[36 of 50] MAS
Saved: /home/qcx201/Projects/daytrade/data/chart/chart-mas.json
Saved: /home/qcx201/Projects/daytrade/data/summary/summary-mas.json
<Response [200]> https://finance.yahoo.com/calendar/earnings/?symbol=MAS&offset=0&size=100
<Response [200]> https://finance.yahoo.com/calendar/earnings/?symbol=MAS&offset=100&size=100
<Response [200]> https://finance.yahoo.com/calendar/earnings/?symbol=MAS&offset=200&size=100
Saved: /home/qcx201/Projects/daytrade/data/earnings/earnings-mas.json
now: 2025-12-29 18:36:24.542754 | eta: 0:21:58.759932 | delta: 0:56:31.096962 | avg: 0:01:34.197138
[37 of 50] NTNX
Saved: /home/qcx201/Projects/daytrade/data/chart/chart-ntnx.json
Saved: /home/qcx201/Projects/daytrade/data/summary/summary-ntnx.json
<Response [200]> https://finance.yahoo.com/calendar/earnings/?symbol=NTNX&offset=0&size=100
<Response [200]> https://finance.yahoo.com/calendar/earnings/?symbol=NTNX&offset=100&size=100
Saved: /home/qcx201/Projects/daytrade/data/earnings/earnings-ntnx.json
now: 2025-12-29 18:36:26.747405 | eta: 0:19:52.241102 | delta: 0:56:33.301613 | avg: 0:01:31.710854
[38 of 50] RGA
Saved: /home/qcx201/Projects/daytrade/data/chart/chart-rga.json
Saved: /home/qcx201/Projects/daytrade/data/summary/summary-rga.json
<Response [200]> https://finance.yahoo.com/calendar/earnings/?symbol=RGA&offset=0&size=100
<Response [200]> https://finance.yahoo.com/calendar/earnings/?symbol=RGA&offset=100&size=100
<Response [200]> https://finance.yahoo.com/calendar/earnings/?symbol=RGA&offset=200&size=100
Saved: /home/qcx201/Projects/daytrade/data/earnings/earnings-rga.json
now: 2025-12-29 18:36:29.617686 | eta: 0:17:52.475340 | delta: 0:56:36.171894 | avg: 0:01:29.372945
[39 of 50] DPZ
Saved: /home/qcx201/Projects/daytrade/data/chart/chart-dpz.json
Saved: /home/qcx201/Projects/daytrade/data/summary/summary-dpz.json
<Response [200]> https://finance.yahoo.com/calendar/earnings/?symbol=DPZ&offset=0&size=100
<Response [200]> https://finance.yahoo.com/calendar/earnings/?symbol=DPZ&offset=100&size=100
Saved: /home/qcx201/Projects/daytrade/data/earnings/earnings-dpz.json
now: 2025-12-29 18:36:31.792148 | eta: 0:15:58.507946 | delta: 0:56:38.346356 | avg: 0:01:27.137086
[40 of 50] KIM
Saved: /home/qcx201/Projects/daytrade/data/chart/chart-kim.json
Saved: /home/qcx201/Projects/daytrade/data/summary/summary-kim.json
<Response [200]> https://finance.yahoo.com/calendar/earnings/?symbol=KIM&offset=0&size=100
<Response [200]> https://finance.yahoo.com/calendar/earnings/?symbol=KIM&offset=100&size=100
Saved: /home/qcx201/Projects/daytrade/data/earnings/earnings-kim.json
now: 2025-12-29 18:36:34.185365 | eta: 0:14:10.184890 | delta: 0:56:40.739573 | avg: 0:01:25.018489
[41 of 50] RL
Saved: /home/qcx201/Projects/daytrade/data/chart/chart-rl.json
Saved: /home/qcx201/Projects/daytrade/data/summary/summary-rl.json
<Response [200]> https://finance.yahoo.com/calendar/earnings/?symbol=RL&offset=0&size=100
<Response [200]> https://finance.yahoo.com/calendar/earnings/?symbol=RL&offset=100&size=100
<Response [200]> https://finance.yahoo.com/calendar/earnings/?symbol=RL&offset=200&size=100
Saved: /home/qcx201/Projects/daytrade/data/earnings/earnings-rl.json
now: 2025-12-29 18:36:37.446448 | eta: 0:12:27.219654 | delta: 0:56:44.000656 | avg: 0:01:23.024406
[42 of 50] QXO
Saved: /home/qcx201/Projects/daytrade/data/chart/chart-qxo.json
Saved: /home/qcx201/Projects/daytrade/data/summary/summary-qxo.json
<Response [200]> https://finance.yahoo.com/calendar/earnings/?symbol=QXO&offset=0&size=100
<Response [200]> https://finance.yahoo.com/calendar/earnings/?symbol=QXO&offset=100&size=100
Saved: /home/qcx201/Projects/daytrade/data/earnings/earnings-qxo.json
now: 2025-12-29 18:36:39.881530 | eta: 0:10:48.844904 | delta: 0:56:46.435738 | avg: 0:01:21.105613
[43 of 50] LECO
Saved: /home/qcx201/Projects/daytrade/data/chart/chart-leco.json
Saved: /home/qcx201/Projects/daytrade/data/summary/summary-leco.json
<Response [200]> https://finance.yahoo.com/calendar/earnings/?symbol=LECO&offset=0&size=100
<Response [200]> https://finance.yahoo.com/calendar/earnings/?symbol=LECO&offset=100&size=100
<Response [200]> https://finance.yahoo.com/calendar/earnings/?symbol=LECO&offset=200&size=100
Saved: /home/qcx201/Projects/daytrade/data/earnings/earnings-leco.json
now: 2025-12-29 18:36:43.267709 | eta: 0:09:15.087288 | delta: 0:56:49.821917 | avg: 0:01:19.298184
[44 of 50] UNM
Saved: /home/qcx201/Projects/daytrade/data/chart/chart-unm.json
Saved: /home/qcx201/Projects/daytrade/data/summary/summary-unm.json
<Response [200]> https://finance.yahoo.com/calendar/earnings/?symbol=UNM&offset=0&size=100
<Response [200]> https://finance.yahoo.com/calendar/earnings/?symbol=UNM&offset=100&size=100
<Response [200]> https://finance.yahoo.com/calendar/earnings/?symbol=UNM&offset=200&size=100
Saved: /home/qcx201/Projects/daytrade/data/earnings/earnings-unm.json
now: 2025-12-29 18:36:46.708364 | eta: 0:07:45.444894 | delta: 0:56:53.262572 | avg: 0:01:17.574149
[45 of 50] DKS
Saved: /home/qcx201/Projects/daytrade/data/chart/chart-dks.json
Saved: /home/qcx201/Projects/daytrade/data/summary/summary-dks.json
<Response [200]> https://finance.yahoo.com/calendar/earnings/?symbol=DKS&offset=0&size=100
<Response [200]> https://finance.yahoo.com/calendar/earnings/?symbol=DKS&offset=100&size=100
Saved: /home/qcx201/Projects/daytrade/data/earnings/earnings-dks.json
now: 2025-12-29 18:36:48.969035 | eta: 0:06:19.502585 | delta: 0:56:55.523243 | avg: 0:01:15.900517
[46 of 50] DT
Saved: /home/qcx201/Projects/daytrade/data/chart/chart-dt.json
Saved: /home/qcx201/Projects/daytrade/data/summary/summary-dt.json
<Response [200]> https://finance.yahoo.com/calendar/earnings/?symbol=DT&offset=0&size=100
<Response [200]> https://finance.yahoo.com/calendar/earnings/?symbol=DT&offset=100&size=100
Saved: /home/qcx201/Projects/daytrade/data/earnings/earnings-dt.json
now: 2025-12-29 18:36:50.827552 | eta: 0:04:57.163632 | delta: 0:56:57.381760 | avg: 0:01:14.290908
[47 of 50] NDSN
Saved: /home/qcx201/Projects/daytrade/data/chart/chart-ndsn.json
Saved: /home/qcx201/Projects/daytrade/data/summary/summary-ndsn.json
<Response [200]> https://finance.yahoo.com/calendar/earnings/?symbol=NDSN&offset=0&size=100
<Response [200]> https://finance.yahoo.com/calendar/earnings/?symbol=NDSN&offset=100&size=100
<Response [200]> https://finance.yahoo.com/calendar/earnings/?symbol=NDSN&offset=200&size=100
Saved: /home/qcx201/Projects/daytrade/data/earnings/earnings-ndsn.json
now: 2025-12-29 18:36:54.720306 | eta: 0:03:38.379225 | delta: 0:57:01.274514 | avg: 0:01:12.793075
[48 of 50] RNR
Saved: /home/qcx201/Projects/daytrade/data/chart/chart-rnr.json
Saved: /home/qcx201/Projects/daytrade/data/summary/summary-rnr.json
<Response [200]> https://finance.yahoo.com/calendar/earnings/?symbol=RNR&offset=0&size=100
<Response [200]> https://finance.yahoo.com/calendar/earnings/?symbol=RNR&offset=100&size=100
<Response [200]> https://finance.yahoo.com/calendar/earnings/?symbol=RNR&offset=200&size=100
Saved: /home/qcx201/Projects/daytrade/data/earnings/earnings-rnr.json
now: 2025-12-29 18:36:58.419397 | eta: 0:02:22.707234 | delta: 0:57:04.973605 | avg: 0:01:11.353617
[49 of 50] BBY
Saved: /home/qcx201/Projects/daytrade/data/chart/chart-bby.json
Saved: /home/qcx201/Projects/daytrade/data/summary/summary-bby.json
<Response [200]> https://finance.yahoo.com/calendar/earnings/?symbol=BBY&offset=0&size=100
<Response [200]> https://finance.yahoo.com/calendar/earnings/?symbol=BBY&offset=100&size=100
<Response [200]> https://finance.yahoo.com/calendar/earnings/?symbol=BBY&offset=200&size=100
Saved: /home/qcx201/Projects/daytrade/data/earnings/earnings-bby.json
now: 2025-12-29 18:37:01.723144 | eta: 0:01:09.964844 | delta: 0:57:08.277352 | avg: 0:01:09.964844
[50 of 50] BYD
Saved: /home/qcx201/Projects/daytrade/data/chart/chart-byd.json
Saved: /home/qcx201/Projects/daytrade/data/summary/summary-byd.json
<Response [200]> https://finance.yahoo.com/calendar/earnings/?symbol=BYD&offset=0&size=100
<Response [200]> https://finance.yahoo.com/calendar/earnings/?symbol=BYD&offset=100&size=100
<Response [200]> https://finance.yahoo.com/calendar/earnings/?symbol=BYD&offset=200&size=100
Saved: /home/qcx201/Projects/daytrade/data/earnings/earnings-byd.json
now: 2025-12-29 18:37:05.428075 | eta: 0:00:00 | delta: 0:57:11.982283 | avg: 0:01:08.639646
-- Complete --
