[1 of 50] LIN
Saved: /home/qcx201/Projects/daytrade/data/chart/chart-lin.json
Saved: /home/qcx201/Projects/daytrade/data/summary/summary-lin.json
<Response [200]> https://finance.yahoo.com/calendar/earnings/?symbol=LIN&offset=0&size=100
<Response [200]> https://finance.yahoo.com/calendar/earnings/?symbol=LIN&offset=100&size=100
<Response [200]> https://finance.yahoo.com/calendar/earnings/?symbol=LIN&offset=200&size=100
Saved: /home/qcx201/Projects/daytrade/data/earnings/earnings-lin.json
now: 2025-12-29 17:39:56.171188 | eta: 0:05:23.375794 | delta: 0:00:06.599506 | avg: 0:00:06.599506
[2 of 50] PEP
Saved: /home/qcx201/Projects/daytrade/data/chart/chart-pep.json
Saved: /home/qcx201/Projects/daytrade/data/summary/summary-pep.json
<Response [200]> https://finance.yahoo.com/calendar/earnings/?symbol=PEP&offset=0&size=100
<Response [200]> https://finance.yahoo.com/calendar/earnings/?symbol=PEP&offset=100&size=100
<Response [200]> https://finance.yahoo.com/calendar/earnings/?symbol=PEP&offset=200&size=100
Saved: /home/qcx201/Projects/daytrade/data/earnings/earnings-pep.json
now: 2025-12-29 17:40:04.550726 | eta: 0:05:59.497056 | delta: 0:00:14.979044 | avg: 0:00:07.489522
[3 of 50] QCOM
Saved: /home/qcx201/Projects/daytrade/data/chart/chart-qcom.json
Saved: /home/qcx201/Projects/daytrade/data/summary/summary-qcom.json
<Response [200]> https://finance.yahoo.com/calendar/earnings/?symbol=QCOM&offset=0&size=100
<Response [200]> https://finance.yahoo.com/calendar/earnings/?symbol=QCOM&offset=100&size=100
<Response [200]> https://finance.yahoo.com/calendar/earnings/?symbol=QCOM&offset=200&size=100
Saved: /home/qcx201/Projects/daytrade/data/earnings/earnings-qcom.json
now: 2025-12-29 17:40:14.224224 | eta: 0:06:26.223158 | delta: 0:00:24.652542 | avg: 0:00:08.217514
[4 of 50] INTU
Saved: /home/qcx201/Projects/daytrade/data/chart/chart-intu.json
Saved: /home/qcx201/Projects/daytrade/data/summary/summary-intu.json
<Response [200]> https://finance.yahoo.com/calendar/earnings/?symbol=INTU&offset=0&size=100
<Response [200]> https://finance.yahoo.com/calendar/earnings/?symbol=INTU&offset=100&size=100
<Response [200]> https://finance.yahoo.com/calendar/earnings/?symbol=INTU&offset=200&size=100
Saved: /home/qcx201/Projects/daytrade/data/earnings/earnings-intu.json
now: 2025-12-29 17:40:21.804543 | eta: 0:06:10.677890 | delta: 0:00:32.232861 | avg: 0:00:08.058215
[5 of 50] GEV
Saved: /home/qcx201/Projects/daytrade/data/chart/chart-gev.json
Saved: /home/qcx201/Projects/daytrade/data/summary/summary-gev.json
<Response [200]> https://finance.yahoo.com/calendar/earnings/?symbol=GEV&offset=0&size=100
<Response [200]> https://finance.yahoo.com/calendar/earnings/?symbol=GEV&offset=100&size=100
Saved: /home/qcx201/Projects/daytrade/data/earnings/earnings-gev.json
now: 2025-12-29 17:40:25.132904 | eta: 0:05:20.050980 | delta: 0:00:35.561222 | avg: 0:00:07.112244
[6 of 50] BKNG
Saved: /home/qcx201/Projects/daytrade/data/chart/chart-bkng.json
Saved: /home/qcx201/Projects/daytrade/data/summary/summary-bkng.json
<Response [200]> https://finance.yahoo.com/calendar/earnings/?symbol=BKNG&offset=0&size=100
Sleeping 90.0 seconds...
<Response [200]> https://finance.yahoo.com/calendar/earnings/?symbol=BKNG&offset=0&size=100
Sleeping 112.5 seconds...
<Response [200]> https://finance.yahoo.com/calendar/earnings/?symbol=BKNG&offset=0&size=100
<Response [200]> https://finance.yahoo.com/calendar/earnings/?symbol=BKNG&offset=100&size=100
<Response [200]> https://finance.yahoo.com/calendar/earnings/?symbol=BKNG&offset=200&size=100
Saved: /home/qcx201/Projects/daytrade/data/earnings/earnings-bkng.json
now: 2025-12-29 17:43:57.982556 | eta: 0:30:21.679728 | delta: 0:04:08.410874 | avg: 0:00:41.401812
[7 of 50] TJX
Saved: /home/qcx201/Projects/daytrade/data/chart/chart-tjx.json
Saved: /home/qcx201/Projects/daytrade/data/summary/summary-tjx.json
<Response [200]> https://finance.yahoo.com/calendar/earnings/?symbol=TJX&offset=0&size=100
<Response [200]> https://finance.yahoo.com/calendar/earnings/?symbol=TJX&offset=100&size=100
Sleeping 90.0 seconds...
<Response [200]> https://finance.yahoo.com/calendar/earnings/?symbol=TJX&offset=100&size=100
Sleeping 112.5 seconds...
<Response [200]> https://finance.yahoo.com/calendar/earnings/?symbol=TJX&offset=100&size=100
<Response [200]> https://finance.yahoo.com/calendar/earnings/?symbol=TJX&offset=200&size=100
Saved: /home/qcx201/Projects/daytrade/data/earnings/earnings-tjx.json
now: 2025-12-29 17:47:32.939351 | eta: 0:47:26.401383 | delta: 0:07:43.367669 | avg: 0:01:06.195381
[8 of 50] AMGN
Saved: /home/qcx201/Projects/daytrade/data/chart/chart-amgn.json
Saved: /home/qcx201/Projects/daytrade/data/summary/summary-amgn.json
<Response [200]> https://finance.yahoo.com/calendar/earnings/?symbol=AMGN&offset=0&size=100
<Response [200]> https://finance.yahoo.com/calendar/earnings/?symbol=AMGN&offset=100&size=100
<Response [200]> https://finance.yahoo.com/calendar/earnings/?symbol=AMGN&offset=200&size=100
Saved: /home/qcx201/Projects/daytrade/data/earnings/earnings-amgn.json
now: 2025-12-29 17:47:37.483089 | eta: 0:40:56.534892 | delta: 0:07:47.911407 | avg: 0:00:58.488926
[9 of 50] VZ
Saved: /home/qcx201/Projects/daytrade/data/chart/chart-vz.json
Saved: /home/qcx201/Projects/daytrade/data/summary/summary-vz.json
<Response [200]> https://finance.yahoo.com/calendar/earnings/?symbol=VZ&offset=0&size=100
Sleeping 90.0 seconds...
<Response [200]> https://finance.yahoo.com/calendar/earnings/?symbol=VZ&offset=0&size=100
<Response [200]> https://finance.yahoo.com/calendar/earnings/?symbol=VZ&offset=100&size=100
Sleeping 112.5 seconds...
<Response [200]> https://finance.yahoo.com/calendar/earnings/?symbol=VZ&offset=100&size=100
<Response [200]> https://finance.yahoo.com/calendar/earnings/?symbol=VZ&offset=200&size=100
Saved: /home/qcx201/Projects/daytrade/data/earnings/earnings-vz.json
now: 2025-12-29 17:51:10.452721 | eta: 0:51:41.791409 | delta: 0:11:20.881039 | avg: 0:01:15.653449
[10 of 50] T
Saved: /home/qcx201/Projects/daytrade/data/chart/chart-t.json
Saved: /home/qcx201/Projects/daytrade/data/summary/summary-t.json
<Response [200]> https://finance.yahoo.com/calendar/earnings/?symbol=T&offset=0&size=100
<Response [200]> https://finance.yahoo.com/calendar/earnings/?symbol=T&offset=100&size=100
<Response [200]> https://finance.yahoo.com/calendar/earnings/?symbol=T&offset=200&size=100
Saved: /home/qcx201/Projects/daytrade/data/earnings/earnings-t.json
now: 2025-12-29 17:51:14.663575 | eta: 0:45:40.367560 | delta: 0:11:25.091893 | avg: 0:01:08.509189
[11 of 50] APP
Saved: /home/qcx201/Projects/daytrade/data/chart/chart-app.json
Saved: /home/qcx201/Projects/daytrade/data/summary/summary-app.json
<Response [200]> https://finance.yahoo.com/calendar/earnings/?symbol=APP&offset=0&size=100
Sleeping 90.0 seconds...
<Response [200]> https://finance.yahoo.com/calendar/earnings/?symbol=APP&offset=0&size=100
Sleeping 112.5 seconds...
<Response [200]> https://finance.yahoo.com/calendar/earnings/?symbol=APP&offset=0&size=100
<Response [200]> https://finance.yahoo.com/calendar/earnings/?symbol=APP&offset=100&size=100
Saved: /home/qcx201/Projects/daytrade/data/earnings/earnings-app.json
now: 2025-12-29 17:54:46.582004 | eta: 0:53:00.309327 | delta: 0:14:57.010322 | avg: 0:01:21.546393
[12 of 50] ACN
Saved: /home/qcx201/Projects/daytrade/data/chart/chart-acn.json
Saved: /home/qcx201/Projects/daytrade/data/summary/summary-acn.json
<Response [200]> https://finance.yahoo.com/calendar/earnings/?symbol=ACN&offset=0&size=100
<Response [200]> https://finance.yahoo.com/calendar/earnings/?symbol=ACN&offset=100&size=100
Saved: /home/qcx201/Projects/daytrade/data/earnings/earnings-acn.json
now: 2025-12-29 17:54:50.084421 | eta: 0:47:31.623664 | delta: 0:15:00.512739 | avg: 0:01:15.042728
[13 of 50] SCHW
Saved: /home/qcx201/Projects/daytrade/data/chart/chart-schw.json
Saved: /home/qcx201/Projects/daytrade/data/summary/summary-schw.json
<Response [200]> https://finance.yahoo.com/calendar/earnings/?symbol=SCHW&offset=0&size=100
<Response [200]> https://finance.yahoo.com/calendar/earnings/?symbol=SCHW&offset=100&size=100
Sleeping 90.0 seconds...
<Response [200]> https://finance.yahoo.com/calendar/earnings/?symbol=SCHW&offset=100&size=100
Sleeping 112.5 seconds...
<Response [200]> https://finance.yahoo.com/calendar/earnings/?symbol=SCHW&offset=100&size=100
<Response [200]> https://finance.yahoo.com/calendar/earnings/?symbol=SCHW&offset=200&size=100
Saved: /home/qcx201/Projects/daytrade/data/earnings/earnings-schw.json
now: 2025-12-29 17:58:23.406870 | eta: 0:52:50.146310 | delta: 0:18:33.835188 | avg: 0:01:25.679630
[14 of 50] APH
Saved: /home/qcx201/Projects/daytrade/data/chart/chart-aph.json
Saved: /home/qcx201/Projects/daytrade/data/summary/summary-aph.json
<Response [200]> https://finance.yahoo.com/calendar/earnings/?symbol=APH&offset=0&size=100
Sleeping 90.0 seconds...
<Response [200]> https://finance.yahoo.com/calendar/earnings/?symbol=APH&offset=0&size=100
Sleeping 112.5 seconds...
<Response [200]> https://finance.yahoo.com/calendar/earnings/?symbol=APH&offset=0&size=100
Sleeping 135.0 seconds...
<Response [200]> https://finance.yahoo.com/calendar/earnings/?symbol=APH&offset=0&size=100
<Response [200]> https://finance.yahoo.com/calendar/earnings/?symbol=APH&offset=100&size=100
<Response [200]> https://finance.yahoo.com/calendar/earnings/?symbol=APH&offset=200&size=100
Saved: /home/qcx201/Projects/daytrade/data/earnings/earnings-aph.json
now: 2025-12-29 18:04:16.482237 | eta: 1:02:52.055700 | delta: 0:24:26.910555 | avg: 0:01:44.779325
[15 of 50] UBER
Saved: /home/qcx201/Projects/daytrade/data/chart/chart-uber.json
Saved: /home/qcx201/Projects/daytrade/data/summary/summary-uber.json
<Response [200]> https://finance.yahoo.com/calendar/earnings/?symbol=UBER&offset=0&size=100
<Response [200]> https://finance.yahoo.com/calendar/earnings/?symbol=UBER&offset=100&size=100
Saved: /home/qcx201/Projects/daytrade/data/earnings/earnings-uber.json
now: 2025-12-29 18:04:18.947763 | eta: 0:57:08.544175 | delta: 0:24:29.376081 | avg: 0:01:37.958405
[16 of 50] BLK
Saved: /home/qcx201/Projects/daytrade/data/chart/chart-blk.json
Saved: /home/qcx201/Projects/daytrade/data/summary/summary-blk.json
<Response [200]> https://finance.yahoo.com/calendar/earnings/?symbol=BLK&offset=0&size=100
<Response [200]> https://finance.yahoo.com/calendar/earnings/?symbol=BLK&offset=100&size=100
Saved: /home/qcx201/Projects/daytrade/data/earnings/earnings-blk.json
now: 2025-12-29 18:04:22.104210 | eta: 0:52:09.131622 | delta: 0:24:32.532528 | avg: 0:01:32.033283
[17 of 50] NEE
Saved: /home/qcx201/Projects/daytrade/data/chart/chart-nee.json
Saved: /home/qcx201/Projects/daytrade/data/summary/summary-nee.json
<Response [200]> https://finance.yahoo.com/calendar/earnings/?symbol=NEE&offset=0&size=100
Sleeping 90.0 seconds...
<Response [200]> https://finance.yahoo.com/calendar/earnings/?symbol=NEE&offset=0&size=100
Sleeping 112.5 seconds...
<Response [200]> https://finance.yahoo.com/calendar/earnings/?symbol=NEE&offset=0&size=100
Sleeping 135.0 seconds...
<Response [200]> https://finance.yahoo.com/calendar/earnings/?symbol=NEE&offset=0&size=100
<Response [200]> https://finance.yahoo.com/calendar/earnings/?symbol=NEE&offset=100&size=100
<Response [200]> https://finance.yahoo.com/calendar/earnings/?symbol=NEE&offset=200&size=100
Saved: /home/qcx201/Projects/daytrade/data/earnings/earnings-nee.json
now: 2025-12-29 18:10:13.056860 | eta: 0:58:59.706522 | delta: 0:30:23.485178 | avg: 0:01:47.263834
[18 of 50] KLAC
Saved: /home/qcx201/Projects/daytrade/data/chart/chart-klac.json
Saved: /home/qcx201/Projects/daytrade/data/summary/summary-klac.json
<Response [200]> https://finance.yahoo.com/calendar/earnings/?symbol=KLAC&offset=0&size=100
<Response [200]> https://finance.yahoo.com/calendar/earnings/?symbol=KLAC&offset=100&size=100
Sleeping 90.0 seconds...
<Response [200]> https://finance.yahoo.com/calendar/earnings/?symbol=KLAC&offset=100&size=100
Sleeping 112.5 seconds...
<Response [200]> https://finance.yahoo.com/calendar/earnings/?symbol=KLAC&offset=100&size=100
<Response [200]> https://finance.yahoo.com/calendar/earnings/?symbol=KLAC&offset=200&size=100
Saved: /home/qcx201/Projects/daytrade/data/earnings/earnings-klac.json
now: 2025-12-29 18:13:47.255498 | eta: 1:00:22.548992 | delta: 0:33:57.683816 | avg: 0:01:53.204656
[19 of 50] BA
Saved: /home/qcx201/Projects/daytrade/data/chart/chart-ba.json
Saved: /home/qcx201/Projects/daytrade/data/summary/summary-ba.json
<Response [200]> https://finance.yahoo.com/calendar/earnings/?symbol=BA&offset=0&size=100
<Response [200]> https://finance.yahoo.com/calendar/earnings/?symbol=BA&offset=100&size=100
<Response [200]> https://finance.yahoo.com/calendar/earnings/?symbol=BA&offset=200&size=100
Sleeping 90.0 seconds...
<Response [200]> https://finance.yahoo.com/calendar/earnings/?symbol=BA&offset=200&size=100
Sleeping 112.5 seconds...
<Response [200]> https://finance.yahoo.com/calendar/earnings/?symbol=BA&offset=200&size=100
Saved: /home/qcx201/Projects/daytrade/data/earnings/earnings-ba.json
now: 2025-12-29 18:17:18.933506 | eta: 1:01:10.011384 | delta: 0:37:29.361824 | avg: 0:01:58.387464
[20 of 50] TXN
Saved: /home/qcx201/Projects/daytrade/data/chart/chart-txn.json
Saved: /home/qcx201/Projects/daytrade/data/summary/summary-txn.json
<Response [200]> https://finance.yahoo.com/calendar/earnings/?symbol=TXN&offset=0&size=100
<Response [200]> https://finance.yahoo.com/calendar/earnings/?symbol=TXN&offset=100&size=100
<Response [200]> https://finance.yahoo.com/calendar/earnings/?symbol=TXN&offset=200&size=100
Saved: /home/qcx201/Projects/daytrade/data/earnings/earnings-txn.json
now: 2025-12-29 18:17:22.916196 | eta: 0:56:20.016780 | delta: 0:37:33.344514 | avg: 0:01:52.667226
[21 of 50] SPGI
Saved: /home/qcx201/Projects/daytrade/data/chart/chart-spgi.json
Saved: /home/qcx201/Projects/daytrade/data/summary/summary-spgi.json
<Response [200]> https://finance.yahoo.com/calendar/earnings/?symbol=SPGI&offset=0&size=100
<Response [200]> https://finance.yahoo.com/calendar/earnings/?symbol=SPGI&offset=100&size=100
<Response [200]> https://finance.yahoo.com/calendar/earnings/?symbol=SPGI&offset=200&size=100
Saved: /home/qcx201/Projects/daytrade/data/earnings/earnings-spgi.json
now: 2025-12-29 18:17:28.912953 | eta: 0:52:00.042720 | delta: 0:37:39.341271 | avg: 0:01:47.587680
[22 of 50] INTC
Saved: /home/qcx201/Projects/daytrade/data/chart/chart-intc.json
Saved: /home/qcx201/Projects/daytrade/data/summary/summary-intc.json
<Response [200]> https://finance.yahoo.com/calendar/earnings/?symbol=INTC&offset=0&size=100
Sleeping 90.0 seconds...
<Response [200]> https://finance.yahoo.com/calendar/earnings/?symbol=INTC&offset=0&size=100
Sleeping 112.5 seconds...
<Response [200]> https://finance.yahoo.com/calendar/earnings/?symbol=INTC&offset=0&size=100
<Response [200]> https://finance.yahoo.com/calendar/earnings/?symbol=INTC&offset=100&size=100
<Response [200]> https://finance.yahoo.com/calendar/earnings/?symbol=INTC&offset=200&size=100
Sleeping 135.0 seconds...
<Response [200]> https://finance.yahoo.com/calendar/earnings/?symbol=INTC&offset=200&size=100
Saved: /home/qcx201/Projects/daytrade/data/earnings/earnings-intc.json
now: 2025-12-29 18:23:21.334320 | eta: 0:55:24.061552 | delta: 0:43:31.762638 | avg: 0:01:58.716484
[23 of 50] NOW
Saved: /home/qcx201/Projects/daytrade/data/chart/chart-now.json
Saved: /home/qcx201/Projects/daytrade/data/summary/summary-now.json
<Response [200]> https://finance.yahoo.com/calendar/earnings/?symbol=NOW&offset=0&size=100
<Response [200]> https://finance.yahoo.com/calendar/earnings/?symbol=NOW&offset=100&size=100
Saved: /home/qcx201/Projects/daytrade/data/earnings/earnings-now.json
now: 2025-12-29 18:23:23.189272 | eta: 0:51:08.159769 | delta: 0:43:33.617590 | avg: 0:01:53.635547
[24 of 50] COF
Saved: /home/qcx201/Projects/daytrade/data/chart/chart-cof.json
Saved: /home/qcx201/Projects/daytrade/data/summary/summary-cof.json
<Response [200]> https://finance.yahoo.com/calendar/earnings/?symbol=COF&offset=0&size=100
<Response [200]> https://finance.yahoo.com/calendar/earnings/?symbol=COF&offset=100&size=100
<Response [200]> https://finance.yahoo.com/calendar/earnings/?symbol=COF&offset=200&size=100
Saved: /home/qcx201/Projects/daytrade/data/earnings/earnings-cof.json
now: 2025-12-29 18:23:26.152960 | eta: 0:47:14.629720 | delta: 0:43:36.581278 | avg: 0:01:49.024220
[25 of 50] GILD
Saved: /home/qcx201/Projects/daytrade/data/chart/chart-gild.json
Saved: /home/qcx201/Projects/daytrade/data/summary/summary-gild.json
<Response [200]> https://finance.yahoo.com/calendar/earnings/?symbol=GILD&offset=0&size=100
<Response [200]> https://finance.yahoo.com/calendar/earnings/?symbol=GILD&offset=100&size=100
<Response [200]> https://finance.yahoo.com/calendar/earnings/?symbol=GILD&offset=200&size=100
Saved: /home/qcx201/Projects/daytrade/data/earnings/earnings-gild.json
now: 2025-12-29 18:23:29.566791 | eta: 0:43:39.995100 | delta: 0:43:39.995109 | avg: 0:01:44.799804
[26 of 50] DHR
Saved: /home/qcx201/Projects/daytrade/data/chart/chart-dhr.json
Saved: /home/qcx201/Projects/daytrade/data/summary/summary-dhr.json
<Response [200]> https://finance.yahoo.com/calendar/earnings/?symbol=DHR&offset=0&size=100
<Response [200]> https://finance.yahoo.com/calendar/earnings/?symbol=DHR&offset=100&size=100
<Response [200]> https://finance.yahoo.com/calendar/earnings/?symbol=DHR&offset=200&size=100
Saved: /home/qcx201/Projects/daytrade/data/earnings/earnings-dhr.json
now: 2025-12-29 18:23:32.997200 | eta: 0:40:21.623544 | delta: 0:43:43.425518 | avg: 0:01:40.900981
[27 of 50] ADBE
Saved: /home/qcx201/Projects/daytrade/data/chart/chart-adbe.json
Saved: /home/qcx201/Projects/daytrade/data/summary/summary-adbe.json
<Response [200]> https://finance.yahoo.com/calendar/earnings/?symbol=ADBE&offset=0&size=100
<Response [200]> https://finance.yahoo.com/calendar/earnings/?symbol=ADBE&offset=100&size=100
<Response [200]> https://finance.yahoo.com/calendar/earnings/?symbol=ADBE&offset=200&size=100
Saved: /home/qcx201/Projects/daytrade/data/earnings/earnings-adbe.json
now: 2025-12-29 18:23:36.510992 | eta: 0:37:17.763127 | delta: 0:43:46.939310 | avg: 0:01:37.294049
[28 of 50] PFE
Saved: /home/qcx201/Projects/daytrade/data/chart/chart-pfe.json
Saved: /home/qcx201/Projects/daytrade/data/summary/summary-pfe.json
<Response [200]> https://finance.yahoo.com/calendar/earnings/?symbol=PFE&offset=0&size=100
<Response [200]> https://finance.yahoo.com/calendar/earnings/?symbol=PFE&offset=100&size=100
<Response [200]> https://finance.yahoo.com/calendar/earnings/?symbol=PFE&offset=200&size=100
Saved: /home/qcx201/Projects/daytrade/data/earnings/earnings-pfe.json
now: 2025-12-29 18:23:40.373371 | eta: 0:34:27.058466 | delta: 0:43:50.801689 | avg: 0:01:33.957203
[29 of 50] BSX
Saved: /home/qcx201/Projects/daytrade/data/chart/chart-bsx.json
Saved: /home/qcx201/Projects/daytrade/data/summary/summary-bsx.json
<Response [200]> https://finance.yahoo.com/calendar/earnings/?symbol=BSX&offset=0&size=100
<Response [200]> https://finance.yahoo.com/calendar/earnings/?symbol=BSX&offset=100&size=100
<Response [200]> https://finance.yahoo.com/calendar/earnings/?symbol=BSX&offset=200&size=100
Saved: /home/qcx201/Projects/daytrade/data/earnings/earnings-bsx.json
now: 2025-12-29 18:23:43.506725 | eta: 0:31:47.332266 | delta: 0:43:53.935043 | avg: 0:01:30.825346
[30 of 50] UNP
Saved: /home/qcx201/Projects/daytrade/data/chart/chart-unp.json
Saved: /home/qcx201/Projects/daytrade/data/summary/summary-unp.json
<Response [200]> https://finance.yahoo.com/calendar/earnings/?symbol=UNP&offset=0&size=100
<Response [200]> https://finance.yahoo.com/calendar/earnings/?symbol=UNP&offset=100&size=100
<Response [200]> https://finance.yahoo.com/calendar/earnings/?symbol=UNP&offset=200&size=100
Saved: /home/qcx201/Projects/daytrade/data/earnings/earnings-unp.json
now: 2025-12-29 18:23:47.881753 | eta: 0:29:18.873380 | delta: 0:43:58.310071 | avg: 0:01:27.943669
[31 of 50] ADI
Saved: /home/qcx201/Projects/daytrade/data/chart/chart-adi.json
Saved: /home/qcx201/Projects/daytrade/data/summary/summary-adi.json
<Response [200]> https://finance.yahoo.com/calendar/earnings/?symbol=ADI&offset=0&size=100
<Response [200]> https://finance.yahoo.com/calendar/earnings/?symbol=ADI&offset=100&size=100
<Response [200]> https://finance.yahoo.com/calendar/earnings/?symbol=ADI&offset=200&size=100
Saved: /home/qcx201/Projects/daytrade/data/earnings/earnings-adi.json
now: 2025-12-29 18:23:51.310928 | eta: 0:26:59.130505 | delta: 0:44:01.739246 | avg: 0:01:25.217395
[32 of 50] LOW
Saved: /home/qcx201/Projects/daytrade/data/chart/chart-low.json
Saved: /home/qcx201/Projects/daytrade/data/summary/summary-low.json
<Response [200]> https://finance.yahoo.com/calendar/earnings/?symbol=LOW&offset=0&size=100
<Response [200]> https://finance.yahoo.com/calendar/earnings/?symbol=LOW&offset=100&size=100
<Response [200]> https://finance.yahoo.com/calendar/earnings/?symbol=LOW&offset=200&size=100
Saved: /home/qcx201/Projects/daytrade/data/earnings/earnings-low.json
now: 2025-12-29 18:23:54.923285 | eta: 0:24:48.010284 | delta: 0:44:05.351603 | avg: 0:01:22.667238
[33 of 50] ANET
Saved: /home/qcx201/Projects/daytrade/data/chart/chart-anet.json
Saved: /home/qcx201/Projects/daytrade/data/summary/summary-anet.json
<Response [200]> https://finance.yahoo.com/calendar/earnings/?symbol=ANET&offset=0&size=100
<Response [200]> https://finance.yahoo.com/calendar/earnings/?symbol=ANET&offset=100&size=100
Saved: /home/qcx201/Projects/daytrade/data/earnings/earnings-anet.json
now: 2025-12-29 18:23:56.888924 | eta: 0:22:43.769495 | delta: 0:44:07.317242 | avg: 0:01:20.221735
[34 of 50] PGR
Saved: /home/qcx201/Projects/daytrade/data/chart/chart-pgr.json
Saved: /home/qcx201/Projects/daytrade/data/summary/summary-pgr.json
<Response [200]> https://finance.yahoo.com/calendar/earnings/?symbol=PGR&offset=0&size=100
<Response [200]> https://finance.yahoo.com/calendar/earnings/?symbol=PGR&offset=100&size=100
<Response [200]> https://finance.yahoo.com/calendar/earnings/?symbol=PGR&offset=200&size=100
Saved: /home/qcx201/Projects/daytrade/data/earnings/earnings-pgr.json
now: 2025-12-29 18:24:03.240077 | eta: 0:20:48.785120 | delta: 0:44:13.668395 | avg: 0:01:18.049070
[35 of 50] HON
Saved: /home/qcx201/Projects/daytrade/data/chart/chart-hon.json
Saved: /home/qcx201/Projects/daytrade/data/summary/summary-hon.json
<Response [200]> https://finance.yahoo.com/calendar/earnings/?symbol=HON&offset=0&size=100
<Response [200]> https://finance.yahoo.com/calendar/earnings/?symbol=HON&offset=100&size=100
Saved: /home/qcx201/Projects/daytrade/data/earnings/earnings-hon.json
now: 2025-12-29 18:24:06.098498 | eta: 0:18:58.511490 | delta: 0:44:16.526816 | avg: 0:01:15.900766
[36 of 50] ETN
Saved: /home/qcx201/Projects/daytrade/data/chart/chart-etn.json
Saved: /home/qcx201/Projects/daytrade/data/summary/summary-etn.json
<Response [200]> https://finance.yahoo.com/calendar/earnings/?symbol=ETN&offset=0&size=100
<Response [200]> https://finance.yahoo.com/calendar/earnings/?symbol=ETN&offset=100&size=100
<Response [200]> https://finance.yahoo.com/calendar/earnings/?symbol=ETN&offset=200&size=100
Saved: /home/qcx201/Projects/daytrade/data/earnings/earnings-etn.json
now: 2025-12-29 18:24:10.112703 | eta: 0:17:14.654838 | delta: 0:44:20.541021 | avg: 0:01:13.903917
[37 of 50] PANW
Saved: /home/qcx201/Projects/daytrade/data/chart/chart-panw.json
Saved: /home/qcx201/Projects/daytrade/data/summary/summary-panw.json
<Response [200]> https://finance.yahoo.com/calendar/earnings/?symbol=PANW&offset=0&size=100
<Response [200]> https://finance.yahoo.com/calendar/earnings/?symbol=PANW&offset=100&size=100
Saved: /home/qcx201/Projects/daytrade/data/earnings/earnings-panw.json
now: 2025-12-29 18:24:11.949109 | eta: 0:15:35.429911 | delta: 0:44:22.377427 | avg: 0:01:11.956147
[38 of 50] WELL
Saved: /home/qcx201/Projects/daytrade/data/chart/chart-well.json
Saved: /home/qcx201/Projects/daytrade/data/summary/summary-well.json
<Response [200]> https://finance.yahoo.com/calendar/earnings/?symbol=WELL&offset=0&size=100
<Response [200]> https://finance.yahoo.com/calendar/earnings/?symbol=WELL&offset=100&size=100
Saved: /home/qcx201/Projects/daytrade/data/earnings/earnings-well.json
now: 2025-12-29 18:24:14.368619 | eta: 0:14:01.514820 | delta: 0:44:24.796937 | avg: 0:01:10.126235
[39 of 50] MDT
Saved: /home/qcx201/Projects/daytrade/data/chart/chart-mdt.json
Saved: /home/qcx201/Projects/daytrade/data/summary/summary-mdt.json
<Response [200]> https://finance.yahoo.com/calendar/earnings/?symbol=MDT&offset=0&size=100
<Response [200]> https://finance.yahoo.com/calendar/earnings/?symbol=MDT&offset=100&size=100
<Response [200]> https://finance.yahoo.com/calendar/earnings/?symbol=MDT&offset=200&size=100
Saved: /home/qcx201/Projects/daytrade/data/earnings/earnings-mdt.json
now: 2025-12-29 18:24:18.037277 | eta: 0:12:32.644145 | delta: 0:44:28.465595 | avg: 0:01:08.422195
[40 of 50] SYK
Saved: /home/qcx201/Projects/daytrade/data/chart/chart-syk.json
Saved: /home/qcx201/Projects/daytrade/data/summary/summary-syk.json
<Response [200]> https://finance.yahoo.com/calendar/earnings/?symbol=SYK&offset=0&size=100
Sleeping 90.0 seconds...
<Response [200]> https://finance.yahoo.com/calendar/earnings/?symbol=SYK&offset=0&size=100
Sleeping 112.5 seconds...
<Response [200]> https://finance.yahoo.com/calendar/earnings/?symbol=SYK&offset=0&size=100
Sleeping 135.0 seconds...
<Response [200]> https://finance.yahoo.com/calendar/earnings/?symbol=SYK&offset=0&size=100
<Response [200]> https://finance.yahoo.com/calendar/earnings/?symbol=SYK&offset=100&size=100
<Response [200]> https://finance.yahoo.com/calendar/earnings/?symbol=SYK&offset=200&size=100
Saved: /home/qcx201/Projects/daytrade/data/earnings/earnings-syk.json
now: 2025-12-29 18:30:04.492814 | eta: 0:12:33.730280 | delta: 0:50:14.921132 | avg: 0:01:15.373028
[41 of 50] PLD
Saved: /home/qcx201/Projects/daytrade/data/chart/chart-pld.json
Saved: /home/qcx201/Projects/daytrade/data/summary/summary-pld.json
<Response [200]> https://finance.yahoo.com/calendar/earnings/?symbol=PLD&offset=0&size=100
<Response [200]> https://finance.yahoo.com/calendar/earnings/?symbol=PLD&offset=100&size=100
Saved: /home/qcx201/Projects/daytrade/data/earnings/earnings-pld.json
now: 2025-12-29 18:30:07.126613 | eta: 0:11:02.390109 | delta: 0:50:17.554931 | avg: 0:01:13.598901
[42 of 50] VRTX
Saved: /home/qcx201/Projects/daytrade/data/chart/chart-vrtx.json
Saved: /home/qcx201/Projects/daytrade/data/summary/summary-vrtx.json
<Response [200]> https://finance.yahoo.com/calendar/earnings/?symbol=VRTX&offset=0&size=100
<Response [200]> https://finance.yahoo.com/calendar/earnings/?symbol=VRTX&offset=100&size=100
Saved: /home/qcx201/Projects/daytrade/data/earnings/earnings-vrtx.json
now: 2025-12-29 18:30:09.711737 | eta: 0:09:35.264776 | delta: 0:50:20.140055 | avg: 0:01:11.908097
[43 of 50] CRWD
Saved: /home/qcx201/Projects/daytrade/data/chart/chart-crwd.json
Saved: /home/qcx201/Projects/daytrade/data/summary/summary-crwd.json
<Response [200]> https://finance.yahoo.com/calendar/earnings/?symbol=CRWD&offset=0&size=100
<Response [200]> https://finance.yahoo.com/calendar/earnings/?symbol=CRWD&offset=100&size=100
Saved: /home/qcx201/Projects/daytrade/data/earnings/earnings-crwd.json
now: 2025-12-29 18:30:11.704960 | eta: 0:08:11.975183 | delta: 0:50:22.133278 | avg: 0:01:10.282169
[44 of 50] COP
Saved: /home/qcx201/Projects/daytrade/data/chart/chart-cop.json
Saved: /home/qcx201/Projects/daytrade/data/summary/summary-cop.json
<Response [200]> https://finance.yahoo.com/calendar/earnings/?symbol=COP&offset=0&size=100
<Response [200]> https://finance.yahoo.com/calendar/earnings/?symbol=COP&offset=100&size=100
<Response [200]> https://finance.yahoo.com/calendar/earnings/?symbol=COP&offset=200&size=100
Saved: /home/qcx201/Projects/daytrade/data/earnings/earnings-cop.json
now: 2025-12-29 18:30:15.342396 | eta: 0:06:52.605096 | delta: 0:50:25.770714 | avg: 0:01:08.767516
[45 of 50] PH
Saved: /home/qcx201/Projects/daytrade/data/chart/chart-ph.json
Saved: /home/qcx201/Projects/daytrade/data/summary/summary-ph.json
<Response [200]> https://finance.yahoo.com/calendar/earnings/?symbol=PH&offset=0&size=100
<Response [200]> https://finance.yahoo.com/calendar/earnings/?symbol=PH&offset=100&size=100
<Response [200]> https://finance.yahoo.com/calendar/earnings/?symbol=PH&offset=200&size=100
Saved: /home/qcx201/Projects/daytrade/data/earnings/earnings-ph.json
now: 2025-12-29 18:30:19.145932 | eta: 0:05:36.619360 | delta: 0:50:29.574250 | avg: 0:01:07.323872
[46 of 50] CEG
Saved: /home/qcx201/Projects/daytrade/data/chart/chart-ceg.json
Saved: /home/qcx201/Projects/daytrade/data/summary/summary-ceg.json
<Response [200]> https://finance.yahoo.com/calendar/earnings/?symbol=CEG&offset=0&size=100
<Response [200]> https://finance.yahoo.com/calendar/earnings/?symbol=CEG&offset=100&size=100
Saved: /home/qcx201/Projects/daytrade/data/earnings/earnings-ceg.json
now: 2025-12-29 18:30:21.765279 | eta: 0:04:23.669008 | delta: 0:50:32.193597 | avg: 0:01:05.917252
[47 of 50] DE
Saved: /home/qcx201/Projects/daytrade/data/chart/chart-de.json
Saved: /home/qcx201/Projects/daytrade/data/summary/summary-de.json
<Response [200]> https://finance.yahoo.com/calendar/earnings/?symbol=DE&offset=0&size=100
<Response [200]> https://finance.yahoo.com/calendar/earnings/?symbol=DE&offset=100&size=100
<Response [200]> https://finance.yahoo.com/calendar/earnings/?symbol=DE&offset=200&size=100
Sleeping 90.0 seconds...
<Response [200]> https://finance.yahoo.com/calendar/earnings/?symbol=DE&offset=200&size=100
Sleeping 112.5 seconds...
<Response [200]> https://finance.yahoo.com/calendar/earnings/?symbol=DE&offset=200&size=100
Saved: /home/qcx201/Projects/daytrade/data/earnings/earnings-de.json
now: 2025-12-29 18:33:52.752819 | eta: 0:03:27.011562 | delta: 0:54:03.181137 | avg: 0:01:09.003854
[48 of 50] CB
Saved: /home/qcx201/Projects/daytrade/data/chart/chart-cb.json
Saved: /home/qcx201/Projects/daytrade/data/summary/summary-cb.json
<Response [200]> https://finance.yahoo.com/calendar/earnings/?symbol=CB&offset=0&size=100
<Response [200]> https://finance.yahoo.com/calendar/earnings/?symbol=CB&offset=100&size=100
<Response [200]> https://finance.yahoo.com/calendar/earnings/?symbol=CB&offset=200&size=100
Saved: /home/qcx201/Projects/daytrade/data/earnings/earnings-cb.json
now: 2025-12-29 18:33:57.053763 | eta: 0:02:15.311754 | delta: 0:54:07.482081 | avg: 0:01:07.655877
[49 of 50] BX
Saved: /home/qcx201/Projects/daytrade/data/chart/chart-bx.json
Saved: /home/qcx201/Projects/daytrade/data/summary/summary-bx.json
<Response [200]> https://finance.yahoo.com/calendar/earnings/?symbol=BX&offset=0&size=100
<Response [200]> https://finance.yahoo.com/calendar/earnings/?symbol=BX&offset=100&size=100
Saved: /home/qcx201/Projects/daytrade/data/earnings/earnings-bx.json
now: 2025-12-29 18:33:59.854402 | eta: 0:01:06.332300 | delta: 0:54:10.282720 | avg: 0:01:06.332300
[50 of 50] NEM
Saved: /home/qcx201/Projects/daytrade/data/chart/chart-nem.json
Saved: /home/qcx201/Projects/daytrade/data/summary/summary-nem.json
<Response [200]> https://finance.yahoo.com/calendar/earnings/?symbol=NEM&offset=0&size=100
<Response [200]> https://finance.yahoo.com/calendar/earnings/?symbol=NEM&offset=100&size=100
Sleeping 90.0 seconds...
<Response [200]> https://finance.yahoo.com/calendar/earnings/?symbol=NEM&offset=100&size=100
Sleeping 112.5 seconds...
<Response [200]> https://finance.yahoo.com/calendar/earnings/?symbol=NEM&offset=100&size=100
<Response [200]> https://finance.yahoo.com/calendar/earnings/?symbol=NEM&offset=200&size=100
Saved: /home/qcx201/Projects/daytrade/data/earnings/earnings-nem.json
now: 2025-12-29 18:37:31.579734 | eta: 0:00:00 | delta: 0:57:42.008052 | avg: 0:01:09.240161
-- Complete --
