[1 of 50] PEGA
Saved: /home/qcx201/Projects/daytrade/data/chart/chart-pega.json
Saved: /home/qcx201/Projects/daytrade/data/summary/summary-pega.json
<Response [200]> https://finance.yahoo.com/calendar/earnings/?symbol=PEGA&offset=0&size=100
<Response [200]> https://finance.yahoo.com/calendar/earnings/?symbol=PEGA&offset=100&size=100
<Response [200]> https://finance.yahoo.com/calendar/earnings/?symbol=PEGA&offset=200&size=100
Saved: /home/qcx201/Projects/daytrade/data/earnings/earnings-pega.json
now: 2025-12-29 17:40:00.022046 | eta: 0:05:00.649496 | delta: 0:00:06.135704 | avg: 0:00:06.135704
[2 of 50] TKR
Saved: /home/qcx201/Projects/daytrade/data/chart/chart-tkr.json
Saved: /home/qcx201/Projects/daytrade/data/summary/summary-tkr.json
<Response [200]> https://finance.yahoo.com/calendar/earnings/?symbol=TKR&offset=0&size=100
<Response [200]> https://finance.yahoo.com/calendar/earnings/?symbol=TKR&offset=100&size=100
<Response [200]> https://finance.yahoo.com/calendar/earnings/?symbol=TKR&offset=200&size=100
Saved: /home/qcx201/Projects/daytrade/data/earnings/earnings-tkr.json
now: 2025-12-29 17:40:10.315522 | eta: 0:06:34.300320 | delta: 0:00:16.429180 | avg: 0:00:08.214590
[3 of 50] ETSY
Saved: /home/qcx201/Projects/daytrade/data/chart/chart-etsy.json
Saved: /home/qcx201/Projects/daytrade/data/summary/summary-etsy.json
<Response [200]> https://finance.yahoo.com/calendar/earnings/?symbol=ETSY&offset=0&size=100
<Response [200]> https://finance.yahoo.com/calendar/earnings/?symbol=ETSY&offset=100&size=100
Saved: /home/qcx201/Projects/daytrade/data/earnings/earnings-etsy.json
now: 2025-12-29 17:40:14.916449 | eta: 0:05:29.471692 | delta: 0:00:21.030107 | avg: 0:00:07.010036
[4 of 50] RLI
Saved: /home/qcx201/Projects/daytrade/data/chart/chart-rli.json
Saved: /home/qcx201/Projects/daytrade/data/summary/summary-rli.json
<Response [200]> https://finance.yahoo.com/calendar/earnings/?symbol=RLI&offset=0&size=100
<Response [200]> https://finance.yahoo.com/calendar/earnings/?symbol=RLI&offset=100&size=100
<Response [200]> https://finance.yahoo.com/calendar/earnings/?symbol=RLI&offset=200&size=100
Saved: /home/qcx201/Projects/daytrade/data/earnings/earnings-rli.json
now: 2025-12-29 17:40:21.200010 | eta: 0:05:14.107182 | delta: 0:00:27.313668 | avg: 0:00:06.828417
[5 of 50] FCN
Saved: /home/qcx201/Projects/daytrade/data/chart/chart-fcn.json
Saved: /home/qcx201/Projects/daytrade/data/summary/summary-fcn.json
<Response [200]> https://finance.yahoo.com/calendar/earnings/?symbol=FCN&offset=0&size=100
<Response [200]> https://finance.yahoo.com/calendar/earnings/?symbol=FCN&offset=100&size=100
Sleeping 90.0 seconds...
<Response [200]> https://finance.yahoo.com/calendar/earnings/?symbol=FCN&offset=100&size=100
Sleeping 112.5 seconds...
<Response [200]> https://finance.yahoo.com/calendar/earnings/?symbol=FCN&offset=100&size=100
<Response [200]> https://finance.yahoo.com/calendar/earnings/?symbol=FCN&offset=200&size=100
Saved: /home/qcx201/Projects/daytrade/data/earnings/earnings-fcn.json
now: 2025-12-29 17:43:55.270737 | eta: 0:36:12.459555 | delta: 0:04:01.384395 | avg: 0:00:48.276879
[6 of 50] CPB
Saved: /home/qcx201/Projects/daytrade/data/chart/chart-cpb.json
Saved: /home/qcx201/Projects/daytrade/data/summary/summary-cpb.json
<Response [200]> https://finance.yahoo.com/calendar/earnings/?symbol=CPB&offset=0&size=100
<Response [200]> https://finance.yahoo.com/calendar/earnings/?symbol=CPB&offset=100&size=100
<Response [200]> https://finance.yahoo.com/calendar/earnings/?symbol=CPB&offset=200&size=100
Saved: /home/qcx201/Projects/daytrade/data/earnings/earnings-cpb.json
now: 2025-12-29 17:43:59.637973 | eta: 0:30:02.178620 | delta: 0:04:05.751631 | avg: 0:00:40.958605
[7 of 50] TFX
Saved: /home/qcx201/Projects/daytrade/data/chart/chart-tfx.json
Saved: /home/qcx201/Projects/daytrade/data/summary/summary-tfx.json
<Response [200]> https://finance.yahoo.com/calendar/earnings/?symbol=TFX&offset=0&size=100
Sleeping 90.0 seconds...
<Response [200]> https://finance.yahoo.com/calendar/earnings/?symbol=TFX&offset=0&size=100
Sleeping 112.5 seconds...
<Response [200]> https://finance.yahoo.com/calendar/earnings/?symbol=TFX&offset=0&size=100
<Response [200]> https://finance.yahoo.com/calendar/earnings/?symbol=TFX&offset=100&size=100
<Response [200]> https://finance.yahoo.com/calendar/earnings/?symbol=TFX&offset=200&size=100
Saved: /home/qcx201/Projects/daytrade/data/earnings/earnings-tfx.json
now: 2025-12-29 17:47:31.953340 | eta: 0:46:53.840149 | delta: 0:07:38.066998 | avg: 0:01:05.438143
[8 of 50] GNTX
Saved: /home/qcx201/Projects/daytrade/data/chart/chart-gntx.json
Saved: /home/qcx201/Projects/daytrade/data/summary/summary-gntx.json
<Response [200]> https://finance.yahoo.com/calendar/earnings/?symbol=GNTX&offset=0&size=100
<Response [200]> https://finance.yahoo.com/calendar/earnings/?symbol=GNTX&offset=100&size=100
<Response [200]> https://finance.yahoo.com/calendar/earnings/?symbol=GNTX&offset=200&size=100
Saved: /home/qcx201/Projects/daytrade/data/earnings/earnings-gntx.json
now: 2025-12-29 17:47:37.615907 | eta: 0:40:34.580232 | delta: 0:07:43.729565 | avg: 0:00:57.966196
[9 of 50] LBRDK
Saved: /home/qcx201/Projects/daytrade/data/chart/chart-lbrdk.json
Saved: /home/qcx201/Projects/daytrade/data/summary/summary-lbrdk.json
<Response [200]> https://finance.yahoo.com/calendar/earnings/?symbol=LBRDK&offset=0&size=100
Sleeping 90.0 seconds...
<Response [200]> https://finance.yahoo.com/calendar/earnings/?symbol=LBRDK&offset=0&size=100
Sleeping 112.5 seconds...
<Response [200]> https://finance.yahoo.com/calendar/earnings/?symbol=LBRDK&offset=0&size=100
<Response [200]> https://finance.yahoo.com/calendar/earnings/?symbol=LBRDK&offset=100&size=100
Saved: /home/qcx201/Projects/daytrade/data/earnings/earnings-lbrdk.json
now: 2025-12-29 17:51:09.557128 | eta: 0:51:18.055812 | delta: 0:11:15.670786 | avg: 0:01:15.074532
[10 of 50] THO
Saved: /home/qcx201/Projects/daytrade/data/chart/chart-tho.json
Saved: /home/qcx201/Projects/daytrade/data/summary/summary-tho.json
<Response [200]> https://finance.yahoo.com/calendar/earnings/?symbol=THO&offset=0&size=100
<Response [200]> https://finance.yahoo.com/calendar/earnings/?symbol=THO&offset=100&size=100
<Response [200]> https://finance.yahoo.com/calendar/earnings/?symbol=THO&offset=200&size=100
Saved: /home/qcx201/Projects/daytrade/data/earnings/earnings-tho.json
now: 2025-12-29 17:51:14.128844 | eta: 0:45:20.970000 | delta: 0:11:20.242502 | avg: 0:01:08.024250
[11 of 50] WEX
Saved: /home/qcx201/Projects/daytrade/data/chart/chart-wex.json
Saved: /home/qcx201/Projects/daytrade/data/summary/summary-wex.json
<Response [200]> https://finance.yahoo.com/calendar/earnings/?symbol=WEX&offset=0&size=100
Sleeping 90.0 seconds...
<Response [200]> https://finance.yahoo.com/calendar/earnings/?symbol=WEX&offset=0&size=100
Sleeping 112.5 seconds...
<Response [200]> https://finance.yahoo.com/calendar/earnings/?symbol=WEX&offset=0&size=100
<Response [200]> https://finance.yahoo.com/calendar/earnings/?symbol=WEX&offset=100&size=100
Saved: /home/qcx201/Projects/daytrade/data/earnings/earnings-wex.json
now: 2025-12-29 17:54:47.596572 | eta: 0:52:48.609015 | delta: 0:14:53.710230 | avg: 0:01:21.246385
[12 of 50] HR
Saved: /home/qcx201/Projects/daytrade/data/chart/chart-hr.json
Saved: /home/qcx201/Projects/daytrade/data/summary/summary-hr.json
<Response [200]> https://finance.yahoo.com/calendar/earnings/?symbol=HR&offset=0&size=100
<Response [200]> https://finance.yahoo.com/calendar/earnings/?symbol=HR&offset=100&size=100
Saved: /home/qcx201/Projects/daytrade/data/earnings/earnings-hr.json
now: 2025-12-29 17:54:50.902346 | eta: 0:47:20.550692 | delta: 0:14:57.016004 | avg: 0:01:14.751334
[13 of 50] GTES
Saved: /home/qcx201/Projects/daytrade/data/chart/chart-gtes.json
Saved: /home/qcx201/Projects/daytrade/data/summary/summary-gtes.json
<Response [200]> https://finance.yahoo.com/calendar/earnings/?symbol=GTES&offset=0&size=100
<Response [200]> https://finance.yahoo.com/calendar/earnings/?symbol=GTES&offset=100&size=100
Sleeping 90.0 seconds...
<Response [200]> https://finance.yahoo.com/calendar/earnings/?symbol=GTES&offset=100&size=100
Sleeping 112.5 seconds...
<Response [200]> https://finance.yahoo.com/calendar/earnings/?symbol=GTES&offset=100&size=100
Saved: /home/qcx201/Projects/daytrade/data/earnings/earnings-gtes.json
now: 2025-12-29 17:58:22.249444 | eta: 0:52:34.571900 | delta: 0:18:28.363102 | avg: 0:01:25.258700
[14 of 50] HLNE
Saved: /home/qcx201/Projects/daytrade/data/chart/chart-hlne.json
Saved: /home/qcx201/Projects/daytrade/data/summary/summary-hlne.json
<Response [200]> https://finance.yahoo.com/calendar/earnings/?symbol=HLNE&offset=0&size=100
<Response [200]> https://finance.yahoo.com/calendar/earnings/?symbol=HLNE&offset=100&size=100
Saved: /home/qcx201/Projects/daytrade/data/earnings/earnings-hlne.json
now: 2025-12-29 17:58:24.750364 | eta: 0:47:36.507480 | delta: 0:18:30.864022 | avg: 0:01:19.347430
[15 of 50] RYAN
Saved: /home/qcx201/Projects/daytrade/data/chart/chart-ryan.json
Saved: /home/qcx201/Projects/daytrade/data/summary/summary-ryan.json
<Response [200]> https://finance.yahoo.com/calendar/earnings/?symbol=RYAN&offset=0&size=100
Sleeping 90.0 seconds...
<Response [200]> https://finance.yahoo.com/calendar/earnings/?symbol=RYAN&offset=0&size=100
Sleeping 112.5 seconds...
<Response [200]> https://finance.yahoo.com/calendar/earnings/?symbol=RYAN&offset=0&size=100
Sleeping 135.0 seconds...
<Response [200]> https://finance.yahoo.com/calendar/earnings/?symbol=RYAN&offset=0&size=100
<Response [200]> https://finance.yahoo.com/calendar/earnings/?symbol=RYAN&offset=100&size=100
Saved: /home/qcx201/Projects/daytrade/data/earnings/earnings-ryan.json
now: 2025-12-29 18:04:15.727133 | eta: 0:56:50.961855 | delta: 0:24:21.840791 | avg: 0:01:37.456053
[16 of 50] CHRD
Saved: /home/qcx201/Projects/daytrade/data/chart/chart-chrd.json
Saved: /home/qcx201/Projects/daytrade/data/summary/summary-chrd.json
<Response [200]> https://finance.yahoo.com/calendar/earnings/?symbol=CHRD&offset=0&size=100
<Response [200]> https://finance.yahoo.com/calendar/earnings/?symbol=CHRD&offset=100&size=100
Saved: /home/qcx201/Projects/daytrade/data/earnings/earnings-chrd.json
now: 2025-12-29 18:04:18.532778 | eta: 0:51:52.373668 | delta: 0:24:24.646436 | avg: 0:01:31.540402
[17 of 50] WTM
Saved: /home/qcx201/Projects/daytrade/data/chart/chart-wtm.json
Saved: /home/qcx201/Projects/daytrade/data/summary/summary-wtm.json
<Response [200]> https://finance.yahoo.com/calendar/earnings/?symbol=WTM&offset=0&size=100
<Response [200]> https://finance.yahoo.com/calendar/earnings/?symbol=WTM&offset=100&size=100
Saved: /home/qcx201/Projects/daytrade/data/earnings/earnings-wtm.json
now: 2025-12-29 18:04:22.191933 | eta: 0:47:30.240261 | delta: 0:24:28.305591 | avg: 0:01:26.370917
[18 of 50] LPX
Saved: /home/qcx201/Projects/daytrade/data/chart/chart-lpx.json
Saved: /home/qcx201/Projects/daytrade/data/summary/summary-lpx.json
<Response [200]> https://finance.yahoo.com/calendar/earnings/?symbol=LPX&offset=0&size=100
Sleeping 90.0 seconds...
<Response [200]> https://finance.yahoo.com/calendar/earnings/?symbol=LPX&offset=0&size=100
Sleeping 112.5 seconds...
<Response [200]> https://finance.yahoo.com/calendar/earnings/?symbol=LPX&offset=0&size=100
Sleeping 135.0 seconds...
<Response [200]> https://finance.yahoo.com/calendar/earnings/?symbol=LPX&offset=0&size=100
<Response [200]> https://finance.yahoo.com/calendar/earnings/?symbol=LPX&offset=100&size=100
<Response [200]> https://finance.yahoo.com/calendar/earnings/?symbol=LPX&offset=200&size=100
Saved: /home/qcx201/Projects/daytrade/data/earnings/earnings-lpx.json
now: 2025-12-29 18:10:13.472757 | eta: 0:53:54.820288 | delta: 0:30:19.586415 | avg: 0:01:41.088134
[19 of 50] KBR
Saved: /home/qcx201/Projects/daytrade/data/chart/chart-kbr.json
Saved: /home/qcx201/Projects/daytrade/data/summary/summary-kbr.json
<Response [200]> https://finance.yahoo.com/calendar/earnings/?symbol=KBR&offset=0&size=100
<Response [200]> https://finance.yahoo.com/calendar/earnings/?symbol=KBR&offset=100&size=100
Saved: /home/qcx201/Projects/daytrade/data/earnings/earnings-kbr.json
now: 2025-12-29 18:10:16.599588 | eta: 0:49:33.900556 | delta: 0:30:22.713246 | avg: 0:01:35.932276
[20 of 50] OLED
Saved: /home/qcx201/Projects/daytrade/data/chart/chart-oled.json
Saved: /home/qcx201/Projects/daytrade/data/summary/summary-oled.json
<Response [200]> https://finance.yahoo.com/calendar/earnings/?symbol=OLED&offset=0&size=100
Sleeping 90.0 seconds...
<Response [200]> https://finance.yahoo.com/calendar/earnings/?symbol=OLED&offset=0&size=100
Sleeping 112.5 seconds...
<Response [200]> https://finance.yahoo.com/calendar/earnings/?symbol=OLED&offset=0&size=100
<Response [200]> https://finance.yahoo.com/calendar/earnings/?symbol=OLED&offset=100&size=100
Saved: /home/qcx201/Projects/daytrade/data/earnings/earnings-oled.json
now: 2025-12-29 18:13:45.651228 | eta: 0:50:47.647320 | delta: 0:33:51.764886 | avg: 0:01:41.588244
[21 of 50] CROX
Saved: /home/qcx201/Projects/daytrade/data/chart/chart-crox.json
Saved: /home/qcx201/Projects/daytrade/data/summary/summary-crox.json
<Response [200]> https://finance.yahoo.com/calendar/earnings/?symbol=CROX&offset=0&size=100
<Response [200]> https://finance.yahoo.com/calendar/earnings/?symbol=CROX&offset=100&size=100
Saved: /home/qcx201/Projects/daytrade/data/earnings/earnings-crox.json
now: 2025-12-29 18:13:49.299918 | eta: 0:46:50.809224 | delta: 0:33:55.413576 | avg: 0:01:36.924456
[22 of 50] LSTR
Saved: /home/qcx201/Projects/daytrade/data/chart/chart-lstr.json
Saved: /home/qcx201/Projects/daytrade/data/summary/summary-lstr.json
<Response [200]> https://finance.yahoo.com/calendar/earnings/?symbol=LSTR&offset=0&size=100
Sleeping 90.0 seconds...
<Response [200]> https://finance.yahoo.com/calendar/earnings/?symbol=LSTR&offset=0&size=100
Sleeping 112.5 seconds...
<Response [200]> https://finance.yahoo.com/calendar/earnings/?symbol=LSTR&offset=0&size=100
<Response [200]> https://finance.yahoo.com/calendar/earnings/?symbol=LSTR&offset=100&size=100
<Response [200]> https://finance.yahoo.com/calendar/earnings/?symbol=LSTR&offset=200&size=100
Saved: /home/qcx201/Projects/daytrade/data/earnings/earnings-lstr.json
now: 2025-12-29 18:17:20.822997 | eta: 0:47:39.737552 | delta: 0:37:26.936655 | avg: 0:01:42.133484
[23 of 50] DBX
Saved: /home/qcx201/Projects/daytrade/data/chart/chart-dbx.json
Saved: /home/qcx201/Projects/daytrade/data/summary/summary-dbx.json
<Response [200]> https://finance.yahoo.com/calendar/earnings/?symbol=DBX&offset=0&size=100
<Response [200]> https://finance.yahoo.com/calendar/earnings/?symbol=DBX&offset=100&size=100
Saved: /home/qcx201/Projects/daytrade/data/earnings/earnings-dbx.json
now: 2025-12-29 18:17:23.379939 | eta: 0:44:00.709863 | delta: 0:37:29.493597 | avg: 0:01:37.804069
[24 of 50] BEPC
Saved: /home/qcx201/Projects/daytrade/data/chart/chart-bepc.json
Saved: /home/qcx201/Projects/daytrade/data/summary/summary-bepc.json
<Response [200]> https://finance.yahoo.com/calendar/earnings/?symbol=BEPC&offset=0&size=100
<Response [200]> https://finance.yahoo.com/calendar/earnings/?symbol=BEPC&offset=100&size=100
Saved: /home/qcx201/Projects/daytrade/data/earnings/earnings-bepc.json
now: 2025-12-29 18:17:26.531458 | eta: 0:40:40.365538 | delta: 0:37:32.645116 | avg: 0:01:33.860213
[25 of 50] AAON
Saved: /home/qcx201/Projects/daytrade/data/chart/chart-aaon.json
Saved: /home/qcx201/Projects/daytrade/data/summary/summary-aaon.json
<Response [200]> https://finance.yahoo.com/calendar/earnings/?symbol=AAON&offset=0&size=100
<Response [200]> https://finance.yahoo.com/calendar/earnings/?symbol=AAON&offset=100&size=100
Sleeping 90.0 seconds...
<Response [200]> https://finance.yahoo.com/calendar/earnings/?symbol=AAON&offset=100&size=100
Sleeping 112.5 seconds...
<Response [200]> https://finance.yahoo.com/calendar/earnings/?symbol=AAON&offset=100&size=100
Saved: /home/qcx201/Projects/daytrade/data/earnings/earnings-aaon.json
now: 2025-12-29 18:20:57.189496 | eta: 0:41:03.303150 | delta: 0:41:03.303154 | avg: 0:01:38.532126
[26 of 50] APPF
Saved: /home/qcx201/Projects/daytrade/data/chart/chart-appf.json
Saved: /home/qcx201/Projects/daytrade/data/summary/summary-appf.json
<Response [200]> https://finance.yahoo.com/calendar/earnings/?symbol=APPF&offset=0&size=100
<Response [200]> https://finance.yahoo.com/calendar/earnings/?symbol=APPF&offset=100&size=100
Saved: /home/qcx201/Projects/daytrade/data/earnings/earnings-appf.json
now: 2025-12-29 18:20:59.987060 | eta: 0:37:56.400672 | delta: 0:41:06.100718 | avg: 0:01:34.850028
[27 of 50] MORN
Saved: /home/qcx201/Projects/daytrade/data/chart/chart-morn.json
Saved: /home/qcx201/Projects/daytrade/data/summary/summary-morn.json
<Response [200]> https://finance.yahoo.com/calendar/earnings/?symbol=MORN&offset=0&size=100
<Response [200]> https://finance.yahoo.com/calendar/earnings/?symbol=MORN&offset=100&size=100
Sleeping 90.0 seconds...
<Response [200]> https://finance.yahoo.com/calendar/earnings/?symbol=MORN&offset=100&size=100
Sleeping 112.5 seconds...
<Response [200]> https://finance.yahoo.com/calendar/earnings/?symbol=MORN&offset=100&size=100
Sleeping 135.0 seconds...
<Response [200]> https://finance.yahoo.com/calendar/earnings/?symbol=MORN&offset=100&size=100
Saved: /home/qcx201/Projects/daytrade/data/earnings/earnings-morn.json
now: 2025-12-29 18:26:48.806551 | eta: 0:39:57.894992 | delta: 0:46:54.920209 | avg: 0:01:44.256304
[28 of 50] CZR
Saved: /home/qcx201/Projects/daytrade/data/chart/chart-czr.json
Saved: /home/qcx201/Projects/daytrade/data/summary/summary-czr.json
<Response [200]> https://finance.yahoo.com/calendar/earnings/?symbol=CZR&offset=0&size=100
<Response [200]> https://finance.yahoo.com/calendar/earnings/?symbol=CZR&offset=100&size=100
Saved: /home/qcx201/Projects/daytrade/data/earnings/earnings-czr.json
now: 2025-12-29 18:26:51.275286 | eta: 0:36:53.662748 | delta: 0:46:57.388944 | avg: 0:01:40.621034
[29 of 50] BILL
Saved: /home/qcx201/Projects/daytrade/data/chart/chart-bill.json
Saved: /home/qcx201/Projects/daytrade/data/summary/summary-bill.json
<Response [200]> https://finance.yahoo.com/calendar/earnings/?symbol=BILL&offset=0&size=100
<Response [200]> https://finance.yahoo.com/calendar/earnings/?symbol=BILL&offset=100&size=100
Saved: /home/qcx201/Projects/daytrade/data/earnings/earnings-bill.json
now: 2025-12-29 18:26:53.609901 | eta: 0:34:01.868787 | delta: 0:46:59.723559 | avg: 0:01:37.231847
[30 of 50] TIGO
Saved: /home/qcx201/Projects/daytrade/data/chart/chart-tigo.json
Saved: /home/qcx201/Projects/daytrade/data/summary/summary-tigo.json
<Response [200]> https://finance.yahoo.com/calendar/earnings/?symbol=TIGO&offset=0&size=100
<Response [200]> https://finance.yahoo.com/calendar/earnings/?symbol=TIGO&offset=100&size=100
Saved: /home/qcx201/Projects/daytrade/data/earnings/earnings-tigo.json
now: 2025-12-29 18:26:56.443284 | eta: 0:31:21.704620 | delta: 0:47:02.556942 | avg: 0:01:34.085231
[31 of 50] WFRD
Saved: /home/qcx201/Projects/daytrade/data/chart/chart-wfrd.json
Saved: /home/qcx201/Projects/daytrade/data/summary/summary-wfrd.json
<Response [200]> https://finance.yahoo.com/calendar/earnings/?symbol=WFRD&offset=0&size=100
Sleeping 90.0 seconds...
<Response [200]> https://finance.yahoo.com/calendar/earnings/?symbol=WFRD&offset=0&size=100
<Response [200]> https://finance.yahoo.com/calendar/earnings/?symbol=WFRD&offset=100&size=100
Sleeping 112.5 seconds...
<Response [200]> https://finance.yahoo.com/calendar/earnings/?symbol=WFRD&offset=100&size=100
Saved: /home/qcx201/Projects/daytrade/data/earnings/earnings-wfrd.json
now: 2025-12-29 18:30:23.874295 | eta: 0:30:57.089393 | delta: 0:50:29.987953 | avg: 0:01:37.741547
[32 of 50] RAL
Saved: /home/qcx201/Projects/daytrade/data/chart/chart-ral.json
Saved: /home/qcx201/Projects/daytrade/data/summary/summary-ral.json
<Response [200]> https://finance.yahoo.com/calendar/earnings/?symbol=RAL&offset=0&size=100
<Response [200]> https://finance.yahoo.com/calendar/earnings/?symbol=RAL&offset=100&size=100
Saved: /home/qcx201/Projects/daytrade/data/earnings/earnings-ral.json
now: 2025-12-29 18:30:26.356804 | eta: 0:28:25.764636 | delta: 0:50:32.470462 | avg: 0:01:34.764702
[33 of 50] VNT
Saved: /home/qcx201/Projects/daytrade/data/chart/chart-vnt.json
Saved: /home/qcx201/Projects/daytrade/data/summary/summary-vnt.json
<Response [200]> https://finance.yahoo.com/calendar/earnings/?symbol=VNT&offset=0&size=100
Sleeping 90.0 seconds...
<Response [200]> https://finance.yahoo.com/calendar/earnings/?symbol=VNT&offset=0&size=100
Sleeping 112.5 seconds...
<Response [200]> https://finance.yahoo.com/calendar/earnings/?symbol=VNT&offset=0&size=100
<Response [200]> https://finance.yahoo.com/calendar/earnings/?symbol=VNT&offset=100&size=100
Saved: /home/qcx201/Projects/daytrade/data/earnings/earnings-vnt.json
now: 2025-12-29 18:33:55.972963 | eta: 0:27:50.165833 | delta: 0:54:02.086621 | avg: 0:01:38.245049
[34 of 50] SGAFT
[35 of 50] GTLB
Saved: /home/qcx201/Projects/daytrade/data/chart/chart-gtlb.json
Saved: /home/qcx201/Projects/daytrade/data/summary/summary-gtlb.json
<Response [200]> https://finance.yahoo.com/calendar/earnings/?symbol=GTLB&offset=0&size=100
<Response [200]> https://finance.yahoo.com/calendar/earnings/?symbol=GTLB&offset=100&size=100
Saved: /home/qcx201/Projects/daytrade/data/earnings/earnings-gtlb.json
now: 2025-12-29 18:33:58.379234 | eta: 0:23:10.496955 | delta: 0:54:04.492892 | avg: 0:01:32.699797
[36 of 50] M
Saved: /home/qcx201/Projects/daytrade/data/chart/chart-m.json
Saved: /home/qcx201/Projects/daytrade/data/summary/summary-m.json
<Response [200]> https://finance.yahoo.com/calendar/earnings/?symbol=M&offset=0&size=100
<Response [200]> https://finance.yahoo.com/calendar/earnings/?symbol=M&offset=100&size=100
<Response [200]> https://finance.yahoo.com/calendar/earnings/?symbol=M&offset=200&size=100
Sleeping 90.0 seconds...
<Response [200]> https://finance.yahoo.com/calendar/earnings/?symbol=M&offset=200&size=100
Sleeping 112.5 seconds...
<Response [200]> https://finance.yahoo.com/calendar/earnings/?symbol=M&offset=200&size=100
Saved: /home/qcx201/Projects/daytrade/data/earnings/earnings-m.json
now: 2025-12-29 18:37:30.143150 | eta: 0:22:24.099876 | delta: 0:57:36.256808 | avg: 0:01:36.007134
[37 of 50] ARW
Saved: /home/qcx201/Projects/daytrade/data/chart/chart-arw.json
Saved: /home/qcx201/Projects/daytrade/data/summary/summary-arw.json
<Response [200]> https://finance.yahoo.com/calendar/earnings/?symbol=ARW&offset=0&size=100
<Response [200]> https://finance.yahoo.com/calendar/earnings/?symbol=ARW&offset=100&size=100
<Response [200]> https://finance.yahoo.com/calendar/earnings/?symbol=ARW&offset=200&size=100
Saved: /home/qcx201/Projects/daytrade/data/earnings/earnings-arw.json
now: 2025-12-29 18:37:34.875562 | eta: 0:20:16.023237 | delta: 0:57:40.989220 | avg: 0:01:33.540249
[38 of 50] MASI
Saved: /home/qcx201/Projects/daytrade/data/chart/chart-masi.json
Saved: /home/qcx201/Projects/daytrade/data/summary/summary-masi.json
<Response [200]> https://finance.yahoo.com/calendar/earnings/?symbol=MASI&offset=0&size=100
Sleeping 90.0 seconds...
<Response [200]> https://finance.yahoo.com/calendar/earnings/?symbol=MASI&offset=0&size=100
Sleeping 112.5 seconds...
<Response [200]> https://finance.yahoo.com/calendar/earnings/?symbol=MASI&offset=0&size=100
<Response [200]> https://finance.yahoo.com/calendar/earnings/?symbol=MASI&offset=100&size=100
Saved: /home/qcx201/Projects/daytrade/data/earnings/earnings-masi.json
now: 2025-12-29 18:41:02.044747 | eta: 0:19:18.365808 | delta: 1:01:08.158405 | avg: 0:01:36.530484
[39 of 50] TEM
Saved: /home/qcx201/Projects/daytrade/data/chart/chart-tem.json
Saved: /home/qcx201/Projects/daytrade/data/summary/summary-tem.json
<Response [200]> https://finance.yahoo.com/calendar/earnings/?symbol=TEM&offset=0&size=100
<Response [200]> https://finance.yahoo.com/calendar/earnings/?symbol=TEM&offset=100&size=100
Saved: /home/qcx201/Projects/daytrade/data/earnings/earnings-tem.json
now: 2025-12-29 18:41:04.379330 | eta: 0:17:15.267255 | delta: 1:01:10.492988 | avg: 0:01:34.115205
[40 of 50] HXL
Saved: /home/qcx201/Projects/daytrade/data/chart/chart-hxl.json
Saved: /home/qcx201/Projects/daytrade/data/summary/summary-hxl.json
<Response [200]> https://finance.yahoo.com/calendar/earnings/?symbol=HXL&offset=0&size=100
<Response [200]> https://finance.yahoo.com/calendar/earnings/?symbol=HXL&offset=100&size=100
<Response [200]> https://finance.yahoo.com/calendar/earnings/?symbol=HXL&offset=200&size=100
Saved: /home/qcx201/Projects/daytrade/data/earnings/earnings-hxl.json
now: 2025-12-29 18:41:08.890830 | eta: 0:15:18.751120 | delta: 1:01:15.004488 | avg: 0:01:31.875112
[41 of 50] KMX
Saved: /home/qcx201/Projects/daytrade/data/chart/chart-kmx.json
Saved: /home/qcx201/Projects/daytrade/data/summary/summary-kmx.json
<Response [200]> https://finance.yahoo.com/calendar/earnings/?symbol=KMX&offset=0&size=100
<Response [200]> https://finance.yahoo.com/calendar/earnings/?symbol=KMX&offset=100&size=100
<Response [200]> https://finance.yahoo.com/calendar/earnings/?symbol=KMX&offset=200&size=100
Saved: /home/qcx201/Projects/daytrade/data/earnings/earnings-kmx.json
now: 2025-12-29 18:41:12.957704 | eta: 0:13:27.601032 | delta: 1:01:19.071362 | avg: 0:01:29.733448
[42 of 50] GAP
Saved: /home/qcx201/Projects/daytrade/data/chart/chart-gap.json
Saved: /home/qcx201/Projects/daytrade/data/summary/summary-gap.json
<Response [200]> https://finance.yahoo.com/calendar/earnings/?symbol=GAP&offset=0&size=100
<Response [200]> https://finance.yahoo.com/calendar/earnings/?symbol=GAP&offset=100&size=100
Sleeping 90.0 seconds...
<Response [200]> https://finance.yahoo.com/calendar/earnings/?symbol=GAP&offset=100&size=100
Sleeping 112.5 seconds...
<Response [200]> https://finance.yahoo.com/calendar/earnings/?symbol=GAP&offset=100&size=100
<Response [200]> https://finance.yahoo.com/calendar/earnings/?symbol=GAP&offset=200&size=100
Saved: /home/qcx201/Projects/daytrade/data/earnings/earnings-gap.json
now: 2025-12-29 18:44:43.086169 | eta: 0:12:20.799968 | delta: 1:04:49.199827 | avg: 0:01:32.599996
[43 of 50] FAF
Saved: /home/qcx201/Projects/daytrade/data/chart/chart-faf.json
Saved: /home/qcx201/Projects/daytrade/data/summary/summary-faf.json
<Response [200]> https://finance.yahoo.com/calendar/earnings/?symbol=FAF&offset=0&size=100
<Response [200]> https://finance.yahoo.com/calendar/earnings/?symbol=FAF&offset=100&size=100
Saved: /home/qcx201/Projects/daytrade/data/earnings/earnings-faf.json
now: 2025-12-29 18:44:45.577059 | eta: 0:10:33.531045 | delta: 1:04:51.690717 | avg: 0:01:30.504435
[44 of 50] VNO
Saved: /home/qcx201/Projects/daytrade/data/chart/chart-vno.json
Saved: /home/qcx201/Projects/daytrade/data/summary/summary-vno.json
<Response [200]> https://finance.yahoo.com/calendar/earnings/?symbol=VNO&offset=0&size=100
<Response [200]> https://finance.yahoo.com/calendar/earnings/?symbol=VNO&offset=100&size=100
Saved: /home/qcx201/Projects/daytrade/data/earnings/earnings-vno.json
now: 2025-12-29 18:44:49.008849 | eta: 0:08:51.153072 | delta: 1:04:55.122507 | avg: 0:01:28.525512
[45 of 50] CAVA
Saved: /home/qcx201/Projects/daytrade/data/chart/chart-cava.json
Saved: /home/qcx201/Projects/daytrade/data/summary/summary-cava.json
<Response [200]> https://finance.yahoo.com/calendar/earnings/?symbol=CAVA&offset=0&size=100
Sleeping 90.0 seconds...
<Response [200]> https://finance.yahoo.com/calendar/earnings/?symbol=CAVA&offset=0&size=100
<Response [200]> https://finance.yahoo.com/calendar/earnings/?symbol=CAVA&offset=100&size=100
Saved: /home/qcx201/Projects/daytrade/data/earnings/earnings-cava.json
now: 2025-12-29 18:46:22.374826 | eta: 0:07:23.165385 | delta: 1:06:28.488484 | avg: 0:01:28.633077
[46 of 50] ALK
Saved: /home/qcx201/Projects/daytrade/data/chart/chart-alk.json
Saved: /home/qcx201/Projects/daytrade/data/summary/summary-alk.json
<Response [200]> https://finance.yahoo.com/calendar/earnings/?symbol=ALK&offset=0&size=100
<Response [200]> https://finance.yahoo.com/calendar/earnings/?symbol=ALK&offset=100&size=100
<Response [200]> https://finance.yahoo.com/calendar/earnings/?symbol=ALK&offset=200&size=100
Saved: /home/qcx201/Projects/daytrade/data/earnings/earnings-alk.json
now: 2025-12-29 18:46:26.213215 | eta: 0:05:47.158860 | delta: 1:06:32.326873 | avg: 0:01:26.789715
[47 of 50] SEE
Saved: /home/qcx201/Projects/daytrade/data/chart/chart-see.json
Saved: /home/qcx201/Projects/daytrade/data/summary/summary-see.json
<Response [200]> https://finance.yahoo.com/calendar/earnings/?symbol=SEE&offset=0&size=100
<Response [200]> https://finance.yahoo.com/calendar/earnings/?symbol=SEE&offset=100&size=100
Sleeping 90.0 seconds...
<Response [200]> https://finance.yahoo.com/calendar/earnings/?symbol=SEE&offset=100&size=100
<Response [200]> https://finance.yahoo.com/calendar/earnings/?symbol=SEE&offset=200&size=100
Saved: /home/qcx201/Projects/daytrade/data/earnings/earnings-see.json
now: 2025-12-29 18:48:01.746357 | eta: 0:04:20.927235 | delta: 1:08:07.860015 | avg: 0:01:26.975745
[48 of 50] BIO
Saved: /home/qcx201/Projects/daytrade/data/chart/chart-bio.json
Saved: /home/qcx201/Projects/daytrade/data/summary/summary-bio.json
<Response [200]> https://finance.yahoo.com/calendar/earnings/?symbol=BIO&offset=0&size=100
<Response [200]> https://finance.yahoo.com/calendar/earnings/?symbol=BIO&offset=100&size=100
Saved: /home/qcx201/Projects/daytrade/data/earnings/earnings-bio.json
now: 2025-12-29 18:48:04.325141 | eta: 0:02:50.434950 | delta: 1:08:10.438799 | avg: 0:01:25.217475
[49 of 50] ESI
Saved: /home/qcx201/Projects/daytrade/data/chart/chart-esi.json
Saved: /home/qcx201/Projects/daytrade/data/summary/summary-esi.json
<Response [200]> https://finance.yahoo.com/calendar/earnings/?symbol=ESI&offset=0&size=100
<Response [200]> https://finance.yahoo.com/calendar/earnings/?symbol=ESI&offset=100&size=100
Saved: /home/qcx201/Projects/daytrade/data/earnings/earnings-esi.json
now: 2025-12-29 18:48:06.589218 | eta: 0:01:23.524548 | delta: 1:08:12.702876 | avg: 0:01:23.524548
[50 of 50] NOV
Saved: /home/qcx201/Projects/daytrade/data/chart/chart-nov.json
Saved: /home/qcx201/Projects/daytrade/data/summary/summary-nov.json
<Response [200]> https://finance.yahoo.com/calendar/earnings/?symbol=NOV&offset=0&size=100
<Response [200]> https://finance.yahoo.com/calendar/earnings/?symbol=NOV&offset=100&size=100
Saved: /home/qcx201/Projects/daytrade/data/earnings/earnings-nov.json
now: 2025-12-29 18:48:09.674580 | eta: 0:00:00 | delta: 1:08:15.788238 | avg: 0:01:21.915765
-- Complete --
