[1 of 50] CBRE
Saved: /home/qcx201/Projects/daytrade/data/chart/chart-cbre.json
Saved: /home/qcx201/Projects/daytrade/data/summary/summary-cbre.json
<Response [200]> https://finance.yahoo.com/calendar/earnings/?symbol=CBRE&offset=0&size=100
<Response [200]> https://finance.yahoo.com/calendar/earnings/?symbol=CBRE&offset=100&size=100
Saved: /home/qcx201/Projects/daytrade/data/earnings/earnings-cbre.json
now: 2025-12-29 17:39:53.553138 | eta: 0:04:01.397226 | delta: 0:00:04.926474 | avg: 0:00:04.926474
[2 of 50] ROP
Saved: /home/qcx201/Projects/daytrade/data/chart/chart-rop.json
Saved: /home/qcx201/Projects/daytrade/data/summary/summary-rop.json
<Response [200]> https://finance.yahoo.com/calendar/earnings/?symbol=ROP&offset=0&size=100
<Response [200]> https://finance.yahoo.com/calendar/earnings/?symbol=ROP&offset=100&size=100
<Response [200]> https://finance.yahoo.com/calendar/earnings/?symbol=ROP&offset=200&size=100
Saved: /home/qcx201/Projects/daytrade/data/earnings/earnings-rop.json
now: 2025-12-29 17:39:59.849064 | eta: 0:04:29.337600 | delta: 0:00:11.222400 | avg: 0:00:05.611200
[3 of 50] RBLX
Saved: /home/qcx201/Projects/daytrade/data/chart/chart-rblx.json
Saved: /home/qcx201/Projects/daytrade/data/summary/summary-rblx.json
<Response [200]> https://finance.yahoo.com/calendar/earnings/?symbol=RBLX&offset=0&size=100
<Response [200]> https://finance.yahoo.com/calendar/earnings/?symbol=RBLX&offset=100&size=100
Saved: /home/qcx201/Projects/daytrade/data/earnings/earnings-rblx.json
now: 2025-12-29 17:40:04.043936 | eta: 0:04:01.537277 | delta: 0:00:15.417272 | avg: 0:00:05.139091
[4 of 50] AME
Saved: /home/qcx201/Projects/daytrade/data/chart/chart-ame.json
Saved: /home/qcx201/Projects/daytrade/data/summary/summary-ame.json
<Response [200]> https://finance.yahoo.com/calendar/earnings/?symbol=AME&offset=0&size=100
<Response [200]> https://finance.yahoo.com/calendar/earnings/?symbol=AME&offset=100&size=100
<Response [200]> https://finance.yahoo.com/calendar/earnings/?symbol=AME&offset=200&size=100
Saved: /home/qcx201/Projects/daytrade/data/earnings/earnings-ame.json
now: 2025-12-29 17:40:13.849347 | eta: 0:04:50.060866 | delta: 0:00:25.222683 | avg: 0:00:06.305671
[5 of 50] ALNY
Saved: /home/qcx201/Projects/daytrade/data/chart/chart-alny.json
Saved: /home/qcx201/Projects/daytrade/data/summary/summary-alny.json
<Response [200]> https://finance.yahoo.com/calendar/earnings/?symbol=ALNY&offset=0&size=100
<Response [200]> https://finance.yahoo.com/calendar/earnings/?symbol=ALNY&offset=100&size=100
Saved: /home/qcx201/Projects/daytrade/data/earnings/earnings-alny.json
now: 2025-12-29 17:40:18.881847 | eta: 0:04:32.296665 | delta: 0:00:30.255183 | avg: 0:00:06.051037
[6 of 50] D
Saved: /home/qcx201/Projects/daytrade/data/chart/chart-d.json
Saved: /home/qcx201/Projects/daytrade/data/summary/summary-d.json
<Response [200]> https://finance.yahoo.com/calendar/earnings/?symbol=D&offset=0&size=100
<Response [200]> https://finance.yahoo.com/calendar/earnings/?symbol=D&offset=100&size=100
<Response [200]> https://finance.yahoo.com/calendar/earnings/?symbol=D&offset=200&size=100
Saved: /home/qcx201/Projects/daytrade/data/earnings/earnings-d.json
now: 2025-12-29 17:40:24.760822 | eta: 0:04:24.983840 | delta: 0:00:36.134158 | avg: 0:00:06.022360
[7 of 50] EA
Saved: /home/qcx201/Projects/daytrade/data/chart/chart-ea.json
Saved: /home/qcx201/Projects/daytrade/data/summary/summary-ea.json
<Response [200]> https://finance.yahoo.com/calendar/earnings/?symbol=EA&offset=0&size=100
Sleeping 90.0 seconds...
<Response [200]> https://finance.yahoo.com/calendar/earnings/?symbol=EA&offset=0&size=100
Sleeping 112.5 seconds...
<Response [200]> https://finance.yahoo.com/calendar/earnings/?symbol=EA&offset=0&size=100
<Response [200]> https://finance.yahoo.com/calendar/earnings/?symbol=EA&offset=100&size=100
<Response [200]> https://finance.yahoo.com/calendar/earnings/?symbol=EA&offset=200&size=100
Saved: /home/qcx201/Projects/daytrade/data/earnings/earnings-ea.json
now: 2025-12-29 17:43:58.664966 | eta: 0:25:35.949551 | delta: 0:04:10.038302 | avg: 0:00:35.719757
[8 of 50] COIN
Saved: /home/qcx201/Projects/daytrade/data/chart/chart-coin.json
Saved: /home/qcx201/Projects/daytrade/data/summary/summary-coin.json
<Response [200]> https://finance.yahoo.com/calendar/earnings/?symbol=COIN&offset=0&size=100
<Response [200]> https://finance.yahoo.com/calendar/earnings/?symbol=COIN&offset=100&size=100
Saved: /home/qcx201/Projects/daytrade/data/earnings/earnings-coin.json
now: 2025-12-29 17:44:01.239867 | eta: 0:22:06.219300 | delta: 0:04:12.613203 | avg: 0:00:31.576650
[9 of 50] FTNT
Saved: /home/qcx201/Projects/daytrade/data/chart/chart-ftnt.json
Saved: /home/qcx201/Projects/daytrade/data/summary/summary-ftnt.json
<Response [200]> https://finance.yahoo.com/calendar/earnings/?symbol=FTNT&offset=0&size=100
Sleeping 90.0 seconds...
<Response [200]> https://finance.yahoo.com/calendar/earnings/?symbol=FTNT&offset=0&size=100
Sleeping 112.5 seconds...
<Response [200]> https://finance.yahoo.com/calendar/earnings/?symbol=FTNT&offset=0&size=100
<Response [200]> https://finance.yahoo.com/calendar/earnings/?symbol=FTNT&offset=100&size=100
Saved: /home/qcx201/Projects/daytrade/data/earnings/earnings-ftnt.json
now: 2025-12-29 17:47:31.276146 | eta: 0:35:07.625418 | delta: 0:07:42.649482 | avg: 0:00:51.405498
[10 of 50] MNST
Saved: /home/qcx201/Projects/daytrade/data/chart/chart-mnst.json
Saved: /home/qcx201/Projects/daytrade/data/summary/summary-mnst.json
<Response [200]> https://finance.yahoo.com/calendar/earnings/?symbol=MNST&offset=0&size=100
<Response [200]> https://finance.yahoo.com/calendar/earnings/?symbol=MNST&offset=100&size=100
Saved: /home/qcx201/Projects/daytrade/data/earnings/earnings-mnst.json
now: 2025-12-29 17:47:34.698290 | eta: 0:31:04.286520 | delta: 0:07:46.071626 | avg: 0:00:46.607163
[11 of 50] DLR
Saved: /home/qcx201/Projects/daytrade/data/chart/chart-dlr.json
Saved: /home/qcx201/Projects/daytrade/data/summary/summary-dlr.json
<Response [200]> https://finance.yahoo.com/calendar/earnings/?symbol=DLR&offset=0&size=100
<Response [200]> https://finance.yahoo.com/calendar/earnings/?symbol=DLR&offset=100&size=100
Sleeping 90.0 seconds...
<Response [200]> https://finance.yahoo.com/calendar/earnings/?symbol=DLR&offset=100&size=100
Sleeping 112.5 seconds...
<Response [200]> https://finance.yahoo.com/calendar/earnings/?symbol=DLR&offset=100&size=100
Saved: /home/qcx201/Projects/daytrade/data/earnings/earnings-dlr.json
now: 2025-12-29 17:51:07.813595 | eta: 0:40:08.026374 | delta: 0:11:19.186931 | avg: 0:01:01.744266
[12 of 50] URI
Saved: /home/qcx201/Projects/daytrade/data/chart/chart-uri.json
Saved: /home/qcx201/Projects/daytrade/data/summary/summary-uri.json
<Response [200]> https://finance.yahoo.com/calendar/earnings/?symbol=URI&offset=0&size=100
<Response [200]> https://finance.yahoo.com/calendar/earnings/?symbol=URI&offset=100&size=100
<Response [200]> https://finance.yahoo.com/calendar/earnings/?symbol=URI&offset=200&size=100
Saved: /home/qcx201/Projects/daytrade/data/earnings/earnings-uri.json
now: 2025-12-29 17:51:11.863427 | eta: 0:36:03.583086 | delta: 0:11:23.236763 | avg: 0:00:56.936397
[13 of 50] AFL
Saved: /home/qcx201/Projects/daytrade/data/chart/chart-afl.json
Saved: /home/qcx201/Projects/daytrade/data/summary/summary-afl.json
<Response [200]> https://finance.yahoo.com/calendar/earnings/?symbol=AFL&offset=0&size=100
<Response [200]> https://finance.yahoo.com/calendar/earnings/?symbol=AFL&offset=100&size=100
Sleeping 90.0 seconds...
<Response [200]> https://finance.yahoo.com/calendar/earnings/?symbol=AFL&offset=100&size=100
Sleeping 112.5 seconds...
<Response [200]> https://finance.yahoo.com/calendar/earnings/?symbol=AFL&offset=100&size=100
<Response [200]> https://finance.yahoo.com/calendar/earnings/?symbol=AFL&offset=200&size=100
Saved: /home/qcx201/Projects/daytrade/data/earnings/earnings-afl.json
now: 2025-12-29 17:54:46.115008 | eta: 0:42:34.389905 | delta: 0:14:57.488344 | avg: 0:01:09.037565
[14 of 50] KMI
Saved: /home/qcx201/Projects/daytrade/data/chart/chart-kmi.json
Saved: /home/qcx201/Projects/daytrade/data/summary/summary-kmi.json
<Response [200]> https://finance.yahoo.com/calendar/earnings/?symbol=KMI&offset=0&size=100
<Response [200]> https://finance.yahoo.com/calendar/earnings/?symbol=KMI&offset=100&size=100
Saved: /home/qcx201/Projects/daytrade/data/earnings/earnings-kmi.json
now: 2025-12-29 17:54:50.236010 | eta: 0:38:38.424048 | delta: 0:15:01.609346 | avg: 0:01:04.400668
[15 of 50] O
Saved: /home/qcx201/Projects/daytrade/data/chart/chart-o.json
Saved: /home/qcx201/Projects/daytrade/data/summary/summary-o.json
<Response [200]> https://finance.yahoo.com/calendar/earnings/?symbol=O&offset=0&size=100
<Response [200]> https://finance.yahoo.com/calendar/earnings/?symbol=O&offset=100&size=100
Sleeping 90.0 seconds...
<Response [200]> https://finance.yahoo.com/calendar/earnings/?symbol=O&offset=100&size=100
Sleeping 112.5 seconds...
<Response [200]> https://finance.yahoo.com/calendar/earnings/?symbol=O&offset=100&size=100
Saved: /home/qcx201/Projects/daytrade/data/earnings/earnings-o.json
now: 2025-12-29 17:58:22.712154 | eta: 0:43:19.532810 | delta: 0:18:34.085490 | avg: 0:01:14.272366
[16 of 50] PSX
Saved: /home/qcx201/Projects/daytrade/data/chart/chart-psx.json
Saved: /home/qcx201/Projects/daytrade/data/summary/summary-psx.json
<Response [200]> https://finance.yahoo.com/calendar/earnings/?symbol=PSX&offset=0&size=100
Sleeping 90.0 seconds...
<Response [200]> https://finance.yahoo.com/calendar/earnings/?symbol=PSX&offset=0&size=100
Sleeping 112.5 seconds...
<Response [200]> https://finance.yahoo.com/calendar/earnings/?symbol=PSX&offset=0&size=100
Sleeping 135.0 seconds...
<Response [200]> https://finance.yahoo.com/calendar/earnings/?symbol=PSX&offset=0&size=100
<Response [200]> https://finance.yahoo.com/calendar/earnings/?symbol=PSX&offset=100&size=100
Saved: /home/qcx201/Projects/daytrade/data/earnings/earnings-psx.json
now: 2025-12-29 18:04:14.407446 | eta: 0:51:54.784166 | delta: 0:24:25.780782 | avg: 0:01:31.611299
[17 of 50] XTSLA
[18 of 50] F
Saved: /home/qcx201/Projects/daytrade/data/chart/chart-f.json
Saved: /home/qcx201/Projects/daytrade/data/summary/summary-f.json
<Response [200]> https://finance.yahoo.com/calendar/earnings/?symbol=F&offset=0&size=100
<Response [200]> https://finance.yahoo.com/calendar/earnings/?symbol=F&offset=100&size=100
<Response [200]> https://finance.yahoo.com/calendar/earnings/?symbol=F&offset=200&size=100
Saved: /home/qcx201/Projects/daytrade/data/earnings/earnings-f.json
now: 2025-12-29 18:04:21.379808 | eta: 0:43:38.227808 | delta: 0:24:32.753144 | avg: 0:01:21.819619
[19 of 50] RSG
Saved: /home/qcx201/Projects/daytrade/data/chart/chart-rsg.json
Saved: /home/qcx201/Projects/daytrade/data/summary/summary-rsg.json
<Response [200]> https://finance.yahoo.com/calendar/earnings/?symbol=RSG&offset=0&size=100
Sleeping 90.0 seconds...
<Response [200]> https://finance.yahoo.com/calendar/earnings/?symbol=RSG&offset=0&size=100
Sleeping 112.5 seconds...
<Response [200]> https://finance.yahoo.com/calendar/earnings/?symbol=RSG&offset=0&size=100
Sleeping 135.0 seconds...
<Response [200]> https://finance.yahoo.com/calendar/earnings/?symbol=RSG&offset=0&size=100
<Response [200]> https://finance.yahoo.com/calendar/earnings/?symbol=RSG&offset=100&size=100
<Response [200]> https://finance.yahoo.com/calendar/earnings/?symbol=RSG&offset=200&size=100
Saved: /home/qcx201/Projects/daytrade/data/earnings/earnings-rsg.json
now: 2025-12-29 18:10:12.094357 | eta: 0:49:35.131504 | delta: 0:30:23.467693 | avg: 0:01:35.971984
[20 of 50] EXC
Saved: /home/qcx201/Projects/daytrade/data/chart/chart-exc.json
Saved: /home/qcx201/Projects/daytrade/data/summary/summary-exc.json
<Response [200]> https://finance.yahoo.com/calendar/earnings/?symbol=EXC&offset=0&size=100
<Response [200]> https://finance.yahoo.com/calendar/earnings/?symbol=EXC&offset=100&size=100
Sleeping 90.0 seconds...
<Response [200]> https://finance.yahoo.com/calendar/earnings/?symbol=EXC&offset=100&size=100
Sleeping 112.5 seconds...
<Response [200]> https://finance.yahoo.com/calendar/earnings/?symbol=EXC&offset=100&size=100
<Response [200]> https://finance.yahoo.com/calendar/earnings/?symbol=EXC&offset=200&size=100
Saved: /home/qcx201/Projects/daytrade/data/earnings/earnings-exc.json
now: 2025-12-29 18:13:45.504878 | eta: 0:50:55.317330 | delta: 0:33:56.878214 | avg: 0:01:41.843911
[21 of 50] MPWR
Saved: /home/qcx201/Projects/daytrade/data/chart/chart-mpwr.json
Saved: /home/qcx201/Projects/daytrade/data/summary/summary-mpwr.json
<Response [200]> https://finance.yahoo.com/calendar/earnings/?symbol=MPWR&offset=0&size=100
<Response [200]> https://finance.yahoo.com/calendar/earnings/?symbol=MPWR&offset=100&size=100
Saved: /home/qcx201/Projects/daytrade/data/earnings/earnings-mpwr.json
now: 2025-12-29 18:13:48.702471 | eta: 0:46:57.247543 | delta: 0:34:00.075807 | avg: 0:01:37.146467
[22 of 50] AXON
Saved: /home/qcx201/Projects/daytrade/data/chart/chart-axon.json
Saved: /home/qcx201/Projects/daytrade/data/summary/summary-axon.json
<Response [200]> https://finance.yahoo.com/calendar/earnings/?symbol=AXON&offset=0&size=100
<Response [200]> https://finance.yahoo.com/calendar/earnings/?symbol=AXON&offset=100&size=100
Sleeping 90.0 seconds...
<Response [200]> https://finance.yahoo.com/calendar/earnings/?symbol=AXON&offset=100&size=100
Sleeping 112.5 seconds...
<Response [200]> https://finance.yahoo.com/calendar/earnings/?symbol=AXON&offset=100&size=100
Sleeping 135.0 seconds...
<Response [200]> https://finance.yahoo.com/calendar/earnings/?symbol=AXON&offset=100&size=100
Saved: /home/qcx201/Projects/daytrade/data/earnings/earnings-axon.json
now: 2025-12-29 18:19:36.683328 | eta: 0:50:39.344840 | delta: 0:39:48.056664 | avg: 0:01:48.548030
[23 of 50] FERG
Saved: /home/qcx201/Projects/daytrade/data/chart/chart-ferg.json
Saved: /home/qcx201/Projects/daytrade/data/summary/summary-ferg.json
<Response [200]> https://finance.yahoo.com/calendar/earnings/?symbol=FERG&offset=0&size=100
<Response [200]> https://finance.yahoo.com/calendar/earnings/?symbol=FERG&offset=100&size=100
Saved: /home/qcx201/Projects/daytrade/data/earnings/earnings-ferg.json
now: 2025-12-29 18:19:40.078021 | eta: 0:46:47.355942 | delta: 0:39:51.451357 | avg: 0:01:43.976146
[24 of 50] DDOG
Saved: /home/qcx201/Projects/daytrade/data/chart/chart-ddog.json
Saved: /home/qcx201/Projects/daytrade/data/summary/summary-ddog.json
<Response [200]> https://finance.yahoo.com/calendar/earnings/?symbol=DDOG&offset=0&size=100
<Response [200]> https://finance.yahoo.com/calendar/earnings/?symbol=DDOG&offset=100&size=100
Saved: /home/qcx201/Projects/daytrade/data/earnings/earnings-ddog.json
now: 2025-12-29 18:19:42.066677 | eta: 0:43:12.893342 | delta: 0:39:53.440013 | avg: 0:01:39.726667
[25 of 50] CTSH
Saved: /home/qcx201/Projects/daytrade/data/chart/chart-ctsh.json
Saved: /home/qcx201/Projects/daytrade/data/summary/summary-ctsh.json
<Response [200]> https://finance.yahoo.com/calendar/earnings/?symbol=CTSH&offset=0&size=100
<Response [200]> https://finance.yahoo.com/calendar/earnings/?symbol=CTSH&offset=100&size=100
<Response [200]> https://finance.yahoo.com/calendar/earnings/?symbol=CTSH&offset=200&size=100
Saved: /home/qcx201/Projects/daytrade/data/earnings/earnings-ctsh.json
now: 2025-12-29 18:19:45.300092 | eta: 0:39:56.673425 | delta: 0:39:56.673428 | avg: 0:01:35.866937
[26 of 50] MSCI
Saved: /home/qcx201/Projects/daytrade/data/chart/chart-msci.json
Saved: /home/qcx201/Projects/daytrade/data/summary/summary-msci.json
<Response [200]> https://finance.yahoo.com/calendar/earnings/?symbol=MSCI&offset=0&size=100
<Response [200]> https://finance.yahoo.com/calendar/earnings/?symbol=MSCI&offset=100&size=100
Saved: /home/qcx201/Projects/daytrade/data/earnings/earnings-msci.json
now: 2025-12-29 18:19:47.769626 | eta: 0:36:54.593496 | delta: 0:39:59.142962 | avg: 0:01:32.274729
[27 of 50] YUM
Saved: /home/qcx201/Projects/daytrade/data/chart/chart-yum.json
Saved: /home/qcx201/Projects/daytrade/data/summary/summary-yum.json
<Response [200]> https://finance.yahoo.com/calendar/earnings/?symbol=YUM&offset=0&size=100
<Response [200]> https://finance.yahoo.com/calendar/earnings/?symbol=YUM&offset=100&size=100
<Response [200]> https://finance.yahoo.com/calendar/earnings/?symbol=YUM&offset=200&size=100
Saved: /home/qcx201/Projects/daytrade/data/earnings/earnings-yum.json
now: 2025-12-29 18:19:51.158590 | eta: 0:34:06.601272 | delta: 0:40:02.531926 | avg: 0:01:28.982664
[28 of 50] MSTR
Saved: /home/qcx201/Projects/daytrade/data/chart/chart-mstr.json
Saved: /home/qcx201/Projects/daytrade/data/summary/summary-mstr.json
<Response [200]> https://finance.yahoo.com/calendar/earnings/?symbol=MSTR&offset=0&size=100
<Response [200]> https://finance.yahoo.com/calendar/earnings/?symbol=MSTR&offset=100&size=100
<Response [200]> https://finance.yahoo.com/calendar/earnings/?symbol=MSTR&offset=200&size=100
Saved: /home/qcx201/Projects/daytrade/data/earnings/earnings-mstr.json
now: 2025-12-29 18:19:54.490592 | eta: 0:31:30.321664 | delta: 0:40:05.863928 | avg: 0:01:25.923712
[29 of 50] CARR
Saved: /home/qcx201/Projects/daytrade/data/chart/chart-carr.json
Saved: /home/qcx201/Projects/daytrade/data/summary/summary-carr.json
<Response [200]> https://finance.yahoo.com/calendar/earnings/?symbol=CARR&offset=0&size=100
<Response [200]> https://finance.yahoo.com/calendar/earnings/?symbol=CARR&offset=100&size=100
Saved: /home/qcx201/Projects/daytrade/data/earnings/earnings-carr.json
now: 2025-12-29 18:19:56.877592 | eta: 0:29:03.905835 | delta: 0:40:08.250928 | avg: 0:01:23.043135
[30 of 50] ETR
Saved: /home/qcx201/Projects/daytrade/data/chart/chart-etr.json
Saved: /home/qcx201/Projects/daytrade/data/summary/summary-etr.json
<Response [200]> https://finance.yahoo.com/calendar/earnings/?symbol=ETR&offset=0&size=100
<Response [200]> https://finance.yahoo.com/calendar/earnings/?symbol=ETR&offset=100&size=100
<Response [200]> https://finance.yahoo.com/calendar/earnings/?symbol=ETR&offset=200&size=100
Saved: /home/qcx201/Projects/daytrade/data/earnings/earnings-etr.json
now: 2025-12-29 18:20:00.391680 | eta: 0:26:47.843340 | delta: 0:40:11.765016 | avg: 0:01:20.392167
[31 of 50] XEL
Saved: /home/qcx201/Projects/daytrade/data/chart/chart-xel.json
Saved: /home/qcx201/Projects/daytrade/data/summary/summary-xel.json
<Response [200]> https://finance.yahoo.com/calendar/earnings/?symbol=XEL&offset=0&size=100
<Response [200]> https://finance.yahoo.com/calendar/earnings/?symbol=XEL&offset=100&size=100
<Response [200]> https://finance.yahoo.com/calendar/earnings/?symbol=XEL&offset=200&size=100
Saved: /home/qcx201/Projects/daytrade/data/earnings/earnings-xel.json
now: 2025-12-29 18:20:04.336515 | eta: 0:24:40.596356 | delta: 0:40:15.709851 | avg: 0:01:17.926124
[32 of 50] GWW
Saved: /home/qcx201/Projects/daytrade/data/chart/chart-gww.json
Saved: /home/qcx201/Projects/daytrade/data/summary/summary-gww.json
<Response [200]> https://finance.yahoo.com/calendar/earnings/?symbol=GWW&offset=0&size=100
<Response [200]> https://finance.yahoo.com/calendar/earnings/?symbol=GWW&offset=100&size=100
<Response [200]> https://finance.yahoo.com/calendar/earnings/?symbol=GWW&offset=200&size=100
Saved: /home/qcx201/Projects/daytrade/data/earnings/earnings-gww.json
now: 2025-12-29 18:20:07.683283 | eta: 0:22:40.719342 | delta: 0:40:19.056619 | avg: 0:01:15.595519
[33 of 50] BKR
Saved: /home/qcx201/Projects/daytrade/data/chart/chart-bkr.json
Saved: /home/qcx201/Projects/daytrade/data/summary/summary-bkr.json
<Response [200]> https://finance.yahoo.com/calendar/earnings/?symbol=BKR&offset=0&size=100
<Response [200]> https://finance.yahoo.com/calendar/earnings/?symbol=BKR&offset=100&size=100
Saved: /home/qcx201/Projects/daytrade/data/earnings/earnings-bkr.json
now: 2025-12-29 18:20:10.588139 | eta: 0:20:47.677124 | delta: 0:40:21.961475 | avg: 0:01:13.392772
[34 of 50] AU
Saved: /home/qcx201/Projects/daytrade/data/chart/chart-au.json
Saved: /home/qcx201/Projects/daytrade/data/summary/summary-au.json
<Response [200]> https://finance.yahoo.com/calendar/earnings/?symbol=AU&offset=0&size=100
<Response [200]> https://finance.yahoo.com/calendar/earnings/?symbol=AU&offset=100&size=100
Saved: /home/qcx201/Projects/daytrade/data/earnings/earnings-au.json
now: 2025-12-29 18:20:12.910631 | eta: 0:19:00.839520 | delta: 0:40:24.283967 | avg: 0:01:11.302470
[35 of 50] NDAQ
Saved: /home/qcx201/Projects/daytrade/data/chart/chart-ndaq.json
Saved: /home/qcx201/Projects/daytrade/data/summary/summary-ndaq.json
<Response [200]> https://finance.yahoo.com/calendar/earnings/?symbol=NDAQ&offset=0&size=100
<Response [200]> https://finance.yahoo.com/calendar/earnings/?symbol=NDAQ&offset=100&size=100
Saved: /home/qcx201/Projects/daytrade/data/earnings/earnings-ndaq.json
now: 2025-12-29 18:20:15.334736 | eta: 0:17:20.017740 | delta: 0:40:26.708072 | avg: 0:01:09.334516
[36 of 50] FAST
Saved: /home/qcx201/Projects/daytrade/data/chart/chart-fast.json
Saved: /home/qcx201/Projects/daytrade/data/summary/summary-fast.json
<Response [200]> https://finance.yahoo.com/calendar/earnings/?symbol=FAST&offset=0&size=100
<Response [200]> https://finance.yahoo.com/calendar/earnings/?symbol=FAST&offset=100&size=100
<Response [200]> https://finance.yahoo.com/calendar/earnings/?symbol=FAST&offset=200&size=100
Saved: /home/qcx201/Projects/daytrade/data/earnings/earnings-fast.json
now: 2025-12-29 18:20:19.097955 | eta: 0:15:45.183274 | delta: 0:40:30.471291 | avg: 0:01:07.513091
[37 of 50] WDAY
Saved: /home/qcx201/Projects/daytrade/data/chart/chart-wday.json
Saved: /home/qcx201/Projects/daytrade/data/summary/summary-wday.json
<Response [200]> https://finance.yahoo.com/calendar/earnings/?symbol=WDAY&offset=0&size=100
<Response [200]> https://finance.yahoo.com/calendar/earnings/?symbol=WDAY&offset=100&size=100
Saved: /home/qcx201/Projects/daytrade/data/earnings/earnings-wday.json
now: 2025-12-29 18:20:20.930914 | eta: 0:14:14.593389 | delta: 0:40:32.304250 | avg: 0:01:05.737953
[38 of 50] AMP
Saved: /home/qcx201/Projects/daytrade/data/chart/chart-amp.json
Saved: /home/qcx201/Projects/daytrade/data/summary/summary-amp.json
<Response [200]> https://finance.yahoo.com/calendar/earnings/?symbol=AMP&offset=0&size=100
<Response [200]> https://finance.yahoo.com/calendar/earnings/?symbol=AMP&offset=100&size=100
Saved: /home/qcx201/Projects/daytrade/data/earnings/earnings-amp.json
now: 2025-12-29 18:20:23.256660 | eta: 0:12:48.830520 | delta: 0:40:34.629996 | avg: 0:01:04.069210
[39 of 50] DAL
Saved: /home/qcx201/Projects/daytrade/data/chart/chart-dal.json
Saved: /home/qcx201/Projects/daytrade/data/summary/summary-dal.json
<Response [200]> https://finance.yahoo.com/calendar/earnings/?symbol=DAL&offset=0&size=100
<Response [200]> https://finance.yahoo.com/calendar/earnings/?symbol=DAL&offset=100&size=100
Saved: /home/qcx201/Projects/daytrade/data/earnings/earnings-dal.json
now: 2025-12-29 18:20:25.420043 | eta: 0:11:27.300702 | delta: 0:40:36.793379 | avg: 0:01:02.481882
[40 of 50] TTWO
Saved: /home/qcx201/Projects/daytrade/data/chart/chart-ttwo.json
Saved: /home/qcx201/Projects/daytrade/data/summary/summary-ttwo.json
<Response [200]> https://finance.yahoo.com/calendar/earnings/?symbol=TTWO&offset=0&size=100
<Response [200]> https://finance.yahoo.com/calendar/earnings/?symbol=TTWO&offset=100&size=100
<Response [200]> https://finance.yahoo.com/calendar/earnings/?symbol=TTWO&offset=200&size=100
Saved: /home/qcx201/Projects/daytrade/data/earnings/earnings-ttwo.json
now: 2025-12-29 18:20:29.370419 | eta: 0:10:10.185940 | delta: 0:40:40.743755 | avg: 0:01:01.018594
[41 of 50] CTVA
Saved: /home/qcx201/Projects/daytrade/data/chart/chart-ctva.json
Saved: /home/qcx201/Projects/daytrade/data/summary/summary-ctva.json
<Response [200]> https://finance.yahoo.com/calendar/earnings/?symbol=CTVA&offset=0&size=100
<Response [200]> https://finance.yahoo.com/calendar/earnings/?symbol=CTVA&offset=100&size=100
Saved: /home/qcx201/Projects/daytrade/data/earnings/earnings-ctva.json
now: 2025-12-29 18:20:31.266133 | eta: 0:08:56.189148 | delta: 0:40:42.639469 | avg: 0:00:59.576572
[42 of 50] OKE
Saved: /home/qcx201/Projects/daytrade/data/chart/chart-oke.json
Saved: /home/qcx201/Projects/daytrade/data/summary/summary-oke.json
<Response [200]> https://finance.yahoo.com/calendar/earnings/?symbol=OKE&offset=0&size=100
<Response [200]> https://finance.yahoo.com/calendar/earnings/?symbol=OKE&offset=100&size=100
<Response [200]> https://finance.yahoo.com/calendar/earnings/?symbol=OKE&offset=200&size=100
Saved: /home/qcx201/Projects/daytrade/data/earnings/earnings-oke.json
now: 2025-12-29 18:20:34.875950 | eta: 0:07:45.952248 | delta: 0:40:46.249286 | avg: 0:00:58.244031
[43 of 50] ROK
Saved: /home/qcx201/Projects/daytrade/data/chart/chart-rok.json
Saved: /home/qcx201/Projects/daytrade/data/summary/summary-rok.json
<Response [200]> https://finance.yahoo.com/calendar/earnings/?symbol=ROK&offset=0&size=100
<Response [200]> https://finance.yahoo.com/calendar/earnings/?symbol=ROK&offset=100&size=100
<Response [200]> https://finance.yahoo.com/calendar/earnings/?symbol=ROK&offset=200&size=100
Saved: /home/qcx201/Projects/daytrade/data/earnings/earnings-rok.json
now: 2025-12-29 18:20:38.701799 | eta: 0:06:38.849444 | delta: 0:40:50.075135 | avg: 0:00:56.978492
[44 of 50] TGT
Saved: /home/qcx201/Projects/daytrade/data/chart/chart-tgt.json
Saved: /home/qcx201/Projects/daytrade/data/summary/summary-tgt.json
<Response [200]> https://finance.yahoo.com/calendar/earnings/?symbol=TGT&offset=0&size=100
<Response [200]> https://finance.yahoo.com/calendar/earnings/?symbol=TGT&offset=100&size=100
<Response [200]> https://finance.yahoo.com/calendar/earnings/?symbol=TGT&offset=200&size=100
Saved: /home/qcx201/Projects/daytrade/data/earnings/earnings-tgt.json
now: 2025-12-29 18:20:42.448594 | eta: 0:05:34.612080 | delta: 0:40:53.821930 | avg: 0:00:55.768680
[45 of 50] MET
Saved: /home/qcx201/Projects/daytrade/data/chart/chart-met.json
Saved: /home/qcx201/Projects/daytrade/data/summary/summary-met.json
<Response [200]> https://finance.yahoo.com/calendar/earnings/?symbol=MET&offset=0&size=100
<Response [200]> https://finance.yahoo.com/calendar/earnings/?symbol=MET&offset=100&size=100
<Response [200]> https://finance.yahoo.com/calendar/earnings/?symbol=MET&offset=200&size=100
Saved: /home/qcx201/Projects/daytrade/data/earnings/earnings-met.json
now: 2025-12-29 18:20:45.759589 | eta: 0:04:33.014770 | delta: 0:40:57.132925 | avg: 0:00:54.602954
[46 of 50] FISV
Saved: /home/qcx201/Projects/daytrade/data/chart/chart-fisv.json
Saved: /home/qcx201/Projects/daytrade/data/summary/summary-fisv.json
<Response [200]> https://finance.yahoo.com/calendar/earnings/?symbol=FISV&offset=0&size=100
Sleeping 90.0 seconds...
<Response [200]> https://finance.yahoo.com/calendar/earnings/?symbol=FISV&offset=0&size=100
Sleeping 112.5 seconds...
<Response [200]> https://finance.yahoo.com/calendar/earnings/?symbol=FISV&offset=0&size=100
<Response [200]> https://finance.yahoo.com/calendar/earnings/?symbol=FISV&offset=100&size=100
<Response [200]> https://finance.yahoo.com/calendar/earnings/?symbol=FISV&offset=200&size=100
Saved: /home/qcx201/Projects/daytrade/data/earnings/earnings-fisv.json
now: 2025-12-29 18:24:16.871711 | eta: 0:03:52.021308 | delta: 0:44:28.245047 | avg: 0:00:58.005327
[47 of 50] USD
Saved: /home/qcx201/Projects/daytrade/data/chart/chart-usd.json
Saved: /home/qcx201/Projects/daytrade/data/summary/summary-usd.json
<Response [200]> https://finance.yahoo.com/calendar/earnings/?symbol=USD&offset=0&size=100
Sleeping 90.0 seconds...
<Response [200]> https://finance.yahoo.com/calendar/earnings/?symbol=USD&offset=0&size=100
Sleeping 112.5 seconds...
<Response [200]> https://finance.yahoo.com/calendar/earnings/?symbol=USD&offset=0&size=100
Sleeping 135.0 seconds...
<Response [200]> https://finance.yahoo.com/calendar/earnings/?symbol=USD&offset=0&size=100
Saved: /home/qcx201/Projects/daytrade/data/earnings/earnings-usd.json
now: 2025-12-29 18:30:01.614934 | eta: 0:03:12.318399 | delta: 0:50:12.988270 | avg: 0:01:04.106133
[48 of 50] STT
Saved: /home/qcx201/Projects/daytrade/data/chart/chart-stt.json
Saved: /home/qcx201/Projects/daytrade/data/summary/summary-stt.json
<Response [200]> https://finance.yahoo.com/calendar/earnings/?symbol=STT&offset=0&size=100
<Response [200]> https://finance.yahoo.com/calendar/earnings/?symbol=STT&offset=100&size=100
<Response [200]> https://finance.yahoo.com/calendar/earnings/?symbol=STT&offset=200&size=100
Saved: /home/qcx201/Projects/daytrade/data/earnings/earnings-stt.json
now: 2025-12-29 18:30:05.276062 | eta: 0:02:05.693724 | delta: 0:50:16.649398 | avg: 0:01:02.846862
[49 of 50] INSM
Saved: /home/qcx201/Projects/daytrade/data/chart/chart-insm.json
Saved: /home/qcx201/Projects/daytrade/data/summary/summary-insm.json
<Response [200]> https://finance.yahoo.com/calendar/earnings/?symbol=INSM&offset=0&size=100
<Response [200]> https://finance.yahoo.com/calendar/earnings/?symbol=INSM&offset=100&size=100
Saved: /home/qcx201/Projects/daytrade/data/earnings/earnings-insm.json
now: 2025-12-29 18:30:07.745286 | eta: 0:01:01.614666 | delta: 0:50:19.118622 | avg: 0:01:01.614666
[50 of 50] WAB
Saved: /home/qcx201/Projects/daytrade/data/chart/chart-wab.json
Saved: /home/qcx201/Projects/daytrade/data/summary/summary-wab.json
<Response [200]> https://finance.yahoo.com/calendar/earnings/?symbol=WAB&offset=0&size=100
<Response [200]> https://finance.yahoo.com/calendar/earnings/?symbol=WAB&offset=100&size=100
<Response [200]> https://finance.yahoo.com/calendar/earnings/?symbol=WAB&offset=200&size=100
Saved: /home/qcx201/Projects/daytrade/data/earnings/earnings-wab.json
now: 2025-12-29 18:30:11.068903 | eta: 0:00:00 | delta: 0:50:22.442239 | avg: 0:01:00.448845
-- Complete --
