[1 of 50] NVDA
Saved: /home/qcx201/Projects/daytrade/data/chart/chart-nvda.json
Saved: /home/qcx201/Projects/daytrade/data/summary/summary-nvda.json
<Response [200]> https://finance.yahoo.com/calendar/earnings/?symbol=NVDA&offset=0&size=100
<Response [200]> https://finance.yahoo.com/calendar/earnings/?symbol=NVDA&offset=100&size=100
<Response [200]> https://finance.yahoo.com/calendar/earnings/?symbol=NVDA&offset=200&size=100
Saved: /home/qcx201/Projects/daytrade/data/earnings/earnings-nvda.json
now: 2025-12-29 17:39:55.764593 | eta: 0:05:19.475737 | delta: 0:00:06.519913 | avg: 0:00:06.519913
[2 of 50] AAPL
Saved: /home/qcx201/Projects/daytrade/data/chart/chart-aapl.json
Saved: /home/qcx201/Projects/daytrade/data/summary/summary-aapl.json
<Response [200]> https://finance.yahoo.com/calendar/earnings/?symbol=AAPL&offset=0&size=100
<Response [200]> https://finance.yahoo.com/calendar/earnings/?symbol=AAPL&offset=100&size=100
<Response [200]> https://finance.yahoo.com/calendar/earnings/?symbol=AAPL&offset=200&size=100
Saved: /home/qcx201/Projects/daytrade/data/earnings/earnings-aapl.json
now: 2025-12-29 17:40:02.275021 | eta: 0:05:12.728160 | delta: 0:00:13.030341 | avg: 0:00:06.515170
[3 of 50] MSFT
Saved: /home/qcx201/Projects/daytrade/data/chart/chart-msft.json
Saved: /home/qcx201/Projects/daytrade/data/summary/summary-msft.json
<Response [200]> https://finance.yahoo.com/calendar/earnings/?symbol=MSFT&offset=0&size=100
<Response [200]> https://finance.yahoo.com/calendar/earnings/?symbol=MSFT&offset=100&size=100
<Response [200]> https://finance.yahoo.com/calendar/earnings/?symbol=MSFT&offset=200&size=100
Saved: /home/qcx201/Projects/daytrade/data/earnings/earnings-msft.json
now: 2025-12-29 17:40:12.428432 | eta: 0:06:03.212099 | delta: 0:00:23.183752 | avg: 0:00:07.727917
[4 of 50] AMZN
Saved: /home/qcx201/Projects/daytrade/data/chart/chart-amzn.json
Saved: /home/qcx201/Projects/daytrade/data/summary/summary-amzn.json
<Response [200]> https://finance.yahoo.com/calendar/earnings/?symbol=AMZN&offset=0&size=100
<Response [200]> https://finance.yahoo.com/calendar/earnings/?symbol=AMZN&offset=100&size=100
<Response [200]> https://finance.yahoo.com/calendar/earnings/?symbol=AMZN&offset=200&size=100
Saved: /home/qcx201/Projects/daytrade/data/earnings/earnings-amzn.json
now: 2025-12-29 17:40:19.993463 | eta: 0:05:53.611016 | delta: 0:00:30.748783 | avg: 0:00:07.687196
[5 of 50] GOOGL
Saved: /home/qcx201/Projects/daytrade/data/chart/chart-googl.json
Saved: /home/qcx201/Projects/daytrade/data/summary/summary-googl.json
<Response [200]> https://finance.yahoo.com/calendar/earnings/?symbol=GOOGL&offset=0&size=100
<Response [200]> https://finance.yahoo.com/calendar/earnings/?symbol=GOOGL&offset=100&size=100
Saved: /home/qcx201/Projects/daytrade/data/earnings/earnings-googl.json
now: 2025-12-29 17:40:24.935513 | eta: 0:05:21.217515 | delta: 0:00:35.690833 | avg: 0:00:07.138167
[6 of 50] AVGO
Saved: /home/qcx201/Projects/daytrade/data/chart/chart-avgo.json
Saved: /home/qcx201/Projects/daytrade/data/summary/summary-avgo.json
<Response [200]> https://finance.yahoo.com/calendar/earnings/?symbol=AVGO&offset=0&size=100
Sleeping 90.0 seconds...
<Response [200]> https://finance.yahoo.com/calendar/earnings/?symbol=AVGO&offset=0&size=100
Sleeping 112.5 seconds...
<Response [200]> https://finance.yahoo.com/calendar/earnings/?symbol=AVGO&offset=0&size=100
<Response [200]> https://finance.yahoo.com/calendar/earnings/?symbol=AVGO&offset=100&size=100
Saved: /home/qcx201/Projects/daytrade/data/earnings/earnings-avgo.json
now: 2025-12-29 17:43:56.055071 | eta: 0:30:09.942860 | delta: 0:04:06.810391 | avg: 0:00:41.135065
[7 of 50] GOOG
Saved: /home/qcx201/Projects/daytrade/data/chart/chart-goog.json
Saved: /home/qcx201/Projects/daytrade/data/summary/summary-goog.json
<Response [200]> https://finance.yahoo.com/calendar/earnings/?symbol=GOOG&offset=0&size=100
<Response [200]> https://finance.yahoo.com/calendar/earnings/?symbol=GOOG&offset=100&size=100
Saved: /home/qcx201/Projects/daytrade/data/earnings/earnings-goog.json
now: 2025-12-29 17:43:59.343964 | eta: 0:25:36.324167 | delta: 0:04:10.099284 | avg: 0:00:35.728469
[8 of 50] META
Saved: /home/qcx201/Projects/daytrade/data/chart/chart-meta.json
Saved: /home/qcx201/Projects/daytrade/data/summary/summary-meta.json
<Response [200]> https://finance.yahoo.com/calendar/earnings/?symbol=META&offset=0&size=100
<Response [200]> https://finance.yahoo.com/calendar/earnings/?symbol=META&offset=100&size=100
Sleeping 90.0 seconds...
<Response [200]> https://finance.yahoo.com/calendar/earnings/?symbol=META&offset=100&size=100
Sleeping 112.5 seconds...
<Response [200]> https://finance.yahoo.com/calendar/earnings/?symbol=META&offset=100&size=100
Saved: /home/qcx201/Projects/daytrade/data/earnings/earnings-meta.json
now: 2025-12-29 17:47:29.938987 | eta: 0:40:18.645096 | delta: 0:07:40.694307 | avg: 0:00:57.586788
[9 of 50] TSLA
Saved: /home/qcx201/Projects/daytrade/data/chart/chart-tsla.json
Saved: /home/qcx201/Projects/daytrade/data/summary/summary-tsla.json
<Response [200]> https://finance.yahoo.com/calendar/earnings/?symbol=TSLA&offset=0&size=100
<Response [200]> https://finance.yahoo.com/calendar/earnings/?symbol=TSLA&offset=100&size=100
Saved: /home/qcx201/Projects/daytrade/data/earnings/earnings-tsla.json
now: 2025-12-29 17:47:32.836746 | eta: 0:35:11.919430 | delta: 0:07:43.592066 | avg: 0:00:51.510230
[10 of 50] BRKB
[11 of 50] JPM
Saved: /home/qcx201/Projects/daytrade/data/chart/chart-jpm.json
Saved: /home/qcx201/Projects/daytrade/data/summary/summary-jpm.json
<Response [200]> https://finance.yahoo.com/calendar/earnings/?symbol=JPM&offset=0&size=100
<Response [200]> https://finance.yahoo.com/calendar/earnings/?symbol=JPM&offset=100&size=100
<Response [200]> https://finance.yahoo.com/calendar/earnings/?symbol=JPM&offset=200&size=100
Sleeping 90.0 seconds...
<Response [200]> https://finance.yahoo.com/calendar/earnings/?symbol=JPM&offset=200&size=100
Sleeping 112.5 seconds...
<Response [200]> https://finance.yahoo.com/calendar/earnings/?symbol=JPM&offset=200&size=100
Saved: /home/qcx201/Projects/daytrade/data/earnings/earnings-jpm.json
now: 2025-12-29 17:51:07.661938 | eta: 0:40:05.297544 | delta: 0:11:18.417258 | avg: 0:01:01.674296
[12 of 50] LLY
Saved: /home/qcx201/Projects/daytrade/data/chart/chart-lly.json
Saved: /home/qcx201/Projects/daytrade/data/summary/summary-lly.json
<Response [200]> https://finance.yahoo.com/calendar/earnings/?symbol=LLY&offset=0&size=100
<Response [200]> https://finance.yahoo.com/calendar/earnings/?symbol=LLY&offset=100&size=100
<Response [200]> https://finance.yahoo.com/calendar/earnings/?symbol=LLY&offset=200&size=100
Saved: /home/qcx201/Projects/daytrade/data/earnings/earnings-lly.json
now: 2025-12-29 17:51:12.927662 | eta: 0:36:04.996116 | delta: 0:11:23.682982 | avg: 0:00:56.973582
[13 of 50] V
Saved: /home/qcx201/Projects/daytrade/data/chart/chart-v.json
Saved: /home/qcx201/Projects/daytrade/data/summary/summary-v.json
<Response [200]> https://finance.yahoo.com/calendar/earnings/?symbol=V&offset=0&size=100
<Response [200]> https://finance.yahoo.com/calendar/earnings/?symbol=V&offset=100&size=100
Sleeping 90.0 seconds...
<Response [200]> https://finance.yahoo.com/calendar/earnings/?symbol=V&offset=100&size=100
Sleeping 112.5 seconds...
<Response [200]> https://finance.yahoo.com/calendar/earnings/?symbol=V&offset=100&size=100
Saved: /home/qcx201/Projects/daytrade/data/earnings/earnings-v.json
now: 2025-12-29 17:54:45.186339 | eta: 0:42:29.987793 | delta: 0:14:55.941659 | avg: 0:01:08.918589
[14 of 50] XOM
Saved: /home/qcx201/Projects/daytrade/data/chart/chart-xom.json
Saved: /home/qcx201/Projects/daytrade/data/summary/summary-xom.json
<Response [200]> https://finance.yahoo.com/calendar/earnings/?symbol=XOM&offset=0&size=100
<Response [200]> https://finance.yahoo.com/calendar/earnings/?symbol=XOM&offset=100&size=100
<Response [200]> https://finance.yahoo.com/calendar/earnings/?symbol=XOM&offset=200&size=100
Saved: /home/qcx201/Projects/daytrade/data/earnings/earnings-xom.json
now: 2025-12-29 17:54:49.939481 | eta: 0:38:36.072348 | delta: 0:15:00.694801 | avg: 0:01:04.335343
[15 of 50] JNJ
Saved: /home/qcx201/Projects/daytrade/data/chart/chart-jnj.json
Saved: /home/qcx201/Projects/daytrade/data/summary/summary-jnj.json
<Response [200]> https://finance.yahoo.com/calendar/earnings/?symbol=JNJ&offset=0&size=100
<Response [200]> https://finance.yahoo.com/calendar/earnings/?symbol=JNJ&offset=100&size=100
Sleeping 90.0 seconds...
<Response [200]> https://finance.yahoo.com/calendar/earnings/?symbol=JNJ&offset=100&size=100
Sleeping 112.5 seconds...
<Response [200]> https://finance.yahoo.com/calendar/earnings/?symbol=JNJ&offset=100&size=100
Saved: /home/qcx201/Projects/daytrade/data/earnings/earnings-jnj.json
now: 2025-12-29 17:58:22.623030 | eta: 0:43:17.882805 | delta: 0:18:33.378350 | avg: 0:01:14.225223
[16 of 50] WMT
Saved: /home/qcx201/Projects/daytrade/data/chart/chart-wmt.json
Saved: /home/qcx201/Projects/daytrade/data/summary/summary-wmt.json
<Response [200]> https://finance.yahoo.com/calendar/earnings/?symbol=WMT&offset=0&size=100
<Response [200]> https://finance.yahoo.com/calendar/earnings/?symbol=WMT&offset=100&size=100
Sleeping 90.0 seconds...
<Response [200]> https://finance.yahoo.com/calendar/earnings/?symbol=WMT&offset=100&size=100
Sleeping 112.5 seconds...
<Response [200]> https://finance.yahoo.com/calendar/earnings/?symbol=WMT&offset=100&size=100
Sleeping 135.0 seconds...
<Response [200]> https://finance.yahoo.com/calendar/earnings/?symbol=WMT&offset=100&size=100
<Response [200]> https://finance.yahoo.com/calendar/earnings/?symbol=WMT&offset=200&size=100
Saved: /home/qcx201/Projects/daytrade/data/earnings/earnings-wmt.json
now: 2025-12-29 18:04:14.540768 | eta: 0:51:53.754204 | delta: 0:24:25.296088 | avg: 0:01:31.581006
[17 of 50] MA
Saved: /home/qcx201/Projects/daytrade/data/chart/chart-ma.json
Saved: /home/qcx201/Projects/daytrade/data/summary/summary-ma.json
<Response [200]> https://finance.yahoo.com/calendar/earnings/?symbol=MA&offset=0&size=100
<Response [200]> https://finance.yahoo.com/calendar/earnings/?symbol=MA&offset=100&size=100
Saved: /home/qcx201/Projects/daytrade/data/earnings/earnings-ma.json
now: 2025-12-29 18:04:17.539717 | eta: 0:47:30.219768 | delta: 0:24:28.295037 | avg: 0:01:26.370296
[18 of 50] PLTR
Saved: /home/qcx201/Projects/daytrade/data/chart/chart-pltr.json
Saved: /home/qcx201/Projects/daytrade/data/summary/summary-pltr.json
<Response [200]> https://finance.yahoo.com/calendar/earnings/?symbol=PLTR&offset=0&size=100
<Response [200]> https://finance.yahoo.com/calendar/earnings/?symbol=PLTR&offset=100&size=100
Saved: /home/qcx201/Projects/daytrade/data/earnings/earnings-pltr.json
now: 2025-12-29 18:04:21.220350 | eta: 0:43:36.845632 | delta: 0:24:31.975670 | avg: 0:01:21.776426
[19 of 50] ABBV
Saved: /home/qcx201/Projects/daytrade/data/chart/chart-abbv.json
Saved: /home/qcx201/Projects/daytrade/data/summary/summary-abbv.json
<Response [200]> https://finance.yahoo.com/calendar/earnings/?symbol=ABBV&offset=0&size=100
Sleeping 90.0 seconds...
<Response [200]> https://finance.yahoo.com/calendar/earnings/?symbol=ABBV&offset=0&size=100
Sleeping 112.5 seconds...
<Response [200]> https://finance.yahoo.com/calendar/earnings/?symbol=ABBV&offset=0&size=100
Sleeping 135.0 seconds...
<Response [200]> https://finance.yahoo.com/calendar/earnings/?symbol=ABBV&offset=0&size=100
Sleeping 157.5 seconds...
<Response [200]> https://finance.yahoo.com/calendar/earnings/?symbol=ABBV&offset=0&size=100
Sleeping 180.0 seconds...
<Response [200]> https://finance.yahoo.com/calendar/earnings/?symbol=ABBV&offset=0&size=100
Sleeping 202.5 seconds...
<Response [200]> https://finance.yahoo.com/calendar/earnings/?symbol=ABBV&offset=0&size=100
Sleeping 225.0 seconds...
<Response [200]> https://finance.yahoo.com/calendar/earnings/?symbol=ABBV&offset=0&size=100
<Response [200]> https://finance.yahoo.com/calendar/earnings/?symbol=ABBV&offset=100&size=100
Saved: /home/qcx201/Projects/daytrade/data/earnings/earnings-abbv.json
now: 2025-12-29 18:23:08.692467 | eta: 1:10:41.204271 | delta: 0:43:19.447787 | avg: 0:02:16.813041
[20 of 50] NFLX
Saved: /home/qcx201/Projects/daytrade/data/chart/chart-nflx.json
Saved: /home/qcx201/Projects/daytrade/data/summary/summary-nflx.json
<Response [200]> https://finance.yahoo.com/calendar/earnings/?symbol=NFLX&offset=0&size=100
<Response [200]> https://finance.yahoo.com/calendar/earnings/?symbol=NFLX&offset=100&size=100
Saved: /home/qcx201/Projects/daytrade/data/earnings/earnings-nflx.json
now: 2025-12-29 18:23:11.140360 | eta: 1:05:02.843520 | delta: 0:43:21.895680 | avg: 0:02:10.094784
[21 of 50] COST
Saved: /home/qcx201/Projects/daytrade/data/chart/chart-cost.json
Saved: /home/qcx201/Projects/daytrade/data/summary/summary-cost.json
<Response [200]> https://finance.yahoo.com/calendar/earnings/?symbol=COST&offset=0&size=100
<Response [200]> https://finance.yahoo.com/calendar/earnings/?symbol=COST&offset=100&size=100
<Response [200]> https://finance.yahoo.com/calendar/earnings/?symbol=COST&offset=200&size=100
Saved: /home/qcx201/Projects/daytrade/data/earnings/earnings-cost.json
now: 2025-12-29 18:23:15.155274 | eta: 0:59:58.638449 | delta: 0:43:25.910594 | avg: 0:02:04.090981
[22 of 50] BAC
Saved: /home/qcx201/Projects/daytrade/data/chart/chart-bac.json
Saved: /home/qcx201/Projects/daytrade/data/summary/summary-bac.json
<Response [200]> https://finance.yahoo.com/calendar/earnings/?symbol=BAC&offset=0&size=100
<Response [200]> https://finance.yahoo.com/calendar/earnings/?symbol=BAC&offset=100&size=100
<Response [200]> https://finance.yahoo.com/calendar/earnings/?symbol=BAC&offset=200&size=100
Saved: /home/qcx201/Projects/daytrade/data/earnings/earnings-bac.json
now: 2025-12-29 18:23:18.930877 | eta: 0:55:21.418800 | delta: 0:43:29.686197 | avg: 0:01:58.622100
[23 of 50] HD
Saved: /home/qcx201/Projects/daytrade/data/chart/chart-hd.json
Saved: /home/qcx201/Projects/daytrade/data/summary/summary-hd.json
<Response [200]> https://finance.yahoo.com/calendar/earnings/?symbol=HD&offset=0&size=100
<Response [200]> https://finance.yahoo.com/calendar/earnings/?symbol=HD&offset=100&size=100
<Response [200]> https://finance.yahoo.com/calendar/earnings/?symbol=HD&offset=200&size=100
Saved: /home/qcx201/Projects/daytrade/data/earnings/earnings-hd.json
now: 2025-12-29 18:23:22.814098 | eta: 0:51:08.103231 | delta: 0:43:33.569418 | avg: 0:01:53.633453
[24 of 50] AMD
Saved: /home/qcx201/Projects/daytrade/data/chart/chart-amd.json
Saved: /home/qcx201/Projects/daytrade/data/summary/summary-amd.json
<Response [200]> https://finance.yahoo.com/calendar/earnings/?symbol=AMD&offset=0&size=100
<Response [200]> https://finance.yahoo.com/calendar/earnings/?symbol=AMD&offset=100&size=100
<Response [200]> https://finance.yahoo.com/calendar/earnings/?symbol=AMD&offset=200&size=100
Saved: /home/qcx201/Projects/daytrade/data/earnings/earnings-amd.json
now: 2025-12-29 18:23:25.950801 | eta: 0:47:14.764972 | delta: 0:43:36.706121 | avg: 0:01:49.029422
[25 of 50] PG
Saved: /home/qcx201/Projects/daytrade/data/chart/chart-pg.json
Saved: /home/qcx201/Projects/daytrade/data/summary/summary-pg.json
<Response [200]> https://finance.yahoo.com/calendar/earnings/?symbol=PG&offset=0&size=100
<Response [200]> https://finance.yahoo.com/calendar/earnings/?symbol=PG&offset=100&size=100
<Response [200]> https://finance.yahoo.com/calendar/earnings/?symbol=PG&offset=200&size=100
Saved: /home/qcx201/Projects/daytrade/data/earnings/earnings-pg.json
now: 2025-12-29 18:23:29.617268 | eta: 0:43:40.372600 | delta: 0:43:40.372588 | avg: 0:01:44.814904
[26 of 50] ORCL
Saved: /home/qcx201/Projects/daytrade/data/chart/chart-orcl.json
Saved: /home/qcx201/Projects/daytrade/data/summary/summary-orcl.json
<Response [200]> https://finance.yahoo.com/calendar/earnings/?symbol=ORCL&offset=0&size=100
<Response [200]> https://finance.yahoo.com/calendar/earnings/?symbol=ORCL&offset=100&size=100
<Response [200]> https://finance.yahoo.com/calendar/earnings/?symbol=ORCL&offset=200&size=100
Saved: /home/qcx201/Projects/daytrade/data/earnings/earnings-orcl.json
now: 2025-12-29 18:23:32.932171 | eta: 0:40:21.865368 | delta: 0:43:43.687491 | avg: 0:01:40.911057
[27 of 50] GE
Saved: /home/qcx201/Projects/daytrade/data/chart/chart-ge.json
Saved: /home/qcx201/Projects/daytrade/data/summary/summary-ge.json
<Response [200]> https://finance.yahoo.com/calendar/earnings/?symbol=GE&offset=0&size=100
<Response [200]> https://finance.yahoo.com/calendar/earnings/?symbol=GE&offset=100&size=100
<Response [200]> https://finance.yahoo.com/calendar/earnings/?symbol=GE&offset=200&size=100
Saved: /home/qcx201/Projects/daytrade/data/earnings/earnings-ge.json
now: 2025-12-29 18:23:37.994670 | eta: 0:37:19.305553 | delta: 0:43:48.749990 | avg: 0:01:37.361111
[28 of 50] MU
Saved: /home/qcx201/Projects/daytrade/data/chart/chart-mu.json
Saved: /home/qcx201/Projects/daytrade/data/summary/summary-mu.json
<Response [200]> https://finance.yahoo.com/calendar/earnings/?symbol=MU&offset=0&size=100
<Response [200]> https://finance.yahoo.com/calendar/earnings/?symbol=MU&offset=100&size=100
<Response [200]> https://finance.yahoo.com/calendar/earnings/?symbol=MU&offset=200&size=100
Saved: /home/qcx201/Projects/daytrade/data/earnings/earnings-mu.json
now: 2025-12-29 18:23:41.403075 | eta: 0:34:28.124454 | delta: 0:43:52.158395 | avg: 0:01:34.005657
[29 of 50] CSCO
Saved: /home/qcx201/Projects/daytrade/data/chart/chart-csco.json
Saved: /home/qcx201/Projects/daytrade/data/summary/summary-csco.json
<Response [200]> https://finance.yahoo.com/calendar/earnings/?symbol=CSCO&offset=0&size=100
<Response [200]> https://finance.yahoo.com/calendar/earnings/?symbol=CSCO&offset=100&size=100
<Response [200]> https://finance.yahoo.com/calendar/earnings/?symbol=CSCO&offset=200&size=100
Saved: /home/qcx201/Projects/daytrade/data/earnings/earnings-csco.json
now: 2025-12-29 18:23:44.652761 | eta: 0:31:48.398961 | delta: 0:43:55.408081 | avg: 0:01:30.876141
[30 of 50] WFC
Saved: /home/qcx201/Projects/daytrade/data/chart/chart-wfc.json
Saved: /home/qcx201/Projects/daytrade/data/summary/summary-wfc.json
<Response [200]> https://finance.yahoo.com/calendar/earnings/?symbol=WFC&offset=0&size=100
<Response [200]> https://finance.yahoo.com/calendar/earnings/?symbol=WFC&offset=100&size=100
<Response [200]> https://finance.yahoo.com/calendar/earnings/?symbol=WFC&offset=200&size=100
Saved: /home/qcx201/Projects/daytrade/data/earnings/earnings-wfc.json
now: 2025-12-29 18:23:49.244100 | eta: 0:29:19.999620 | delta: 0:43:59.999420 | avg: 0:01:27.999981
[31 of 50] UNH
Saved: /home/qcx201/Projects/daytrade/data/chart/chart-unh.json
Saved: /home/qcx201/Projects/daytrade/data/summary/summary-unh.json
<Response [200]> https://finance.yahoo.com/calendar/earnings/?symbol=UNH&offset=0&size=100
<Response [200]> https://finance.yahoo.com/calendar/earnings/?symbol=UNH&offset=100&size=100
<Response [200]> https://finance.yahoo.com/calendar/earnings/?symbol=UNH&offset=200&size=100
Saved: /home/qcx201/Projects/daytrade/data/earnings/earnings-unh.json
now: 2025-12-29 18:23:52.777960 | eta: 0:27:00.230073 | delta: 0:44:03.533280 | avg: 0:01:25.275267
[32 of 50] IBM
Saved: /home/qcx201/Projects/daytrade/data/chart/chart-ibm.json
Saved: /home/qcx201/Projects/daytrade/data/summary/summary-ibm.json
<Response [200]> https://finance.yahoo.com/calendar/earnings/?symbol=IBM&offset=0&size=100
<Response [200]> https://finance.yahoo.com/calendar/earnings/?symbol=IBM&offset=100&size=100
<Response [200]> https://finance.yahoo.com/calendar/earnings/?symbol=IBM&offset=200&size=100
Saved: /home/qcx201/Projects/daytrade/data/earnings/earnings-ibm.json
now: 2025-12-29 18:23:56.509523 | eta: 0:24:49.086468 | delta: 0:44:07.264843 | avg: 0:01:22.727026
[33 of 50] CVX
Saved: /home/qcx201/Projects/daytrade/data/chart/chart-cvx.json
Saved: /home/qcx201/Projects/daytrade/data/summary/summary-cvx.json
<Response [200]> https://finance.yahoo.com/calendar/earnings/?symbol=CVX&offset=0&size=100
<Response [200]> https://finance.yahoo.com/calendar/earnings/?symbol=CVX&offset=100&size=100
Saved: /home/qcx201/Projects/daytrade/data/earnings/earnings-cvx.json
now: 2025-12-29 18:23:59.287567 | eta: 0:22:45.173610 | delta: 0:44:10.042887 | avg: 0:01:20.304330
[34 of 50] KO
Saved: /home/qcx201/Projects/daytrade/data/chart/chart-ko.json
Saved: /home/qcx201/Projects/daytrade/data/summary/summary-ko.json
<Response [200]> https://finance.yahoo.com/calendar/earnings/?symbol=KO&offset=0&size=100
<Response [200]> https://finance.yahoo.com/calendar/earnings/?symbol=KO&offset=100&size=100
<Response [200]> https://finance.yahoo.com/calendar/earnings/?symbol=KO&offset=200&size=100
Saved: /home/qcx201/Projects/daytrade/data/earnings/earnings-ko.json
now: 2025-12-29 18:24:02.954852 | eta: 0:20:48.804784 | delta: 0:44:13.710172 | avg: 0:01:18.050299
[35 of 50] CAT
Saved: /home/qcx201/Projects/daytrade/data/chart/chart-cat.json
Saved: /home/qcx201/Projects/daytrade/data/summary/summary-cat.json
<Response [200]> https://finance.yahoo.com/calendar/earnings/?symbol=CAT&offset=0&size=100
<Response [200]> https://finance.yahoo.com/calendar/earnings/?symbol=CAT&offset=100&size=100
<Response [200]> https://finance.yahoo.com/calendar/earnings/?symbol=CAT&offset=200&size=100
Saved: /home/qcx201/Projects/daytrade/data/earnings/earnings-cat.json
now: 2025-12-29 18:24:07.726105 | eta: 0:18:59.349180 | delta: 0:44:18.481425 | avg: 0:01:15.956612
[36 of 50] MRK
Saved: /home/qcx201/Projects/daytrade/data/chart/chart-mrk.json
Saved: /home/qcx201/Projects/daytrade/data/summary/summary-mrk.json
<Response [200]> https://finance.yahoo.com/calendar/earnings/?symbol=MRK&offset=0&size=100
<Response [200]> https://finance.yahoo.com/calendar/earnings/?symbol=MRK&offset=100&size=100
<Response [200]> https://finance.yahoo.com/calendar/earnings/?symbol=MRK&offset=200&size=100
Saved: /home/qcx201/Projects/daytrade/data/earnings/earnings-mrk.json
now: 2025-12-29 18:24:11.741867 | eta: 0:17:15.415570 | delta: 0:44:22.497187 | avg: 0:01:13.958255
[37 of 50] GS
Saved: /home/qcx201/Projects/daytrade/data/chart/chart-gs.json
Saved: /home/qcx201/Projects/daytrade/data/summary/summary-gs.json
<Response [200]> https://finance.yahoo.com/calendar/earnings/?symbol=GS&offset=0&size=100
<Response [200]> https://finance.yahoo.com/calendar/earnings/?symbol=GS&offset=100&size=100
<Response [200]> https://finance.yahoo.com/calendar/earnings/?symbol=GS&offset=200&size=100
Saved: /home/qcx201/Projects/daytrade/data/earnings/earnings-gs.json
now: 2025-12-29 18:24:15.058455 | eta: 0:15:36.637273 | delta: 0:44:25.813775 | avg: 0:01:12.049021
[38 of 50] RTX
Saved: /home/qcx201/Projects/daytrade/data/chart/chart-rtx.json
Saved: /home/qcx201/Projects/daytrade/data/summary/summary-rtx.json
<Response [200]> https://finance.yahoo.com/calendar/earnings/?symbol=RTX&offset=0&size=100
<Response [200]> https://finance.yahoo.com/calendar/earnings/?symbol=RTX&offset=100&size=100
<Response [200]> https://finance.yahoo.com/calendar/earnings/?symbol=RTX&offset=200&size=100
Sleeping 90.0 seconds...
<Response [200]> https://finance.yahoo.com/calendar/earnings/?symbol=RTX&offset=200&size=100
Sleeping 112.5 seconds...
<Response [200]> https://finance.yahoo.com/calendar/earnings/?symbol=RTX&offset=200&size=100
Sleeping 135.0 seconds...
<Response [200]> https://finance.yahoo.com/calendar/earnings/?symbol=RTX&offset=200&size=100
Saved: /home/qcx201/Projects/daytrade/data/earnings/earnings-rtx.json
now: 2025-12-29 18:30:01.659687 | eta: 0:15:51.288948 | delta: 0:50:12.415007 | avg: 0:01:19.274079
[39 of 50] PM
Saved: /home/qcx201/Projects/daytrade/data/chart/chart-pm.json
Saved: /home/qcx201/Projects/daytrade/data/summary/summary-pm.json
<Response [200]> https://finance.yahoo.com/calendar/earnings/?symbol=PM&offset=0&size=100
<Response [200]> https://finance.yahoo.com/calendar/earnings/?symbol=PM&offset=100&size=100
Saved: /home/qcx201/Projects/daytrade/data/earnings/earnings-pm.json
now: 2025-12-29 18:30:03.916892 | eta: 0:14:10.292157 | delta: 0:50:14.672212 | avg: 0:01:17.299287
[40 of 50] CRM
Saved: /home/qcx201/Projects/daytrade/data/chart/chart-crm.json
Saved: /home/qcx201/Projects/daytrade/data/summary/summary-crm.json
<Response [200]> https://finance.yahoo.com/calendar/earnings/?symbol=CRM&offset=0&size=100
<Response [200]> https://finance.yahoo.com/calendar/earnings/?symbol=CRM&offset=100&size=100
Saved: /home/qcx201/Projects/daytrade/data/earnings/earnings-crm.json
now: 2025-12-29 18:30:06.104526 | eta: 0:12:34.214960 | delta: 0:50:16.859846 | avg: 0:01:15.421496
[41 of 50] MCD
Saved: /home/qcx201/Projects/daytrade/data/chart/chart-mcd.json
Saved: /home/qcx201/Projects/daytrade/data/summary/summary-mcd.json
<Response [200]> https://finance.yahoo.com/calendar/earnings/?symbol=MCD&offset=0&size=100
<Response [200]> https://finance.yahoo.com/calendar/earnings/?symbol=MCD&offset=100&size=100
<Response [200]> https://finance.yahoo.com/calendar/earnings/?symbol=MCD&offset=200&size=100
Saved: /home/qcx201/Projects/daytrade/data/earnings/earnings-mcd.json
now: 2025-12-29 18:30:09.519308 | eta: 0:11:02.987115 | delta: 0:50:20.274628 | avg: 0:01:13.665235
[42 of 50] LRCX
Saved: /home/qcx201/Projects/daytrade/data/chart/chart-lrcx.json
Saved: /home/qcx201/Projects/daytrade/data/summary/summary-lrcx.json
<Response [200]> https://finance.yahoo.com/calendar/earnings/?symbol=LRCX&offset=0&size=100
<Response [200]> https://finance.yahoo.com/calendar/earnings/?symbol=LRCX&offset=100&size=100
<Response [200]> https://finance.yahoo.com/calendar/earnings/?symbol=LRCX&offset=200&size=100
Saved: /home/qcx201/Projects/daytrade/data/earnings/earnings-lrcx.json
now: 2025-12-29 18:30:12.939409 | eta: 0:09:35.941856 | delta: 0:50:23.694729 | avg: 0:01:11.992732
[43 of 50] TMO
Saved: /home/qcx201/Projects/daytrade/data/chart/chart-tmo.json
Saved: /home/qcx201/Projects/daytrade/data/summary/summary-tmo.json
<Response [200]> https://finance.yahoo.com/calendar/earnings/?symbol=TMO&offset=0&size=100
<Response [200]> https://finance.yahoo.com/calendar/earnings/?symbol=TMO&offset=100&size=100
<Response [200]> https://finance.yahoo.com/calendar/earnings/?symbol=TMO&offset=200&size=100
Saved: /home/qcx201/Projects/daytrade/data/earnings/earnings-tmo.json
now: 2025-12-29 18:30:16.465938 | eta: 0:08:12.803458 | delta: 0:50:27.221258 | avg: 0:01:10.400494
[44 of 50] ABT
Saved: /home/qcx201/Projects/daytrade/data/chart/chart-abt.json
Saved: /home/qcx201/Projects/daytrade/data/summary/summary-abt.json
<Response [200]> https://finance.yahoo.com/calendar/earnings/?symbol=ABT&offset=0&size=100
<Response [200]> https://finance.yahoo.com/calendar/earnings/?symbol=ABT&offset=100&size=100
<Response [200]> https://finance.yahoo.com/calendar/earnings/?symbol=ABT&offset=200&size=100
Saved: /home/qcx201/Projects/daytrade/data/earnings/earnings-abt.json
now: 2025-12-29 18:30:20.341232 | eta: 0:06:53.331348 | delta: 0:50:31.096552 | avg: 0:01:08.888558
[45 of 50] C
Saved: /home/qcx201/Projects/daytrade/data/chart/chart-c.json
Saved: /home/qcx201/Projects/daytrade/data/summary/summary-c.json
<Response [200]> https://finance.yahoo.com/calendar/earnings/?symbol=C&offset=0&size=100
<Response [200]> https://finance.yahoo.com/calendar/earnings/?symbol=C&offset=100&size=100
<Response [200]> https://finance.yahoo.com/calendar/earnings/?symbol=C&offset=200&size=100
Saved: /home/qcx201/Projects/daytrade/data/earnings/earnings-c.json
now: 2025-12-29 18:30:25.062257 | eta: 0:05:37.313065 | delta: 0:50:35.817577 | avg: 0:01:07.462613
[46 of 50] AMAT
Saved: /home/qcx201/Projects/daytrade/data/chart/chart-amat.json
Saved: /home/qcx201/Projects/daytrade/data/summary/summary-amat.json
<Response [200]> https://finance.yahoo.com/calendar/earnings/?symbol=AMAT&offset=0&size=100
Sleeping 90.0 seconds...
<Response [200]> https://finance.yahoo.com/calendar/earnings/?symbol=AMAT&offset=0&size=100
Sleeping 112.5 seconds...
<Response [200]> https://finance.yahoo.com/calendar/earnings/?symbol=AMAT&offset=0&size=100
<Response [200]> https://finance.yahoo.com/calendar/earnings/?symbol=AMAT&offset=100&size=100
<Response [200]> https://finance.yahoo.com/calendar/earnings/?symbol=AMAT&offset=200&size=100
Saved: /home/qcx201/Projects/daytrade/data/earnings/earnings-amat.json
now: 2025-12-29 18:33:54.753922 | eta: 0:04:42.218196 | delta: 0:54:05.509242 | avg: 0:01:10.554549
[47 of 50] MS
Saved: /home/qcx201/Projects/daytrade/data/chart/chart-ms.json
Saved: /home/qcx201/Projects/daytrade/data/summary/summary-ms.json
<Response [200]> https://finance.yahoo.com/calendar/earnings/?symbol=MS&offset=0&size=100
<Response [200]> https://finance.yahoo.com/calendar/earnings/?symbol=MS&offset=100&size=100
<Response [200]> https://finance.yahoo.com/calendar/earnings/?symbol=MS&offset=200&size=100
Saved: /home/qcx201/Projects/daytrade/data/earnings/earnings-ms.json
now: 2025-12-29 18:33:58.986475 | eta: 0:03:27.430326 | delta: 0:54:09.741795 | avg: 0:01:09.143442
[48 of 50] DIS
Saved: /home/qcx201/Projects/daytrade/data/chart/chart-dis.json
Saved: /home/qcx201/Projects/daytrade/data/summary/summary-dis.json
<Response [200]> https://finance.yahoo.com/calendar/earnings/?symbol=DIS&offset=0&size=100
<Response [200]> https://finance.yahoo.com/calendar/earnings/?symbol=DIS&offset=100&size=100
Sleeping 90.0 seconds...
<Response [200]> https://finance.yahoo.com/calendar/earnings/?symbol=DIS&offset=100&size=100
Sleeping 112.5 seconds...
<Response [200]> https://finance.yahoo.com/calendar/earnings/?symbol=DIS&offset=100&size=100
<Response [200]> https://finance.yahoo.com/calendar/earnings/?symbol=DIS&offset=200&size=100
Saved: /home/qcx201/Projects/daytrade/data/earnings/earnings-dis.json
now: 2025-12-29 18:37:30.652173 | eta: 0:02:24.225312 | delta: 0:57:41.407493 | avg: 0:01:12.112656
[49 of 50] ISRG
Saved: /home/qcx201/Projects/daytrade/data/chart/chart-isrg.json
Saved: /home/qcx201/Projects/daytrade/data/summary/summary-isrg.json
<Response [200]> https://finance.yahoo.com/calendar/earnings/?symbol=ISRG&offset=0&size=100
<Response [200]> https://finance.yahoo.com/calendar/earnings/?symbol=ISRG&offset=100&size=100
<Response [200]> https://finance.yahoo.com/calendar/earnings/?symbol=ISRG&offset=200&size=100
Saved: /home/qcx201/Projects/daytrade/data/earnings/earnings-isrg.json
now: 2025-12-29 18:37:34.655455 | eta: 0:01:10.722669 | delta: 0:57:45.410775 | avg: 0:01:10.722669
[50 of 50] AXP
Saved: /home/qcx201/Projects/daytrade/data/chart/chart-axp.json
Saved: /home/qcx201/Projects/daytrade/data/summary/summary-axp.json
<Response [200]> https://finance.yahoo.com/calendar/earnings/?symbol=AXP&offset=0&size=100
Sleeping 90.0 seconds...
<Response [200]> https://finance.yahoo.com/calendar/earnings/?symbol=AXP&offset=0&size=100
Sleeping 112.5 seconds...
<Response [200]> https://finance.yahoo.com/calendar/earnings/?symbol=AXP&offset=0&size=100
<Response [200]> https://finance.yahoo.com/calendar/earnings/?symbol=AXP&offset=100&size=100
<Response [200]> https://finance.yahoo.com/calendar/earnings/?symbol=AXP&offset=200&size=100
Saved: /home/qcx201/Projects/daytrade/data/earnings/earnings-axp.json
now: 2025-12-29 18:41:03.660066 | eta: 0:00:00 | delta: 1:01:14.415386 | avg: 0:01:13.488308
-- Complete --
