[1 of 50] XYL
Saved: /home/qcx201/Projects/daytrade/data/chart/chart-xyl.json
Saved: /home/qcx201/Projects/daytrade/data/summary/summary-xyl.json
<Response [200]> https://finance.yahoo.com/calendar/earnings/?symbol=XYL&offset=0&size=100
<Response [200]> https://finance.yahoo.com/calendar/earnings/?symbol=XYL&offset=100&size=100
Saved: /home/qcx201/Projects/daytrade/data/earnings/earnings-xyl.json
now: 2025-12-29 17:39:53.202310 | eta: 0:03:44.172060 | delta: 0:00:04.574940 | avg: 0:00:04.574940
[2 of 50] IR
Saved: /home/qcx201/Projects/daytrade/data/chart/chart-ir.json
Saved: /home/qcx201/Projects/daytrade/data/summary/summary-ir.json
<Response [200]> https://finance.yahoo.com/calendar/earnings/?symbol=IR&offset=0&size=100
<Response [200]> https://finance.yahoo.com/calendar/earnings/?symbol=IR&offset=100&size=100
Saved: /home/qcx201/Projects/daytrade/data/earnings/earnings-ir.json
now: 2025-12-29 17:39:57.466985 | eta: 0:03:32.150784 | delta: 0:00:08.839615 | avg: 0:00:04.419808
[3 of 50] PCG
Saved: /home/qcx201/Projects/daytrade/data/chart/chart-pcg.json
Saved: /home/qcx201/Projects/daytrade/data/summary/summary-pcg.json
<Response [200]> https://finance.yahoo.com/calendar/earnings/?symbol=PCG&offset=0&size=100
<Response [200]> https://finance.yahoo.com/calendar/earnings/?symbol=PCG&offset=100&size=100
<Response [200]> https://finance.yahoo.com/calendar/earnings/?symbol=PCG&offset=200&size=100
Saved: /home/qcx201/Projects/daytrade/data/earnings/earnings-pcg.json
now: 2025-12-29 17:40:03.516624 | eta: 0:03:53.264995 | delta: 0:00:14.889254 | avg: 0:00:04.963085
[4 of 50] CPRT
Saved: /home/qcx201/Projects/daytrade/data/chart/chart-cprt.json
Saved: /home/qcx201/Projects/daytrade/data/summary/summary-cprt.json
<Response [200]> https://finance.yahoo.com/calendar/earnings/?symbol=CPRT&offset=0&size=100
<Response [200]> https://finance.yahoo.com/calendar/earnings/?symbol=CPRT&offset=100&size=100
<Response [200]> https://finance.yahoo.com/calendar/earnings/?symbol=CPRT&offset=200&size=100
Saved: /home/qcx201/Projects/daytrade/data/earnings/earnings-cprt.json
now: 2025-12-29 17:40:12.529109 | eta: 0:04:34.870010 | delta: 0:00:23.901739 | avg: 0:00:05.975435
[5 of 50] MCHP
Saved: /home/qcx201/Projects/daytrade/data/chart/chart-mchp.json
Saved: /home/qcx201/Projects/daytrade/data/summary/summary-mchp.json
<Response [200]> https://finance.yahoo.com/calendar/earnings/?symbol=MCHP&offset=0&size=100
<Response [200]> https://finance.yahoo.com/calendar/earnings/?symbol=MCHP&offset=100&size=100
<Response [200]> https://finance.yahoo.com/calendar/earnings/?symbol=MCHP&offset=200&size=100
Saved: /home/qcx201/Projects/daytrade/data/earnings/earnings-mchp.json
now: 2025-12-29 17:40:20.615926 | eta: 0:04:47.896995 | delta: 0:00:31.988556 | avg: 0:00:06.397711
[6 of 50] WEC
Saved: /home/qcx201/Projects/daytrade/data/chart/chart-wec.json
Saved: /home/qcx201/Projects/daytrade/data/summary/summary-wec.json
<Response [200]> https://finance.yahoo.com/calendar/earnings/?symbol=WEC&offset=0&size=100
<Response [200]> https://finance.yahoo.com/calendar/earnings/?symbol=WEC&offset=100&size=100
Sleeping 90.0 seconds...
<Response [200]> https://finance.yahoo.com/calendar/earnings/?symbol=WEC&offset=100&size=100
Sleeping 112.5 seconds...
<Response [200]> https://finance.yahoo.com/calendar/earnings/?symbol=WEC&offset=100&size=100
<Response [200]> https://finance.yahoo.com/calendar/earnings/?symbol=WEC&offset=200&size=100
Saved: /home/qcx201/Projects/daytrade/data/earnings/earnings-wec.json
now: 2025-12-29 17:43:55.752767 | eta: 0:30:12.252904 | delta: 0:04:07.125397 | avg: 0:00:41.187566
[7 of 50] FLUT
Saved: /home/qcx201/Projects/daytrade/data/chart/chart-flut.json
Saved: /home/qcx201/Projects/daytrade/data/summary/summary-flut.json
<Response [200]> https://finance.yahoo.com/calendar/earnings/?symbol=FLUT&offset=0&size=100
<Response [200]> https://finance.yahoo.com/calendar/earnings/?symbol=FLUT&offset=100&size=100
Saved: /home/qcx201/Projects/daytrade/data/earnings/earnings-flut.json
now: 2025-12-29 17:43:58.194819 | eta: 0:25:33.057199 | delta: 0:04:09.567449 | avg: 0:00:35.652493
[8 of 50] ACGL
Saved: /home/qcx201/Projects/daytrade/data/chart/chart-acgl.json
Saved: /home/qcx201/Projects/daytrade/data/summary/summary-acgl.json
<Response [200]> https://finance.yahoo.com/calendar/earnings/?symbol=ACGL&offset=0&size=100
<Response [200]> https://finance.yahoo.com/calendar/earnings/?symbol=ACGL&offset=100&size=100
Saved: /home/qcx201/Projects/daytrade/data/earnings/earnings-acgl.json
now: 2025-12-29 17:44:01.386091 | eta: 0:22:06.983280 | delta: 0:04:12.758721 | avg: 0:00:31.594840
[9 of 50] CIEN
Saved: /home/qcx201/Projects/daytrade/data/chart/chart-cien.json
Saved: /home/qcx201/Projects/daytrade/data/summary/summary-cien.json
<Response [200]> https://finance.yahoo.com/calendar/earnings/?symbol=CIEN&offset=0&size=100
Sleeping 90.0 seconds...
<Response [200]> https://finance.yahoo.com/calendar/earnings/?symbol=CIEN&offset=0&size=100
Sleeping 112.5 seconds...
<Response [200]> https://finance.yahoo.com/calendar/earnings/?symbol=CIEN&offset=0&size=100
<Response [200]> https://finance.yahoo.com/calendar/earnings/?symbol=CIEN&offset=100&size=100
<Response [200]> https://finance.yahoo.com/calendar/earnings/?symbol=CIEN&offset=200&size=100
Saved: /home/qcx201/Projects/daytrade/data/earnings/earnings-cien.json
now: 2025-12-29 17:47:33.188498 | eta: 0:35:16.334023 | delta: 0:07:44.561128 | avg: 0:00:51.617903
[10 of 50] OTIS
Saved: /home/qcx201/Projects/daytrade/data/chart/chart-otis.json
Saved: /home/qcx201/Projects/daytrade/data/summary/summary-otis.json
<Response [200]> https://finance.yahoo.com/calendar/earnings/?symbol=OTIS&offset=0&size=100
<Response [200]> https://finance.yahoo.com/calendar/earnings/?symbol=OTIS&offset=100&size=100
Saved: /home/qcx201/Projects/daytrade/data/earnings/earnings-otis.json
now: 2025-12-29 17:47:36.136650 | eta: 0:31:10.037120 | delta: 0:07:47.509280 | avg: 0:00:46.750928
[11 of 50] EXPE
Saved: /home/qcx201/Projects/daytrade/data/chart/chart-expe.json
Saved: /home/qcx201/Projects/daytrade/data/summary/summary-expe.json
<Response [200]> https://finance.yahoo.com/calendar/earnings/?symbol=EXPE&offset=0&size=100
Sleeping 90.0 seconds...
<Response [200]> https://finance.yahoo.com/calendar/earnings/?symbol=EXPE&offset=0&size=100
Sleeping 112.5 seconds...
<Response [200]> https://finance.yahoo.com/calendar/earnings/?symbol=EXPE&offset=0&size=100
<Response [200]> https://finance.yahoo.com/calendar/earnings/?symbol=EXPE&offset=100&size=100
Saved: /home/qcx201/Projects/daytrade/data/earnings/earnings-expe.json
now: 2025-12-29 17:51:08.498965 | eta: 0:40:10.453851 | delta: 0:11:19.871595 | avg: 0:01:01.806509
[12 of 50] KMB
Saved: /home/qcx201/Projects/daytrade/data/chart/chart-kmb.json
Saved: /home/qcx201/Projects/daytrade/data/summary/summary-kmb.json
<Response [200]> https://finance.yahoo.com/calendar/earnings/?symbol=KMB&offset=0&size=100
<Response [200]> https://finance.yahoo.com/calendar/earnings/?symbol=KMB&offset=100&size=100
<Response [200]> https://finance.yahoo.com/calendar/earnings/?symbol=KMB&offset=200&size=100
Saved: /home/qcx201/Projects/daytrade/data/earnings/earnings-kmb.json
now: 2025-12-29 17:51:12.905933 | eta: 0:36:06.882132 | delta: 0:11:24.278563 | avg: 0:00:57.023214
[13 of 50] EQT
Saved: /home/qcx201/Projects/daytrade/data/chart/chart-eqt.json
Saved: /home/qcx201/Projects/daytrade/data/summary/summary-eqt.json
<Response [200]> https://finance.yahoo.com/calendar/earnings/?symbol=EQT&offset=0&size=100
Sleeping 90.0 seconds...
<Response [200]> https://finance.yahoo.com/calendar/earnings/?symbol=EQT&offset=0&size=100
Sleeping 112.5 seconds...
<Response [200]> https://finance.yahoo.com/calendar/earnings/?symbol=EQT&offset=0&size=100
<Response [200]> https://finance.yahoo.com/calendar/earnings/?symbol=EQT&offset=100&size=100
<Response [200]> https://finance.yahoo.com/calendar/earnings/?symbol=EQT&offset=200&size=100
Saved: /home/qcx201/Projects/daytrade/data/earnings/earnings-eqt.json
now: 2025-12-29 17:54:47.520561 | eta: 0:42:38.388310 | delta: 0:14:58.893191 | avg: 0:01:09.145630
[14 of 50] FIX
Saved: /home/qcx201/Projects/daytrade/data/chart/chart-fix.json
Saved: /home/qcx201/Projects/daytrade/data/summary/summary-fix.json
<Response [200]> https://finance.yahoo.com/calendar/earnings/?symbol=FIX&offset=0&size=100
<Response [200]> https://finance.yahoo.com/calendar/earnings/?symbol=FIX&offset=100&size=100
Saved: /home/qcx201/Projects/daytrade/data/earnings/earnings-fix.json
now: 2025-12-29 17:54:51.171032 | eta: 0:38:40.826544 | delta: 0:15:02.543662 | avg: 0:01:04.467404
[15 of 50] GRMN
Saved: /home/qcx201/Projects/daytrade/data/chart/chart-grmn.json
Saved: /home/qcx201/Projects/daytrade/data/summary/summary-grmn.json
<Response [200]> https://finance.yahoo.com/calendar/earnings/?symbol=GRMN&offset=0&size=100
<Response [200]> https://finance.yahoo.com/calendar/earnings/?symbol=GRMN&offset=100&size=100
Sleeping 90.0 seconds...
<Response [200]> https://finance.yahoo.com/calendar/earnings/?symbol=GRMN&offset=100&size=100
Sleeping 112.5 seconds...
<Response [200]> https://finance.yahoo.com/calendar/earnings/?symbol=GRMN&offset=100&size=100
<Response [200]> https://finance.yahoo.com/calendar/earnings/?symbol=GRMN&offset=200&size=100
Saved: /home/qcx201/Projects/daytrade/data/earnings/earnings-grmn.json
now: 2025-12-29 17:58:24.383483 | eta: 0:43:23.430935 | delta: 0:18:35.756113 | avg: 0:01:14.383741
[16 of 50] VEEV
Saved: /home/qcx201/Projects/daytrade/data/chart/chart-veev.json
Saved: /home/qcx201/Projects/daytrade/data/summary/summary-veev.json
<Response [200]> https://finance.yahoo.com/calendar/earnings/?symbol=VEEV&offset=0&size=100
Sleeping 90.0 seconds...
<Response [200]> https://finance.yahoo.com/calendar/earnings/?symbol=VEEV&offset=0&size=100
Sleeping 112.5 seconds...
<Response [200]> https://finance.yahoo.com/calendar/earnings/?symbol=VEEV&offset=0&size=100
Sleeping 135.0 seconds...
<Response [200]> https://finance.yahoo.com/calendar/earnings/?symbol=VEEV&offset=0&size=100
<Response [200]> https://finance.yahoo.com/calendar/earnings/?symbol=VEEV&offset=100&size=100
Saved: /home/qcx201/Projects/daytrade/data/earnings/earnings-veev.json
now: 2025-12-29 18:04:14.355440 | eta: 0:51:54.672136 | delta: 0:24:25.728070 | avg: 0:01:31.608004
[17 of 50] CCL
Saved: /home/qcx201/Projects/daytrade/data/chart/chart-ccl.json
Saved: /home/qcx201/Projects/daytrade/data/summary/summary-ccl.json
<Response [200]> https://finance.yahoo.com/calendar/earnings/?symbol=CCL&offset=0&size=100
<Response [200]> https://finance.yahoo.com/calendar/earnings/?symbol=CCL&offset=100&size=100
<Response [200]> https://finance.yahoo.com/calendar/earnings/?symbol=CCL&offset=200&size=100
Saved: /home/qcx201/Projects/daytrade/data/earnings/earnings-ccl.json
now: 2025-12-29 18:04:19.115759 | eta: 0:47:34.477461 | delta: 0:24:30.488389 | avg: 0:01:26.499317
[18 of 50] SOFI
Saved: /home/qcx201/Projects/daytrade/data/chart/chart-sofi.json
Saved: /home/qcx201/Projects/daytrade/data/summary/summary-sofi.json
<Response [200]> https://finance.yahoo.com/calendar/earnings/?symbol=SOFI&offset=0&size=100
<Response [200]> https://finance.yahoo.com/calendar/earnings/?symbol=SOFI&offset=100&size=100
Saved: /home/qcx201/Projects/daytrade/data/earnings/earnings-sofi.json
now: 2025-12-29 18:04:21.302797 | eta: 0:43:38.089664 | delta: 0:24:32.675427 | avg: 0:01:21.815302
[19 of 50] SNDK
Saved: /home/qcx201/Projects/daytrade/data/chart/chart-sndk.json
Saved: /home/qcx201/Projects/daytrade/data/summary/summary-sndk.json
<Response [200]> https://finance.yahoo.com/calendar/earnings/?symbol=SNDK&offset=0&size=100
Sleeping 90.0 seconds...
<Response [200]> https://finance.yahoo.com/calendar/earnings/?symbol=SNDK&offset=0&size=100
Sleeping 112.5 seconds...
<Response [200]> https://finance.yahoo.com/calendar/earnings/?symbol=SNDK&offset=0&size=100
Sleeping 135.0 seconds...
<Response [200]> https://finance.yahoo.com/calendar/earnings/?symbol=SNDK&offset=0&size=100
<Response [200]> https://finance.yahoo.com/calendar/earnings/?symbol=SNDK&offset=100&size=100
Saved: /home/qcx201/Projects/daytrade/data/earnings/earnings-sndk.json
now: 2025-12-29 18:10:09.705308 | eta: 0:49:31.232417 | delta: 0:30:21.077938 | avg: 0:01:35.846207
[20 of 50] JBL
Saved: /home/qcx201/Projects/daytrade/data/chart/chart-jbl.json
Saved: /home/qcx201/Projects/daytrade/data/summary/summary-jbl.json
<Response [200]> https://finance.yahoo.com/calendar/earnings/?symbol=JBL&offset=0&size=100
<Response [200]> https://finance.yahoo.com/calendar/earnings/?symbol=JBL&offset=100&size=100
<Response [200]> https://finance.yahoo.com/calendar/earnings/?symbol=JBL&offset=200&size=100
Saved: /home/qcx201/Projects/daytrade/data/earnings/earnings-jbl.json
now: 2025-12-29 18:10:15.937929 | eta: 0:45:40.965840 | delta: 0:30:27.310559 | avg: 0:01:31.365528
[21 of 50] HUBB
Saved: /home/qcx201/Projects/daytrade/data/chart/chart-hubb.json
Saved: /home/qcx201/Projects/daytrade/data/summary/summary-hubb.json
<Response [200]> https://finance.yahoo.com/calendar/earnings/?symbol=HUBB&offset=0&size=100
Sleeping 90.0 seconds...
<Response [200]> https://finance.yahoo.com/calendar/earnings/?symbol=HUBB&offset=0&size=100
Sleeping 112.5 seconds...
<Response [200]> https://finance.yahoo.com/calendar/earnings/?symbol=HUBB&offset=0&size=100
<Response [200]> https://finance.yahoo.com/calendar/earnings/?symbol=HUBB&offset=100&size=100
<Response [200]> https://finance.yahoo.com/calendar/earnings/?symbol=HUBB&offset=200&size=100
Saved: /home/qcx201/Projects/daytrade/data/earnings/earnings-hubb.json
now: 2025-12-29 18:13:46.260283 | eta: 0:46:53.874031 | delta: 0:33:57.632913 | avg: 0:01:37.030139
[22 of 50] IRM
Saved: /home/qcx201/Projects/daytrade/data/chart/chart-irm.json
Saved: /home/qcx201/Projects/daytrade/data/summary/summary-irm.json
<Response [200]> https://finance.yahoo.com/calendar/earnings/?symbol=IRM&offset=0&size=100
<Response [200]> https://finance.yahoo.com/calendar/earnings/?symbol=IRM&offset=100&size=100
<Response [200]> https://finance.yahoo.com/calendar/earnings/?symbol=IRM&offset=200&size=100
Saved: /home/qcx201/Projects/daytrade/data/earnings/earnings-irm.json
now: 2025-12-29 18:13:51.061737 | eta: 0:43:19.461928 | delta: 0:34:02.434367 | avg: 0:01:32.837926
[23 of 50] DLTR
Saved: /home/qcx201/Projects/daytrade/data/chart/chart-dltr.json
Saved: /home/qcx201/Projects/daytrade/data/summary/summary-dltr.json
<Response [200]> https://finance.yahoo.com/calendar/earnings/?symbol=DLTR&offset=0&size=100
Sleeping 90.0 seconds...
<Response [200]> https://finance.yahoo.com/calendar/earnings/?symbol=DLTR&offset=0&size=100
Sleeping 112.5 seconds...
<Response [200]> https://finance.yahoo.com/calendar/earnings/?symbol=DLTR&offset=0&size=100
<Response [200]> https://finance.yahoo.com/calendar/earnings/?symbol=DLTR&offset=100&size=100
<Response [200]> https://finance.yahoo.com/calendar/earnings/?symbol=DLTR&offset=200&size=100
Saved: /home/qcx201/Projects/daytrade/data/earnings/earnings-dltr.json
now: 2025-12-29 18:17:24.503007 | eta: 0:44:08.201823 | delta: 0:37:35.875637 | avg: 0:01:38.081549
[24 of 50] FE
Saved: /home/qcx201/Projects/daytrade/data/chart/chart-fe.json
Saved: /home/qcx201/Projects/daytrade/data/summary/summary-fe.json
<Response [200]> https://finance.yahoo.com/calendar/earnings/?symbol=FE&offset=0&size=100
<Response [200]> https://finance.yahoo.com/calendar/earnings/?symbol=FE&offset=100&size=100
<Response [200]> https://finance.yahoo.com/calendar/earnings/?symbol=FE&offset=200&size=100
Sleeping 90.0 seconds...
<Response [200]> https://finance.yahoo.com/calendar/earnings/?symbol=FE&offset=200&size=100
Sleeping 112.5 seconds...
<Response [200]> https://finance.yahoo.com/calendar/earnings/?symbol=FE&offset=200&size=100
Saved: /home/qcx201/Projects/daytrade/data/earnings/earnings-fe.json
now: 2025-12-29 18:20:57.079807 | eta: 0:44:34.156810 | delta: 0:41:08.452437 | avg: 0:01:42.852185
[25 of 50] STLD
Saved: /home/qcx201/Projects/daytrade/data/chart/chart-stld.json
Saved: /home/qcx201/Projects/daytrade/data/summary/summary-stld.json
<Response [200]> https://finance.yahoo.com/calendar/earnings/?symbol=STLD&offset=0&size=100
<Response [200]> https://finance.yahoo.com/calendar/earnings/?symbol=STLD&offset=100&size=100
<Response [200]> https://finance.yahoo.com/calendar/earnings/?symbol=STLD&offset=200&size=100
Saved: /home/qcx201/Projects/daytrade/data/earnings/earnings-stld.json
now: 2025-12-29 18:21:02.209488 | eta: 0:41:13.582125 | delta: 0:41:13.582118 | avg: 0:01:38.943285
[26 of 50] ES
Saved: /home/qcx201/Projects/daytrade/data/chart/chart-es.json
Saved: /home/qcx201/Projects/daytrade/data/summary/summary-es.json
<Response [200]> https://finance.yahoo.com/calendar/earnings/?symbol=ES&offset=0&size=100
Sleeping 90.0 seconds...
<Response [200]> https://finance.yahoo.com/calendar/earnings/?symbol=ES&offset=0&size=100
Sleeping 112.5 seconds...
<Response [200]> https://finance.yahoo.com/calendar/earnings/?symbol=ES&offset=0&size=100
Sleeping 135.0 seconds...
<Response [200]> https://finance.yahoo.com/calendar/earnings/?symbol=ES&offset=0&size=100
<Response [200]> https://finance.yahoo.com/calendar/earnings/?symbol=ES&offset=100&size=100
<Response [200]> https://finance.yahoo.com/calendar/earnings/?symbol=ES&offset=200&size=100
Saved: /home/qcx201/Projects/daytrade/data/earnings/earnings-es.json
now: 2025-12-29 18:26:52.318662 | eta: 0:43:26.484264 | delta: 0:47:03.691292 | avg: 0:01:48.603511
[27 of 50] GIS
Saved: /home/qcx201/Projects/daytrade/data/chart/chart-gis.json
Saved: /home/qcx201/Projects/daytrade/data/summary/summary-gis.json
<Response [200]> https://finance.yahoo.com/calendar/earnings/?symbol=GIS&offset=0&size=100
<Response [200]> https://finance.yahoo.com/calendar/earnings/?symbol=GIS&offset=100&size=100
<Response [200]> https://finance.yahoo.com/calendar/earnings/?symbol=GIS&offset=200&size=100
Sleeping 90.0 seconds...
<Response [200]> https://finance.yahoo.com/calendar/earnings/?symbol=GIS&offset=200&size=100
Sleeping 112.5 seconds...
<Response [200]> https://finance.yahoo.com/calendar/earnings/?symbol=GIS&offset=200&size=100
Saved: /home/qcx201/Projects/daytrade/data/earnings/earnings-gis.json
now: 2025-12-29 18:30:22.826660 | eta: 0:43:04.688273 | delta: 0:50:34.199290 | avg: 0:01:52.377751
[28 of 50] RF
Saved: /home/qcx201/Projects/daytrade/data/chart/chart-rf.json
Saved: /home/qcx201/Projects/daytrade/data/summary/summary-rf.json
<Response [200]> https://finance.yahoo.com/calendar/earnings/?symbol=RF&offset=0&size=100
<Response [200]> https://finance.yahoo.com/calendar/earnings/?symbol=RF&offset=100&size=100
<Response [200]> https://finance.yahoo.com/calendar/earnings/?symbol=RF&offset=200&size=100
Sleeping 90.0 seconds...
<Response [200]> https://finance.yahoo.com/calendar/earnings/?symbol=RF&offset=200&size=100
Sleeping 112.5 seconds...
<Response [200]> https://finance.yahoo.com/calendar/earnings/?symbol=RF&offset=200&size=100
Saved: /home/qcx201/Projects/daytrade/data/earnings/earnings-rf.json
now: 2025-12-29 18:33:53.856143 | eta: 0:42:29.822616 | delta: 0:54:05.228773 | avg: 0:01:55.901028
[29 of 50] EXE
Saved: /home/qcx201/Projects/daytrade/data/chart/chart-exe.json
Saved: /home/qcx201/Projects/daytrade/data/summary/summary-exe.json
<Response [200]> https://finance.yahoo.com/calendar/earnings/?symbol=EXE&offset=0&size=100
<Response [200]> https://finance.yahoo.com/calendar/earnings/?symbol=EXE&offset=100&size=100
Saved: /home/qcx201/Projects/daytrade/data/earnings/earnings-exe.json
now: 2025-12-29 18:33:56.182529 | eta: 0:39:11.677881 | delta: 0:54:07.555159 | avg: 0:01:51.984661
[30 of 50] STE
Saved: /home/qcx201/Projects/daytrade/data/chart/chart-ste.json
Saved: /home/qcx201/Projects/daytrade/data/summary/summary-ste.json
<Response [200]> https://finance.yahoo.com/calendar/earnings/?symbol=STE&offset=0&size=100
<Response [200]> https://finance.yahoo.com/calendar/earnings/?symbol=STE&offset=100&size=100
<Response [200]> https://finance.yahoo.com/calendar/earnings/?symbol=STE&offset=200&size=100
Saved: /home/qcx201/Projects/daytrade/data/earnings/earnings-ste.json
now: 2025-12-29 18:34:00.843136 | eta: 0:36:08.143840 | delta: 0:54:12.215766 | avg: 0:01:48.407192
[31 of 50] CNP
Saved: /home/qcx201/Projects/daytrade/data/chart/chart-cnp.json
Saved: /home/qcx201/Projects/daytrade/data/summary/summary-cnp.json
<Response [200]> https://finance.yahoo.com/calendar/earnings/?symbol=CNP&offset=0&size=100
Sleeping 90.0 seconds...
<Response [200]> https://finance.yahoo.com/calendar/earnings/?symbol=CNP&offset=0&size=100
Sleeping 112.5 seconds...
<Response [200]> https://finance.yahoo.com/calendar/earnings/?symbol=CNP&offset=0&size=100
<Response [200]> https://finance.yahoo.com/calendar/earnings/?symbol=CNP&offset=100&size=100
<Response [200]> https://finance.yahoo.com/calendar/earnings/?symbol=CNP&offset=200&size=100
Saved: /home/qcx201/Projects/daytrade/data/earnings/earnings-cnp.json
now: 2025-12-29 18:37:32.873997 | eta: 0:35:23.247929 | delta: 0:57:44.246627 | avg: 0:01:51.749891
[32 of 50] AWK
Saved: /home/qcx201/Projects/daytrade/data/chart/chart-awk.json
Saved: /home/qcx201/Projects/daytrade/data/summary/summary-awk.json
<Response [200]> https://finance.yahoo.com/calendar/earnings/?symbol=AWK&offset=0&size=100
<Response [200]> https://finance.yahoo.com/calendar/earnings/?symbol=AWK&offset=100&size=100
Saved: /home/qcx201/Projects/daytrade/data/earnings/earnings-awk.json
now: 2025-12-29 18:37:35.671949 | eta: 0:32:30.212574 | delta: 0:57:47.044579 | avg: 0:01:48.345143
[33 of 50] TDY
Saved: /home/qcx201/Projects/daytrade/data/chart/chart-tdy.json
Saved: /home/qcx201/Projects/daytrade/data/summary/summary-tdy.json
<Response [200]> https://finance.yahoo.com/calendar/earnings/?symbol=TDY&offset=0&size=100
Sleeping 90.0 seconds...
<Response [200]> https://finance.yahoo.com/calendar/earnings/?symbol=TDY&offset=0&size=100
Sleeping 112.5 seconds...
<Response [200]> https://finance.yahoo.com/calendar/earnings/?symbol=TDY&offset=0&size=100
<Response [200]> https://finance.yahoo.com/calendar/earnings/?symbol=TDY&offset=100&size=100
<Response [200]> https://finance.yahoo.com/calendar/earnings/?symbol=TDY&offset=200&size=100
Saved: /home/qcx201/Projects/daytrade/data/earnings/earnings-tdy.json
now: 2025-12-29 18:41:04.852457 | eta: 0:31:33.812920 | delta: 1:01:16.225087 | avg: 0:01:51.400760
[34 of 50] VLTO
Saved: /home/qcx201/Projects/daytrade/data/chart/chart-vlto.json
Saved: /home/qcx201/Projects/daytrade/data/summary/summary-vlto.json
<Response [200]> https://finance.yahoo.com/calendar/earnings/?symbol=VLTO&offset=0&size=100
<Response [200]> https://finance.yahoo.com/calendar/earnings/?symbol=VLTO&offset=100&size=100
Saved: /home/qcx201/Projects/daytrade/data/earnings/earnings-vlto.json
now: 2025-12-29 18:41:06.906244 | eta: 0:28:50.954768 | delta: 1:01:18.278874 | avg: 0:01:48.184673
[35 of 50] ZM
Saved: /home/qcx201/Projects/daytrade/data/chart/chart-zm.json
Saved: /home/qcx201/Projects/daytrade/data/summary/summary-zm.json
<Response [200]> https://finance.yahoo.com/calendar/earnings/?symbol=ZM&offset=0&size=100
<Response [200]> https://finance.yahoo.com/calendar/earnings/?symbol=ZM&offset=100&size=100
Saved: /home/qcx201/Projects/daytrade/data/earnings/earnings-zm.json
now: 2025-12-29 18:41:09.332977 | eta: 0:26:17.445255 | delta: 1:01:20.705607 | avg: 0:01:45.163017
[36 of 50] EQR
Saved: /home/qcx201/Projects/daytrade/data/chart/chart-eqr.json
Saved: /home/qcx201/Projects/daytrade/data/summary/summary-eqr.json
<Response [200]> https://finance.yahoo.com/calendar/earnings/?symbol=EQR&offset=0&size=100
<Response [200]> https://finance.yahoo.com/calendar/earnings/?symbol=EQR&offset=100&size=100
<Response [200]> https://finance.yahoo.com/calendar/earnings/?symbol=EQR&offset=200&size=100
Saved: /home/qcx201/Projects/daytrade/data/earnings/earnings-eqr.json
now: 2025-12-29 18:41:14.313274 | eta: 0:23:53.322296 | delta: 1:01:25.685904 | avg: 0:01:42.380164
[37 of 50] PPG
Saved: /home/qcx201/Projects/daytrade/data/chart/chart-ppg.json
Saved: /home/qcx201/Projects/daytrade/data/summary/summary-ppg.json
<Response [200]> https://finance.yahoo.com/calendar/earnings/?symbol=PPG&offset=0&size=100
Sleeping 90.0 seconds...
<Response [200]> https://finance.yahoo.com/calendar/earnings/?symbol=PPG&offset=0&size=100
Sleeping 112.5 seconds...
<Response [200]> https://finance.yahoo.com/calendar/earnings/?symbol=PPG&offset=0&size=100
<Response [200]> https://finance.yahoo.com/calendar/earnings/?symbol=PPG&offset=100&size=100
<Response [200]> https://finance.yahoo.com/calendar/earnings/?symbol=PPG&offset=200&size=100
Saved: /home/qcx201/Projects/daytrade/data/earnings/earnings-ppg.json
now: 2025-12-29 18:44:43.563979 | eta: 0:22:48.491241 | delta: 1:04:54.936609 | avg: 0:01:45.268557
[38 of 50] LDOS
Saved: /home/qcx201/Projects/daytrade/data/chart/chart-ldos.json
Saved: /home/qcx201/Projects/daytrade/data/summary/summary-ldos.json
<Response [200]> https://finance.yahoo.com/calendar/earnings/?symbol=LDOS&offset=0&size=100
<Response [200]> https://finance.yahoo.com/calendar/earnings/?symbol=LDOS&offset=100&size=100
Saved: /home/qcx201/Projects/daytrade/data/earnings/earnings-ldos.json
now: 2025-12-29 18:44:46.549693 | eta: 0:20:30.922836 | delta: 1:04:57.922323 | avg: 0:01:42.576903
[39 of 50] FLEX
Saved: /home/qcx201/Projects/daytrade/data/chart/chart-flex.json
Saved: /home/qcx201/Projects/daytrade/data/summary/summary-flex.json
<Response [200]> https://finance.yahoo.com/calendar/earnings/?symbol=FLEX&offset=0&size=100
<Response [200]> https://finance.yahoo.com/calendar/earnings/?symbol=FLEX&offset=100&size=100
Sleeping 90.0 seconds...
<Response [200]> https://finance.yahoo.com/calendar/earnings/?symbol=FLEX&offset=100&size=100
<Response [200]> https://finance.yahoo.com/calendar/earnings/?symbol=FLEX&offset=200&size=100
Saved: /home/qcx201/Projects/daytrade/data/earnings/earnings-flex.json
now: 2025-12-29 18:46:20.950320 | eta: 0:18:46.039805 | delta: 1:06:32.322950 | avg: 0:01:42.367255
[40 of 50] PHM
Saved: /home/qcx201/Projects/daytrade/data/chart/chart-phm.json
Saved: /home/qcx201/Projects/daytrade/data/summary/summary-phm.json
<Response [200]> https://finance.yahoo.com/calendar/earnings/?symbol=PHM&offset=0&size=100
<Response [200]> https://finance.yahoo.com/calendar/earnings/?symbol=PHM&offset=100&size=100
<Response [200]> https://finance.yahoo.com/calendar/earnings/?symbol=PHM&offset=200&size=100
Saved: /home/qcx201/Projects/daytrade/data/earnings/earnings-phm.json
now: 2025-12-29 18:46:25.263809 | eta: 0:16:39.159110 | delta: 1:06:36.636439 | avg: 0:01:39.915911
[41 of 50] TROW
Saved: /home/qcx201/Projects/daytrade/data/chart/chart-trow.json
Saved: /home/qcx201/Projects/daytrade/data/summary/summary-trow.json
<Response [200]> https://finance.yahoo.com/calendar/earnings/?symbol=TROW&offset=0&size=100
<Response [200]> https://finance.yahoo.com/calendar/earnings/?symbol=TROW&offset=100&size=100
<Response [200]> https://finance.yahoo.com/calendar/earnings/?symbol=TROW&offset=200&size=100
Sleeping 90.0 seconds...
<Response [200]> https://finance.yahoo.com/calendar/earnings/?symbol=TROW&offset=200&size=100
Saved: /home/qcx201/Projects/daytrade/data/earnings/earnings-trow.json
now: 2025-12-29 18:48:01.005520 | eta: 0:14:58.326909 | delta: 1:08:12.378150 | avg: 0:01:39.814101
[42 of 50] BRO
Saved: /home/qcx201/Projects/daytrade/data/chart/chart-bro.json
Saved: /home/qcx201/Projects/daytrade/data/summary/summary-bro.json
<Response [200]> https://finance.yahoo.com/calendar/earnings/?symbol=BRO&offset=0&size=100
<Response [200]> https://finance.yahoo.com/calendar/earnings/?symbol=BRO&offset=100&size=100
<Response [200]> https://finance.yahoo.com/calendar/earnings/?symbol=BRO&offset=200&size=100
Saved: /home/qcx201/Projects/daytrade/data/earnings/earnings-bro.json
now: 2025-12-29 18:48:04.816503 | eta: 0:13:00.226504 | delta: 1:08:16.189133 | avg: 0:01:37.528313
[43 of 50] LYV
Saved: /home/qcx201/Projects/daytrade/data/chart/chart-lyv.json
Saved: /home/qcx201/Projects/daytrade/data/summary/summary-lyv.json
<Response [200]> https://finance.yahoo.com/calendar/earnings/?symbol=LYV&offset=0&size=100
<Response [200]> https://finance.yahoo.com/calendar/earnings/?symbol=LYV&offset=100&size=100
Saved: /home/qcx201/Projects/daytrade/data/earnings/earnings-lyv.json
now: 2025-12-29 18:48:08.449987 | eta: 0:11:07.412984 | delta: 1:08:19.822617 | avg: 0:01:35.344712
[44 of 50] ON
Saved: /home/qcx201/Projects/daytrade/data/chart/chart-on.json
Saved: /home/qcx201/Projects/daytrade/data/summary/summary-on.json
<Response [200]> https://finance.yahoo.com/calendar/earnings/?symbol=ON&offset=0&size=100
<Response [200]> https://finance.yahoo.com/calendar/earnings/?symbol=ON&offset=100&size=100
Sleeping 90.0 seconds...
<Response [200]> https://finance.yahoo.com/calendar/earnings/?symbol=ON&offset=100&size=100
<Response [200]> https://finance.yahoo.com/calendar/earnings/?symbol=ON&offset=200&size=100
Saved: /home/qcx201/Projects/daytrade/data/earnings/earnings-on.json
now: 2025-12-29 18:49:43.475657 | eta: 0:09:32.024766 | delta: 1:09:54.848287 | avg: 0:01:35.337461
[45 of 50] OMC
Saved: /home/qcx201/Projects/daytrade/data/chart/chart-omc.json
Saved: /home/qcx201/Projects/daytrade/data/summary/summary-omc.json
<Response [200]> https://finance.yahoo.com/calendar/earnings/?symbol=OMC&offset=0&size=100
<Response [200]> https://finance.yahoo.com/calendar/earnings/?symbol=OMC&offset=100&size=100
<Response [200]> https://finance.yahoo.com/calendar/earnings/?symbol=OMC&offset=200&size=100
Saved: /home/qcx201/Projects/daytrade/data/earnings/earnings-omc.json
now: 2025-12-29 18:49:47.587130 | eta: 0:07:46.551085 | delta: 1:09:58.959760 | avg: 0:01:33.310217
[46 of 50] WAT
Saved: /home/qcx201/Projects/daytrade/data/chart/chart-wat.json
Saved: /home/qcx201/Projects/daytrade/data/summary/summary-wat.json
<Response [200]> https://finance.yahoo.com/calendar/earnings/?symbol=WAT&offset=0&size=100
<Response [200]> https://finance.yahoo.com/calendar/earnings/?symbol=WAT&offset=100&size=100
<Response [200]> https://finance.yahoo.com/calendar/earnings/?symbol=WAT&offset=200&size=100
Saved: /home/qcx201/Projects/daytrade/data/earnings/earnings-wat.json
now: 2025-12-29 18:49:50.792005 | eta: 0:06:05.405620 | delta: 1:10:02.164635 | avg: 0:01:31.351405
[47 of 50] EIX
Saved: /home/qcx201/Projects/daytrade/data/chart/chart-eix.json
Saved: /home/qcx201/Projects/daytrade/data/summary/summary-eix.json
<Response [200]> https://finance.yahoo.com/calendar/earnings/?symbol=EIX&offset=0&size=100
<Response [200]> https://finance.yahoo.com/calendar/earnings/?symbol=EIX&offset=100&size=100
<Response [200]> https://finance.yahoo.com/calendar/earnings/?symbol=EIX&offset=200&size=100
Saved: /home/qcx201/Projects/daytrade/data/earnings/earnings-eix.json
now: 2025-12-29 18:49:55.136333 | eta: 0:04:28.500573 | delta: 1:10:06.508963 | avg: 0:01:29.500191
[48 of 50] QSR
Saved: /home/qcx201/Projects/daytrade/data/chart/chart-qsr.json
Saved: /home/qcx201/Projects/daytrade/data/summary/summary-qsr.json
<Response [200]> https://finance.yahoo.com/calendar/earnings/?symbol=QSR&offset=0&size=100
Sleeping 90.0 seconds...
<Response [200]> https://finance.yahoo.com/calendar/earnings/?symbol=QSR&offset=0&size=100
<Response [200]> https://finance.yahoo.com/calendar/earnings/?symbol=QSR&offset=100&size=100
Saved: /home/qcx201/Projects/daytrade/data/earnings/earnings-qsr.json
now: 2025-12-29 18:51:29.533054 | eta: 0:02:59.204404 | delta: 1:11:40.905684 | avg: 0:01:29.602202
[49 of 50] ZS
Saved: /home/qcx201/Projects/daytrade/data/chart/chart-zs.json
Saved: /home/qcx201/Projects/daytrade/data/summary/summary-zs.json
<Response [200]> https://finance.yahoo.com/calendar/earnings/?symbol=ZS&offset=0&size=100
<Response [200]> https://finance.yahoo.com/calendar/earnings/?symbol=ZS&offset=100&size=100
Saved: /home/qcx201/Projects/daytrade/data/earnings/earnings-zs.json
now: 2025-12-29 18:51:31.516962 | eta: 0:01:27.814073 | delta: 1:11:42.889592 | avg: 0:01:27.814073
[50 of 50] CINF
Saved: /home/qcx201/Projects/daytrade/data/chart/chart-cinf.json
Saved: /home/qcx201/Projects/daytrade/data/summary/summary-cinf.json
<Response [200]> https://finance.yahoo.com/calendar/earnings/?symbol=CINF&offset=0&size=100
<Response [200]> https://finance.yahoo.com/calendar/earnings/?symbol=CINF&offset=100&size=100
<Response [200]> https://finance.yahoo.com/calendar/earnings/?symbol=CINF&offset=200&size=100
Saved: /home/qcx201/Projects/daytrade/data/earnings/earnings-cinf.json
now: 2025-12-29 18:51:35.013411 | eta: 0:00:00 | delta: 1:11:46.386041 | avg: 0:01:26.127721
-- Complete --
