[1 of 50] LH
Saved: /home/qcx201/Projects/daytrade/data/chart/chart-lh.json
Saved: /home/qcx201/Projects/daytrade/data/summary/summary-lh.json
<Response [200]> https://finance.yahoo.com/calendar/earnings/?symbol=LH&offset=0&size=100
<Response [200]> https://finance.yahoo.com/calendar/earnings/?symbol=LH&offset=100&size=100
<Response [200]> https://finance.yahoo.com/calendar/earnings/?symbol=LH&offset=200&size=100
Saved: /home/qcx201/Projects/daytrade/data/earnings/earnings-lh.json
now: 2025-12-29 17:39:58.643280 | eta: 0:06:55.826838 | delta: 0:00:08.486262 | avg: 0:00:08.486262
[2 of 50] CW
Saved: /home/qcx201/Projects/daytrade/data/chart/chart-cw.json
Saved: /home/qcx201/Projects/daytrade/data/summary/summary-cw.json
<Response [200]> https://finance.yahoo.com/calendar/earnings/?symbol=CW&offset=0&size=100
<Response [200]> https://finance.yahoo.com/calendar/earnings/?symbol=CW&offset=100&size=100
<Response [200]> https://finance.yahoo.com/calendar/earnings/?symbol=CW&offset=200&size=100
Saved: /home/qcx201/Projects/daytrade/data/earnings/earnings-cw.json
now: 2025-12-29 17:40:06.235927 | eta: 0:06:25.893792 | delta: 0:00:16.078909 | avg: 0:00:08.039454
[3 of 50] UTHR
Saved: /home/qcx201/Projects/daytrade/data/chart/chart-uthr.json
Saved: /home/qcx201/Projects/daytrade/data/summary/summary-uthr.json
<Response [200]> https://finance.yahoo.com/calendar/earnings/?symbol=UTHR&offset=0&size=100
<Response [200]> https://finance.yahoo.com/calendar/earnings/?symbol=UTHR&offset=100&size=100
<Response [200]> https://finance.yahoo.com/calendar/earnings/?symbol=UTHR&offset=200&size=100
Saved: /home/qcx201/Projects/daytrade/data/earnings/earnings-uthr.json
now: 2025-12-29 17:40:14.198076 | eta: 0:06:16.643242 | delta: 0:00:24.041058 | avg: 0:00:08.013686
[4 of 50] LEN
Saved: /home/qcx201/Projects/daytrade/data/chart/chart-len.json
Saved: /home/qcx201/Projects/daytrade/data/summary/summary-len.json
<Response [200]> https://finance.yahoo.com/calendar/earnings/?symbol=LEN&offset=0&size=100
<Response [200]> https://finance.yahoo.com/calendar/earnings/?symbol=LEN&offset=100&size=100
<Response [200]> https://finance.yahoo.com/calendar/earnings/?symbol=LEN&offset=200&size=100
Saved: /home/qcx201/Projects/daytrade/data/earnings/earnings-len.json
now: 2025-12-29 17:40:20.726341 | eta: 0:05:51.547226 | delta: 0:00:30.569323 | avg: 0:00:07.642331
[5 of 50] HPQ
Saved: /home/qcx201/Projects/daytrade/data/chart/chart-hpq.json
Saved: /home/qcx201/Projects/daytrade/data/summary/summary-hpq.json
<Response [200]> https://finance.yahoo.com/calendar/earnings/?symbol=HPQ&offset=0&size=100
Sleeping 90.0 seconds...
<Response [200]> https://finance.yahoo.com/calendar/earnings/?symbol=HPQ&offset=0&size=100
Sleeping 112.5 seconds...
<Response [200]> https://finance.yahoo.com/calendar/earnings/?symbol=HPQ&offset=0&size=100
<Response [200]> https://finance.yahoo.com/calendar/earnings/?symbol=HPQ&offset=100&size=100
<Response [200]> https://finance.yahoo.com/calendar/earnings/?symbol=HPQ&offset=200&size=100
Saved: /home/qcx201/Projects/daytrade/data/earnings/earnings-hpq.json
now: 2025-12-29 17:43:56.744041 | eta: 0:36:59.283225 | delta: 0:04:06.587023 | avg: 0:00:49.317405
[6 of 50] DRI
Saved: /home/qcx201/Projects/daytrade/data/chart/chart-dri.json
Saved: /home/qcx201/Projects/daytrade/data/summary/summary-dri.json
<Response [200]> https://finance.yahoo.com/calendar/earnings/?symbol=DRI&offset=0&size=100
<Response [200]> https://finance.yahoo.com/calendar/earnings/?symbol=DRI&offset=100&size=100
<Response [200]> https://finance.yahoo.com/calendar/earnings/?symbol=DRI&offset=200&size=100
Saved: /home/qcx201/Projects/daytrade/data/earnings/earnings-dri.json
now: 2025-12-29 17:44:00.691085 | eta: 0:30:37.249832 | delta: 0:04:10.534067 | avg: 0:00:41.755678
[7 of 50] LULU
Saved: /home/qcx201/Projects/daytrade/data/chart/chart-lulu.json
Saved: /home/qcx201/Projects/daytrade/data/summary/summary-lulu.json
<Response [200]> https://finance.yahoo.com/calendar/earnings/?symbol=LULU&offset=0&size=100
Sleeping 90.0 seconds...
<Response [200]> https://finance.yahoo.com/calendar/earnings/?symbol=LULU&offset=0&size=100
Sleeping 112.5 seconds...
<Response [200]> https://finance.yahoo.com/calendar/earnings/?symbol=LULU&offset=0&size=100
<Response [200]> https://finance.yahoo.com/calendar/earnings/?symbol=LULU&offset=100&size=100
Saved: /home/qcx201/Projects/daytrade/data/earnings/earnings-lulu.json
now: 2025-12-29 17:47:31.260875 | eta: 0:47:12.495140 | delta: 0:07:41.103857 | avg: 0:01:05.871980
[8 of 50] NTAP
Saved: /home/qcx201/Projects/daytrade/data/chart/chart-ntap.json
Saved: /home/qcx201/Projects/daytrade/data/summary/summary-ntap.json
<Response [200]> https://finance.yahoo.com/calendar/earnings/?symbol=NTAP&offset=0&size=100
<Response [200]> https://finance.yahoo.com/calendar/earnings/?symbol=NTAP&offset=100&size=100
<Response [200]> https://finance.yahoo.com/calendar/earnings/?symbol=NTAP&offset=200&size=100
Saved: /home/qcx201/Projects/daytrade/data/earnings/earnings-ntap.json
now: 2025-12-29 17:47:37.119331 | eta: 0:40:51.552138 | delta: 0:07:46.962313 | avg: 0:00:58.370289
[9 of 50] DVN
Saved: /home/qcx201/Projects/daytrade/data/chart/chart-dvn.json
Saved: /home/qcx201/Projects/daytrade/data/summary/summary-dvn.json
<Response [200]> https://finance.yahoo.com/calendar/earnings/?symbol=DVN&offset=0&size=100
Sleeping 90.0 seconds...
<Response [200]> https://finance.yahoo.com/calendar/earnings/?symbol=DVN&offset=0&size=100
Sleeping 112.5 seconds...
<Response [200]> https://finance.yahoo.com/calendar/earnings/?symbol=DVN&offset=0&size=100
<Response [200]> https://finance.yahoo.com/calendar/earnings/?symbol=DVN&offset=100&size=100
Saved: /home/qcx201/Projects/daytrade/data/earnings/earnings-dvn.json
now: 2025-12-29 17:51:09.209728 | eta: 0:51:33.462341 | delta: 0:11:19.052710 | avg: 0:01:15.450301
[10 of 50] WSM
Saved: /home/qcx201/Projects/daytrade/data/chart/chart-wsm.json
Saved: /home/qcx201/Projects/daytrade/data/summary/summary-wsm.json
<Response [200]> https://finance.yahoo.com/calendar/earnings/?symbol=WSM&offset=0&size=100
<Response [200]> https://finance.yahoo.com/calendar/earnings/?symbol=WSM&offset=100&size=100
<Response [200]> https://finance.yahoo.com/calendar/earnings/?symbol=WSM&offset=200&size=100
Saved: /home/qcx201/Projects/daytrade/data/earnings/earnings-wsm.json
now: 2025-12-29 17:51:14.231976 | eta: 0:45:36.299840 | delta: 0:11:24.074958 | avg: 0:01:08.407496
[11 of 50] IT
Saved: /home/qcx201/Projects/daytrade/data/chart/chart-it.json
Saved: /home/qcx201/Projects/daytrade/data/summary/summary-it.json
<Response [200]> https://finance.yahoo.com/calendar/earnings/?symbol=IT&offset=0&size=100
Sleeping 90.0 seconds...
<Response [200]> https://finance.yahoo.com/calendar/earnings/?symbol=IT&offset=0&size=100
Sleeping 112.5 seconds...
<Response [200]> https://finance.yahoo.com/calendar/earnings/?symbol=IT&offset=0&size=100
<Response [200]> https://finance.yahoo.com/calendar/earnings/?symbol=IT&offset=100&size=100
<Response [200]> https://finance.yahoo.com/calendar/earnings/?symbol=IT&offset=200&size=100
Saved: /home/qcx201/Projects/daytrade/data/earnings/earnings-it.json
now: 2025-12-29 17:54:48.397573 | eta: 0:53:04.671048 | delta: 0:14:58.240555 | avg: 0:01:21.658232
[12 of 50] AFRM
Saved: /home/qcx201/Projects/daytrade/data/chart/chart-afrm.json
Saved: /home/qcx201/Projects/daytrade/data/summary/summary-afrm.json
<Response [200]> https://finance.yahoo.com/calendar/earnings/?symbol=AFRM&offset=0&size=100
<Response [200]> https://finance.yahoo.com/calendar/earnings/?symbol=AFRM&offset=100&size=100
Saved: /home/qcx201/Projects/daytrade/data/earnings/earnings-afrm.json
now: 2025-12-29 17:54:51.446798 | eta: 0:47:34.084316 | delta: 0:15:01.289780 | avg: 0:01:15.107482
[13 of 50] PSTG
Saved: /home/qcx201/Projects/daytrade/data/chart/chart-pstg.json
Saved: /home/qcx201/Projects/daytrade/data/summary/summary-pstg.json
<Response [200]> https://finance.yahoo.com/calendar/earnings/?symbol=PSTG&offset=0&size=100
<Response [200]> https://finance.yahoo.com/calendar/earnings/?symbol=PSTG&offset=100&size=100
Sleeping 90.0 seconds...
<Response [200]> https://finance.yahoo.com/calendar/earnings/?symbol=PSTG&offset=100&size=100
Sleeping 112.5 seconds...
<Response [200]> https://finance.yahoo.com/calendar/earnings/?symbol=PSTG&offset=100&size=100
Saved: /home/qcx201/Projects/daytrade/data/earnings/earnings-pstg.json
now: 2025-12-29 17:58:22.675983 | eta: 0:52:46.400134 | delta: 0:18:32.518965 | avg: 0:01:25.578382
[14 of 50] KHC
Saved: /home/qcx201/Projects/daytrade/data/chart/chart-khc.json
Saved: /home/qcx201/Projects/daytrade/data/summary/summary-khc.json
<Response [200]> https://finance.yahoo.com/calendar/earnings/?symbol=KHC&offset=0&size=100
<Response [200]> https://finance.yahoo.com/calendar/earnings/?symbol=KHC&offset=100&size=100
Sleeping 90.0 seconds...
<Response [200]> https://finance.yahoo.com/calendar/earnings/?symbol=KHC&offset=100&size=100
Sleeping 112.5 seconds...
<Response [200]> https://finance.yahoo.com/calendar/earnings/?symbol=KHC&offset=100&size=100
Sleeping 135.0 seconds...
<Response [200]> https://finance.yahoo.com/calendar/earnings/?symbol=KHC&offset=100&size=100
Saved: /home/qcx201/Projects/daytrade/data/earnings/earnings-khc.json
now: 2025-12-29 18:04:12.715864 | eta: 1:02:40.865604 | delta: 0:24:22.558846 | avg: 0:01:44.468489
[15 of 50] DGX
Saved: /home/qcx201/Projects/daytrade/data/chart/chart-dgx.json
Saved: /home/qcx201/Projects/daytrade/data/summary/summary-dgx.json
<Response [200]> https://finance.yahoo.com/calendar/earnings/?symbol=DGX&offset=0&size=100
<Response [200]> https://finance.yahoo.com/calendar/earnings/?symbol=DGX&offset=100&size=100
<Response [200]> https://finance.yahoo.com/calendar/earnings/?symbol=DGX&offset=200&size=100
Saved: /home/qcx201/Projects/daytrade/data/earnings/earnings-dgx.json
now: 2025-12-29 18:04:16.794626 | eta: 0:57:02.154435 | delta: 0:24:26.637608 | avg: 0:01:37.775841
[16 of 50] TRMB
Saved: /home/qcx201/Projects/daytrade/data/chart/chart-trmb.json
Saved: /home/qcx201/Projects/daytrade/data/summary/summary-trmb.json
<Response [200]> https://finance.yahoo.com/calendar/earnings/?symbol=TRMB&offset=0&size=100
<Response [200]> https://finance.yahoo.com/calendar/earnings/?symbol=TRMB&offset=100&size=100
<Response [200]> https://finance.yahoo.com/calendar/earnings/?symbol=TRMB&offset=200&size=100
Saved: /home/qcx201/Projects/daytrade/data/earnings/earnings-trmb.json
now: 2025-12-29 18:04:21.157864 | eta: 0:52:05.876802 | delta: 0:24:31.000846 | avg: 0:01:31.937553
[17 of 50] WRB
Saved: /home/qcx201/Projects/daytrade/data/chart/chart-wrb.json
Saved: /home/qcx201/Projects/daytrade/data/summary/summary-wrb.json
<Response [200]> https://finance.yahoo.com/calendar/earnings/?symbol=WRB&offset=0&size=100
Sleeping 90.0 seconds...
<Response [200]> https://finance.yahoo.com/calendar/earnings/?symbol=WRB&offset=0&size=100
Sleeping 112.5 seconds...
<Response [200]> https://finance.yahoo.com/calendar/earnings/?symbol=WRB&offset=0&size=100
Sleeping 135.0 seconds...
<Response [200]> https://finance.yahoo.com/calendar/earnings/?symbol=WRB&offset=0&size=100
<Response [200]> https://finance.yahoo.com/calendar/earnings/?symbol=WRB&offset=100&size=100
<Response [200]> https://finance.yahoo.com/calendar/earnings/?symbol=WRB&offset=200&size=100
Saved: /home/qcx201/Projects/daytrade/data/earnings/earnings-wrb.json
now: 2025-12-29 18:10:12.346649 | eta: 0:58:57.191625 | delta: 0:30:22.189631 | avg: 0:01:47.187625
[18 of 50] RGLD
Saved: /home/qcx201/Projects/daytrade/data/chart/chart-rgld.json
Saved: /home/qcx201/Projects/daytrade/data/summary/summary-rgld.json
<Response [200]> https://finance.yahoo.com/calendar/earnings/?symbol=RGLD&offset=0&size=100
<Response [200]> https://finance.yahoo.com/calendar/earnings/?symbol=RGLD&offset=100&size=100
Saved: /home/qcx201/Projects/daytrade/data/earnings/earnings-rgld.json
now: 2025-12-29 18:10:15.882786 | eta: 0:54:05.734688 | delta: 0:30:25.725768 | avg: 0:01:41.429209
[19 of 50] CTRA
Saved: /home/qcx201/Projects/daytrade/data/chart/chart-ctra.json
Saved: /home/qcx201/Projects/daytrade/data/summary/summary-ctra.json
<Response [200]> https://finance.yahoo.com/calendar/earnings/?symbol=CTRA&offset=0&size=100
Sleeping 90.0 seconds...
<Response [200]> https://finance.yahoo.com/calendar/earnings/?symbol=CTRA&offset=0&size=100
Sleeping 112.5 seconds...
<Response [200]> https://finance.yahoo.com/calendar/earnings/?symbol=CTRA&offset=0&size=100
<Response [200]> https://finance.yahoo.com/calendar/earnings/?symbol=CTRA&offset=100&size=100
<Response [200]> https://finance.yahoo.com/calendar/earnings/?symbol=CTRA&offset=200&size=100
Saved: /home/qcx201/Projects/daytrade/data/earnings/earnings-ctra.json
now: 2025-12-29 18:13:46.053860 | eta: 0:55:21.726415 | delta: 0:33:55.896842 | avg: 0:01:47.152465
[20 of 50] LUV
Saved: /home/qcx201/Projects/daytrade/data/chart/chart-luv.json
Saved: /home/qcx201/Projects/daytrade/data/summary/summary-luv.json
<Response [200]> https://finance.yahoo.com/calendar/earnings/?symbol=LUV&offset=0&size=100
<Response [200]> https://finance.yahoo.com/calendar/earnings/?symbol=LUV&offset=100&size=100
<Response [200]> https://finance.yahoo.com/calendar/earnings/?symbol=LUV&offset=200&size=100
Saved: /home/qcx201/Projects/daytrade/data/earnings/earnings-luv.json
now: 2025-12-29 18:13:51.000248 | eta: 0:51:01.264860 | delta: 0:34:00.843230 | avg: 0:01:42.042162
[21 of 50] RBA
Saved: /home/qcx201/Projects/daytrade/data/chart/chart-rba.json
Saved: /home/qcx201/Projects/daytrade/data/summary/summary-rba.json
<Response [200]> https://finance.yahoo.com/calendar/earnings/?symbol=RBA&offset=0&size=100
Sleeping 90.0 seconds...
<Response [200]> https://finance.yahoo.com/calendar/earnings/?symbol=RBA&offset=0&size=100
Sleeping 112.5 seconds...
<Response [200]> https://finance.yahoo.com/calendar/earnings/?symbol=RBA&offset=0&size=100
<Response [200]> https://finance.yahoo.com/calendar/earnings/?symbol=RBA&offset=100&size=100
<Response [200]> https://finance.yahoo.com/calendar/earnings/?symbol=RBA&offset=200&size=100
Saved: /home/qcx201/Projects/daytrade/data/earnings/earnings-rba.json
now: 2025-12-29 18:17:23.883277 | eta: 0:51:52.288642 | delta: 0:37:33.726259 | avg: 0:01:47.320298
[22 of 50] HEIA
[23 of 50] WST
Saved: /home/qcx201/Projects/daytrade/data/chart/chart-wst.json
Saved: /home/qcx201/Projects/daytrade/data/summary/summary-wst.json
<Response [200]> https://finance.yahoo.com/calendar/earnings/?symbol=WST&offset=0&size=100
<Response [200]> https://finance.yahoo.com/calendar/earnings/?symbol=WST&offset=100&size=100
<Response [200]> https://finance.yahoo.com/calendar/earnings/?symbol=WST&offset=200&size=100
Saved: /home/qcx201/Projects/daytrade/data/earnings/earnings-wst.json
now: 2025-12-29 18:17:28.723896 | eta: 0:44:11.361120 | delta: 0:37:38.566878 | avg: 0:01:38.198560
[24 of 50] NI
Saved: /home/qcx201/Projects/daytrade/data/chart/chart-ni.json
Saved: /home/qcx201/Projects/daytrade/data/summary/summary-ni.json
<Response [200]> https://finance.yahoo.com/calendar/earnings/?symbol=NI&offset=0&size=100
Sleeping 90.0 seconds...
<Response [200]> https://finance.yahoo.com/calendar/earnings/?symbol=NI&offset=0&size=100
Sleeping 112.5 seconds...
<Response [200]> https://finance.yahoo.com/calendar/earnings/?symbol=NI&offset=0&size=100
<Response [200]> https://finance.yahoo.com/calendar/earnings/?symbol=NI&offset=100&size=100
<Response [200]> https://finance.yahoo.com/calendar/earnings/?symbol=NI&offset=200&size=100
Saved: /home/qcx201/Projects/daytrade/data/earnings/earnings-ni.json
now: 2025-12-29 18:21:01.057429 | eta: 0:44:36.808784 | delta: 0:41:10.900411 | avg: 0:01:42.954184
[25 of 50] CNC
Saved: /home/qcx201/Projects/daytrade/data/chart/chart-cnc.json
Saved: /home/qcx201/Projects/daytrade/data/summary/summary-cnc.json
<Response [200]> https://finance.yahoo.com/calendar/earnings/?symbol=CNC&offset=0&size=100
Sleeping 90.0 seconds...
<Response [200]> https://finance.yahoo.com/calendar/earnings/?symbol=CNC&offset=0&size=100
Sleeping 112.5 seconds...
<Response [200]> https://finance.yahoo.com/calendar/earnings/?symbol=CNC&offset=0&size=100
Sleeping 135.0 seconds...
<Response [200]> https://finance.yahoo.com/calendar/earnings/?symbol=CNC&offset=0&size=100
<Response [200]> https://finance.yahoo.com/calendar/earnings/?symbol=CNC&offset=100&size=100
Saved: /home/qcx201/Projects/daytrade/data/earnings/earnings-cnc.json
now: 2025-12-29 18:26:49.000530 | eta: 0:46:58.843500 | delta: 0:46:58.843512 | avg: 0:01:52.753740
[26 of 50] FCNCA
Saved: /home/qcx201/Projects/daytrade/data/chart/chart-fcnca.json
Saved: /home/qcx201/Projects/daytrade/data/summary/summary-fcnca.json
<Response [200]> https://finance.yahoo.com/calendar/earnings/?symbol=FCNCA&offset=0&size=100
<Response [200]> https://finance.yahoo.com/calendar/earnings/?symbol=FCNCA&offset=100&size=100
Saved: /home/qcx201/Projects/daytrade/data/earnings/earnings-fcnca.json
now: 2025-12-29 18:26:52.052922 | eta: 0:43:24.826992 | delta: 0:47:01.895904 | avg: 0:01:48.534458
[27 of 50] CHRW
Saved: /home/qcx201/Projects/daytrade/data/chart/chart-chrw.json
Saved: /home/qcx201/Projects/daytrade/data/summary/summary-chrw.json
<Response [200]> https://finance.yahoo.com/calendar/earnings/?symbol=CHRW&offset=0&size=100
<Response [200]> https://finance.yahoo.com/calendar/earnings/?symbol=CHRW&offset=100&size=100
<Response [200]> https://finance.yahoo.com/calendar/earnings/?symbol=CHRW&offset=200&size=100
Saved: /home/qcx201/Projects/daytrade/data/earnings/earnings-chrw.json
now: 2025-12-29 18:26:56.049769 | eta: 0:40:07.241962 | delta: 0:47:05.892751 | avg: 0:01:44.662694
[28 of 50] PFG
Saved: /home/qcx201/Projects/daytrade/data/chart/chart-pfg.json
Saved: /home/qcx201/Projects/daytrade/data/summary/summary-pfg.json
<Response [200]> https://finance.yahoo.com/calendar/earnings/?symbol=PFG&offset=0&size=100
Sleeping 90.0 seconds...
<Response [200]> https://finance.yahoo.com/calendar/earnings/?symbol=PFG&offset=0&size=100
Sleeping 112.5 seconds...
<Response [200]> https://finance.yahoo.com/calendar/earnings/?symbol=PFG&offset=0&size=100
<Response [200]> https://finance.yahoo.com/calendar/earnings/?symbol=PFG&offset=100&size=100
Saved: /home/qcx201/Projects/daytrade/data/earnings/earnings-pfg.json
now: 2025-12-29 18:30:23.744684 | eta: 0:39:43.533174 | delta: 0:50:33.587666 | avg: 0:01:48.342417
[29 of 50] SW
Saved: /home/qcx201/Projects/daytrade/data/chart/chart-sw.json
Saved: /home/qcx201/Projects/daytrade/data/summary/summary-sw.json
<Response [200]> https://finance.yahoo.com/calendar/earnings/?symbol=SW&offset=0&size=100
<Response [200]> https://finance.yahoo.com/calendar/earnings/?symbol=SW&offset=100&size=100
Saved: /home/qcx201/Projects/daytrade/data/earnings/earnings-sw.json
now: 2025-12-29 18:30:26.626901 | eta: 0:36:38.823018 | delta: 0:50:36.469883 | avg: 0:01:44.705858
[30 of 50] TWLO
Saved: /home/qcx201/Projects/daytrade/data/chart/chart-twlo.json
Saved: /home/qcx201/Projects/daytrade/data/summary/summary-twlo.json
<Response [200]> https://finance.yahoo.com/calendar/earnings/?symbol=TWLO&offset=0&size=100
Sleeping 90.0 seconds...
<Response [200]> https://finance.yahoo.com/calendar/earnings/?symbol=TWLO&offset=0&size=100
Sleeping 112.5 seconds...
<Response [200]> https://finance.yahoo.com/calendar/earnings/?symbol=TWLO&offset=0&size=100
<Response [200]> https://finance.yahoo.com/calendar/earnings/?symbol=TWLO&offset=100&size=100
Saved: /home/qcx201/Projects/daytrade/data/earnings/earnings-twlo.json
now: 2025-12-29 18:33:55.062573 | eta: 0:36:03.270360 | delta: 0:54:04.905555 | avg: 0:01:48.163518
[31 of 50] FWONK
Saved: /home/qcx201/Projects/daytrade/data/chart/chart-fwonk.json
Saved: /home/qcx201/Projects/daytrade/data/summary/summary-fwonk.json
<Response [200]> https://finance.yahoo.com/calendar/earnings/?symbol=FWONK&offset=0&size=100
<Response [200]> https://finance.yahoo.com/calendar/earnings/?symbol=FWONK&offset=100&size=100
Saved: /home/qcx201/Projects/daytrade/data/earnings/earnings-fwonk.json
now: 2025-12-29 18:33:57.345372 | eta: 0:33:10.212209 | delta: 0:54:07.188354 | avg: 0:01:44.748011
[32 of 50] PODD
Saved: /home/qcx201/Projects/daytrade/data/chart/chart-podd.json
Saved: /home/qcx201/Projects/daytrade/data/summary/summary-podd.json
<Response [200]> https://finance.yahoo.com/calendar/earnings/?symbol=PODD&offset=0&size=100
<Response [200]> https://finance.yahoo.com/calendar/earnings/?symbol=PODD&offset=100&size=100
Saved: /home/qcx201/Projects/daytrade/data/earnings/earnings-podd.json
now: 2025-12-29 18:33:59.913810 | eta: 0:30:27.988200 | delta: 0:54:09.756792 | avg: 0:01:41.554900
[33 of 50] STZ
Saved: /home/qcx201/Projects/daytrade/data/chart/chart-stz.json
Saved: /home/qcx201/Projects/daytrade/data/summary/summary-stz.json
<Response [200]> https://finance.yahoo.com/calendar/earnings/?symbol=STZ&offset=0&size=100
Sleeping 90.0 seconds...
<Response [200]> https://finance.yahoo.com/calendar/earnings/?symbol=STZ&offset=0&size=100
Sleeping 112.5 seconds...
<Response [200]> https://finance.yahoo.com/calendar/earnings/?symbol=STZ&offset=0&size=100
<Response [200]> https://finance.yahoo.com/calendar/earnings/?symbol=STZ&offset=100&size=100
<Response [200]> https://finance.yahoo.com/calendar/earnings/?symbol=STZ&offset=200&size=100
Saved: /home/qcx201/Projects/daytrade/data/earnings/earnings-stz.json
now: 2025-12-29 18:37:31.684809 | eta: 0:29:43.211294 | delta: 0:57:41.527791 | avg: 0:01:44.894782
[34 of 50] HUBS
Saved: /home/qcx201/Projects/daytrade/data/chart/chart-hubs.json
Saved: /home/qcx201/Projects/daytrade/data/summary/summary-hubs.json
<Response [200]> https://finance.yahoo.com/calendar/earnings/?symbol=HUBS&offset=0&size=100
<Response [200]> https://finance.yahoo.com/calendar/earnings/?symbol=HUBS&offset=100&size=100
Saved: /home/qcx201/Projects/daytrade/data/earnings/earnings-hubs.json
now: 2025-12-29 18:37:35.053055 | eta: 0:27:10.539312 | delta: 0:57:44.896037 | avg: 0:01:41.908707
[35 of 50] KEY
Saved: /home/qcx201/Projects/daytrade/data/chart/chart-key.json
Saved: /home/qcx201/Projects/daytrade/data/summary/summary-key.json
<Response [200]> https://finance.yahoo.com/calendar/earnings/?symbol=KEY&offset=0&size=100
Sleeping 90.0 seconds...
<Response [200]> https://finance.yahoo.com/calendar/earnings/?symbol=KEY&offset=0&size=100
Sleeping 112.5 seconds...
<Response [200]> https://finance.yahoo.com/calendar/earnings/?symbol=KEY&offset=0&size=100
<Response [200]> https://finance.yahoo.com/calendar/earnings/?symbol=KEY&offset=100&size=100
<Response [200]> https://finance.yahoo.com/calendar/earnings/?symbol=KEY&offset=200&size=100
Saved: /home/qcx201/Projects/daytrade/data/earnings/earnings-key.json
now: 2025-12-29 18:41:05.555055 | eta: 0:26:15.170580 | delta: 1:01:15.398037 | avg: 0:01:45.011372
[36 of 50] GPN
Saved: /home/qcx201/Projects/daytrade/data/chart/chart-gpn.json
Saved: /home/qcx201/Projects/daytrade/data/summary/summary-gpn.json
<Response [200]> https://finance.yahoo.com/calendar/earnings/?symbol=GPN&offset=0&size=100
<Response [200]> https://finance.yahoo.com/calendar/earnings/?symbol=GPN&offset=100&size=100
Saved: /home/qcx201/Projects/daytrade/data/earnings/earnings-gpn.json
now: 2025-12-29 18:41:08.186941 | eta: 0:23:50.344972 | delta: 1:01:18.029923 | avg: 0:01:42.167498
[37 of 50] TYL
Saved: /home/qcx201/Projects/daytrade/data/chart/chart-tyl.json
Saved: /home/qcx201/Projects/daytrade/data/summary/summary-tyl.json
<Response [200]> https://finance.yahoo.com/calendar/earnings/?symbol=TYL&offset=0&size=100
<Response [200]> https://finance.yahoo.com/calendar/earnings/?symbol=TYL&offset=100&size=100
<Response [200]> https://finance.yahoo.com/calendar/earnings/?symbol=TYL&offset=200&size=100
Saved: /home/qcx201/Projects/daytrade/data/earnings/earnings-tyl.json
now: 2025-12-29 18:41:12.055579 | eta: 0:21:33.640036 | delta: 1:01:21.898561 | avg: 0:01:39.510772
[38 of 50] BAM
Saved: /home/qcx201/Projects/daytrade/data/chart/chart-bam.json
Saved: /home/qcx201/Projects/daytrade/data/summary/summary-bam.json
<Response [200]> https://finance.yahoo.com/calendar/earnings/?symbol=BAM&offset=0&size=100
<Response [200]> https://finance.yahoo.com/calendar/earnings/?symbol=BAM&offset=100&size=100
Saved: /home/qcx201/Projects/daytrade/data/earnings/earnings-bam.json
now: 2025-12-29 18:41:14.467111 | eta: 0:19:23.466348 | delta: 1:01:24.310093 | avg: 0:01:36.955529
[39 of 50] NYT
Saved: /home/qcx201/Projects/daytrade/data/chart/chart-nyt.json
Saved: /home/qcx201/Projects/daytrade/data/summary/summary-nyt.json
<Response [200]> https://finance.yahoo.com/calendar/earnings/?symbol=NYT&offset=0&size=100
Sleeping 90.0 seconds...
<Response [200]> https://finance.yahoo.com/calendar/earnings/?symbol=NYT&offset=0&size=100
Sleeping 112.5 seconds...
<Response [200]> https://finance.yahoo.com/calendar/earnings/?symbol=NYT&offset=0&size=100
<Response [200]> https://finance.yahoo.com/calendar/earnings/?symbol=NYT&offset=100&size=100
<Response [200]> https://finance.yahoo.com/calendar/earnings/?symbol=NYT&offset=200&size=100
Saved: /home/qcx201/Projects/daytrade/data/earnings/earnings-nyt.json
now: 2025-12-29 18:44:43.368763 | eta: 0:18:18.085362 | delta: 1:04:53.211745 | avg: 0:01:39.825942
[40 of 50] MKSI
Saved: /home/qcx201/Projects/daytrade/data/chart/chart-mksi.json
Saved: /home/qcx201/Projects/daytrade/data/summary/summary-mksi.json
<Response [200]> https://finance.yahoo.com/calendar/earnings/?symbol=MKSI&offset=0&size=100
<Response [200]> https://finance.yahoo.com/calendar/earnings/?symbol=MKSI&offset=100&size=100
<Response [200]> https://finance.yahoo.com/calendar/earnings/?symbol=MKSI&offset=200&size=100
Saved: /home/qcx201/Projects/daytrade/data/earnings/earnings-mksi.json
now: 2025-12-29 18:44:46.867779 | eta: 0:16:14.177690 | delta: 1:04:56.710761 | avg: 0:01:37.417769
[41 of 50] Z
Saved: /home/qcx201/Projects/daytrade/data/chart/chart-z.json
Saved: /home/qcx201/Projects/daytrade/data/summary/summary-z.json
<Response [200]> https://finance.yahoo.com/calendar/earnings/?symbol=Z&offset=0&size=100
<Response [200]> https://finance.yahoo.com/calendar/earnings/?symbol=Z&offset=100&size=100
Sleeping 90.0 seconds...
<Response [200]> https://finance.yahoo.com/calendar/earnings/?symbol=Z&offset=100&size=100
Sleeping 112.5 seconds...
<Response [200]> https://finance.yahoo.com/calendar/earnings/?symbol=Z&offset=100&size=100
Sleeping 135.0 seconds...
<Response [200]> https://finance.yahoo.com/calendar/earnings/?symbol=Z&offset=100&size=100
Sleeping 157.5 seconds...
<Response [200]> https://finance.yahoo.com/calendar/earnings/?symbol=Z&offset=100&size=100
Saved: /home/qcx201/Projects/daytrade/data/earnings/earnings-z.json
now: 2025-12-29 18:53:09.638168 | eta: 0:16:05.739762 | delta: 1:13:19.481150 | avg: 0:01:47.304418
[42 of 50] CMA
Saved: /home/qcx201/Projects/daytrade/data/chart/chart-cma.json
Saved: /home/qcx201/Projects/daytrade/data/summary/summary-cma.json
<Response [200]> https://finance.yahoo.com/calendar/earnings/?symbol=CMA&offset=0&size=100
<Response [200]> https://finance.yahoo.com/calendar/earnings/?symbol=CMA&offset=100&size=100
<Response [200]> https://finance.yahoo.com/calendar/earnings/?symbol=CMA&offset=200&size=100
Saved: /home/qcx201/Projects/daytrade/data/earnings/earnings-cma.json
now: 2025-12-29 18:53:13.777942 | eta: 0:13:58.784936 | delta: 1:13:23.620924 | avg: 0:01:44.848117
[43 of 50] AGNC
Saved: /home/qcx201/Projects/daytrade/data/chart/chart-agnc.json
Saved: /home/qcx201/Projects/daytrade/data/summary/summary-agnc.json
<Response [200]> https://finance.yahoo.com/calendar/earnings/?symbol=AGNC&offset=0&size=100
<Response [200]> https://finance.yahoo.com/calendar/earnings/?symbol=AGNC&offset=100&size=100
Saved: /home/qcx201/Projects/daytrade/data/earnings/earnings-agnc.json
now: 2025-12-29 18:53:16.350956 | eta: 0:11:57.287382 | delta: 1:13:26.193938 | avg: 0:01:42.469626
[44 of 50] BLDR
Saved: /home/qcx201/Projects/daytrade/data/chart/chart-bldr.json
Saved: /home/qcx201/Projects/daytrade/data/summary/summary-bldr.json
<Response [200]> https://finance.yahoo.com/calendar/earnings/?symbol=BLDR&offset=0&size=100
<Response [200]> https://finance.yahoo.com/calendar/earnings/?symbol=BLDR&offset=100&size=100
Saved: /home/qcx201/Projects/daytrade/data/earnings/earnings-bldr.json
now: 2025-12-29 18:53:18.408675 | eta: 0:10:01.125228 | delta: 1:13:28.251657 | avg: 0:01:40.187538
[45 of 50] BMRN
Saved: /home/qcx201/Projects/daytrade/data/chart/chart-bmrn.json
Saved: /home/qcx201/Projects/daytrade/data/summary/summary-bmrn.json
<Response [200]> https://finance.yahoo.com/calendar/earnings/?symbol=BMRN&offset=0&size=100
<Response [200]> https://finance.yahoo.com/calendar/earnings/?symbol=BMRN&offset=100&size=100
<Response [200]> https://finance.yahoo.com/calendar/earnings/?symbol=BMRN&offset=200&size=100
Saved: /home/qcx201/Projects/daytrade/data/earnings/earnings-bmrn.json
now: 2025-12-29 18:53:21.771269 | eta: 0:08:10.179360 | delta: 1:13:31.614251 | avg: 0:01:38.035872
[46 of 50] LAMR
Saved: /home/qcx201/Projects/daytrade/data/chart/chart-lamr.json
Saved: /home/qcx201/Projects/daytrade/data/summary/summary-lamr.json
<Response [200]> https://finance.yahoo.com/calendar/earnings/?symbol=LAMR&offset=0&size=100
<Response [200]> https://finance.yahoo.com/calendar/earnings/?symbol=LAMR&offset=100&size=100
<Response [200]> https://finance.yahoo.com/calendar/earnings/?symbol=LAMR&offset=200&size=100
Saved: /home/qcx201/Projects/daytrade/data/earnings/earnings-lamr.json
now: 2025-12-29 18:53:25.267220 | eta: 0:06:23.922628 | delta: 1:13:35.110202 | avg: 0:01:35.980657
[47 of 50] ELAN
Saved: /home/qcx201/Projects/daytrade/data/chart/chart-elan.json
Saved: /home/qcx201/Projects/daytrade/data/summary/summary-elan.json
<Response [200]> https://finance.yahoo.com/calendar/earnings/?symbol=ELAN&offset=0&size=100
<Response [200]> https://finance.yahoo.com/calendar/earnings/?symbol=ELAN&offset=100&size=100
Saved: /home/qcx201/Projects/daytrade/data/earnings/earnings-elan.json
now: 2025-12-29 18:53:27.081062 | eta: 0:04:41.931321 | delta: 1:13:36.924044 | avg: 0:01:33.977107
[48 of 50] DOC
Saved: /home/qcx201/Projects/daytrade/data/chart/chart-doc.json
Saved: /home/qcx201/Projects/daytrade/data/summary/summary-doc.json
<Response [200]> https://finance.yahoo.com/calendar/earnings/?symbol=DOC&offset=0&size=100
<Response [200]> https://finance.yahoo.com/calendar/earnings/?symbol=DOC&offset=100&size=100
Saved: /home/qcx201/Projects/daytrade/data/earnings/earnings-doc.json
now: 2025-12-29 18:53:29.696138 | eta: 0:03:04.147464 | delta: 1:13:39.539120 | avg: 0:01:32.073732
[49 of 50] FDS
Saved: /home/qcx201/Projects/daytrade/data/chart/chart-fds.json
Saved: /home/qcx201/Projects/daytrade/data/summary/summary-fds.json
<Response [200]> https://finance.yahoo.com/calendar/earnings/?symbol=FDS&offset=0&size=100
<Response [200]> https://finance.yahoo.com/calendar/earnings/?symbol=FDS&offset=100&size=100
<Response [200]> https://finance.yahoo.com/calendar/earnings/?symbol=FDS&offset=200&size=100
Saved: /home/qcx201/Projects/daytrade/data/earnings/earnings-fds.json
now: 2025-12-29 18:53:32.850405 | eta: 0:01:30.259049 | delta: 1:13:42.693387 | avg: 0:01:30.259049
[50 of 50] MRNA
Saved: /home/qcx201/Projects/daytrade/data/chart/chart-mrna.json
Saved: /home/qcx201/Projects/daytrade/data/summary/summary-mrna.json
<Response [200]> https://finance.yahoo.com/calendar/earnings/?symbol=MRNA&offset=0&size=100
<Response [200]> https://finance.yahoo.com/calendar/earnings/?symbol=MRNA&offset=100&size=100
Saved: /home/qcx201/Projects/daytrade/data/earnings/earnings-mrna.json
now: 2025-12-29 18:53:34.894722 | eta: 0:00:00 | delta: 1:13:44.737704 | avg: 0:01:28.494754
-- Complete --
