[1 of 50] BROS
Saved: /home/qcx201/Projects/daytrade/data/chart/chart-bros.json
Saved: /home/qcx201/Projects/daytrade/data/summary/summary-bros.json
<Response [200]> https://finance.yahoo.com/calendar/earnings/?symbol=BROS&offset=0&size=100
<Response [200]> https://finance.yahoo.com/calendar/earnings/?symbol=BROS&offset=100&size=100
Saved: /home/qcx201/Projects/daytrade/data/earnings/earnings-bros.json
now: 2025-12-29 17:39:59.720089 | eta: 0:03:04.485784 | delta: 0:00:03.765016 | avg: 0:00:03.765016
[2 of 50] MGM
Saved: /home/qcx201/Projects/daytrade/data/chart/chart-mgm.json
Saved: /home/qcx201/Projects/daytrade/data/summary/summary-mgm.json
<Response [200]> https://finance.yahoo.com/calendar/earnings/?symbol=MGM&offset=0&size=100
<Response [200]> https://finance.yahoo.com/calendar/earnings/?symbol=MGM&offset=100&size=100
<Response [200]> https://finance.yahoo.com/calendar/earnings/?symbol=MGM&offset=200&size=100
Saved: /home/qcx201/Projects/daytrade/data/earnings/earnings-mgm.json
now: 2025-12-29 17:40:07.908482 | eta: 0:04:46.881792 | delta: 0:00:11.953409 | avg: 0:00:05.976704
[3 of 50] NNN
Saved: /home/qcx201/Projects/daytrade/data/chart/chart-nnn.json
Saved: /home/qcx201/Projects/daytrade/data/summary/summary-nnn.json
<Response [200]> https://finance.yahoo.com/calendar/earnings/?symbol=NNN&offset=0&size=100
<Response [200]> https://finance.yahoo.com/calendar/earnings/?symbol=NNN&offset=100&size=100
Saved: /home/qcx201/Projects/daytrade/data/earnings/earnings-nnn.json
now: 2025-12-29 17:40:14.692682 | eta: 0:04:53.555890 | delta: 0:00:18.737609 | avg: 0:00:06.245870
[4 of 50] SNV
Saved: /home/qcx201/Projects/daytrade/data/chart/chart-snv.json
Saved: /home/qcx201/Projects/daytrade/data/summary/summary-snv.json
<Response [200]> https://finance.yahoo.com/calendar/earnings/?symbol=SNV&offset=0&size=100
<Response [200]> https://finance.yahoo.com/calendar/earnings/?symbol=SNV&offset=100&size=100
<Response [200]> https://finance.yahoo.com/calendar/earnings/?symbol=SNV&offset=200&size=100
Saved: /home/qcx201/Projects/daytrade/data/earnings/earnings-snv.json
now: 2025-12-29 17:40:20.625634 | eta: 0:04:43.711440 | delta: 0:00:24.670561 | avg: 0:00:06.167640
[5 of 50] SSD
Saved: /home/qcx201/Projects/daytrade/data/chart/chart-ssd.json
Saved: /home/qcx201/Projects/daytrade/data/summary/summary-ssd.json
<Response [200]> https://finance.yahoo.com/calendar/earnings/?symbol=SSD&offset=0&size=100
<Response [200]> https://finance.yahoo.com/calendar/earnings/?symbol=SSD&offset=100&size=100
Sleeping 90.0 seconds...
<Response [200]> https://finance.yahoo.com/calendar/earnings/?symbol=SSD&offset=100&size=100
Sleeping 112.5 seconds...
<Response [200]> https://finance.yahoo.com/calendar/earnings/?symbol=SSD&offset=100&size=100
Saved: /home/qcx201/Projects/daytrade/data/earnings/earnings-ssd.json
now: 2025-12-29 17:43:54.236347 | eta: 0:35:44.531475 | delta: 0:03:58.281274 | avg: 0:00:47.656255
[6 of 50] AXTA
Saved: /home/qcx201/Projects/daytrade/data/chart/chart-axta.json
Saved: /home/qcx201/Projects/daytrade/data/summary/summary-axta.json
<Response [200]> https://finance.yahoo.com/calendar/earnings/?symbol=AXTA&offset=0&size=100
<Response [200]> https://finance.yahoo.com/calendar/earnings/?symbol=AXTA&offset=100&size=100
Saved: /home/qcx201/Projects/daytrade/data/earnings/earnings-axta.json
now: 2025-12-29 17:43:56.546959 | eta: 0:29:24.340512 | delta: 0:04:00.591886 | avg: 0:00:40.098648
[7 of 50] DINO
Saved: /home/qcx201/Projects/daytrade/data/chart/chart-dino.json
Saved: /home/qcx201/Projects/daytrade/data/summary/summary-dino.json
<Response [200]> https://finance.yahoo.com/calendar/earnings/?symbol=DINO&offset=0&size=100
<Response [200]> https://finance.yahoo.com/calendar/earnings/?symbol=DINO&offset=100&size=100
Saved: /home/qcx201/Projects/daytrade/data/earnings/earnings-dino.json
now: 2025-12-29 17:43:59.755143 | eta: 0:24:57.628983 | delta: 0:04:03.800070 | avg: 0:00:34.828581
[8 of 50] HRL
Saved: /home/qcx201/Projects/daytrade/data/chart/chart-hrl.json
Saved: /home/qcx201/Projects/daytrade/data/summary/summary-hrl.json
<Response [200]> https://finance.yahoo.com/calendar/earnings/?symbol=HRL&offset=0&size=100
Sleeping 90.0 seconds...
<Response [200]> https://finance.yahoo.com/calendar/earnings/?symbol=HRL&offset=0&size=100
Sleeping 112.5 seconds...
<Response [200]> https://finance.yahoo.com/calendar/earnings/?symbol=HRL&offset=0&size=100
<Response [200]> https://finance.yahoo.com/calendar/earnings/?symbol=HRL&offset=100&size=100
<Response [200]> https://finance.yahoo.com/calendar/earnings/?symbol=HRL&offset=200&size=100
Saved: /home/qcx201/Projects/daytrade/data/earnings/earnings-hrl.json
now: 2025-12-29 17:47:32.735670 | eta: 0:39:58.098150 | delta: 0:07:36.780597 | avg: 0:00:57.097575
[9 of 50] INGR
Saved: /home/qcx201/Projects/daytrade/data/chart/chart-ingr.json
Saved: /home/qcx201/Projects/daytrade/data/summary/summary-ingr.json
<Response [200]> https://finance.yahoo.com/calendar/earnings/?symbol=INGR&offset=0&size=100
<Response [200]> https://finance.yahoo.com/calendar/earnings/?symbol=INGR&offset=100&size=100
<Response [200]> https://finance.yahoo.com/calendar/earnings/?symbol=INGR&offset=200&size=100
Sleeping 90.0 seconds...
<Response [200]> https://finance.yahoo.com/calendar/earnings/?symbol=INGR&offset=200&size=100
Sleeping 112.5 seconds...
<Response [200]> https://finance.yahoo.com/calendar/earnings/?symbol=INGR&offset=200&size=100
Saved: /home/qcx201/Projects/daytrade/data/earnings/earnings-ingr.json
now: 2025-12-29 17:51:07.041001 | eta: 0:50:57.169223 | delta: 0:11:11.085928 | avg: 0:01:14.565103
[10 of 50] WING
Saved: /home/qcx201/Projects/daytrade/data/chart/chart-wing.json
Saved: /home/qcx201/Projects/daytrade/data/summary/summary-wing.json
<Response [200]> https://finance.yahoo.com/calendar/earnings/?symbol=WING&offset=0&size=100
<Response [200]> https://finance.yahoo.com/calendar/earnings/?symbol=WING&offset=100&size=100
Saved: /home/qcx201/Projects/daytrade/data/earnings/earnings-wing.json
now: 2025-12-29 17:51:10.342641 | eta: 0:44:57.550280 | delta: 0:11:14.387568 | avg: 0:01:07.438757
[11 of 50] EXP
Saved: /home/qcx201/Projects/daytrade/data/chart/chart-exp.json
Saved: /home/qcx201/Projects/daytrade/data/summary/summary-exp.json
<Response [200]> https://finance.yahoo.com/calendar/earnings/?symbol=EXP&offset=0&size=100
<Response [200]> https://finance.yahoo.com/calendar/earnings/?symbol=EXP&offset=100&size=100
<Response [200]> https://finance.yahoo.com/calendar/earnings/?symbol=EXP&offset=200&size=100
Sleeping 90.0 seconds...
<Response [200]> https://finance.yahoo.com/calendar/earnings/?symbol=EXP&offset=200&size=100
Sleeping 112.5 seconds...
<Response [200]> https://finance.yahoo.com/calendar/earnings/?symbol=EXP&offset=200&size=100
Saved: /home/qcx201/Projects/daytrade/data/earnings/earnings-exp.json
now: 2025-12-29 17:54:45.069047 | eta: 0:52:32.313177 | delta: 0:14:49.113974 | avg: 0:01:20.828543
[12 of 50] ACI
Saved: /home/qcx201/Projects/daytrade/data/chart/chart-aci.json
Saved: /home/qcx201/Projects/daytrade/data/summary/summary-aci.json
<Response [200]> https://finance.yahoo.com/calendar/earnings/?symbol=ACI&offset=0&size=100
<Response [200]> https://finance.yahoo.com/calendar/earnings/?symbol=ACI&offset=100&size=100
Saved: /home/qcx201/Projects/daytrade/data/earnings/earnings-aci.json
now: 2025-12-29 17:54:47.634851 | eta: 0:47:03.652624 | delta: 0:14:51.679778 | avg: 0:01:14.306648
[13 of 50] MUSA
Saved: /home/qcx201/Projects/daytrade/data/chart/chart-musa.json
Saved: /home/qcx201/Projects/daytrade/data/summary/summary-musa.json
<Response [200]> https://finance.yahoo.com/calendar/earnings/?symbol=MUSA&offset=0&size=100
<Response [200]> https://finance.yahoo.com/calendar/earnings/?symbol=MUSA&offset=100&size=100
Saved: /home/qcx201/Projects/daytrade/data/earnings/earnings-musa.json
now: 2025-12-29 17:54:50.329672 | eta: 0:42:25.527702 | delta: 0:14:54.374599 | avg: 0:01:08.798046
[14 of 50] QRVO
Saved: /home/qcx201/Projects/daytrade/data/chart/chart-qrvo.json
Saved: /home/qcx201/Projects/daytrade/data/summary/summary-qrvo.json
<Response [200]> https://finance.yahoo.com/calendar/earnings/?symbol=QRVO&offset=0&size=100
<Response [200]> https://finance.yahoo.com/calendar/earnings/?symbol=QRVO&offset=100&size=100
Sleeping 90.0 seconds...
<Response [200]> https://finance.yahoo.com/calendar/earnings/?symbol=QRVO&offset=100&size=100
Sleeping 112.5 seconds...
<Response [200]> https://finance.yahoo.com/calendar/earnings/?symbol=QRVO&offset=100&size=100
<Response [200]> https://finance.yahoo.com/calendar/earnings/?symbol=QRVO&offset=200&size=100
Saved: /home/qcx201/Projects/daytrade/data/earnings/earnings-qrvo.json
now: 2025-12-29 17:58:23.369955 | eta: 0:47:27.638268 | delta: 0:18:27.414882 | avg: 0:01:19.101063
[15 of 50] VOYA
Saved: /home/qcx201/Projects/daytrade/data/chart/chart-voya.json
Saved: /home/qcx201/Projects/daytrade/data/summary/summary-voya.json
<Response [200]> https://finance.yahoo.com/calendar/earnings/?symbol=VOYA&offset=0&size=100
<Response [200]> https://finance.yahoo.com/calendar/earnings/?symbol=VOYA&offset=100&size=100
Sleeping 90.0 seconds...
<Response [200]> https://finance.yahoo.com/calendar/earnings/?symbol=VOYA&offset=100&size=100
Sleeping 112.5 seconds...
<Response [200]> https://finance.yahoo.com/calendar/earnings/?symbol=VOYA&offset=100&size=100
Sleeping 135.0 seconds...
<Response [200]> https://finance.yahoo.com/calendar/earnings/?symbol=VOYA&offset=100&size=100
Saved: /home/qcx201/Projects/daytrade/data/earnings/earnings-voya.json
now: 2025-12-29 18:04:13.916154 | eta: 0:56:41.909175 | delta: 0:24:17.961081 | avg: 0:01:37.197405
[16 of 50] EMN
Saved: /home/qcx201/Projects/daytrade/data/chart/chart-emn.json
Saved: /home/qcx201/Projects/daytrade/data/summary/summary-emn.json
<Response [200]> https://finance.yahoo.com/calendar/earnings/?symbol=EMN&offset=0&size=100
<Response [200]> https://finance.yahoo.com/calendar/earnings/?symbol=EMN&offset=100&size=100
<Response [200]> https://finance.yahoo.com/calendar/earnings/?symbol=EMN&offset=200&size=100
Saved: /home/qcx201/Projects/daytrade/data/earnings/earnings-emn.json
now: 2025-12-29 18:04:20.465485 | eta: 0:51:52.084634 | delta: 0:24:24.510412 | avg: 0:01:31.531901
[17 of 50] NFG
Saved: /home/qcx201/Projects/daytrade/data/chart/chart-nfg.json
Saved: /home/qcx201/Projects/daytrade/data/summary/summary-nfg.json
<Response [200]> https://finance.yahoo.com/calendar/earnings/?symbol=NFG&offset=0&size=100
Sleeping 90.0 seconds...
<Response [200]> https://finance.yahoo.com/calendar/earnings/?symbol=NFG&offset=0&size=100
Sleeping 112.5 seconds...
<Response [200]> https://finance.yahoo.com/calendar/earnings/?symbol=NFG&offset=0&size=100
Sleeping 135.0 seconds...
<Response [200]> https://finance.yahoo.com/calendar/earnings/?symbol=NFG&offset=0&size=100
<Response [200]> https://finance.yahoo.com/calendar/earnings/?symbol=NFG&offset=100&size=100
<Response [200]> https://finance.yahoo.com/calendar/earnings/?symbol=NFG&offset=200&size=100
Saved: /home/qcx201/Projects/daytrade/data/earnings/earnings-nfg.json
now: 2025-12-29 18:10:11.123627 | eta: 0:58:43.562493 | delta: 0:30:15.168554 | avg: 0:01:46.774621
[18 of 50] SAM
Saved: /home/qcx201/Projects/daytrade/data/chart/chart-sam.json
Saved: /home/qcx201/Projects/daytrade/data/summary/summary-sam.json
<Response [200]> https://finance.yahoo.com/calendar/earnings/?symbol=SAM&offset=0&size=100
<Response [200]> https://finance.yahoo.com/calendar/earnings/?symbol=SAM&offset=100&size=100
<Response [200]> https://finance.yahoo.com/calendar/earnings/?symbol=SAM&offset=200&size=100
Saved: /home/qcx201/Projects/daytrade/data/earnings/earnings-sam.json
now: 2025-12-29 18:10:15.907077 | eta: 0:53:55.470240 | delta: 0:30:19.952004 | avg: 0:01:41.108445
[19 of 50] WEN
Saved: /home/qcx201/Projects/daytrade/data/chart/chart-wen.json
Saved: /home/qcx201/Projects/daytrade/data/summary/summary-wen.json
<Response [200]> https://finance.yahoo.com/calendar/earnings/?symbol=WEN&offset=0&size=100
Sleeping 90.0 seconds...
<Response [200]> https://finance.yahoo.com/calendar/earnings/?symbol=WEN&offset=0&size=100
Sleeping 112.5 seconds...
<Response [200]> https://finance.yahoo.com/calendar/earnings/?symbol=WEN&offset=0&size=100
<Response [200]> https://finance.yahoo.com/calendar/earnings/?symbol=WEN&offset=100&size=100
Saved: /home/qcx201/Projects/daytrade/data/earnings/earnings-wen.json
now: 2025-12-29 18:13:45.986133 | eta: 0:55:12.155940 | delta: 0:33:50.031060 | avg: 0:01:46.843740
[20 of 50] COLM
Saved: /home/qcx201/Projects/daytrade/data/chart/chart-colm.json
Saved: /home/qcx201/Projects/daytrade/data/summary/summary-colm.json
<Response [200]> https://finance.yahoo.com/calendar/earnings/?symbol=COLM&offset=0&size=100
<Response [200]> https://finance.yahoo.com/calendar/earnings/?symbol=COLM&offset=100&size=100
<Response [200]> https://finance.yahoo.com/calendar/earnings/?symbol=COLM&offset=200&size=100
Saved: /home/qcx201/Projects/daytrade/data/earnings/earnings-colm.json
now: 2025-12-29 18:13:51.110568 | eta: 0:50:52.733250 | delta: 0:33:55.155495 | avg: 0:01:41.757775
[21 of 50] LCID
Saved: /home/qcx201/Projects/daytrade/data/chart/chart-lcid.json
Saved: /home/qcx201/Projects/daytrade/data/summary/summary-lcid.json
<Response [200]> https://finance.yahoo.com/calendar/earnings/?symbol=LCID&offset=0&size=100
Sleeping 90.0 seconds...
<Response [200]> https://finance.yahoo.com/calendar/earnings/?symbol=LCID&offset=0&size=100
Sleeping 112.5 seconds...
<Response [200]> https://finance.yahoo.com/calendar/earnings/?symbol=LCID&offset=0&size=100
<Response [200]> https://finance.yahoo.com/calendar/earnings/?symbol=LCID&offset=100&size=100
Saved: /home/qcx201/Projects/daytrade/data/earnings/earnings-lcid.json
now: 2025-12-29 18:17:23.310639 | eta: 0:51:43.491028 | delta: 0:37:27.355566 | avg: 0:01:47.016932
[22 of 50] CLVT
Saved: /home/qcx201/Projects/daytrade/data/chart/chart-clvt.json
Saved: /home/qcx201/Projects/daytrade/data/summary/summary-clvt.json
<Response [200]> https://finance.yahoo.com/calendar/earnings/?symbol=CLVT&offset=0&size=100
<Response [200]> https://finance.yahoo.com/calendar/earnings/?symbol=CLVT&offset=100&size=100
Saved: /home/qcx201/Projects/daytrade/data/earnings/earnings-clvt.json
now: 2025-12-29 18:17:25.978051 | eta: 0:47:43.665616 | delta: 0:37:30.022978 | avg: 0:01:42.273772
[23 of 50] MAN
Saved: /home/qcx201/Projects/daytrade/data/chart/chart-man.json
Saved: /home/qcx201/Projects/daytrade/data/summary/summary-man.json
<Response [200]> https://finance.yahoo.com/calendar/earnings/?symbol=MAN&offset=0&size=100
<Response [200]> https://finance.yahoo.com/calendar/earnings/?symbol=MAN&offset=100&size=100
Sleeping 90.0 seconds...
<Response [200]> https://finance.yahoo.com/calendar/earnings/?symbol=MAN&offset=100&size=100
Sleeping 112.5 seconds...
<Response [200]> https://finance.yahoo.com/calendar/earnings/?symbol=MAN&offset=100&size=100
<Response [200]> https://finance.yahoo.com/calendar/earnings/?symbol=MAN&offset=200&size=100
Saved: /home/qcx201/Projects/daytrade/data/earnings/earnings-man.json
now: 2025-12-29 18:20:57.779270 | eta: 0:48:09.967545 | delta: 0:41:01.824197 | avg: 0:01:47.035835
[24 of 50] BLSH
Saved: /home/qcx201/Projects/daytrade/data/chart/chart-blsh.json
Saved: /home/qcx201/Projects/daytrade/data/summary/summary-blsh.json
<Response [200]> https://finance.yahoo.com/calendar/earnings/?symbol=BLSH&offset=0&size=100
<Response [200]> https://finance.yahoo.com/calendar/earnings/?symbol=BLSH&offset=100&size=100
Saved: /home/qcx201/Projects/daytrade/data/earnings/earnings-blsh.json
now: 2025-12-29 18:21:01.745519 | eta: 0:44:31.272994 | delta: 0:41:05.790446 | avg: 0:01:42.741269
[25 of 50] LBTYK
Saved: /home/qcx201/Projects/daytrade/data/chart/chart-lbtyk.json
Saved: /home/qcx201/Projects/daytrade/data/summary/summary-lbtyk.json
<Response [200]> https://finance.yahoo.com/calendar/earnings/?symbol=LBTYK&offset=0&size=100
Sleeping 90.0 seconds...
<Response [200]> https://finance.yahoo.com/calendar/earnings/?symbol=LBTYK&offset=0&size=100
Sleeping 112.5 seconds...
<Response [200]> https://finance.yahoo.com/calendar/earnings/?symbol=LBTYK&offset=0&size=100
Sleeping 135.0 seconds...
<Response [200]> https://finance.yahoo.com/calendar/earnings/?symbol=LBTYK&offset=0&size=100
<Response [200]> https://finance.yahoo.com/calendar/earnings/?symbol=LBTYK&offset=100&size=100
Saved: /home/qcx201/Projects/daytrade/data/earnings/earnings-lbtyk.json
now: 2025-12-29 18:26:49.850078 | eta: 0:46:53.895000 | delta: 0:46:53.895005 | avg: 0:01:52.555800
[26 of 50] BFA
[27 of 50] ACHC
Saved: /home/qcx201/Projects/daytrade/data/chart/chart-achc.json
Saved: /home/qcx201/Projects/daytrade/data/summary/summary-achc.json
<Response [200]> https://finance.yahoo.com/calendar/earnings/?symbol=ACHC&offset=0&size=100
<Response [200]> https://finance.yahoo.com/calendar/earnings/?symbol=ACHC&offset=100&size=100
Saved: /home/qcx201/Projects/daytrade/data/earnings/earnings-achc.json
now: 2025-12-29 18:26:53.039750 | eta: 0:39:59.738810 | delta: 0:46:57.084677 | avg: 0:01:44.336470
[28 of 50] FIGR
Saved: /home/qcx201/Projects/daytrade/data/chart/chart-figr.json
Saved: /home/qcx201/Projects/daytrade/data/summary/summary-figr.json
<Response [200]> https://finance.yahoo.com/calendar/earnings/?symbol=FIGR&offset=0&size=100
<Response [200]> https://finance.yahoo.com/calendar/earnings/?symbol=FIGR&offset=100&size=100
Saved: /home/qcx201/Projects/daytrade/data/earnings/earnings-figr.json
now: 2025-12-29 18:26:55.847120 | eta: 0:36:55.629460 | delta: 0:46:59.892047 | avg: 0:01:40.710430
[29 of 50] FMC
Saved: /home/qcx201/Projects/daytrade/data/chart/chart-fmc.json
Saved: /home/qcx201/Projects/daytrade/data/summary/summary-fmc.json
<Response [200]> https://finance.yahoo.com/calendar/earnings/?symbol=FMC&offset=0&size=100
Sleeping 90.0 seconds...
<Response [200]> https://finance.yahoo.com/calendar/earnings/?symbol=FMC&offset=0&size=100
Sleeping 112.5 seconds...
<Response [200]> https://finance.yahoo.com/calendar/earnings/?symbol=FMC&offset=0&size=100
<Response [200]> https://finance.yahoo.com/calendar/earnings/?symbol=FMC&offset=100&size=100
<Response [200]> https://finance.yahoo.com/calendar/earnings/?symbol=FMC&offset=200&size=100
Saved: /home/qcx201/Projects/daytrade/data/earnings/earnings-fmc.json
now: 2025-12-29 18:30:25.120137 | eta: 0:36:33.533328 | delta: 0:50:29.165064 | avg: 0:01:44.453968
[30 of 50] PPC
Saved: /home/qcx201/Projects/daytrade/data/chart/chart-ppc.json
Saved: /home/qcx201/Projects/daytrade/data/summary/summary-ppc.json
<Response [200]> https://finance.yahoo.com/calendar/earnings/?symbol=PPC&offset=0&size=100
Sleeping 90.0 seconds...
<Response [200]> https://finance.yahoo.com/calendar/earnings/?symbol=PPC&offset=0&size=100
Sleeping 112.5 seconds...
<Response [200]> https://finance.yahoo.com/calendar/earnings/?symbol=PPC&offset=0&size=100
<Response [200]> https://finance.yahoo.com/calendar/earnings/?symbol=PPC&offset=100&size=100
<Response [200]> https://finance.yahoo.com/calendar/earnings/?symbol=PPC&offset=200&size=100
Saved: /home/qcx201/Projects/daytrade/data/earnings/earnings-ppc.json
now: 2025-12-29 18:33:55.892199 | eta: 0:35:59.958080 | delta: 0:53:59.937126 | avg: 0:01:47.997904
[31 of 50] DV
Saved: /home/qcx201/Projects/daytrade/data/chart/chart-dv.json
Saved: /home/qcx201/Projects/daytrade/data/summary/summary-dv.json
<Response [200]> https://finance.yahoo.com/calendar/earnings/?symbol=DV&offset=0&size=100
<Response [200]> https://finance.yahoo.com/calendar/earnings/?symbol=DV&offset=100&size=100
Saved: /home/qcx201/Projects/daytrade/data/earnings/earnings-dv.json
now: 2025-12-29 18:33:58.327819 | eta: 0:33:07.260711 | delta: 0:54:02.372746 | avg: 0:01:44.592669
[32 of 50] LLYVA
Saved: /home/qcx201/Projects/daytrade/data/chart/chart-llyva.json
Saved: /home/qcx201/Projects/daytrade/data/summary/summary-llyva.json
<Response [200]> https://finance.yahoo.com/calendar/earnings/?symbol=LLYVA&offset=0&size=100
<Response [200]> https://finance.yahoo.com/calendar/earnings/?symbol=LLYVA&offset=100&size=100
Saved: /home/qcx201/Projects/daytrade/data/earnings/earnings-llyva.json
now: 2025-12-29 18:34:00.718798 | eta: 0:30:25.179588 | delta: 0:54:04.763725 | avg: 0:01:41.398866
[33 of 50] NWL
Saved: /home/qcx201/Projects/daytrade/data/chart/chart-nwl.json
Saved: /home/qcx201/Projects/daytrade/data/summary/summary-nwl.json
<Response [200]> https://finance.yahoo.com/calendar/earnings/?symbol=NWL&offset=0&size=100
Sleeping 90.0 seconds...
<Response [200]> https://finance.yahoo.com/calendar/earnings/?symbol=NWL&offset=0&size=100
Sleeping 112.5 seconds...
<Response [200]> https://finance.yahoo.com/calendar/earnings/?symbol=NWL&offset=0&size=100
<Response [200]> https://finance.yahoo.com/calendar/earnings/?symbol=NWL&offset=100&size=100
Saved: /home/qcx201/Projects/daytrade/data/earnings/earnings-nwl.json
now: 2025-12-29 18:37:30.847460 | eta: 0:29:39.793053 | delta: 0:57:34.892387 | avg: 0:01:44.693709
[34 of 50] IRDM
Saved: /home/qcx201/Projects/daytrade/data/chart/chart-irdm.json
Saved: /home/qcx201/Projects/daytrade/data/summary/summary-irdm.json
<Response [200]> https://finance.yahoo.com/calendar/earnings/?symbol=IRDM&offset=0&size=100
<Response [200]> https://finance.yahoo.com/calendar/earnings/?symbol=IRDM&offset=100&size=100
Saved: /home/qcx201/Projects/daytrade/data/earnings/earnings-irdm.json
now: 2025-12-29 18:37:34.016450 | eta: 0:27:07.323008 | delta: 0:57:38.061377 | avg: 0:01:41.707688
[35 of 50] HUN
Saved: /home/qcx201/Projects/daytrade/data/chart/chart-hun.json
Saved: /home/qcx201/Projects/daytrade/data/summary/summary-hun.json
<Response [200]> https://finance.yahoo.com/calendar/earnings/?symbol=HUN&offset=0&size=100
<Response [200]> https://finance.yahoo.com/calendar/earnings/?symbol=HUN&offset=100&size=100
Sleeping 90.0 seconds...
<Response [200]> https://finance.yahoo.com/calendar/earnings/?symbol=HUN&offset=100&size=100
Sleeping 112.5 seconds...
<Response [200]> https://finance.yahoo.com/calendar/earnings/?symbol=HUN&offset=100&size=100
Saved: /home/qcx201/Projects/daytrade/data/earnings/earnings-hun.json
now: 2025-12-29 18:41:01.082001 | eta: 0:26:10.768680 | delta: 1:01:05.126928 | avg: 0:01:44.717912
[36 of 50] LBTYA
Saved: /home/qcx201/Projects/daytrade/data/chart/chart-lbtya.json
Saved: /home/qcx201/Projects/daytrade/data/summary/summary-lbtya.json
<Response [200]> https://finance.yahoo.com/calendar/earnings/?symbol=LBTYA&offset=0&size=100
<Response [200]> https://finance.yahoo.com/calendar/earnings/?symbol=LBTYA&offset=100&size=100
Saved: /home/qcx201/Projects/daytrade/data/earnings/earnings-lbtya.json
now: 2025-12-29 18:41:03.893761 | eta: 0:23:46.420604 | delta: 1:01:07.938688 | avg: 0:01:41.887186
[37 of 50] IPGP
Saved: /home/qcx201/Projects/daytrade/data/chart/chart-ipgp.json
Saved: /home/qcx201/Projects/daytrade/data/summary/summary-ipgp.json
<Response [200]> https://finance.yahoo.com/calendar/earnings/?symbol=IPGP&offset=0&size=100
<Response [200]> https://finance.yahoo.com/calendar/earnings/?symbol=IPGP&offset=100&size=100
Saved: /home/qcx201/Projects/daytrade/data/earnings/earnings-ipgp.json
now: 2025-12-29 18:41:06.208477 | eta: 0:21:29.548494 | delta: 1:01:10.253404 | avg: 0:01:39.196038
[38 of 50] PRGO
Saved: /home/qcx201/Projects/daytrade/data/chart/chart-prgo.json
Saved: /home/qcx201/Projects/daytrade/data/summary/summary-prgo.json
<Response [200]> https://finance.yahoo.com/calendar/earnings/?symbol=PRGO&offset=0&size=100
<Response [200]> https://finance.yahoo.com/calendar/earnings/?symbol=PRGO&offset=100&size=100
<Response [200]> https://finance.yahoo.com/calendar/earnings/?symbol=PRGO&offset=200&size=100
Saved: /home/qcx201/Projects/daytrade/data/earnings/earnings-prgo.json
now: 2025-12-29 18:41:10.694996 | eta: 0:19:20.444184 | delta: 1:01:14.739923 | avg: 0:01:36.703682
[39 of 50] SAIL
Saved: /home/qcx201/Projects/daytrade/data/chart/chart-sail.json
Saved: /home/qcx201/Projects/daytrade/data/summary/summary-sail.json
<Response [200]> https://finance.yahoo.com/calendar/earnings/?symbol=SAIL&offset=0&size=100
<Response [200]> https://finance.yahoo.com/calendar/earnings/?symbol=SAIL&offset=100&size=100
Saved: /home/qcx201/Projects/daytrade/data/earnings/earnings-sail.json
now: 2025-12-29 18:41:12.965218 | eta: 0:17:17.105421 | delta: 1:01:17.010145 | avg: 0:01:34.282311
[40 of 50] OGN
Saved: /home/qcx201/Projects/daytrade/data/chart/chart-ogn.json
Saved: /home/qcx201/Projects/daytrade/data/summary/summary-ogn.json
<Response [200]> https://finance.yahoo.com/calendar/earnings/?symbol=OGN&offset=0&size=100
Sleeping 90.0 seconds...
<Response [200]> https://finance.yahoo.com/calendar/earnings/?symbol=OGN&offset=0&size=100
Sleeping 112.5 seconds...
<Response [200]> https://finance.yahoo.com/calendar/earnings/?symbol=OGN&offset=0&size=100
<Response [200]> https://finance.yahoo.com/calendar/earnings/?symbol=OGN&offset=100&size=100
Saved: /home/qcx201/Projects/daytrade/data/earnings/earnings-ogn.json
now: 2025-12-29 18:44:40.724993 | eta: 0:16:11.192480 | delta: 1:04:44.769920 | avg: 0:01:37.119248
[41 of 50] SNDR
Saved: /home/qcx201/Projects/daytrade/data/chart/chart-sndr.json
Saved: /home/qcx201/Projects/daytrade/data/summary/summary-sndr.json
<Response [200]> https://finance.yahoo.com/calendar/earnings/?symbol=SNDR&offset=0&size=100
<Response [200]> https://finance.yahoo.com/calendar/earnings/?symbol=SNDR&offset=100&size=100
Saved: /home/qcx201/Projects/daytrade/data/earnings/earnings-sndr.json
now: 2025-12-29 18:44:43.806616 | eta: 0:14:13.430823 | delta: 1:04:47.851543 | avg: 0:01:34.825647
[42 of 50] NIQ
Saved: /home/qcx201/Projects/daytrade/data/chart/chart-niq.json
Saved: /home/qcx201/Projects/daytrade/data/summary/summary-niq.json
<Response [200]> https://finance.yahoo.com/calendar/earnings/?symbol=NIQ&offset=0&size=100
<Response [200]> https://finance.yahoo.com/calendar/earnings/?symbol=NIQ&offset=100&size=100
Saved: /home/qcx201/Projects/daytrade/data/earnings/earnings-niq.json
now: 2025-12-29 18:44:45.889412 | eta: 0:12:20.939872 | delta: 1:04:49.934339 | avg: 0:01:32.617484
[43 of 50] REYN
Saved: /home/qcx201/Projects/daytrade/data/chart/chart-reyn.json
Saved: /home/qcx201/Projects/daytrade/data/summary/summary-reyn.json
<Response [200]> https://finance.yahoo.com/calendar/earnings/?symbol=REYN&offset=0&size=100
<Response [200]> https://finance.yahoo.com/calendar/earnings/?symbol=REYN&offset=100&size=100
Saved: /home/qcx201/Projects/daytrade/data/earnings/earnings-reyn.json
now: 2025-12-29 18:44:47.883261 | eta: 0:10:33.569706 | delta: 1:04:51.928188 | avg: 0:01:30.509958
[44 of 50] SEB
Saved: /home/qcx201/Projects/daytrade/data/chart/chart-seb.json
Saved: /home/qcx201/Projects/daytrade/data/summary/summary-seb.json
<Response [200]> https://finance.yahoo.com/calendar/earnings/?symbol=SEB&offset=0&size=100
Sleeping 90.0 seconds...
<Response [200]> https://finance.yahoo.com/calendar/earnings/?symbol=SEB&offset=0&size=100
<Response [200]> https://finance.yahoo.com/calendar/earnings/?symbol=SEB&offset=100&size=100
Saved: /home/qcx201/Projects/daytrade/data/earnings/earnings-seb.json
now: 2025-12-29 18:46:22.701155 | eta: 0:09:03.647196 | delta: 1:06:26.746082 | avg: 0:01:30.607866
[45 of 50] NSA
Saved: /home/qcx201/Projects/daytrade/data/chart/chart-nsa.json
Saved: /home/qcx201/Projects/daytrade/data/summary/summary-nsa.json
<Response [200]> https://finance.yahoo.com/calendar/earnings/?symbol=NSA&offset=0&size=100
<Response [200]> https://finance.yahoo.com/calendar/earnings/?symbol=NSA&offset=100&size=100
Saved: /home/qcx201/Projects/daytrade/data/earnings/earnings-nsa.json
now: 2025-12-29 18:46:25.352678 | eta: 0:07:23.266400 | delta: 1:06:29.397605 | avg: 0:01:28.653280
[46 of 50] FAH6
[47 of 50] -
[48 of 50] GLIBA
Saved: /home/qcx201/Projects/daytrade/data/chart/chart-gliba.json
Saved: /home/qcx201/Projects/daytrade/data/summary/summary-gliba.json
<Response [200]> https://finance.yahoo.com/calendar/earnings/?symbol=GLIBA&offset=0&size=100
<Response [200]> https://finance.yahoo.com/calendar/earnings/?symbol=GLIBA&offset=100&size=100
Saved: /home/qcx201/Projects/daytrade/data/earnings/earnings-gliba.json
now: 2025-12-29 18:46:28.335675 | eta: 0:02:46.349192 | delta: 1:06:32.380602 | avg: 0:01:23.174596
[49 of 50] FRMI
Saved: /home/qcx201/Projects/daytrade/data/chart/chart-frmi.json
Saved: /home/qcx201/Projects/daytrade/data/summary/summary-frmi.json
<Response [200]> https://finance.yahoo.com/calendar/earnings/?symbol=FRMI&offset=0&size=100
Sleeping 90.0 seconds...
<Response [200]> https://finance.yahoo.com/calendar/earnings/?symbol=FRMI&offset=0&size=100
<Response [200]> https://finance.yahoo.com/calendar/earnings/?symbol=FRMI&offset=100&size=100
Saved: /home/qcx201/Projects/daytrade/data/earnings/earnings-frmi.json
now: 2025-12-29 18:48:01.836579 | eta: 0:01:23.385337 | delta: 1:08:05.881506 | avg: 0:01:23.385337
[50 of 50] INGM
Saved: /home/qcx201/Projects/daytrade/data/chart/chart-ingm.json
Saved: /home/qcx201/Projects/daytrade/data/summary/summary-ingm.json
<Response [200]> https://finance.yahoo.com/calendar/earnings/?symbol=INGM&offset=0&size=100
<Response [200]> https://finance.yahoo.com/calendar/earnings/?symbol=INGM&offset=100&size=100
Saved: /home/qcx201/Projects/daytrade/data/earnings/earnings-ingm.json
now: 2025-12-29 18:48:03.705026 | eta: 0:00:00 | delta: 1:08:07.749953 | avg: 0:01:21.754999
-- Complete --
