[1 of 50] HAL
Saved: /home/qcx201/Projects/daytrade/data/chart/chart-hal.json
Saved: /home/qcx201/Projects/daytrade/data/summary/summary-hal.json
<Response [200]> https://finance.yahoo.com/calendar/earnings/?symbol=HAL&offset=0&size=100
<Response [200]> https://finance.yahoo.com/calendar/earnings/?symbol=HAL&offset=100&size=100
<Response [200]> https://finance.yahoo.com/calendar/earnings/?symbol=HAL&offset=200&size=100
Saved: /home/qcx201/Projects/daytrade/data/earnings/earnings-hal.json
now: 2025-12-29 17:39:56.544367 | eta: 0:06:12.397207 | delta: 0:00:07.599943 | avg: 0:00:07.599943
[2 of 50] CFG
Saved: /home/qcx201/Projects/daytrade/data/chart/chart-cfg.json
Saved: /home/qcx201/Projects/daytrade/data/summary/summary-cfg.json
<Response [200]> https://finance.yahoo.com/calendar/earnings/?symbol=CFG&offset=0&size=100
<Response [200]> https://finance.yahoo.com/calendar/earnings/?symbol=CFG&offset=100&size=100
Saved: /home/qcx201/Projects/daytrade/data/earnings/earnings-cfg.json
now: 2025-12-29 17:40:00.497114 | eta: 0:04:37.264560 | delta: 0:00:11.552690 | avg: 0:00:05.776345
[3 of 50] IBKR
Saved: /home/qcx201/Projects/daytrade/data/chart/chart-ibkr.json
Saved: /home/qcx201/Projects/daytrade/data/summary/summary-ibkr.json
<Response [200]> https://finance.yahoo.com/calendar/earnings/?symbol=IBKR&offset=0&size=100
<Response [200]> https://finance.yahoo.com/calendar/earnings/?symbol=IBKR&offset=100&size=100
Saved: /home/qcx201/Projects/daytrade/data/earnings/earnings-ibkr.json
now: 2025-12-29 17:40:05.971044 | eta: 0:04:26.750380 | delta: 0:00:17.026620 | avg: 0:00:05.675540
[4 of 50] PPL
Saved: /home/qcx201/Projects/daytrade/data/chart/chart-ppl.json
Saved: /home/qcx201/Projects/daytrade/data/summary/summary-ppl.json
<Response [200]> https://finance.yahoo.com/calendar/earnings/?symbol=PPL&offset=0&size=100
<Response [200]> https://finance.yahoo.com/calendar/earnings/?symbol=PPL&offset=100&size=100
<Response [200]> https://finance.yahoo.com/calendar/earnings/?symbol=PPL&offset=200&size=100
Saved: /home/qcx201/Projects/daytrade/data/earnings/earnings-ppl.json
now: 2025-12-29 17:40:15.941632 | eta: 0:05:10.467892 | delta: 0:00:26.997208 | avg: 0:00:06.749302
[5 of 50] OXY
Saved: /home/qcx201/Projects/daytrade/data/chart/chart-oxy.json
Saved: /home/qcx201/Projects/daytrade/data/summary/summary-oxy.json
<Response [200]> https://finance.yahoo.com/calendar/earnings/?symbol=OXY&offset=0&size=100
<Response [200]> https://finance.yahoo.com/calendar/earnings/?symbol=OXY&offset=100&size=100
<Response [200]> https://finance.yahoo.com/calendar/earnings/?symbol=OXY&offset=200&size=100
Saved: /home/qcx201/Projects/daytrade/data/earnings/earnings-oxy.json
now: 2025-12-29 17:40:21.802349 | eta: 0:04:55.721325 | delta: 0:00:32.857925 | avg: 0:00:06.571585
[6 of 50] RDDT
Saved: /home/qcx201/Projects/daytrade/data/chart/chart-rddt.json
Saved: /home/qcx201/Projects/daytrade/data/summary/summary-rddt.json
<Response [200]> https://finance.yahoo.com/calendar/earnings/?symbol=RDDT&offset=0&size=100
<Response [200]> https://finance.yahoo.com/calendar/earnings/?symbol=RDDT&offset=100&size=100
Saved: /home/qcx201/Projects/daytrade/data/earnings/earnings-rddt.json
now: 2025-12-29 17:40:25.580302 | eta: 0:04:28.663120 | delta: 0:00:36.635878 | avg: 0:00:06.105980
[7 of 50] CSGP
Saved: /home/qcx201/Projects/daytrade/data/chart/chart-csgp.json
Saved: /home/qcx201/Projects/daytrade/data/summary/summary-csgp.json
<Response [200]> https://finance.yahoo.com/calendar/earnings/?symbol=CSGP&offset=0&size=100
Sleeping 90.0 seconds...
<Response [200]> https://finance.yahoo.com/calendar/earnings/?symbol=CSGP&offset=0&size=100
Sleeping 112.5 seconds...
<Response [200]> https://finance.yahoo.com/calendar/earnings/?symbol=CSGP&offset=0&size=100
<Response [200]> https://finance.yahoo.com/calendar/earnings/?symbol=CSGP&offset=100&size=100
<Response [200]> https://finance.yahoo.com/calendar/earnings/?symbol=CSGP&offset=200&size=100
Saved: /home/qcx201/Projects/daytrade/data/earnings/earnings-csgp.json
now: 2025-12-29 17:43:58.564073 | eta: 0:25:33.377850 | delta: 0:04:09.619649 | avg: 0:00:35.659950
[8 of 50] ADM
Saved: /home/qcx201/Projects/daytrade/data/chart/chart-adm.json
Saved: /home/qcx201/Projects/daytrade/data/summary/summary-adm.json
<Response [200]> https://finance.yahoo.com/calendar/earnings/?symbol=ADM&offset=0&size=100
<Response [200]> https://finance.yahoo.com/calendar/earnings/?symbol=ADM&offset=100&size=100
Sleeping 90.0 seconds...
<Response [200]> https://finance.yahoo.com/calendar/earnings/?symbol=ADM&offset=100&size=100
Sleeping 112.5 seconds...
<Response [200]> https://finance.yahoo.com/calendar/earnings/?symbol=ADM&offset=100&size=100
<Response [200]> https://finance.yahoo.com/calendar/earnings/?symbol=ADM&offset=200&size=100
Saved: /home/qcx201/Projects/daytrade/data/earnings/earnings-adm.json
now: 2025-12-29 17:47:30.656894 | eta: 0:40:23.990478 | delta: 0:07:41.712470 | avg: 0:00:57.714059
[9 of 50] EME
Saved: /home/qcx201/Projects/daytrade/data/chart/chart-eme.json
Saved: /home/qcx201/Projects/daytrade/data/summary/summary-eme.json
<Response [200]> https://finance.yahoo.com/calendar/earnings/?symbol=EME&offset=0&size=100
<Response [200]> https://finance.yahoo.com/calendar/earnings/?symbol=EME&offset=100&size=100
<Response [200]> https://finance.yahoo.com/calendar/earnings/?symbol=EME&offset=200&size=100
Saved: /home/qcx201/Projects/daytrade/data/earnings/earnings-eme.json
now: 2025-12-29 17:47:35.500788 | eta: 0:35:25.423436 | delta: 0:07:46.556364 | avg: 0:00:51.839596
[10 of 50] EFX
Saved: /home/qcx201/Projects/daytrade/data/chart/chart-efx.json
Saved: /home/qcx201/Projects/daytrade/data/summary/summary-efx.json
<Response [200]> https://finance.yahoo.com/calendar/earnings/?symbol=EFX&offset=0&size=100
<Response [200]> https://finance.yahoo.com/calendar/earnings/?symbol=EFX&offset=100&size=100
Sleeping 90.0 seconds...
<Response [200]> https://finance.yahoo.com/calendar/earnings/?symbol=EFX&offset=100&size=100
Sleeping 112.5 seconds...
<Response [200]> https://finance.yahoo.com/calendar/earnings/?symbol=EFX&offset=100&size=100
<Response [200]> https://finance.yahoo.com/calendar/earnings/?symbol=EFX&offset=200&size=100
Saved: /home/qcx201/Projects/daytrade/data/earnings/earnings-efx.json
now: 2025-12-29 17:51:09.442349 | eta: 0:45:21.991680 | delta: 0:11:20.497925 | avg: 0:01:08.049792
[11 of 50] HBAN
Saved: /home/qcx201/Projects/daytrade/data/chart/chart-hban.json
Saved: /home/qcx201/Projects/daytrade/data/summary/summary-hban.json
<Response [200]> https://finance.yahoo.com/calendar/earnings/?symbol=HBAN&offset=0&size=100
<Response [200]> https://finance.yahoo.com/calendar/earnings/?symbol=HBAN&offset=100&size=100
<Response [200]> https://finance.yahoo.com/calendar/earnings/?symbol=HBAN&offset=200&size=100
Saved: /home/qcx201/Projects/daytrade/data/earnings/earnings-hban.json
now: 2025-12-29 17:51:14.305797 | eta: 0:40:29.917581 | delta: 0:11:25.361373 | avg: 0:01:02.305579
[12 of 50] EXR
Saved: /home/qcx201/Projects/daytrade/data/chart/chart-exr.json
Saved: /home/qcx201/Projects/daytrade/data/summary/summary-exr.json
<Response [200]> https://finance.yahoo.com/calendar/earnings/?symbol=EXR&offset=0&size=100
Sleeping 90.0 seconds...
<Response [200]> https://finance.yahoo.com/calendar/earnings/?symbol=EXR&offset=0&size=100
Sleeping 112.5 seconds...
<Response [200]> https://finance.yahoo.com/calendar/earnings/?symbol=EXR&offset=0&size=100
<Response [200]> https://finance.yahoo.com/calendar/earnings/?symbol=EXR&offset=100&size=100
Saved: /home/qcx201/Projects/daytrade/data/earnings/earnings-exr.json
now: 2025-12-29 17:54:47.159202 | eta: 0:47:24.346816 | delta: 0:14:58.214778 | avg: 0:01:14.851232
[13 of 50] ULTA
Saved: /home/qcx201/Projects/daytrade/data/chart/chart-ulta.json
Saved: /home/qcx201/Projects/daytrade/data/summary/summary-ulta.json
<Response [200]> https://finance.yahoo.com/calendar/earnings/?symbol=ULTA&offset=0&size=100
<Response [200]> https://finance.yahoo.com/calendar/earnings/?symbol=ULTA&offset=100&size=100
Saved: /home/qcx201/Projects/daytrade/data/earnings/earnings-ulta.json
now: 2025-12-29 17:54:49.999559 | eta: 0:42:44.541521 | delta: 0:15:01.055135 | avg: 0:01:09.311933
[14 of 50] TSCO
Saved: /home/qcx201/Projects/daytrade/data/chart/chart-tsco.json
Saved: /home/qcx201/Projects/daytrade/data/summary/summary-tsco.json
<Response [200]> https://finance.yahoo.com/calendar/earnings/?symbol=TSCO&offset=0&size=100
<Response [200]> https://finance.yahoo.com/calendar/earnings/?symbol=TSCO&offset=100&size=100
<Response [200]> https://finance.yahoo.com/calendar/earnings/?symbol=TSCO&offset=200&size=100
Sleeping 90.0 seconds...
<Response [200]> https://finance.yahoo.com/calendar/earnings/?symbol=TSCO&offset=200&size=100
Sleeping 112.5 seconds...
<Response [200]> https://finance.yahoo.com/calendar/earnings/?symbol=TSCO&offset=200&size=100
Saved: /home/qcx201/Projects/daytrade/data/earnings/earnings-tsco.json
now: 2025-12-29 17:58:23.540225 | eta: 0:47:46.103496 | delta: 0:18:34.595801 | avg: 0:01:19.613986
[15 of 50] FSLR
Saved: /home/qcx201/Projects/daytrade/data/chart/chart-fslr.json
Saved: /home/qcx201/Projects/daytrade/data/summary/summary-fslr.json
<Response [200]> https://finance.yahoo.com/calendar/earnings/?symbol=FSLR&offset=0&size=100
Sleeping 90.0 seconds...
<Response [200]> https://finance.yahoo.com/calendar/earnings/?symbol=FSLR&offset=0&size=100
Sleeping 112.5 seconds...
<Response [200]> https://finance.yahoo.com/calendar/earnings/?symbol=FSLR&offset=0&size=100
Sleeping 135.0 seconds...
<Response [200]> https://finance.yahoo.com/calendar/earnings/?symbol=FSLR&offset=0&size=100
<Response [200]> https://finance.yahoo.com/calendar/earnings/?symbol=FSLR&offset=100&size=100
Saved: /home/qcx201/Projects/daytrade/data/earnings/earnings-fslr.json
now: 2025-12-29 18:04:14.496131 | eta: 0:56:59.620645 | delta: 0:24:25.551707 | avg: 0:01:37.703447
[16 of 50] MKL
Saved: /home/qcx201/Projects/daytrade/data/chart/chart-mkl.json
Saved: /home/qcx201/Projects/daytrade/data/summary/summary-mkl.json
<Response [200]> https://finance.yahoo.com/calendar/earnings/?symbol=MKL&offset=0&size=100
<Response [200]> https://finance.yahoo.com/calendar/earnings/?symbol=MKL&offset=100&size=100
<Response [200]> https://finance.yahoo.com/calendar/earnings/?symbol=MKL&offset=200&size=100
Saved: /home/qcx201/Projects/daytrade/data/earnings/earnings-mkl.json
now: 2025-12-29 18:04:19.052792 | eta: 0:52:03.980282 | delta: 0:24:30.108368 | avg: 0:01:31.881773
[17 of 50] TEAM
Saved: /home/qcx201/Projects/daytrade/data/chart/chart-team.json
Saved: /home/qcx201/Projects/daytrade/data/summary/summary-team.json
<Response [200]> https://finance.yahoo.com/calendar/earnings/?symbol=TEAM&offset=0&size=100
<Response [200]> https://finance.yahoo.com/calendar/earnings/?symbol=TEAM&offset=100&size=100
Saved: /home/qcx201/Projects/daytrade/data/earnings/earnings-team.json
now: 2025-12-29 18:04:22.105693 | eta: 0:47:39.665985 | delta: 0:24:33.161269 | avg: 0:01:26.656545
[18 of 50] FANG
Saved: /home/qcx201/Projects/daytrade/data/chart/chart-fang.json
Saved: /home/qcx201/Projects/daytrade/data/summary/summary-fang.json
<Response [200]> https://finance.yahoo.com/calendar/earnings/?symbol=FANG&offset=0&size=100
Sleeping 90.0 seconds...
<Response [200]> https://finance.yahoo.com/calendar/earnings/?symbol=FANG&offset=0&size=100
Sleeping 112.5 seconds...
<Response [200]> https://finance.yahoo.com/calendar/earnings/?symbol=FANG&offset=0&size=100
Sleeping 135.0 seconds...
<Response [200]> https://finance.yahoo.com/calendar/earnings/?symbol=FANG&offset=0&size=100
<Response [200]> https://finance.yahoo.com/calendar/earnings/?symbol=FANG&offset=100&size=100
Saved: /home/qcx201/Projects/daytrade/data/earnings/earnings-fang.json
now: 2025-12-29 18:10:11.303878 | eta: 0:53:59.750144 | delta: 0:30:22.359454 | avg: 0:01:41.242192
[19 of 50] TPR
Saved: /home/qcx201/Projects/daytrade/data/chart/chart-tpr.json
Saved: /home/qcx201/Projects/daytrade/data/summary/summary-tpr.json
<Response [200]> https://finance.yahoo.com/calendar/earnings/?symbol=TPR&offset=0&size=100
<Response [200]> https://finance.yahoo.com/calendar/earnings/?symbol=TPR&offset=100&size=100
<Response [200]> https://finance.yahoo.com/calendar/earnings/?symbol=TPR&offset=200&size=100
Saved: /home/qcx201/Projects/daytrade/data/earnings/earnings-tpr.json
now: 2025-12-29 18:10:14.891928 | eta: 0:49:39.177500 | delta: 0:30:25.947504 | avg: 0:01:36.102500
[20 of 50] BR
Saved: /home/qcx201/Projects/daytrade/data/chart/chart-br.json
Saved: /home/qcx201/Projects/daytrade/data/summary/summary-br.json
<Response [200]> https://finance.yahoo.com/calendar/earnings/?symbol=BR&offset=0&size=100
Sleeping 90.0 seconds...
<Response [200]> https://finance.yahoo.com/calendar/earnings/?symbol=BR&offset=0&size=100
Sleeping 112.5 seconds...
<Response [200]> https://finance.yahoo.com/calendar/earnings/?symbol=BR&offset=0&size=100
<Response [200]> https://finance.yahoo.com/calendar/earnings/?symbol=BR&offset=100&size=100
Saved: /home/qcx201/Projects/daytrade/data/earnings/earnings-br.json
now: 2025-12-29 18:13:44.142371 | eta: 0:50:52.796910 | delta: 0:33:55.197947 | avg: 0:01:41.759897
[21 of 50] DOV
Saved: /home/qcx201/Projects/daytrade/data/chart/chart-dov.json
Saved: /home/qcx201/Projects/daytrade/data/summary/summary-dov.json
<Response [200]> https://finance.yahoo.com/calendar/earnings/?symbol=DOV&offset=0&size=100
<Response [200]> https://finance.yahoo.com/calendar/earnings/?symbol=DOV&offset=100&size=100
<Response [200]> https://finance.yahoo.com/calendar/earnings/?symbol=DOV&offset=200&size=100
Saved: /home/qcx201/Projects/daytrade/data/earnings/earnings-dov.json
now: 2025-12-29 18:13:49.414080 | eta: 0:46:57.791438 | delta: 0:34:00.469656 | avg: 0:01:37.165222
[22 of 50] EL
Saved: /home/qcx201/Projects/daytrade/data/chart/chart-el.json
Saved: /home/qcx201/Projects/daytrade/data/summary/summary-el.json
<Response [200]> https://finance.yahoo.com/calendar/earnings/?symbol=EL&offset=0&size=100
Sleeping 90.0 seconds...
<Response [200]> https://finance.yahoo.com/calendar/earnings/?symbol=EL&offset=0&size=100
Sleeping 112.5 seconds...
<Response [200]> https://finance.yahoo.com/calendar/earnings/?symbol=EL&offset=0&size=100
<Response [200]> https://finance.yahoo.com/calendar/earnings/?symbol=EL&offset=100&size=100
<Response [200]> https://finance.yahoo.com/calendar/earnings/?symbol=EL&offset=200&size=100
Saved: /home/qcx201/Projects/daytrade/data/earnings/earnings-el.json
now: 2025-12-29 18:17:20.613547 | eta: 0:47:45.760688 | delta: 0:37:31.669123 | avg: 0:01:42.348596
[23 of 50] DXCM
Saved: /home/qcx201/Projects/daytrade/data/chart/chart-dxcm.json
Saved: /home/qcx201/Projects/daytrade/data/summary/summary-dxcm.json
<Response [200]> https://finance.yahoo.com/calendar/earnings/?symbol=DXCM&offset=0&size=100
<Response [200]> https://finance.yahoo.com/calendar/earnings/?symbol=DXCM&offset=100&size=100
Saved: /home/qcx201/Projects/daytrade/data/earnings/earnings-dxcm.json
now: 2025-12-29 18:17:23.037377 | eta: 0:44:06.109107 | delta: 0:37:34.092953 | avg: 0:01:38.004041
[24 of 50] ATO
Saved: /home/qcx201/Projects/daytrade/data/chart/chart-ato.json
Saved: /home/qcx201/Projects/daytrade/data/summary/summary-ato.json
<Response [200]> https://finance.yahoo.com/calendar/earnings/?symbol=ATO&offset=0&size=100
<Response [200]> https://finance.yahoo.com/calendar/earnings/?symbol=ATO&offset=100&size=100
<Response [200]> https://finance.yahoo.com/calendar/earnings/?symbol=ATO&offset=200&size=100
Saved: /home/qcx201/Projects/daytrade/data/earnings/earnings-ato.json
now: 2025-12-29 18:17:27.423292 | eta: 0:40:46.685436 | delta: 0:37:38.478868 | avg: 0:01:34.103286
[25 of 50] NTRS
Saved: /home/qcx201/Projects/daytrade/data/chart/chart-ntrs.json
Saved: /home/qcx201/Projects/daytrade/data/summary/summary-ntrs.json
<Response [200]> https://finance.yahoo.com/calendar/earnings/?symbol=NTRS&offset=0&size=100
Sleeping 90.0 seconds...
<Response [200]> https://finance.yahoo.com/calendar/earnings/?symbol=NTRS&offset=0&size=100
Sleeping 112.5 seconds...
<Response [200]> https://finance.yahoo.com/calendar/earnings/?symbol=NTRS&offset=0&size=100
<Response [200]> https://finance.yahoo.com/calendar/earnings/?symbol=NTRS&offset=100&size=100
<Response [200]> https://finance.yahoo.com/calendar/earnings/?symbol=NTRS&offset=200&size=100
Saved: /home/qcx201/Projects/daytrade/data/earnings/earnings-ntrs.json
now: 2025-12-29 18:20:58.867948 | eta: 0:41:09.923525 | delta: 0:41:09.923524 | avg: 0:01:38.796941
[26 of 50] BIIB
Saved: /home/qcx201/Projects/daytrade/data/chart/chart-biib.json
Saved: /home/qcx201/Projects/daytrade/data/summary/summary-biib.json
<Response [200]> https://finance.yahoo.com/calendar/earnings/?symbol=BIIB&offset=0&size=100
<Response [200]> https://finance.yahoo.com/calendar/earnings/?symbol=BIIB&offset=100&size=100
Sleeping 90.0 seconds...
<Response [200]> https://finance.yahoo.com/calendar/earnings/?symbol=BIIB&offset=100&size=100
Sleeping 112.5 seconds...
<Response [200]> https://finance.yahoo.com/calendar/earnings/?symbol=BIIB&offset=100&size=100
Sleeping 135.0 seconds...
<Response [200]> https://finance.yahoo.com/calendar/earnings/?symbol=BIIB&offset=100&size=100
<Response [200]> https://finance.yahoo.com/calendar/earnings/?symbol=BIIB&offset=200&size=100
Saved: /home/qcx201/Projects/daytrade/data/earnings/earnings-biib.json
now: 2025-12-29 18:26:49.967998 | eta: 0:43:24.021768 | delta: 0:47:01.023574 | avg: 0:01:48.500907
[27 of 50] CBOE
Saved: /home/qcx201/Projects/daytrade/data/chart/chart-cboe.json
Saved: /home/qcx201/Projects/daytrade/data/summary/summary-cboe.json
<Response [200]> https://finance.yahoo.com/calendar/earnings/?symbol=CBOE&offset=0&size=100
<Response [200]> https://finance.yahoo.com/calendar/earnings/?symbol=CBOE&offset=100&size=100
Saved: /home/qcx201/Projects/daytrade/data/earnings/earnings-cboe.json
now: 2025-12-29 18:26:52.365741 | eta: 0:40:05.136680 | delta: 0:47:03.421317 | avg: 0:01:44.571160
[28 of 50] AEE
Saved: /home/qcx201/Projects/daytrade/data/chart/chart-aee.json
Saved: /home/qcx201/Projects/daytrade/data/summary/summary-aee.json
<Response [200]> https://finance.yahoo.com/calendar/earnings/?symbol=AEE&offset=0&size=100
<Response [200]> https://finance.yahoo.com/calendar/earnings/?symbol=AEE&offset=100&size=100
<Response [200]> https://finance.yahoo.com/calendar/earnings/?symbol=AEE&offset=200&size=100
Saved: /home/qcx201/Projects/daytrade/data/earnings/earnings-aee.json
now: 2025-12-29 18:26:56.700148 | eta: 0:37:01.808072 | delta: 0:47:07.755724 | avg: 0:01:40.991276
[29 of 50] LITE
Saved: /home/qcx201/Projects/daytrade/data/chart/chart-lite.json
Saved: /home/qcx201/Projects/daytrade/data/summary/summary-lite.json
<Response [200]> https://finance.yahoo.com/calendar/earnings/?symbol=LITE&offset=0&size=100
Sleeping 90.0 seconds...
<Response [200]> https://finance.yahoo.com/calendar/earnings/?symbol=LITE&offset=0&size=100
Sleeping 112.5 seconds...
<Response [200]> https://finance.yahoo.com/calendar/earnings/?symbol=LITE&offset=0&size=100
<Response [200]> https://finance.yahoo.com/calendar/earnings/?symbol=LITE&offset=100&size=100
Saved: /home/qcx201/Projects/daytrade/data/earnings/earnings-lite.json
now: 2025-12-29 18:30:23.868487 | eta: 0:36:37.703634 | delta: 0:50:34.924063 | avg: 0:01:44.652554
[30 of 50] DTE
Saved: /home/qcx201/Projects/daytrade/data/chart/chart-dte.json
Saved: /home/qcx201/Projects/daytrade/data/summary/summary-dte.json
<Response [200]> https://finance.yahoo.com/calendar/earnings/?symbol=DTE&offset=0&size=100
<Response [200]> https://finance.yahoo.com/calendar/earnings/?symbol=DTE&offset=100&size=100
Sleeping 90.0 seconds...
<Response [200]> https://finance.yahoo.com/calendar/earnings/?symbol=DTE&offset=100&size=100
Sleeping 112.5 seconds...
<Response [200]> https://finance.yahoo.com/calendar/earnings/?symbol=DTE&offset=100&size=100
<Response [200]> https://finance.yahoo.com/calendar/earnings/?symbol=DTE&offset=200&size=100
Saved: /home/qcx201/Projects/daytrade/data/earnings/earnings-dte.json
now: 2025-12-29 18:33:54.480498 | eta: 0:36:03.690720 | delta: 0:54:05.536074 | avg: 0:01:48.184536
[31 of 50] AVB
Saved: /home/qcx201/Projects/daytrade/data/chart/chart-avb.json
Saved: /home/qcx201/Projects/daytrade/data/summary/summary-avb.json
<Response [200]> https://finance.yahoo.com/calendar/earnings/?symbol=AVB&offset=0&size=100
<Response [200]> https://finance.yahoo.com/calendar/earnings/?symbol=AVB&offset=100&size=100
Saved: /home/qcx201/Projects/daytrade/data/earnings/earnings-avb.json
now: 2025-12-29 18:33:57.483653 | eta: 0:33:11.040172 | delta: 0:54:08.539229 | avg: 0:01:44.791588
[32 of 50] HSY
Saved: /home/qcx201/Projects/daytrade/data/chart/chart-hsy.json
Saved: /home/qcx201/Projects/daytrade/data/summary/summary-hsy.json
<Response [200]> https://finance.yahoo.com/calendar/earnings/?symbol=HSY&offset=0&size=100
<Response [200]> https://finance.yahoo.com/calendar/earnings/?symbol=HSY&offset=100&size=100
<Response [200]> https://finance.yahoo.com/calendar/earnings/?symbol=HSY&offset=200&size=100
Saved: /home/qcx201/Projects/daytrade/data/earnings/earnings-hsy.json
now: 2025-12-29 18:34:01.719626 | eta: 0:30:29.686050 | delta: 0:54:12.775202 | avg: 0:01:41.649225
[33 of 50] Q
Saved: /home/qcx201/Projects/daytrade/data/chart/chart-q.json
Saved: /home/qcx201/Projects/daytrade/data/summary/summary-q.json
<Response [200]> https://finance.yahoo.com/calendar/earnings/?symbol=Q&offset=0&size=100
Sleeping 90.0 seconds...
<Response [200]> https://finance.yahoo.com/calendar/earnings/?symbol=Q&offset=0&size=100
Sleeping 112.5 seconds...
<Response [200]> https://finance.yahoo.com/calendar/earnings/?symbol=Q&offset=0&size=100
<Response [200]> https://finance.yahoo.com/calendar/earnings/?symbol=Q&offset=100&size=100
Saved: /home/qcx201/Projects/daytrade/data/earnings/earnings-q.json
now: 2025-12-29 18:37:30.391570 | eta: 0:29:43.169746 | delta: 0:57:41.447146 | avg: 0:01:44.892338
[34 of 50] IFF
Saved: /home/qcx201/Projects/daytrade/data/chart/chart-iff.json
Saved: /home/qcx201/Projects/daytrade/data/summary/summary-iff.json
<Response [200]> https://finance.yahoo.com/calendar/earnings/?symbol=IFF&offset=0&size=100
<Response [200]> https://finance.yahoo.com/calendar/earnings/?symbol=IFF&offset=100&size=100
<Response [200]> https://finance.yahoo.com/calendar/earnings/?symbol=IFF&offset=200&size=100
Saved: /home/qcx201/Projects/daytrade/data/earnings/earnings-iff.json
now: 2025-12-29 18:37:34.987520 | eta: 0:27:11.079104 | delta: 0:57:46.043096 | avg: 0:01:41.942444
[35 of 50] CHTR
Saved: /home/qcx201/Projects/daytrade/data/chart/chart-chtr.json
Saved: /home/qcx201/Projects/daytrade/data/summary/summary-chtr.json
<Response [200]> https://finance.yahoo.com/calendar/earnings/?symbol=CHTR&offset=0&size=100
Sleeping 90.0 seconds...
<Response [200]> https://finance.yahoo.com/calendar/earnings/?symbol=CHTR&offset=0&size=100
Sleeping 112.5 seconds...
<Response [200]> https://finance.yahoo.com/calendar/earnings/?symbol=CHTR&offset=0&size=100
<Response [200]> https://finance.yahoo.com/calendar/earnings/?symbol=CHTR&offset=100&size=100
Saved: /home/qcx201/Projects/daytrade/data/earnings/earnings-chtr.json
now: 2025-12-29 18:41:01.954722 | eta: 0:26:14.147265 | delta: 1:01:13.010298 | avg: 0:01:44.943151
[36 of 50] GWRE
Saved: /home/qcx201/Projects/daytrade/data/chart/chart-gwre.json
Saved: /home/qcx201/Projects/daytrade/data/summary/summary-gwre.json
<Response [200]> https://finance.yahoo.com/calendar/earnings/?symbol=GWRE&offset=0&size=100
<Response [200]> https://finance.yahoo.com/calendar/earnings/?symbol=GWRE&offset=100&size=100
Saved: /home/qcx201/Projects/daytrade/data/earnings/earnings-gwre.json
now: 2025-12-29 18:41:04.684539 | eta: 0:23:49.454488 | delta: 1:01:15.740115 | avg: 0:01:42.103892
[37 of 50] DD
Saved: /home/qcx201/Projects/daytrade/data/chart/chart-dd.json
Saved: /home/qcx201/Projects/daytrade/data/summary/summary-dd.json
<Response [200]> https://finance.yahoo.com/calendar/earnings/?symbol=DD&offset=0&size=100
<Response [200]> https://finance.yahoo.com/calendar/earnings/?symbol=DD&offset=100&size=100
Saved: /home/qcx201/Projects/daytrade/data/earnings/earnings-dd.json
now: 2025-12-29 18:41:07.697988 | eta: 0:21:32.535036 | delta: 1:01:18.753564 | avg: 0:01:39.425772
[38 of 50] TLN
Saved: /home/qcx201/Projects/daytrade/data/chart/chart-tln.json
Saved: /home/qcx201/Projects/daytrade/data/summary/summary-tln.json
<Response [200]> https://finance.yahoo.com/calendar/earnings/?symbol=TLN&offset=0&size=100
<Response [200]> https://finance.yahoo.com/calendar/earnings/?symbol=TLN&offset=100&size=100
Saved: /home/qcx201/Projects/daytrade/data/earnings/earnings-tln.json
now: 2025-12-29 18:41:09.699242 | eta: 0:19:22.343628 | delta: 1:01:20.754818 | avg: 0:01:36.861969
[39 of 50] GDDY
Saved: /home/qcx201/Projects/daytrade/data/chart/chart-gddy.json
Saved: /home/qcx201/Projects/daytrade/data/summary/summary-gddy.json
<Response [200]> https://finance.yahoo.com/calendar/earnings/?symbol=GDDY&offset=0&size=100
<Response [200]> https://finance.yahoo.com/calendar/earnings/?symbol=GDDY&offset=100&size=100
Saved: /home/qcx201/Projects/daytrade/data/earnings/earnings-gddy.json
now: 2025-12-29 18:41:12.478563 | eta: 0:17:18.945523 | delta: 1:01:23.534139 | avg: 0:01:34.449593
[40 of 50] THC
Saved: /home/qcx201/Projects/daytrade/data/chart/chart-thc.json
Saved: /home/qcx201/Projects/daytrade/data/summary/summary-thc.json
<Response [200]> https://finance.yahoo.com/calendar/earnings/?symbol=THC&offset=0&size=100
<Response [200]> https://finance.yahoo.com/calendar/earnings/?symbol=THC&offset=100&size=100
Sleeping 90.0 seconds...
<Response [200]> https://finance.yahoo.com/calendar/earnings/?symbol=THC&offset=100&size=100
Sleeping 112.5 seconds...
<Response [200]> https://finance.yahoo.com/calendar/earnings/?symbol=THC&offset=100&size=100
<Response [200]> https://finance.yahoo.com/calendar/earnings/?symbol=THC&offset=200&size=100
Saved: /home/qcx201/Projects/daytrade/data/earnings/earnings-thc.json
now: 2025-12-29 18:44:42.175207 | eta: 0:16:13.307700 | delta: 1:04:53.230783 | avg: 0:01:37.330770
[41 of 50] MKC
Saved: /home/qcx201/Projects/daytrade/data/chart/chart-mkc.json
Saved: /home/qcx201/Projects/daytrade/data/summary/summary-mkc.json
<Response [200]> https://finance.yahoo.com/calendar/earnings/?symbol=MKC&offset=0&size=100
<Response [200]> https://finance.yahoo.com/calendar/earnings/?symbol=MKC&offset=100&size=100
<Response [200]> https://finance.yahoo.com/calendar/earnings/?symbol=MKC&offset=200&size=100
Saved: /home/qcx201/Projects/daytrade/data/earnings/earnings-mkc.json
now: 2025-12-29 18:44:46.663521 | eta: 0:14:15.596871 | delta: 1:04:57.719097 | avg: 0:01:35.066319
[42 of 50] USFD
Saved: /home/qcx201/Projects/daytrade/data/chart/chart-usfd.json
Saved: /home/qcx201/Projects/daytrade/data/summary/summary-usfd.json
<Response [200]> https://finance.yahoo.com/calendar/earnings/?symbol=USFD&offset=0&size=100
<Response [200]> https://finance.yahoo.com/calendar/earnings/?symbol=USFD&offset=100&size=100
Sleeping 90.0 seconds...
<Response [200]> https://finance.yahoo.com/calendar/earnings/?symbol=USFD&offset=100&size=100
Saved: /home/qcx201/Projects/daytrade/data/earnings/earnings-usfd.json
now: 2025-12-29 18:46:20.404207 | eta: 0:12:40.278056 | delta: 1:06:31.459783 | avg: 0:01:35.034757
[43 of 50] ALB
Saved: /home/qcx201/Projects/daytrade/data/chart/chart-alb.json
Saved: /home/qcx201/Projects/daytrade/data/summary/summary-alb.json
<Response [200]> https://finance.yahoo.com/calendar/earnings/?symbol=ALB&offset=0&size=100
<Response [200]> https://finance.yahoo.com/calendar/earnings/?symbol=ALB&offset=100&size=100
<Response [200]> https://finance.yahoo.com/calendar/earnings/?symbol=ALB&offset=200&size=100
Saved: /home/qcx201/Projects/daytrade/data/earnings/earnings-alb.json
now: 2025-12-29 18:46:24.355472 | eta: 0:10:50.415752 | delta: 1:06:35.411048 | avg: 0:01:32.916536
[44 of 50] GPC
Saved: /home/qcx201/Projects/daytrade/data/chart/chart-gpc.json
Saved: /home/qcx201/Projects/daytrade/data/summary/summary-gpc.json
<Response [200]> https://finance.yahoo.com/calendar/earnings/?symbol=GPC&offset=0&size=100
<Response [200]> https://finance.yahoo.com/calendar/earnings/?symbol=GPC&offset=100&size=100
<Response [200]> https://finance.yahoo.com/calendar/earnings/?symbol=GPC&offset=200&size=100
Sleeping 90.0 seconds...
<Response [200]> https://finance.yahoo.com/calendar/earnings/?symbol=GPC&offset=200&size=100
Sleeping 112.5 seconds...
<Response [200]> https://finance.yahoo.com/calendar/earnings/?symbol=GPC&offset=200&size=100
Saved: /home/qcx201/Projects/daytrade/data/earnings/earnings-gpc.json
now: 2025-12-29 18:49:53.419237 | eta: 0:09:33.337476 | delta: 1:10:04.474813 | avg: 0:01:35.556246
[45 of 50] RKT
Saved: /home/qcx201/Projects/daytrade/data/chart/chart-rkt.json
Saved: /home/qcx201/Projects/daytrade/data/summary/summary-rkt.json
<Response [200]> https://finance.yahoo.com/calendar/earnings/?symbol=RKT&offset=0&size=100
<Response [200]> https://finance.yahoo.com/calendar/earnings/?symbol=RKT&offset=100&size=100
Saved: /home/qcx201/Projects/daytrade/data/earnings/earnings-rkt.json
now: 2025-12-29 18:49:55.779669 | eta: 0:07:47.426140 | delta: 1:10:06.835245 | avg: 0:01:33.485228
[46 of 50] FTV
Saved: /home/qcx201/Projects/daytrade/data/chart/chart-ftv.json
Saved: /home/qcx201/Projects/daytrade/data/summary/summary-ftv.json
<Response [200]> https://finance.yahoo.com/calendar/earnings/?symbol=FTV&offset=0&size=100
Sleeping 90.0 seconds...
<Response [200]> https://finance.yahoo.com/calendar/earnings/?symbol=FTV&offset=0&size=100
<Response [200]> https://finance.yahoo.com/calendar/earnings/?symbol=FTV&offset=100&size=100
Saved: /home/qcx201/Projects/daytrade/data/earnings/earnings-ftv.json
now: 2025-12-29 18:51:29.637317 | eta: 0:06:13.973296 | delta: 1:11:40.692893 | avg: 0:01:33.493324
[47 of 50] FTAI
Saved: /home/qcx201/Projects/daytrade/data/chart/chart-ftai.json
Saved: /home/qcx201/Projects/daytrade/data/summary/summary-ftai.json
<Response [200]> https://finance.yahoo.com/calendar/earnings/?symbol=FTAI&offset=0&size=100
<Response [200]> https://finance.yahoo.com/calendar/earnings/?symbol=FTAI&offset=100&size=100
Saved: /home/qcx201/Projects/daytrade/data/earnings/earnings-ftai.json
now: 2025-12-29 18:51:31.686696 | eta: 0:04:34.643124 | delta: 1:11:42.742272 | avg: 0:01:31.547708
[48 of 50] ZBH
Saved: /home/qcx201/Projects/daytrade/data/chart/chart-zbh.json
Saved: /home/qcx201/Projects/daytrade/data/summary/summary-zbh.json
<Response [200]> https://finance.yahoo.com/calendar/earnings/?symbol=ZBH&offset=0&size=100
<Response [200]> https://finance.yahoo.com/calendar/earnings/?symbol=ZBH&offset=100&size=100
Saved: /home/qcx201/Projects/daytrade/data/earnings/earnings-zbh.json
now: 2025-12-29 18:51:33.990834 | eta: 0:02:59.376934 | delta: 1:11:45.046410 | avg: 0:01:29.688467
[49 of 50] L
Saved: /home/qcx201/Projects/daytrade/data/chart/chart-l.json
Saved: /home/qcx201/Projects/daytrade/data/summary/summary-l.json
<Response [200]> https://finance.yahoo.com/calendar/earnings/?symbol=L&offset=0&size=100
<Response [200]> https://finance.yahoo.com/calendar/earnings/?symbol=L&offset=100&size=100
Saved: /home/qcx201/Projects/daytrade/data/earnings/earnings-l.json
now: 2025-12-29 18:51:36.836934 | eta: 0:01:27.916174 | delta: 1:11:47.892510 | avg: 0:01:27.916174
[50 of 50] FTI
Saved: /home/qcx201/Projects/daytrade/data/chart/chart-fti.json
Saved: /home/qcx201/Projects/daytrade/data/summary/summary-fti.json
<Response [200]> https://finance.yahoo.com/calendar/earnings/?symbol=FTI&offset=0&size=100
<Response [200]> https://finance.yahoo.com/calendar/earnings/?symbol=FTI&offset=100&size=100
Saved: /home/qcx201/Projects/daytrade/data/earnings/earnings-fti.json
now: 2025-12-29 18:51:39.036010 | eta: 0:00:00 | delta: 1:11:50.091586 | avg: 0:01:26.201832
-- Complete --
