[1 of 50] MOH
Saved: /home/qcx201/Projects/daytrade/data/chart/chart-moh.json
Saved: /home/qcx201/Projects/daytrade/data/summary/summary-moh.json
<Response [200]> https://finance.yahoo.com/calendar/earnings/?symbol=MOH&offset=0&size=100
<Response [200]> https://finance.yahoo.com/calendar/earnings/?symbol=MOH&offset=100&size=100
Saved: /home/qcx201/Projects/daytrade/data/earnings/earnings-moh.json
now: 2025-12-29 17:40:01.144210 | eta: 0:04:24.820304 | delta: 0:00:05.404496 | avg: 0:00:05.404496
[2 of 50] SFM
Saved: /home/qcx201/Projects/daytrade/data/chart/chart-sfm.json
Saved: /home/qcx201/Projects/daytrade/data/summary/summary-sfm.json
<Response [200]> https://finance.yahoo.com/calendar/earnings/?symbol=SFM&offset=0&size=100
<Response [200]> https://finance.yahoo.com/calendar/earnings/?symbol=SFM&offset=100&size=100
Saved: /home/qcx201/Projects/daytrade/data/earnings/earnings-sfm.json
now: 2025-12-29 17:40:06.026416 | eta: 0:04:06.880848 | delta: 0:00:10.286702 | avg: 0:00:05.143351
[3 of 50] MTG
Saved: /home/qcx201/Projects/daytrade/data/chart/chart-mtg.json
Saved: /home/qcx201/Projects/daytrade/data/summary/summary-mtg.json
<Response [200]> https://finance.yahoo.com/calendar/earnings/?symbol=MTG&offset=0&size=100
<Response [200]> https://finance.yahoo.com/calendar/earnings/?symbol=MTG&offset=100&size=100
<Response [200]> https://finance.yahoo.com/calendar/earnings/?symbol=MTG&offset=200&size=100
Saved: /home/qcx201/Projects/daytrade/data/earnings/earnings-mtg.json
now: 2025-12-29 17:40:14.791091 | eta: 0:04:58.471573 | delta: 0:00:19.051377 | avg: 0:00:06.350459
[4 of 50] EXLS
Saved: /home/qcx201/Projects/daytrade/data/chart/chart-exls.json
Saved: /home/qcx201/Projects/daytrade/data/summary/summary-exls.json
<Response [200]> https://finance.yahoo.com/calendar/earnings/?symbol=EXLS&offset=0&size=100
<Response [200]> https://finance.yahoo.com/calendar/earnings/?symbol=EXLS&offset=100&size=100
Saved: /home/qcx201/Projects/daytrade/data/earnings/earnings-exls.json
now: 2025-12-29 17:40:20.392177 | eta: 0:04:43.503336 | delta: 0:00:24.652463 | avg: 0:00:06.163116
[5 of 50] H
Saved: /home/qcx201/Projects/daytrade/data/chart/chart-h.json
Saved: /home/qcx201/Projects/daytrade/data/summary/summary-h.json
<Response [200]> https://finance.yahoo.com/calendar/earnings/?symbol=H&offset=0&size=100
<Response [200]> https://finance.yahoo.com/calendar/earnings/?symbol=H&offset=100&size=100
Saved: /home/qcx201/Projects/daytrade/data/earnings/earnings-h.json
now: 2025-12-29 17:40:24.919642 | eta: 0:04:22.619370 | delta: 0:00:29.179928 | avg: 0:00:05.835986
[6 of 50] CHWY
Saved: /home/qcx201/Projects/daytrade/data/chart/chart-chwy.json
Saved: /home/qcx201/Projects/daytrade/data/summary/summary-chwy.json
<Response [200]> https://finance.yahoo.com/calendar/earnings/?symbol=CHWY&offset=0&size=100
Sleeping 90.0 seconds...
<Response [200]> https://finance.yahoo.com/calendar/earnings/?symbol=CHWY&offset=0&size=100
Sleeping 112.5 seconds...
<Response [200]> https://finance.yahoo.com/calendar/earnings/?symbol=CHWY&offset=0&size=100
<Response [200]> https://finance.yahoo.com/calendar/earnings/?symbol=CHWY&offset=100&size=100
Saved: /home/qcx201/Projects/daytrade/data/earnings/earnings-chwy.json
now: 2025-12-29 17:43:56.022981 | eta: 0:29:22.077284 | delta: 0:04:00.283267 | avg: 0:00:40.047211
[7 of 50] IDA
Saved: /home/qcx201/Projects/daytrade/data/chart/chart-ida.json
Saved: /home/qcx201/Projects/daytrade/data/summary/summary-ida.json
<Response [200]> https://finance.yahoo.com/calendar/earnings/?symbol=IDA&offset=0&size=100
<Response [200]> https://finance.yahoo.com/calendar/earnings/?symbol=IDA&offset=100&size=100
<Response [200]> https://finance.yahoo.com/calendar/earnings/?symbol=IDA&offset=200&size=100
Saved: /home/qcx201/Projects/daytrade/data/earnings/earnings-ida.json
now: 2025-12-29 17:44:00.401447 | eta: 0:25:02.922068 | delta: 0:04:04.661733 | avg: 0:00:34.951676
[8 of 50] MKTX
Saved: /home/qcx201/Projects/daytrade/data/chart/chart-mktx.json
Saved: /home/qcx201/Projects/daytrade/data/summary/summary-mktx.json
<Response [200]> https://finance.yahoo.com/calendar/earnings/?symbol=MKTX&offset=0&size=100
Sleeping 90.0 seconds...
<Response [200]> https://finance.yahoo.com/calendar/earnings/?symbol=MKTX&offset=0&size=100
Sleeping 112.5 seconds...
<Response [200]> https://finance.yahoo.com/calendar/earnings/?symbol=MKTX&offset=0&size=100
<Response [200]> https://finance.yahoo.com/calendar/earnings/?symbol=MKTX&offset=100&size=100
Saved: /home/qcx201/Projects/daytrade/data/earnings/earnings-mktx.json
now: 2025-12-29 17:47:31.598531 | eta: 0:39:53.258784 | delta: 0:07:35.858817 | avg: 0:00:56.982352
[9 of 50] PCTY
Saved: /home/qcx201/Projects/daytrade/data/chart/chart-pcty.json
Saved: /home/qcx201/Projects/daytrade/data/summary/summary-pcty.json
<Response [200]> https://finance.yahoo.com/calendar/earnings/?symbol=PCTY&offset=0&size=100
<Response [200]> https://finance.yahoo.com/calendar/earnings/?symbol=PCTY&offset=100&size=100
Saved: /home/qcx201/Projects/daytrade/data/earnings/earnings-pcty.json
now: 2025-12-29 17:47:36.578284 | eta: 0:34:59.375726 | delta: 0:07:40.838570 | avg: 0:00:51.204286
[10 of 50] OLLI
Saved: /home/qcx201/Projects/daytrade/data/chart/chart-olli.json
Saved: /home/qcx201/Projects/daytrade/data/summary/summary-olli.json
<Response [200]> https://finance.yahoo.com/calendar/earnings/?symbol=OLLI&offset=0&size=100
Sleeping 90.0 seconds...
<Response [200]> https://finance.yahoo.com/calendar/earnings/?symbol=OLLI&offset=0&size=100
Sleeping 112.5 seconds...
<Response [200]> https://finance.yahoo.com/calendar/earnings/?symbol=OLLI&offset=0&size=100
<Response [200]> https://finance.yahoo.com/calendar/earnings/?symbol=OLLI&offset=100&size=100
Saved: /home/qcx201/Projects/daytrade/data/earnings/earnings-olli.json
now: 2025-12-29 17:51:08.364309 | eta: 0:44:50.498400 | delta: 0:11:12.624595 | avg: 0:01:07.262460
[11 of 50] AGCO
Saved: /home/qcx201/Projects/daytrade/data/chart/chart-agco.json
Saved: /home/qcx201/Projects/daytrade/data/summary/summary-agco.json
<Response [200]> https://finance.yahoo.com/calendar/earnings/?symbol=AGCO&offset=0&size=100
<Response [200]> https://finance.yahoo.com/calendar/earnings/?symbol=AGCO&offset=100&size=100
<Response [200]> https://finance.yahoo.com/calendar/earnings/?symbol=AGCO&offset=200&size=100
Saved: /home/qcx201/Projects/daytrade/data/earnings/earnings-agco.json
now: 2025-12-29 17:51:12.741714 | eta: 0:40:00.279804 | delta: 0:11:17.002000 | avg: 0:01:01.545636
[12 of 50] PATH
Saved: /home/qcx201/Projects/daytrade/data/chart/chart-path.json
Saved: /home/qcx201/Projects/daytrade/data/summary/summary-path.json
<Response [200]> https://finance.yahoo.com/calendar/earnings/?symbol=PATH&offset=0&size=100
<Response [200]> https://finance.yahoo.com/calendar/earnings/?symbol=PATH&offset=100&size=100
Sleeping 90.0 seconds...
<Response [200]> https://finance.yahoo.com/calendar/earnings/?symbol=PATH&offset=100&size=100
Sleeping 112.5 seconds...
<Response [200]> https://finance.yahoo.com/calendar/earnings/?symbol=PATH&offset=100&size=100
Sleeping 135.0 seconds...
<Response [200]> https://finance.yahoo.com/calendar/earnings/?symbol=PATH&offset=100&size=100
Saved: /home/qcx201/Projects/daytrade/data/earnings/earnings-path.json
now: 2025-12-29 17:57:03.473157 | eta: 0:54:14.489252 | delta: 0:17:07.733443 | avg: 0:01:25.644454
[13 of 50] ESTC
Saved: /home/qcx201/Projects/daytrade/data/chart/chart-estc.json
Saved: /home/qcx201/Projects/daytrade/data/summary/summary-estc.json
<Response [200]> https://finance.yahoo.com/calendar/earnings/?symbol=ESTC&offset=0&size=100
<Response [200]> https://finance.yahoo.com/calendar/earnings/?symbol=ESTC&offset=100&size=100
Saved: /home/qcx201/Projects/daytrade/data/earnings/earnings-estc.json
now: 2025-12-29 17:57:05.929924 | eta: 0:48:52.079837 | delta: 0:17:10.190210 | avg: 0:01:19.245401
[14 of 50] XP
Saved: /home/qcx201/Projects/daytrade/data/chart/chart-xp.json
Saved: /home/qcx201/Projects/daytrade/data/summary/summary-xp.json
<Response [200]> https://finance.yahoo.com/calendar/earnings/?symbol=XP&offset=0&size=100
<Response [200]> https://finance.yahoo.com/calendar/earnings/?symbol=XP&offset=100&size=100
Saved: /home/qcx201/Projects/daytrade/data/earnings/earnings-xp.json
now: 2025-12-29 17:57:07.726559 | eta: 0:44:13.680456 | delta: 0:17:11.986845 | avg: 0:01:13.713346
[15 of 50] AL
Saved: /home/qcx201/Projects/daytrade/data/chart/chart-al.json
Saved: /home/qcx201/Projects/daytrade/data/summary/summary-al.json
<Response [200]> https://finance.yahoo.com/calendar/earnings/?symbol=AL&offset=0&size=100
<Response [200]> https://finance.yahoo.com/calendar/earnings/?symbol=AL&offset=100&size=100
Saved: /home/qcx201/Projects/daytrade/data/earnings/earnings-al.json
now: 2025-12-29 17:57:09.777042 | eta: 0:40:12.753770 | delta: 0:17:14.037328 | avg: 0:01:08.935822
[16 of 50] THG
Saved: /home/qcx201/Projects/daytrade/data/chart/chart-thg.json
Saved: /home/qcx201/Projects/daytrade/data/summary/summary-thg.json
<Response [200]> https://finance.yahoo.com/calendar/earnings/?symbol=THG&offset=0&size=100
<Response [200]> https://finance.yahoo.com/calendar/earnings/?symbol=THG&offset=100&size=100
<Response [200]> https://finance.yahoo.com/calendar/earnings/?symbol=THG&offset=200&size=100
Saved: /home/qcx201/Projects/daytrade/data/earnings/earnings-thg.json
now: 2025-12-29 17:57:13.389092 | eta: 0:36:45.004924 | delta: 0:17:17.649378 | avg: 0:01:04.853086
[17 of 50] FND
Saved: /home/qcx201/Projects/daytrade/data/chart/chart-fnd.json
Saved: /home/qcx201/Projects/daytrade/data/summary/summary-fnd.json
<Response [200]> https://finance.yahoo.com/calendar/earnings/?symbol=FND&offset=0&size=100
<Response [200]> https://finance.yahoo.com/calendar/earnings/?symbol=FND&offset=100&size=100
Saved: /home/qcx201/Projects/daytrade/data/earnings/earnings-fnd.json
now: 2025-12-29 17:57:15.336309 | eta: 0:33:38.040453 | delta: 0:17:19.596595 | avg: 0:01:01.152741
[18 of 50] VFC
Saved: /home/qcx201/Projects/daytrade/data/chart/chart-vfc.json
Saved: /home/qcx201/Projects/daytrade/data/summary/summary-vfc.json
<Response [200]> https://finance.yahoo.com/calendar/earnings/?symbol=VFC&offset=0&size=100
<Response [200]> https://finance.yahoo.com/calendar/earnings/?symbol=VFC&offset=100&size=100
<Response [200]> https://finance.yahoo.com/calendar/earnings/?symbol=VFC&offset=200&size=100
Saved: /home/qcx201/Projects/daytrade/data/earnings/earnings-vfc.json
now: 2025-12-29 17:57:18.877652 | eta: 0:30:54.467456 | delta: 0:17:23.137938 | avg: 0:00:57.952108
[19 of 50] MP
Saved: /home/qcx201/Projects/daytrade/data/chart/chart-mp.json
Saved: /home/qcx201/Projects/daytrade/data/summary/summary-mp.json
<Response [200]> https://finance.yahoo.com/calendar/earnings/?symbol=MP&offset=0&size=100
<Response [200]> https://finance.yahoo.com/calendar/earnings/?symbol=MP&offset=100&size=100
Saved: /home/qcx201/Projects/daytrade/data/earnings/earnings-mp.json
now: 2025-12-29 17:57:20.745669 | eta: 0:28:25.009703 | delta: 0:17:25.005955 | avg: 0:00:55.000313
[20 of 50] MAT
Saved: /home/qcx201/Projects/daytrade/data/chart/chart-mat.json
Saved: /home/qcx201/Projects/daytrade/data/summary/summary-mat.json
<Response [200]> https://finance.yahoo.com/calendar/earnings/?symbol=MAT&offset=0&size=100
<Response [200]> https://finance.yahoo.com/calendar/earnings/?symbol=MAT&offset=100&size=100
<Response [200]> https://finance.yahoo.com/calendar/earnings/?symbol=MAT&offset=200&size=100
Saved: /home/qcx201/Projects/daytrade/data/earnings/earnings-mat.json
now: 2025-12-29 17:57:24.147648 | eta: 0:26:12.611910 | delta: 0:17:28.407934 | avg: 0:00:52.420397
[21 of 50] ESAB
Saved: /home/qcx201/Projects/daytrade/data/chart/chart-esab.json
Saved: /home/qcx201/Projects/daytrade/data/summary/summary-esab.json
<Response [200]> https://finance.yahoo.com/calendar/earnings/?symbol=ESAB&offset=0&size=100
<Response [200]> https://finance.yahoo.com/calendar/earnings/?symbol=ESAB&offset=100&size=100
Saved: /home/qcx201/Projects/daytrade/data/earnings/earnings-esab.json
now: 2025-12-29 17:57:25.921989 | eta: 0:24:10.251720 | delta: 0:17:30.182275 | avg: 0:00:50.008680
[22 of 50] VNOM
Saved: /home/qcx201/Projects/daytrade/data/chart/chart-vnom.json
Saved: /home/qcx201/Projects/daytrade/data/summary/summary-vnom.json
<Response [200]> https://finance.yahoo.com/calendar/earnings/?symbol=VNOM&offset=0&size=100
<Response [200]> https://finance.yahoo.com/calendar/earnings/?symbol=VNOM&offset=100&size=100
Saved: /home/qcx201/Projects/daytrade/data/earnings/earnings-vnom.json
now: 2025-12-29 17:57:28.788210 | eta: 0:22:20.243548 | delta: 0:17:33.048496 | avg: 0:00:47.865841
[23 of 50] PB
Saved: /home/qcx201/Projects/daytrade/data/chart/chart-pb.json
Saved: /home/qcx201/Projects/daytrade/data/summary/summary-pb.json
<Response [200]> https://finance.yahoo.com/calendar/earnings/?symbol=PB&offset=0&size=100
<Response [200]> https://finance.yahoo.com/calendar/earnings/?symbol=PB&offset=100&size=100
<Response [200]> https://finance.yahoo.com/calendar/earnings/?symbol=PB&offset=200&size=100
Saved: /home/qcx201/Projects/daytrade/data/earnings/earnings-pb.json
now: 2025-12-29 17:57:32.254856 | eta: 0:20:40.256907 | delta: 0:17:36.515142 | avg: 0:00:45.935441
[24 of 50] FNB
Saved: /home/qcx201/Projects/daytrade/data/chart/chart-fnb.json
Saved: /home/qcx201/Projects/daytrade/data/summary/summary-fnb.json
<Response [200]> https://finance.yahoo.com/calendar/earnings/?symbol=FNB&offset=0&size=100
<Response [200]> https://finance.yahoo.com/calendar/earnings/?symbol=FNB&offset=100&size=100
<Response [200]> https://finance.yahoo.com/calendar/earnings/?symbol=FNB&offset=200&size=100
Saved: /home/qcx201/Projects/daytrade/data/earnings/earnings-fnb.json
now: 2025-12-29 17:57:35.586946 | eta: 0:19:08.167826 | delta: 0:17:39.847232 | avg: 0:00:44.160301
[25 of 50] FBIN
Saved: /home/qcx201/Projects/daytrade/data/chart/chart-fbin.json
Saved: /home/qcx201/Projects/daytrade/data/summary/summary-fbin.json
<Response [200]> https://finance.yahoo.com/calendar/earnings/?symbol=FBIN&offset=0&size=100
<Response [200]> https://finance.yahoo.com/calendar/earnings/?symbol=FBIN&offset=100&size=100
Saved: /home/qcx201/Projects/daytrade/data/earnings/earnings-fbin.json
now: 2025-12-29 17:57:37.396791 | eta: 0:17:41.657075 | delta: 0:17:41.657077 | avg: 0:00:42.466283
[26 of 50] CGNX
Saved: /home/qcx201/Projects/daytrade/data/chart/chart-cgnx.json
Saved: /home/qcx201/Projects/daytrade/data/summary/summary-cgnx.json
<Response [200]> https://finance.yahoo.com/calendar/earnings/?symbol=CGNX&offset=0&size=100
<Response [200]> https://finance.yahoo.com/calendar/earnings/?symbol=CGNX&offset=100&size=100
<Response [200]> https://finance.yahoo.com/calendar/earnings/?symbol=CGNX&offset=200&size=100
Saved: /home/qcx201/Projects/daytrade/data/earnings/earnings-cgnx.json
now: 2025-12-29 17:57:40.436591 | eta: 0:16:22.797120 | delta: 0:17:44.696877 | avg: 0:00:40.949880
[27 of 50] LFUS
Saved: /home/qcx201/Projects/daytrade/data/chart/chart-lfus.json
Saved: /home/qcx201/Projects/daytrade/data/summary/summary-lfus.json
<Response [200]> https://finance.yahoo.com/calendar/earnings/?symbol=LFUS&offset=0&size=100
<Response [200]> https://finance.yahoo.com/calendar/earnings/?symbol=LFUS&offset=100&size=100
<Response [200]> https://finance.yahoo.com/calendar/earnings/?symbol=LFUS&offset=200&size=100
Saved: /home/qcx201/Projects/daytrade/data/earnings/earnings-lfus.json
now: 2025-12-29 17:57:43.458862 | eta: 0:15:09.538542 | delta: 0:17:47.719148 | avg: 0:00:39.545154
[28 of 50] GXO
Saved: /home/qcx201/Projects/daytrade/data/chart/chart-gxo.json
Saved: /home/qcx201/Projects/daytrade/data/summary/summary-gxo.json
<Response [200]> https://finance.yahoo.com/calendar/earnings/?symbol=GXO&offset=0&size=100
<Response [200]> https://finance.yahoo.com/calendar/earnings/?symbol=GXO&offset=100&size=100
Saved: /home/qcx201/Projects/daytrade/data/earnings/earnings-gxo.json
now: 2025-12-29 17:57:45.317005 | eta: 0:14:00.382158 | delta: 0:17:49.577291 | avg: 0:00:38.199189
[29 of 50] KD
Saved: /home/qcx201/Projects/daytrade/data/chart/chart-kd.json
Saved: /home/qcx201/Projects/daytrade/data/summary/summary-kd.json
<Response [200]> https://finance.yahoo.com/calendar/earnings/?symbol=KD&offset=0&size=100
<Response [200]> https://finance.yahoo.com/calendar/earnings/?symbol=KD&offset=100&size=100
Saved: /home/qcx201/Projects/daytrade/data/earnings/earnings-kd.json
now: 2025-12-29 17:57:47.216815 | eta: 0:12:55.897206 | delta: 0:17:51.477101 | avg: 0:00:36.947486
[30 of 50] MSA
Saved: /home/qcx201/Projects/daytrade/data/chart/chart-msa.json
Saved: /home/qcx201/Projects/daytrade/data/summary/summary-msa.json
<Response [200]> https://finance.yahoo.com/calendar/earnings/?symbol=MSA&offset=0&size=100
<Response [200]> https://finance.yahoo.com/calendar/earnings/?symbol=MSA&offset=100&size=100
Saved: /home/qcx201/Projects/daytrade/data/earnings/earnings-msa.json
now: 2025-12-29 17:57:49.804065 | eta: 0:11:56.042900 | delta: 0:17:54.064351 | avg: 0:00:35.802145
[31 of 50] CRUS
Saved: /home/qcx201/Projects/daytrade/data/chart/chart-crus.json
Saved: /home/qcx201/Projects/daytrade/data/summary/summary-crus.json
<Response [200]> https://finance.yahoo.com/calendar/earnings/?symbol=CRUS&offset=0&size=100
<Response [200]> https://finance.yahoo.com/calendar/earnings/?symbol=CRUS&offset=100&size=100
<Response [200]> https://finance.yahoo.com/calendar/earnings/?symbol=CRUS&offset=200&size=100
Saved: /home/qcx201/Projects/daytrade/data/earnings/earnings-crus.json
now: 2025-12-29 17:57:52.975446 | eta: 0:11:00.241260 | delta: 0:17:57.235732 | avg: 0:00:34.749540
[32 of 50] KEX
Saved: /home/qcx201/Projects/daytrade/data/chart/chart-kex.json
Saved: /home/qcx201/Projects/daytrade/data/summary/summary-kex.json
<Response [200]> https://finance.yahoo.com/calendar/earnings/?symbol=KEX&offset=0&size=100
<Response [200]> https://finance.yahoo.com/calendar/earnings/?symbol=KEX&offset=100&size=100
<Response [200]> https://finance.yahoo.com/calendar/earnings/?symbol=KEX&offset=200&size=100
Saved: /home/qcx201/Projects/daytrade/data/earnings/earnings-kex.json
now: 2025-12-29 17:57:56.391947 | eta: 0:10:07.866876 | delta: 0:18:00.652233 | avg: 0:00:33.770382
[33 of 50] LNC
Saved: /home/qcx201/Projects/daytrade/data/chart/chart-lnc.json
Saved: /home/qcx201/Projects/daytrade/data/summary/summary-lnc.json
<Response [200]> https://finance.yahoo.com/calendar/earnings/?symbol=LNC&offset=0&size=100
<Response [200]> https://finance.yahoo.com/calendar/earnings/?symbol=LNC&offset=100&size=100
<Response [200]> https://finance.yahoo.com/calendar/earnings/?symbol=LNC&offset=200&size=100
Saved: /home/qcx201/Projects/daytrade/data/earnings/earnings-lnc.json
now: 2025-12-29 17:58:00.593224 | eta: 0:09:18.863933 | delta: 0:18:04.853510 | avg: 0:00:32.874349
[34 of 50] DUOL
Saved: /home/qcx201/Projects/daytrade/data/chart/chart-duol.json
Saved: /home/qcx201/Projects/daytrade/data/summary/summary-duol.json
<Response [200]> https://finance.yahoo.com/calendar/earnings/?symbol=DUOL&offset=0&size=100
<Response [200]> https://finance.yahoo.com/calendar/earnings/?symbol=DUOL&offset=100&size=100
Saved: /home/qcx201/Projects/daytrade/data/earnings/earnings-duol.json
now: 2025-12-29 17:58:02.310777 | eta: 0:08:31.327552 | delta: 0:18:06.571063 | avg: 0:00:31.957972
[35 of 50] STWD
Saved: /home/qcx201/Projects/daytrade/data/chart/chart-stwd.json
Saved: /home/qcx201/Projects/daytrade/data/summary/summary-stwd.json
<Response [200]> https://finance.yahoo.com/calendar/earnings/?symbol=STWD&offset=0&size=100
<Response [200]> https://finance.yahoo.com/calendar/earnings/?symbol=STWD&offset=100&size=100
Saved: /home/qcx201/Projects/daytrade/data/earnings/earnings-stwd.json
now: 2025-12-29 17:58:04.521420 | eta: 0:07:46.620735 | delta: 0:18:08.781706 | avg: 0:00:31.108049
[36 of 50] STAG
Saved: /home/qcx201/Projects/daytrade/data/chart/chart-stag.json
Saved: /home/qcx201/Projects/daytrade/data/summary/summary-stag.json
<Response [200]> https://finance.yahoo.com/calendar/earnings/?symbol=STAG&offset=0&size=100
<Response [200]> https://finance.yahoo.com/calendar/earnings/?symbol=STAG&offset=100&size=100
Saved: /home/qcx201/Projects/daytrade/data/earnings/earnings-stag.json
now: 2025-12-29 17:58:06.790450 | eta: 0:07:04.297510 | delta: 0:18:11.050736 | avg: 0:00:30.306965
[37 of 50] FR
Saved: /home/qcx201/Projects/daytrade/data/chart/chart-fr.json
Saved: /home/qcx201/Projects/daytrade/data/summary/summary-fr.json
<Response [200]> https://finance.yahoo.com/calendar/earnings/?symbol=FR&offset=0&size=100
<Response [200]> https://finance.yahoo.com/calendar/earnings/?symbol=FR&offset=100&size=100
Saved: /home/qcx201/Projects/daytrade/data/earnings/earnings-fr.json
now: 2025-12-29 17:58:09.241820 | eta: 0:06:24.203443 | delta: 0:18:13.502106 | avg: 0:00:29.554111
[38 of 50] MOS
Saved: /home/qcx201/Projects/daytrade/data/chart/chart-mos.json
Saved: /home/qcx201/Projects/daytrade/data/summary/summary-mos.json
<Response [200]> https://finance.yahoo.com/calendar/earnings/?symbol=MOS&offset=0&size=100
<Response [200]> https://finance.yahoo.com/calendar/earnings/?symbol=MOS&offset=100&size=100
Saved: /home/qcx201/Projects/daytrade/data/earnings/earnings-mos.json
now: 2025-12-29 17:58:12.364201 | eta: 0:05:46.302468 | delta: 0:18:16.624487 | avg: 0:00:28.858539
[39 of 50] CBSH
Saved: /home/qcx201/Projects/daytrade/data/chart/chart-cbsh.json
Saved: /home/qcx201/Projects/daytrade/data/summary/summary-cbsh.json
<Response [200]> https://finance.yahoo.com/calendar/earnings/?symbol=CBSH&offset=0&size=100
<Response [200]> https://finance.yahoo.com/calendar/earnings/?symbol=CBSH&offset=100&size=100
<Response [200]> https://finance.yahoo.com/calendar/earnings/?symbol=CBSH&offset=200&size=100
Saved: /home/qcx201/Projects/daytrade/data/earnings/earnings-cbsh.json
now: 2025-12-29 17:58:16.245988 | eta: 0:05:10.399210 | delta: 0:18:20.506274 | avg: 0:00:28.218110
[40 of 50] CLF
Saved: /home/qcx201/Projects/daytrade/data/chart/chart-clf.json
Saved: /home/qcx201/Projects/daytrade/data/summary/summary-clf.json
<Response [200]> https://finance.yahoo.com/calendar/earnings/?symbol=CLF&offset=0&size=100
<Response [200]> https://finance.yahoo.com/calendar/earnings/?symbol=CLF&offset=100&size=100
<Response [200]> https://finance.yahoo.com/calendar/earnings/?symbol=CLF&offset=200&size=100
Saved: /home/qcx201/Projects/daytrade/data/earnings/earnings-clf.json
now: 2025-12-29 17:58:19.693777 | eta: 0:04:35.988520 | delta: 0:18:23.954063 | avg: 0:00:27.598852
[41 of 50] CORT
Saved: /home/qcx201/Projects/daytrade/data/chart/chart-cort.json
Saved: /home/qcx201/Projects/daytrade/data/summary/summary-cort.json
<Response [200]> https://finance.yahoo.com/calendar/earnings/?symbol=CORT&offset=0&size=100
<Response [200]> https://finance.yahoo.com/calendar/earnings/?symbol=CORT&offset=100&size=100
Saved: /home/qcx201/Projects/daytrade/data/earnings/earnings-cort.json
now: 2025-12-29 17:58:21.989444 | eta: 0:04:02.835309 | delta: 0:18:26.249730 | avg: 0:00:26.981701
[42 of 50] G
Saved: /home/qcx201/Projects/daytrade/data/chart/chart-g.json
Saved: /home/qcx201/Projects/daytrade/data/summary/summary-g.json
<Response [200]> https://finance.yahoo.com/calendar/earnings/?symbol=G&offset=0&size=100
<Response [200]> https://finance.yahoo.com/calendar/earnings/?symbol=G&offset=100&size=100
Saved: /home/qcx201/Projects/daytrade/data/earnings/earnings-g.json
now: 2025-12-29 17:58:24.477487 | eta: 0:03:31.188144 | delta: 0:18:28.737773 | avg: 0:00:26.398518
[43 of 50] POOL
Saved: /home/qcx201/Projects/daytrade/data/chart/chart-pool.json
Saved: /home/qcx201/Projects/daytrade/data/summary/summary-pool.json
<Response [200]> https://finance.yahoo.com/calendar/earnings/?symbol=POOL&offset=0&size=100
Sleeping 90.0 seconds...
<Response [200]> https://finance.yahoo.com/calendar/earnings/?symbol=POOL&offset=0&size=100
Sleeping 112.5 seconds...
<Response [200]> https://finance.yahoo.com/calendar/earnings/?symbol=POOL&offset=0&size=100
Sleeping 135.0 seconds...
<Response [200]> https://finance.yahoo.com/calendar/earnings/?symbol=POOL&offset=0&size=100
<Response [200]> https://finance.yahoo.com/calendar/earnings/?symbol=POOL&offset=100&size=100
<Response [200]> https://finance.yahoo.com/calendar/earnings/?symbol=POOL&offset=200&size=100
Saved: /home/qcx201/Projects/daytrade/data/earnings/earnings-pool.json
now: 2025-12-29 18:04:16.163602 | eta: 0:03:57.743422 | delta: 0:24:20.423888 | avg: 0:00:33.963346
[44 of 50] MIDD
Saved: /home/qcx201/Projects/daytrade/data/chart/chart-midd.json
Saved: /home/qcx201/Projects/daytrade/data/summary/summary-midd.json
<Response [200]> https://finance.yahoo.com/calendar/earnings/?symbol=MIDD&offset=0&size=100
<Response [200]> https://finance.yahoo.com/calendar/earnings/?symbol=MIDD&offset=100&size=100
Saved: /home/qcx201/Projects/daytrade/data/earnings/earnings-midd.json
now: 2025-12-29 18:04:20.226036 | eta: 0:03:19.702680 | delta: 0:24:24.486322 | avg: 0:00:33.283780
[45 of 50] CFR
Saved: /home/qcx201/Projects/daytrade/data/chart/chart-cfr.json
Saved: /home/qcx201/Projects/daytrade/data/summary/summary-cfr.json
<Response [200]> https://finance.yahoo.com/calendar/earnings/?symbol=CFR&offset=0&size=100
Sleeping 90.0 seconds...
<Response [200]> https://finance.yahoo.com/calendar/earnings/?symbol=CFR&offset=0&size=100
Sleeping 112.5 seconds...
<Response [200]> https://finance.yahoo.com/calendar/earnings/?symbol=CFR&offset=0&size=100
Sleeping 135.0 seconds...
<Response [200]> https://finance.yahoo.com/calendar/earnings/?symbol=CFR&offset=0&size=100
<Response [200]> https://finance.yahoo.com/calendar/earnings/?symbol=CFR&offset=100&size=100
<Response [200]> https://finance.yahoo.com/calendar/earnings/?symbol=CFR&offset=200&size=100
<string>:1: SyntaxWarning: invalid escape sequence '\/'
<string>:1: SyntaxWarning: invalid escape sequence '\/'
<string>:1: SyntaxWarning: invalid escape sequence '\/'
<string>:1: SyntaxWarning: invalid escape sequence '\/'
<string>:1: SyntaxWarning: invalid escape sequence '\/'
<string>:1: SyntaxWarning: invalid escape sequence '\/'
<string>:1: SyntaxWarning: invalid escape sequence '\/'
<string>:1: SyntaxWarning: invalid escape sequence '\/'
<string>:1: SyntaxWarning: invalid escape sequence '\/'
<string>:1: SyntaxWarning: invalid escape sequence '\/'
<string>:1: SyntaxWarning: invalid escape sequence '\/'
<string>:1: SyntaxWarning: invalid escape sequence '\/'
<string>:1: SyntaxWarning: invalid escape sequence '\/'
<string>:1: SyntaxWarning: invalid escape sequence '\/'
<string>:1: SyntaxWarning: invalid escape sequence '\/'
<string>:1: SyntaxWarning: invalid escape sequence '\/'
<string>:1: SyntaxWarning: invalid escape sequence '\/'
<string>:1: SyntaxWarning: invalid escape sequence '\/'
<string>:1: SyntaxWarning: invalid escape sequence '\/'
<string>:1: SyntaxWarning: invalid escape sequence '\/'
<string>:1: SyntaxWarning: invalid escape sequence '\/'
<string>:1: SyntaxWarning: invalid escape sequence '\/'
<string>:1: SyntaxWarning: invalid escape sequence '\/'
<string>:1: SyntaxWarning: invalid escape sequence '\/'
<string>:1: SyntaxWarning: invalid escape sequence '\/'
<string>:1: SyntaxWarning: invalid escape sequence '\/'
<string>:1: SyntaxWarning: invalid escape sequence '\/'
<string>:1: SyntaxWarning: invalid escape sequence '\/'
<string>:1: SyntaxWarning: invalid escape sequence '\/'
<string>:1: SyntaxWarning: invalid escape sequence '\/'
<string>:1: SyntaxWarning: invalid escape sequence '\/'
<string>:1: SyntaxWarning: invalid escape sequence '\/'
<string>:1: SyntaxWarning: invalid escape sequence '\/'
<string>:1: SyntaxWarning: invalid escape sequence '\/'
<string>:1: SyntaxWarning: invalid escape sequence '\/'
<string>:1: SyntaxWarning: invalid escape sequence '\/'
<string>:1: SyntaxWarning: invalid escape sequence '\/'
<string>:1: SyntaxWarning: invalid escape sequence '\/'
<string>:1: SyntaxWarning: invalid escape sequence '\/'
<string>:1: SyntaxWarning: invalid escape sequence '\/'
<string>:1: SyntaxWarning: invalid escape sequence '\/'
<string>:1: SyntaxWarning: invalid escape sequence '\/'
<string>:1: SyntaxWarning: invalid escape sequence '\/'
<string>:1: SyntaxWarning: invalid escape sequence '\/'
<string>:1: SyntaxWarning: invalid escape sequence '\/'
<string>:1: SyntaxWarning: invalid escape sequence '\/'
<string>:1: SyntaxWarning: invalid escape sequence '\/'
<string>:1: SyntaxWarning: invalid escape sequence '\/'
<string>:1: SyntaxWarning: invalid escape sequence '\/'
<string>:1: SyntaxWarning: invalid escape sequence '\/'
<string>:1: SyntaxWarning: invalid escape sequence '\/'
<string>:1: SyntaxWarning: invalid escape sequence '\/'
<string>:1: SyntaxWarning: invalid escape sequence '\/'
<string>:1: SyntaxWarning: invalid escape sequence '\/'
<string>:1: SyntaxWarning: invalid escape sequence '\/'
<string>:1: SyntaxWarning: invalid escape sequence '\/'
<string>:1: SyntaxWarning: invalid escape sequence '\/'
<string>:1: SyntaxWarning: invalid escape sequence '\/'
<string>:1: SyntaxWarning: invalid escape sequence '\/'
<string>:1: SyntaxWarning: invalid escape sequence '\/'
<string>:1: SyntaxWarning: invalid escape sequence '\/'
<string>:1: SyntaxWarning: invalid escape sequence '\/'
<string>:1: SyntaxWarning: invalid escape sequence '\/'
<string>:1: SyntaxWarning: invalid escape sequence '\/'
<string>:1: SyntaxWarning: invalid escape sequence '\/'
<string>:1: SyntaxWarning: invalid escape sequence '\/'
<string>:1: SyntaxWarning: invalid escape sequence '\/'
<string>:1: SyntaxWarning: invalid escape sequence '\/'
<string>:1: SyntaxWarning: invalid escape sequence '\/'
<string>:1: SyntaxWarning: invalid escape sequence '\/'
<string>:1: SyntaxWarning: invalid escape sequence '\/'
<string>:1: SyntaxWarning: invalid escape sequence '\/'
<string>:1: SyntaxWarning: invalid escape sequence '\/'
<string>:1: SyntaxWarning: invalid escape sequence '\/'
<string>:1: SyntaxWarning: invalid escape sequence '\/'
<string>:1: SyntaxWarning: invalid escape sequence '\/'
<string>:1: SyntaxWarning: invalid escape sequence '\/'
<string>:1: SyntaxWarning: invalid escape sequence '\/'
<string>:1: SyntaxWarning: invalid escape sequence '\/'
<string>:1: SyntaxWarning: invalid escape sequence '\/'
<string>:1: SyntaxWarning: invalid escape sequence '\/'
<string>:1: SyntaxWarning: invalid escape sequence '\/'
<string>:1: SyntaxWarning: invalid escape sequence '\/'
<string>:1: SyntaxWarning: invalid escape sequence '\/'
<string>:1: SyntaxWarning: invalid escape sequence '\/'
<string>:1: SyntaxWarning: invalid escape sequence '\/'
<string>:1: SyntaxWarning: invalid escape sequence '\/'
<string>:1: SyntaxWarning: invalid escape sequence '\/'
<string>:1: SyntaxWarning: invalid escape sequence '\/'
<string>:1: SyntaxWarning: invalid escape sequence '\/'
<string>:1: SyntaxWarning: invalid escape sequence '\/'
<string>:1: SyntaxWarning: invalid escape sequence '\/'
<string>:1: SyntaxWarning: invalid escape sequence '\/'
<string>:1: SyntaxWarning: invalid escape sequence '\/'
<string>:1: SyntaxWarning: invalid escape sequence '\/'
<string>:1: SyntaxWarning: invalid escape sequence '\/'
<string>:1: SyntaxWarning: invalid escape sequence '\/'
<string>:1: SyntaxWarning: invalid escape sequence '\/'
<string>:1: SyntaxWarning: invalid escape sequence '\/'
<string>:1: SyntaxWarning: invalid escape sequence '\/'
<string>:1: SyntaxWarning: invalid escape sequence '\/'
<string>:1: SyntaxWarning: invalid escape sequence '\/'
<string>:1: SyntaxWarning: invalid escape sequence '\/'
<string>:1: SyntaxWarning: invalid escape sequence '\/'
<string>:1: SyntaxWarning: invalid escape sequence '\/'
<string>:1: SyntaxWarning: invalid escape sequence '\/'
<string>:1: SyntaxWarning: invalid escape sequence '\/'
<string>:1: SyntaxWarning: invalid escape sequence '\/'
Saved: /home/qcx201/Projects/daytrade/data/earnings/earnings-cfr.json
now: 2025-12-29 18:10:12.265725 | eta: 0:03:21.836225 | delta: 0:30:16.526011 | avg: 0:00:40.367245
[46 of 50] AVTR
Saved: /home/qcx201/Projects/daytrade/data/chart/chart-avtr.json
Saved: /home/qcx201/Projects/daytrade/data/summary/summary-avtr.json
<Response [200]> https://finance.yahoo.com/calendar/earnings/?symbol=AVTR&offset=0&size=100
<Response [200]> https://finance.yahoo.com/calendar/earnings/?symbol=AVTR&offset=100&size=100
Saved: /home/qcx201/Projects/daytrade/data/earnings/earnings-avtr.json
now: 2025-12-29 18:10:14.461237 | eta: 0:02:38.149696 | delta: 0:30:18.721523 | avg: 0:00:39.537424
[47 of 50] PNFP
Saved: /home/qcx201/Projects/daytrade/data/chart/chart-pnfp.json
Saved: /home/qcx201/Projects/daytrade/data/summary/summary-pnfp.json
<Response [200]> https://finance.yahoo.com/calendar/earnings/?symbol=PNFP&offset=0&size=100
<Response [200]> https://finance.yahoo.com/calendar/earnings/?symbol=PNFP&offset=100&size=100
Saved: /home/qcx201/Projects/daytrade/data/earnings/earnings-pnfp.json
now: 2025-12-29 18:10:18.251689 | eta: 0:01:56.330553 | delta: 0:30:22.511975 | avg: 0:00:38.776851
[48 of 50] BEN
Saved: /home/qcx201/Projects/daytrade/data/chart/chart-ben.json
Saved: /home/qcx201/Projects/daytrade/data/summary/summary-ben.json
<Response [200]> https://finance.yahoo.com/calendar/earnings/?symbol=BEN&offset=0&size=100
Sleeping 90.0 seconds...
<Response [200]> https://finance.yahoo.com/calendar/earnings/?symbol=BEN&offset=0&size=100
Sleeping 112.5 seconds...
<Response [200]> https://finance.yahoo.com/calendar/earnings/?symbol=BEN&offset=0&size=100
<Response [200]> https://finance.yahoo.com/calendar/earnings/?symbol=BEN&offset=100&size=100
<Response [200]> https://finance.yahoo.com/calendar/earnings/?symbol=BEN&offset=200&size=100
Saved: /home/qcx201/Projects/daytrade/data/earnings/earnings-ben.json
now: 2025-12-29 18:13:49.418977 | eta: 0:01:24.736636 | delta: 0:33:53.679263 | avg: 0:00:42.368318
[49 of 50] CELH
Saved: /home/qcx201/Projects/daytrade/data/chart/chart-celh.json
Saved: /home/qcx201/Projects/daytrade/data/summary/summary-celh.json
<Response [200]> https://finance.yahoo.com/calendar/earnings/?symbol=CELH&offset=0&size=100
Sleeping 90.0 seconds...
<Response [200]> https://finance.yahoo.com/calendar/earnings/?symbol=CELH&offset=0&size=100
Sleeping 112.5 seconds...
<Response [200]> https://finance.yahoo.com/calendar/earnings/?symbol=CELH&offset=0&size=100
<Response [200]> https://finance.yahoo.com/calendar/earnings/?symbol=CELH&offset=100&size=100
Saved: /home/qcx201/Projects/daytrade/data/earnings/earnings-celh.json
now: 2025-12-29 18:17:19.860012 | eta: 0:00:45.798373 | delta: 0:37:24.120298 | avg: 0:00:45.798373
[50 of 50] CHDN
Saved: /home/qcx201/Projects/daytrade/data/chart/chart-chdn.json
Saved: /home/qcx201/Projects/daytrade/data/summary/summary-chdn.json
<Response [200]> https://finance.yahoo.com/calendar/earnings/?symbol=CHDN&offset=0&size=100
<Response [200]> https://finance.yahoo.com/calendar/earnings/?symbol=CHDN&offset=100&size=100
<Response [200]> https://finance.yahoo.com/calendar/earnings/?symbol=CHDN&offset=200&size=100
Saved: /home/qcx201/Projects/daytrade/data/earnings/earnings-chdn.json
now: 2025-12-29 18:17:23.847479 | eta: 0:00:00 | delta: 0:37:28.107765 | avg: 0:00:44.962155
-- Complete --
