[1 of 66] UHAL
Saved: /home/qcx201/Projects/daytrade/data/chart/chart-uhal.json
Saved: /home/qcx201/Projects/daytrade/data/summary/summary-uhal.json
<Response [200]> https://finance.yahoo.com/calendar/earnings/?symbol=UHAL&offset=0&size=100
<Response [200]> https://finance.yahoo.com/calendar/earnings/?symbol=UHAL&offset=100&size=100
Saved: /home/qcx201/Projects/daytrade/data/earnings/earnings-uhal.json
now: 2025-12-29 17:40:01.309130 | eta: 0:05:46.960640 | delta: 0:00:05.337856 | avg: 0:00:05.337856
[2 of 66] FG
Saved: /home/qcx201/Projects/daytrade/data/chart/chart-fg.json
Saved: /home/qcx201/Projects/daytrade/data/summary/summary-fg.json
<Response [200]> https://finance.yahoo.com/calendar/earnings/?symbol=FG&offset=0&size=100
<Response [200]> https://finance.yahoo.com/calendar/earnings/?symbol=FG&offset=100&size=100
Saved: /home/qcx201/Projects/daytrade/data/earnings/earnings-fg.json
now: 2025-12-29 17:40:08.514108 | eta: 0:06:41.370688 | delta: 0:00:12.542834 | avg: 0:00:06.271417
[3 of 66] CAI
Saved: /home/qcx201/Projects/daytrade/data/chart/chart-cai.json
Saved: /home/qcx201/Projects/daytrade/data/summary/summary-cai.json
<Response [200]> https://finance.yahoo.com/calendar/earnings/?symbol=CAI&offset=0&size=100
<Response [200]> https://finance.yahoo.com/calendar/earnings/?symbol=CAI&offset=100&size=100
Saved: /home/qcx201/Projects/daytrade/data/earnings/earnings-cai.json
now: 2025-12-29 17:40:14.345719 | eta: 0:06:25.863345 | delta: 0:00:18.374445 | avg: 0:00:06.124815
[4 of 66] UWMC
Saved: /home/qcx201/Projects/daytrade/data/chart/chart-uwmc.json
Saved: /home/qcx201/Projects/daytrade/data/summary/summary-uwmc.json
<Response [200]> https://finance.yahoo.com/calendar/earnings/?symbol=UWMC&offset=0&size=100
<Response [200]> https://finance.yahoo.com/calendar/earnings/?symbol=UWMC&offset=100&size=100
Saved: /home/qcx201/Projects/daytrade/data/earnings/earnings-uwmc.json
now: 2025-12-29 17:40:20.901093 | eta: 0:06:26.412210 | delta: 0:00:24.929819 | avg: 0:00:06.232455
[5 of 66] LBRDA
Saved: /home/qcx201/Projects/daytrade/data/chart/chart-lbrda.json
Saved: /home/qcx201/Projects/daytrade/data/summary/summary-lbrda.json
<Response [200]> https://finance.yahoo.com/calendar/earnings/?symbol=LBRDA&offset=0&size=100
<Response [200]> https://finance.yahoo.com/calendar/earnings/?symbol=LBRDA&offset=100&size=100
Saved: /home/qcx201/Projects/daytrade/data/earnings/earnings-lbrda.json
now: 2025-12-29 17:40:25.227500 | eta: 0:05:56.925945 | delta: 0:00:29.256226 | avg: 0:00:05.851245
[6 of 66] TFSL
Saved: /home/qcx201/Projects/daytrade/data/chart/chart-tfsl.json
Saved: /home/qcx201/Projects/daytrade/data/summary/summary-tfsl.json
<Response [200]> https://finance.yahoo.com/calendar/earnings/?symbol=TFSL&offset=0&size=100
Sleeping 90.0 seconds...
<Response [200]> https://finance.yahoo.com/calendar/earnings/?symbol=TFSL&offset=0&size=100
Sleeping 112.5 seconds...
<Response [200]> https://finance.yahoo.com/calendar/earnings/?symbol=TFSL&offset=0&size=100
<Response [200]> https://finance.yahoo.com/calendar/earnings/?symbol=TFSL&offset=100&size=100
Saved: /home/qcx201/Projects/daytrade/data/earnings/earnings-tfsl.json
now: 2025-12-29 17:43:56.594530 | eta: 0:40:06.232560 | delta: 0:04:00.623256 | avg: 0:00:40.103876
[7 of 66] LENB
[8 of 66] UA
Saved: /home/qcx201/Projects/daytrade/data/chart/chart-ua.json
Saved: /home/qcx201/Projects/daytrade/data/summary/summary-ua.json
<Response [200]> https://finance.yahoo.com/calendar/earnings/?symbol=UA&offset=0&size=100
<Response [200]> https://finance.yahoo.com/calendar/earnings/?symbol=UA&offset=100&size=100
Saved: /home/qcx201/Projects/daytrade/data/earnings/earnings-ua.json
now: 2025-12-29 17:43:59.928218 | eta: 0:29:28.687844 | delta: 0:04:03.956944 | avg: 0:00:30.494618
[9 of 66] UAA
Saved: /home/qcx201/Projects/daytrade/data/chart/chart-uaa.json
Saved: /home/qcx201/Projects/daytrade/data/summary/summary-uaa.json
<Response [200]> https://finance.yahoo.com/calendar/earnings/?symbol=UAA&offset=0&size=100
<Response [200]> https://finance.yahoo.com/calendar/earnings/?symbol=UAA&offset=100&size=100
Sleeping 90.0 seconds...
<Response [200]> https://finance.yahoo.com/calendar/earnings/?symbol=UAA&offset=100&size=100
Sleeping 112.5 seconds...
<Response [200]> https://finance.yahoo.com/calendar/earnings/?symbol=UAA&offset=100&size=100
Saved: /home/qcx201/Projects/daytrade/data/earnings/earnings-uaa.json
now: 2025-12-29 17:47:30.743714 | eta: 0:48:00.225447 | delta: 0:07:34.772440 | avg: 0:00:50.530271
[10 of 66] SFD
Saved: /home/qcx201/Projects/daytrade/data/chart/chart-sfd.json
Saved: /home/qcx201/Projects/daytrade/data/summary/summary-sfd.json
<Response [200]> https://finance.yahoo.com/calendar/earnings/?symbol=SFD&offset=0&size=100
<Response [200]> https://finance.yahoo.com/calendar/earnings/?symbol=SFD&offset=100&size=100
Saved: /home/qcx201/Projects/daytrade/data/earnings/earnings-sfd.json
now: 2025-12-29 17:47:33.945752 | eta: 0:42:44.657088 | delta: 0:07:37.974478 | avg: 0:00:45.797448
[11 of 66] CERT
Saved: /home/qcx201/Projects/daytrade/data/chart/chart-cert.json
Saved: /home/qcx201/Projects/daytrade/data/summary/summary-cert.json
<Response [200]> https://finance.yahoo.com/calendar/earnings/?symbol=CERT&offset=0&size=100
<Response [200]> https://finance.yahoo.com/calendar/earnings/?symbol=CERT&offset=100&size=100
Saved: /home/qcx201/Projects/daytrade/data/earnings/earnings-cert.json
now: 2025-12-29 17:47:36.972937 | eta: 0:38:25.008310 | delta: 0:07:41.001663 | avg: 0:00:41.909242
[12 of 66] CWENA
[13 of 66] GLIBK
Saved: /home/qcx201/Projects/daytrade/data/chart/chart-glibk.json
Saved: /home/qcx201/Projects/daytrade/data/summary/summary-glibk.json
<Response [200]> https://finance.yahoo.com/calendar/earnings/?symbol=GLIBK&offset=0&size=100
<Response [200]> https://finance.yahoo.com/calendar/earnings/?symbol=GLIBK&offset=100&size=100
Sleeping 90.0 seconds...
<Response [200]> https://finance.yahoo.com/calendar/earnings/?symbol=GLIBK&offset=100&size=100
Sleeping 112.5 seconds...
<Response [200]> https://finance.yahoo.com/calendar/earnings/?symbol=GLIBK&offset=100&size=100
Saved: /home/qcx201/Projects/daytrade/data/earnings/earnings-glibk.json
now: 2025-12-29 17:51:08.451458 | eta: 0:45:41.649985 | delta: 0:11:12.480184 | avg: 0:00:51.729245
[14 of 66] CNA
Saved: /home/qcx201/Projects/daytrade/data/chart/chart-cna.json
Saved: /home/qcx201/Projects/daytrade/data/summary/summary-cna.json
<Response [200]> https://finance.yahoo.com/calendar/earnings/?symbol=CNA&offset=0&size=100
<Response [200]> https://finance.yahoo.com/calendar/earnings/?symbol=CNA&offset=100&size=100
<Response [200]> https://finance.yahoo.com/calendar/earnings/?symbol=CNA&offset=200&size=100
Saved: /home/qcx201/Projects/daytrade/data/earnings/earnings-cna.json
now: 2025-12-29 17:51:12.666329 | eta: 0:41:53.438772 | delta: 0:11:16.695055 | avg: 0:00:48.335361
[15 of 66] COTY
Saved: /home/qcx201/Projects/daytrade/data/chart/chart-coty.json
Saved: /home/qcx201/Projects/daytrade/data/summary/summary-coty.json
<Response [200]> https://finance.yahoo.com/calendar/earnings/?symbol=COTY&offset=0&size=100
<Response [200]> https://finance.yahoo.com/calendar/earnings/?symbol=COTY&offset=100&size=100
Sleeping 90.0 seconds...
<Response [200]> https://finance.yahoo.com/calendar/earnings/?symbol=COTY&offset=100&size=100
Sleeping 112.5 seconds...
<Response [200]> https://finance.yahoo.com/calendar/earnings/?symbol=COTY&offset=100&size=100
Saved: /home/qcx201/Projects/daytrade/data/earnings/earnings-coty.json
now: 2025-12-29 17:54:45.516073 | eta: 0:50:24.452337 | delta: 0:14:49.544799 | avg: 0:00:59.302987
[16 of 66] CNXC
Saved: /home/qcx201/Projects/daytrade/data/chart/chart-cnxc.json
Saved: /home/qcx201/Projects/daytrade/data/summary/summary-cnxc.json
<Response [200]> https://finance.yahoo.com/calendar/earnings/?symbol=CNXC&offset=0&size=100
<Response [200]> https://finance.yahoo.com/calendar/earnings/?symbol=CNXC&offset=100&size=100
Saved: /home/qcx201/Projects/daytrade/data/earnings/earnings-cnxc.json
now: 2025-12-29 17:54:47.781432 | eta: 0:46:26.906750 | delta: 0:14:51.810158 | avg: 0:00:55.738135
[17 of 66] CWEN
Saved: /home/qcx201/Projects/daytrade/data/chart/chart-cwen.json
Saved: /home/qcx201/Projects/daytrade/data/summary/summary-cwen.json
<Response [200]> https://finance.yahoo.com/calendar/earnings/?symbol=CWEN&offset=0&size=100
<Response [200]> https://finance.yahoo.com/calendar/earnings/?symbol=CWEN&offset=100&size=100
Saved: /home/qcx201/Projects/daytrade/data/earnings/earnings-cwen.json
now: 2025-12-29 17:54:50.769900 | eta: 0:42:59.125437 | delta: 0:14:54.798626 | avg: 0:00:52.635213
[18 of 66] DDS
Saved: /home/qcx201/Projects/daytrade/data/chart/chart-dds.json
Saved: /home/qcx201/Projects/daytrade/data/summary/summary-dds.json
<Response [200]> https://finance.yahoo.com/calendar/earnings/?symbol=DDS&offset=0&size=100
<Response [200]> https://finance.yahoo.com/calendar/earnings/?symbol=DDS&offset=100&size=100
Sleeping 90.0 seconds...
<Response [200]> https://finance.yahoo.com/calendar/earnings/?symbol=DDS&offset=100&size=100
Sleeping 112.5 seconds...
<Response [200]> https://finance.yahoo.com/calendar/earnings/?symbol=DDS&offset=100&size=100
<Response [200]> https://finance.yahoo.com/calendar/earnings/?symbol=DDS&offset=200&size=100
Saved: /home/qcx201/Projects/daytrade/data/earnings/earnings-dds.json
now: 2025-12-29 17:58:24.180453 | eta: 0:49:15.224496 | delta: 0:18:28.209179 | avg: 0:01:01.567177
[19 of 66] KMPR
Saved: /home/qcx201/Projects/daytrade/data/chart/chart-kmpr.json
Saved: /home/qcx201/Projects/daytrade/data/summary/summary-kmpr.json
<Response [200]> https://finance.yahoo.com/calendar/earnings/?symbol=KMPR&offset=0&size=100
Sleeping 90.0 seconds...
<Response [200]> https://finance.yahoo.com/calendar/earnings/?symbol=KMPR&offset=0&size=100
Sleeping 112.5 seconds...
<Response [200]> https://finance.yahoo.com/calendar/earnings/?symbol=KMPR&offset=0&size=100
Sleeping 135.0 seconds...
<Response [200]> https://finance.yahoo.com/calendar/earnings/?symbol=KMPR&offset=0&size=100
<Response [200]> https://finance.yahoo.com/calendar/earnings/?symbol=KMPR&offset=100&size=100
<Response [200]> https://finance.yahoo.com/calendar/earnings/?symbol=KMPR&offset=200&size=100
Saved: /home/qcx201/Projects/daytrade/data/earnings/earnings-kmpr.json
now: 2025-12-29 18:04:17.571975 | eta: 1:00:15.538591 | delta: 0:24:21.600701 | avg: 0:01:16.926353
[20 of 66] DRS
Saved: /home/qcx201/Projects/daytrade/data/chart/chart-drs.json
Saved: /home/qcx201/Projects/daytrade/data/summary/summary-drs.json
<Response [200]> https://finance.yahoo.com/calendar/earnings/?symbol=DRS&offset=0&size=100
<Response [200]> https://finance.yahoo.com/calendar/earnings/?symbol=DRS&offset=100&size=100
Saved: /home/qcx201/Projects/daytrade/data/earnings/earnings-drs.json
now: 2025-12-29 18:04:21.487501 | eta: 0:56:10.687306 | delta: 0:24:25.516227 | avg: 0:01:13.275811
[21 of 66] HHH
Saved: /home/qcx201/Projects/daytrade/data/chart/chart-hhh.json
Saved: /home/qcx201/Projects/daytrade/data/summary/summary-hhh.json
<Response [200]> https://finance.yahoo.com/calendar/earnings/?symbol=HHH&offset=0&size=100
Sleeping 90.0 seconds...
<Response [200]> https://finance.yahoo.com/calendar/earnings/?symbol=HHH&offset=0&size=100
Sleeping 112.5 seconds...
<Response [200]> https://finance.yahoo.com/calendar/earnings/?symbol=HHH&offset=0&size=100
Sleeping 135.0 seconds...
<Response [200]> https://finance.yahoo.com/calendar/earnings/?symbol=HHH&offset=0&size=100
<Response [200]> https://finance.yahoo.com/calendar/earnings/?symbol=HHH&offset=100&size=100
Saved: /home/qcx201/Projects/daytrade/data/earnings/earnings-hhh.json
now: 2025-12-29 18:10:10.728849 | eta: 1:04:48.766215 | delta: 0:30:14.757575 | avg: 0:01:26.417027
[22 of 66] ASH
Saved: /home/qcx201/Projects/daytrade/data/chart/chart-ash.json
Saved: /home/qcx201/Projects/daytrade/data/summary/summary-ash.json
<Response [200]> https://finance.yahoo.com/calendar/earnings/?symbol=ASH&offset=0&size=100
<Response [200]> https://finance.yahoo.com/calendar/earnings/?symbol=ASH&offset=100&size=100
<Response [200]> https://finance.yahoo.com/calendar/earnings/?symbol=ASH&offset=200&size=100
Saved: /home/qcx201/Projects/daytrade/data/earnings/earnings-ash.json
now: 2025-12-29 18:10:15.725827 | eta: 1:00:39.509104 | delta: 0:30:19.754553 | avg: 0:01:22.716116
[23 of 66] DXC
Saved: /home/qcx201/Projects/daytrade/data/chart/chart-dxc.json
Saved: /home/qcx201/Projects/daytrade/data/summary/summary-dxc.json
<Response [200]> https://finance.yahoo.com/calendar/earnings/?symbol=DXC&offset=0&size=100
<Response [200]> https://finance.yahoo.com/calendar/earnings/?symbol=DXC&offset=100&size=100
Sleeping 90.0 seconds...
<Response [200]> https://finance.yahoo.com/calendar/earnings/?symbol=DXC&offset=100&size=100
Sleeping 112.5 seconds...
<Response [200]> https://finance.yahoo.com/calendar/earnings/?symbol=DXC&offset=100&size=100
<Response [200]> https://finance.yahoo.com/calendar/earnings/?symbol=DXC&offset=200&size=100
Saved: /home/qcx201/Projects/daytrade/data/earnings/earnings-dxc.json
now: 2025-12-29 18:13:45.823717 | eta: 1:03:14.941522 | delta: 0:33:49.852443 | avg: 0:01:28.254454
[24 of 66] RH
Saved: /home/qcx201/Projects/daytrade/data/chart/chart-rh.json
Saved: /home/qcx201/Projects/daytrade/data/summary/summary-rh.json
<Response [200]> https://finance.yahoo.com/calendar/earnings/?symbol=RH&offset=0&size=100
<Response [200]> https://finance.yahoo.com/calendar/earnings/?symbol=RH&offset=100&size=100
Saved: /home/qcx201/Projects/daytrade/data/earnings/earnings-rh.json
now: 2025-12-29 18:13:48.737994 | eta: 0:59:17.341746 | delta: 0:33:52.766720 | avg: 0:01:24.698613
[25 of 66] BOKF
Saved: /home/qcx201/Projects/daytrade/data/chart/chart-bokf.json
Saved: /home/qcx201/Projects/daytrade/data/summary/summary-bokf.json
<Response [200]> https://finance.yahoo.com/calendar/earnings/?symbol=BOKF&offset=0&size=100
<Response [200]> https://finance.yahoo.com/calendar/earnings/?symbol=BOKF&offset=100&size=100
Sleeping 90.0 seconds...
<Response [200]> https://finance.yahoo.com/calendar/earnings/?symbol=BOKF&offset=100&size=100
Sleeping 112.5 seconds...
<Response [200]> https://finance.yahoo.com/calendar/earnings/?symbol=BOKF&offset=100&size=100
<Response [200]> https://finance.yahoo.com/calendar/earnings/?symbol=BOKF&offset=200&size=100
Saved: /home/qcx201/Projects/daytrade/data/earnings/earnings-bokf.json
now: 2025-12-29 18:17:19.888950 | eta: 1:01:20.024987 | delta: 0:37:23.917676 | avg: 0:01:29.756707
[26 of 66] HIW
Saved: /home/qcx201/Projects/daytrade/data/chart/chart-hiw.json
Saved: /home/qcx201/Projects/daytrade/data/summary/summary-hiw.json
<Response [200]> https://finance.yahoo.com/calendar/earnings/?symbol=HIW&offset=0&size=100
<Response [200]> https://finance.yahoo.com/calendar/earnings/?symbol=HIW&offset=100&size=100
Saved: /home/qcx201/Projects/daytrade/data/earnings/earnings-hiw.json
now: 2025-12-29 18:17:22.545766 | eta: 0:57:36.268440 | delta: 0:37:26.574492 | avg: 0:01:26.406711
[27 of 66] NCNO
Saved: /home/qcx201/Projects/daytrade/data/chart/chart-ncno.json
Saved: /home/qcx201/Projects/daytrade/data/summary/summary-ncno.json
<Response [200]> https://finance.yahoo.com/calendar/earnings/?symbol=NCNO&offset=0&size=100
<Response [200]> https://finance.yahoo.com/calendar/earnings/?symbol=NCNO&offset=100&size=100
Saved: /home/qcx201/Projects/daytrade/data/earnings/earnings-ncno.json
now: 2025-12-29 18:17:25.488073 | eta: 0:54:09.302043 | delta: 0:37:29.516799 | avg: 0:01:23.315437
[28 of 66] GTM
Saved: /home/qcx201/Projects/daytrade/data/chart/chart-gtm.json
Saved: /home/qcx201/Projects/daytrade/data/summary/summary-gtm.json
<Response [200]> https://finance.yahoo.com/calendar/earnings/?symbol=GTM&offset=0&size=100
<Response [200]> https://finance.yahoo.com/calendar/earnings/?symbol=GTM&offset=100&size=100
Saved: /home/qcx201/Projects/daytrade/data/earnings/earnings-gtm.json
now: 2025-12-29 18:17:28.189808 | eta: 0:50:56.582288 | delta: 0:37:32.218534 | avg: 0:01:20.436376
[29 of 66] GLOB
Saved: /home/qcx201/Projects/daytrade/data/chart/chart-glob.json
Saved: /home/qcx201/Projects/daytrade/data/summary/summary-glob.json
<Response [200]> https://finance.yahoo.com/calendar/earnings/?symbol=GLOB&offset=0&size=100
Sleeping 90.0 seconds...
<Response [200]> https://finance.yahoo.com/calendar/earnings/?symbol=GLOB&offset=0&size=100
Sleeping 112.5 seconds...
<Response [200]> https://finance.yahoo.com/calendar/earnings/?symbol=GLOB&offset=0&size=100
<Response [200]> https://finance.yahoo.com/calendar/earnings/?symbol=GLOB&offset=100&size=100
Saved: /home/qcx201/Projects/daytrade/data/earnings/earnings-glob.json
now: 2025-12-29 18:20:57.905085 | eta: 0:52:21.087953 | delta: 0:41:01.933811 | avg: 0:01:24.894269
[30 of 66] INSP
Saved: /home/qcx201/Projects/daytrade/data/chart/chart-insp.json
Saved: /home/qcx201/Projects/daytrade/data/summary/summary-insp.json
<Response [200]> https://finance.yahoo.com/calendar/earnings/?symbol=INSP&offset=0&size=100
<Response [200]> https://finance.yahoo.com/calendar/earnings/?symbol=INSP&offset=100&size=100
Saved: /home/qcx201/Projects/daytrade/data/earnings/earnings-insp.json
now: 2025-12-29 18:21:01.212980 | eta: 0:49:18.290064 | delta: 0:41:05.241706 | avg: 0:01:22.174724
[31 of 66] RHI
Saved: /home/qcx201/Projects/daytrade/data/chart/chart-rhi.json
Saved: /home/qcx201/Projects/daytrade/data/summary/summary-rhi.json
<Response [200]> https://finance.yahoo.com/calendar/earnings/?symbol=RHI&offset=0&size=100
Sleeping 90.0 seconds...
<Response [200]> https://finance.yahoo.com/calendar/earnings/?symbol=RHI&offset=0&size=100
Sleeping 112.5 seconds...
<Response [200]> https://finance.yahoo.com/calendar/earnings/?symbol=RHI&offset=0&size=100
Sleeping 135.0 seconds...
<Response [200]> https://finance.yahoo.com/calendar/earnings/?symbol=RHI&offset=0&size=100
<Response [200]> https://finance.yahoo.com/calendar/earnings/?symbol=RHI&offset=100&size=100
<Response [200]> https://finance.yahoo.com/calendar/earnings/?symbol=RHI&offset=200&size=100
Saved: /home/qcx201/Projects/daytrade/data/earnings/earnings-rhi.json
now: 2025-12-29 18:26:52.308963 | eta: 0:52:59.736105 | delta: 0:46:56.337689 | avg: 0:01:30.849603
[32 of 66] VIRT
Saved: /home/qcx201/Projects/daytrade/data/chart/chart-virt.json
Saved: /home/qcx201/Projects/daytrade/data/summary/summary-virt.json
<Response [200]> https://finance.yahoo.com/calendar/earnings/?symbol=VIRT&offset=0&size=100
<Response [200]> https://finance.yahoo.com/calendar/earnings/?symbol=VIRT&offset=100&size=100
Saved: /home/qcx201/Projects/daytrade/data/earnings/earnings-virt.json
now: 2025-12-29 18:26:55.083256 | eta: 0:49:55.306466 | delta: 0:46:59.111982 | avg: 0:01:28.097249
[33 of 66] IAC
Saved: /home/qcx201/Projects/daytrade/data/chart/chart-iac.json
Saved: /home/qcx201/Projects/daytrade/data/summary/summary-iac.json
<Response [200]> https://finance.yahoo.com/calendar/earnings/?symbol=IAC&offset=0&size=100
Sleeping 90.0 seconds...
<Response [200]> https://finance.yahoo.com/calendar/earnings/?symbol=IAC&offset=0&size=100
Sleeping 112.5 seconds...
<Response [200]> https://finance.yahoo.com/calendar/earnings/?symbol=IAC&offset=0&size=100
<Response [200]> https://finance.yahoo.com/calendar/earnings/?symbol=IAC&offset=100&size=100
Saved: /home/qcx201/Projects/daytrade/data/earnings/earnings-iac.json
now: 2025-12-29 18:30:22.834453 | eta: 0:50:26.863191 | delta: 0:50:26.863179 | avg: 0:01:31.723127
[34 of 66] LOAR
Saved: /home/qcx201/Projects/daytrade/data/chart/chart-loar.json
Saved: /home/qcx201/Projects/daytrade/data/summary/summary-loar.json
<Response [200]> https://finance.yahoo.com/calendar/earnings/?symbol=LOAR&offset=0&size=100
<Response [200]> https://finance.yahoo.com/calendar/earnings/?symbol=LOAR&offset=100&size=100
Saved: /home/qcx201/Projects/daytrade/data/earnings/earnings-loar.json
now: 2025-12-29 18:30:25.986496 | eta: 0:47:31.779040 | delta: 0:50:30.015222 | avg: 0:01:29.118095
[35 of 66] PAG
Saved: /home/qcx201/Projects/daytrade/data/chart/chart-pag.json
Saved: /home/qcx201/Projects/daytrade/data/summary/summary-pag.json
<Response [200]> https://finance.yahoo.com/calendar/earnings/?symbol=PAG&offset=0&size=100
Sleeping 90.0 seconds...
<Response [200]> https://finance.yahoo.com/calendar/earnings/?symbol=PAG&offset=0&size=100
Sleeping 112.5 seconds...
<Response [200]> https://finance.yahoo.com/calendar/earnings/?symbol=PAG&offset=0&size=100
<Response [200]> https://finance.yahoo.com/calendar/earnings/?symbol=PAG&offset=100&size=100
<Response [200]> https://finance.yahoo.com/calendar/earnings/?symbol=PAG&offset=200&size=100
Saved: /home/qcx201/Projects/daytrade/data/earnings/earnings-pag.json
now: 2025-12-29 18:33:56.279598 | eta: 0:47:49.987378 | delta: 0:54:00.308324 | avg: 0:01:32.580238
[36 of 66] RARE
Saved: /home/qcx201/Projects/daytrade/data/chart/chart-rare.json
Saved: /home/qcx201/Projects/daytrade/data/summary/summary-rare.json
<Response [200]> https://finance.yahoo.com/calendar/earnings/?symbol=RARE&offset=0&size=100
<Response [200]> https://finance.yahoo.com/calendar/earnings/?symbol=RARE&offset=100&size=100
Saved: /home/qcx201/Projects/daytrade/data/earnings/earnings-rare.json
now: 2025-12-29 18:33:58.448752 | eta: 0:45:02.064570 | delta: 0:54:02.477478 | avg: 0:01:30.068819
[37 of 66] FRPT
Saved: /home/qcx201/Projects/daytrade/data/chart/chart-frpt.json
Saved: /home/qcx201/Projects/daytrade/data/summary/summary-frpt.json
<Response [200]> https://finance.yahoo.com/calendar/earnings/?symbol=FRPT&offset=0&size=100
<Response [200]> https://finance.yahoo.com/calendar/earnings/?symbol=FRPT&offset=100&size=100
Saved: /home/qcx201/Projects/daytrade/data/earnings/earnings-frpt.json
now: 2025-12-29 18:34:01.606996 | eta: 0:42:23.876636 | delta: 0:54:05.635722 | avg: 0:01:27.719884
[38 of 66] TDC
Saved: /home/qcx201/Projects/daytrade/data/chart/chart-tdc.json
Saved: /home/qcx201/Projects/daytrade/data/summary/summary-tdc.json
<Response [200]> https://finance.yahoo.com/calendar/earnings/?symbol=TDC&offset=0&size=100
Sleeping 90.0 seconds...
<Response [200]> https://finance.yahoo.com/calendar/earnings/?symbol=TDC&offset=0&size=100
Sleeping 112.5 seconds...
<Response [200]> https://finance.yahoo.com/calendar/earnings/?symbol=TDC&offset=0&size=100
<Response [200]> https://finance.yahoo.com/calendar/earnings/?symbol=TDC&offset=100&size=100
Saved: /home/qcx201/Projects/daytrade/data/earnings/earnings-tdc.json
now: 2025-12-29 18:37:31.726119 | eta: 0:42:26.345676 | delta: 0:57:35.754845 | avg: 0:01:30.940917
[39 of 66] HAYW
Saved: /home/qcx201/Projects/daytrade/data/chart/chart-hayw.json
Saved: /home/qcx201/Projects/daytrade/data/summary/summary-hayw.json
<Response [200]> https://finance.yahoo.com/calendar/earnings/?symbol=HAYW&offset=0&size=100
<Response [200]> https://finance.yahoo.com/calendar/earnings/?symbol=HAYW&offset=100&size=100
Saved: /home/qcx201/Projects/daytrade/data/earnings/earnings-hayw.json
now: 2025-12-29 18:37:34.436011 | eta: 0:39:54.321741 | delta: 0:57:38.464737 | avg: 0:01:28.678583
[40 of 66] JHX
Saved: /home/qcx201/Projects/daytrade/data/chart/chart-jhx.json
Saved: /home/qcx201/Projects/daytrade/data/summary/summary-jhx.json
<Response [200]> https://finance.yahoo.com/calendar/earnings/?symbol=JHX&offset=0&size=100
Sleeping 90.0 seconds...
<Response [200]> https://finance.yahoo.com/calendar/earnings/?symbol=JHX&offset=0&size=100
Sleeping 112.5 seconds...
<Response [200]> https://finance.yahoo.com/calendar/earnings/?symbol=JHX&offset=0&size=100
<Response [200]> https://finance.yahoo.com/calendar/earnings/?symbol=JHX&offset=100&size=100
Saved: /home/qcx201/Projects/daytrade/data/earnings/earnings-jhx.json
now: 2025-12-29 18:41:02.436750 | eta: 0:39:43.202562 | delta: 1:01:06.465476 | avg: 0:01:31.661637
[41 of 66] APLS
Saved: /home/qcx201/Projects/daytrade/data/chart/chart-apls.json
Saved: /home/qcx201/Projects/daytrade/data/summary/summary-apls.json
<Response [200]> https://finance.yahoo.com/calendar/earnings/?symbol=APLS&offset=0&size=100
<Response [200]> https://finance.yahoo.com/calendar/earnings/?symbol=APLS&offset=100&size=100
Saved: /home/qcx201/Projects/daytrade/data/earnings/earnings-apls.json
now: 2025-12-29 18:41:05.240872 | eta: 0:37:17.359500 | delta: 1:01:09.269598 | avg: 0:01:29.494380
[42 of 66] SMG
Saved: /home/qcx201/Projects/daytrade/data/chart/chart-smg.json
Saved: /home/qcx201/Projects/daytrade/data/summary/summary-smg.json
<Response [200]> https://finance.yahoo.com/calendar/earnings/?symbol=SMG&offset=0&size=100
<Response [200]> https://finance.yahoo.com/calendar/earnings/?symbol=SMG&offset=100&size=100
<Response [200]> https://finance.yahoo.com/calendar/earnings/?symbol=SMG&offset=200&size=100
Saved: /home/qcx201/Projects/daytrade/data/earnings/earnings-smg.json
now: 2025-12-29 18:41:09.157187 | eta: 0:34:58.963368 | delta: 1:01:13.185913 | avg: 0:01:27.456807
[43 of 66] FLO
Saved: /home/qcx201/Projects/daytrade/data/chart/chart-flo.json
Saved: /home/qcx201/Projects/daytrade/data/summary/summary-flo.json
<Response [200]> https://finance.yahoo.com/calendar/earnings/?symbol=FLO&offset=0&size=100
<Response [200]> https://finance.yahoo.com/calendar/earnings/?symbol=FLO&offset=100&size=100
Saved: /home/qcx201/Projects/daytrade/data/earnings/earnings-flo.json
now: 2025-12-29 18:41:12.374212 | eta: 0:32:46.448089 | delta: 1:01:16.402938 | avg: 0:01:25.497743
[44 of 66] RNG
Saved: /home/qcx201/Projects/daytrade/data/chart/chart-rng.json
Saved: /home/qcx201/Projects/daytrade/data/summary/summary-rng.json
<Response [200]> https://finance.yahoo.com/calendar/earnings/?symbol=RNG&offset=0&size=100
<Response [200]> https://finance.yahoo.com/calendar/earnings/?symbol=RNG&offset=100&size=100
Sleeping 90.0 seconds...
<Response [200]> https://finance.yahoo.com/calendar/earnings/?symbol=RNG&offset=100&size=100
Sleeping 112.5 seconds...
<Response [200]> https://finance.yahoo.com/calendar/earnings/?symbol=RNG&offset=100&size=100
Saved: /home/qcx201/Projects/daytrade/data/earnings/earnings-rng.json
now: 2025-12-29 18:44:39.628243 | eta: 0:32:21.828482 | delta: 1:04:43.656969 | avg: 0:01:28.264931
[45 of 66] SRPT
Saved: /home/qcx201/Projects/daytrade/data/chart/chart-srpt.json
Saved: /home/qcx201/Projects/daytrade/data/summary/summary-srpt.json
<Response [200]> https://finance.yahoo.com/calendar/earnings/?symbol=SRPT&offset=0&size=100
<Response [200]> https://finance.yahoo.com/calendar/earnings/?symbol=SRPT&offset=100&size=100
Saved: /home/qcx201/Projects/daytrade/data/earnings/earnings-srpt.json
now: 2025-12-29 18:44:42.274435 | eta: 0:30:13.608132 | delta: 1:04:46.303161 | avg: 0:01:26.362292
[46 of 66] CACC
Saved: /home/qcx201/Projects/daytrade/data/chart/chart-cacc.json
Saved: /home/qcx201/Projects/daytrade/data/summary/summary-cacc.json
<Response [200]> https://finance.yahoo.com/calendar/earnings/?symbol=CACC&offset=0&size=100
<Response [200]> https://finance.yahoo.com/calendar/earnings/?symbol=CACC&offset=100&size=100
Saved: /home/qcx201/Projects/daytrade/data/earnings/earnings-cacc.json
now: 2025-12-29 18:44:45.146997 | eta: 0:28:10.945960 | delta: 1:04:49.175723 | avg: 0:01:24.547298
[47 of 66] SMMT
Saved: /home/qcx201/Projects/daytrade/data/chart/chart-smmt.json
Saved: /home/qcx201/Projects/daytrade/data/summary/summary-smmt.json
<Response [200]> https://finance.yahoo.com/calendar/earnings/?symbol=SMMT&offset=0&size=100
<Response [200]> https://finance.yahoo.com/calendar/earnings/?symbol=SMMT&offset=100&size=100
Saved: /home/qcx201/Projects/daytrade/data/earnings/earnings-smmt.json
now: 2025-12-29 18:44:47.854236 | eta: 0:26:13.314380 | delta: 1:04:51.882962 | avg: 0:01:22.806020
[48 of 66] FWONA
Saved: /home/qcx201/Projects/daytrade/data/chart/chart-fwona.json
Saved: /home/qcx201/Projects/daytrade/data/summary/summary-fwona.json
<Response [200]> https://finance.yahoo.com/calendar/earnings/?symbol=FWONA&offset=0&size=100
Sleeping 90.0 seconds...
<Response [200]> https://finance.yahoo.com/calendar/earnings/?symbol=FWONA&offset=0&size=100
<Response [200]> https://finance.yahoo.com/calendar/earnings/?symbol=FWONA&offset=100&size=100
Saved: /home/qcx201/Projects/daytrade/data/earnings/earnings-fwona.json
now: 2025-12-29 18:46:21.899301 | eta: 0:24:54.723006 | delta: 1:06:25.928027 | avg: 0:01:23.040167
[49 of 66] DJT
Saved: /home/qcx201/Projects/daytrade/data/chart/chart-djt.json
Saved: /home/qcx201/Projects/daytrade/data/summary/summary-djt.json
<Response [200]> https://finance.yahoo.com/calendar/earnings/?symbol=DJT&offset=0&size=100
<Response [200]> https://finance.yahoo.com/calendar/earnings/?symbol=DJT&offset=100&size=100
Saved: /home/qcx201/Projects/daytrade/data/earnings/earnings-djt.json
now: 2025-12-29 18:46:24.486397 | eta: 0:23:03.770556 | delta: 1:06:28.515123 | avg: 0:01:21.398268
[50 of 66] PK
Saved: /home/qcx201/Projects/daytrade/data/chart/chart-pk.json
Saved: /home/qcx201/Projects/daytrade/data/summary/summary-pk.json
<Response [200]> https://finance.yahoo.com/calendar/earnings/?symbol=PK&offset=0&size=100
<Response [200]> https://finance.yahoo.com/calendar/earnings/?symbol=PK&offset=100&size=100
Saved: /home/qcx201/Projects/daytrade/data/earnings/earnings-pk.json
now: 2025-12-29 18:46:27.195020 | eta: 0:21:17.191600 | delta: 1:06:31.223746 | avg: 0:01:19.824475
[51 of 66] BIRK
Saved: /home/qcx201/Projects/daytrade/data/chart/chart-birk.json
Saved: /home/qcx201/Projects/daytrade/data/summary/summary-birk.json
<Response [200]> https://finance.yahoo.com/calendar/earnings/?symbol=BIRK&offset=0&size=100
<Response [200]> https://finance.yahoo.com/calendar/earnings/?symbol=BIRK&offset=100&size=100
Sleeping 90.0 seconds...
<Response [200]> https://finance.yahoo.com/calendar/earnings/?symbol=BIRK&offset=100&size=100
Saved: /home/qcx201/Projects/daytrade/data/earnings/earnings-birk.json
now: 2025-12-29 18:48:00.831976 | eta: 0:20:01.429620 | delta: 1:08:04.860702 | avg: 0:01:20.095308
[52 of 66] XRAY
Saved: /home/qcx201/Projects/daytrade/data/chart/chart-xray.json
Saved: /home/qcx201/Projects/daytrade/data/summary/summary-xray.json
<Response [200]> https://finance.yahoo.com/calendar/earnings/?symbol=XRAY&offset=0&size=100
<Response [200]> https://finance.yahoo.com/calendar/earnings/?symbol=XRAY&offset=100&size=100
<Response [200]> https://finance.yahoo.com/calendar/earnings/?symbol=XRAY&offset=200&size=100
Saved: /home/qcx201/Projects/daytrade/data/earnings/earnings-xray.json
now: 2025-12-29 18:48:05.133587 | eta: 0:18:20.928318 | delta: 1:08:09.162313 | avg: 0:01:18.637737
[53 of 66] FRHC
Saved: /home/qcx201/Projects/daytrade/data/chart/chart-frhc.json
Saved: /home/qcx201/Projects/daytrade/data/summary/summary-frhc.json
<Response [200]> https://finance.yahoo.com/calendar/earnings/?symbol=FRHC&offset=0&size=100
<Response [200]> https://finance.yahoo.com/calendar/earnings/?symbol=FRHC&offset=100&size=100
Saved: /home/qcx201/Projects/daytrade/data/earnings/earnings-frhc.json
now: 2025-12-29 18:48:08.370316 | eta: 0:16:43.795988 | delta: 1:08:12.399042 | avg: 0:01:17.215076
[54 of 66] CXT
Saved: /home/qcx201/Projects/daytrade/data/chart/chart-cxt.json
Saved: /home/qcx201/Projects/daytrade/data/summary/summary-cxt.json
<Response [200]> https://finance.yahoo.com/calendar/earnings/?symbol=CXT&offset=0&size=100
Sleeping 90.0 seconds...
<Response [200]> https://finance.yahoo.com/calendar/earnings/?symbol=CXT&offset=0&size=100
<Response [200]> https://finance.yahoo.com/calendar/earnings/?symbol=CXT&offset=100&size=100
Saved: /home/qcx201/Projects/daytrade/data/earnings/earnings-cxt.json
now: 2025-12-29 18:49:43.562973 | eta: 0:15:30.575928 | delta: 1:09:47.591699 | avg: 0:01:17.547994
[55 of 66] CAR
Saved: /home/qcx201/Projects/daytrade/data/chart/chart-car.json
Saved: /home/qcx201/Projects/daytrade/data/summary/summary-car.json
<Response [200]> https://finance.yahoo.com/calendar/earnings/?symbol=CAR&offset=0&size=100
<Response [200]> https://finance.yahoo.com/calendar/earnings/?symbol=CAR&offset=100&size=100
<Response [200]> https://finance.yahoo.com/calendar/earnings/?symbol=CAR&offset=200&size=100
Saved: /home/qcx201/Projects/daytrade/data/earnings/earnings-car.json
now: 2025-12-29 18:49:47.640884 | eta: 0:13:58.333925 | delta: 1:09:51.669610 | avg: 0:01:16.212175
[56 of 66] HOG
Saved: /home/qcx201/Projects/daytrade/data/chart/chart-hog.json
Saved: /home/qcx201/Projects/daytrade/data/summary/summary-hog.json
<Response [200]> https://finance.yahoo.com/calendar/earnings/?symbol=HOG&offset=0&size=100
<Response [200]> https://finance.yahoo.com/calendar/earnings/?symbol=HOG&offset=100&size=100
<Response [200]> https://finance.yahoo.com/calendar/earnings/?symbol=HOG&offset=200&size=100
Saved: /home/qcx201/Projects/daytrade/data/earnings/earnings-hog.json
now: 2025-12-29 18:49:51.603869 | eta: 0:12:29.220110 | delta: 1:09:55.632595 | avg: 0:01:14.922011
[57 of 66] PENN
Saved: /home/qcx201/Projects/daytrade/data/chart/chart-penn.json
Saved: /home/qcx201/Projects/daytrade/data/summary/summary-penn.json
<Response [200]> https://finance.yahoo.com/calendar/earnings/?symbol=PENN&offset=0&size=100
<Response [200]> https://finance.yahoo.com/calendar/earnings/?symbol=PENN&offset=100&size=100
<Response [200]> https://finance.yahoo.com/calendar/earnings/?symbol=PENN&offset=200&size=100
Saved: /home/qcx201/Projects/daytrade/data/earnings/earnings-penn.json
now: 2025-12-29 18:49:55.161589 | eta: 0:11:03.030054 | delta: 1:09:59.190315 | avg: 0:01:13.670006
[58 of 66] UI
Saved: /home/qcx201/Projects/daytrade/data/chart/chart-ui.json
Saved: /home/qcx201/Projects/daytrade/data/summary/summary-ui.json
<Response [200]> https://finance.yahoo.com/calendar/earnings/?symbol=UI&offset=0&size=100
Sleeping 90.0 seconds...
<Response [200]> https://finance.yahoo.com/calendar/earnings/?symbol=UI&offset=0&size=100
<Response [200]> https://finance.yahoo.com/calendar/earnings/?symbol=UI&offset=100&size=100
Saved: /home/qcx201/Projects/daytrade/data/earnings/earnings-ui.json
now: 2025-12-29 18:51:29.200388 | eta: 0:09:52.169536 | delta: 1:11:33.229114 | avg: 0:01:14.021192
[59 of 66] OLN
Saved: /home/qcx201/Projects/daytrade/data/chart/chart-oln.json
Saved: /home/qcx201/Projects/daytrade/data/summary/summary-oln.json
<Response [200]> https://finance.yahoo.com/calendar/earnings/?symbol=OLN&offset=0&size=100
<Response [200]> https://finance.yahoo.com/calendar/earnings/?symbol=OLN&offset=100&size=100
<Response [200]> https://finance.yahoo.com/calendar/earnings/?symbol=OLN&offset=200&size=100
Saved: /home/qcx201/Projects/daytrade/data/earnings/earnings-oln.json
now: 2025-12-29 18:51:33.027590 | eta: 0:08:29.820241 | delta: 1:11:37.056316 | avg: 0:01:12.831463
[60 of 66] WLK
Saved: /home/qcx201/Projects/daytrade/data/chart/chart-wlk.json
Saved: /home/qcx201/Projects/daytrade/data/summary/summary-wlk.json
<Response [200]> https://finance.yahoo.com/calendar/earnings/?symbol=WLK&offset=0&size=100
<Response [200]> https://finance.yahoo.com/calendar/earnings/?symbol=WLK&offset=100&size=100
Saved: /home/qcx201/Projects/daytrade/data/earnings/earnings-wlk.json
now: 2025-12-29 18:51:35.250763 | eta: 0:07:09.927948 | delta: 1:11:39.279489 | avg: 0:01:11.654658
[61 of 66] CIVI
Saved: /home/qcx201/Projects/daytrade/data/chart/chart-civi.json
Saved: /home/qcx201/Projects/daytrade/data/summary/summary-civi.json
<Response [200]> https://finance.yahoo.com/calendar/earnings/?symbol=CIVI&offset=0&size=100
<Response [200]> https://finance.yahoo.com/calendar/earnings/?symbol=CIVI&offset=100&size=100
Saved: /home/qcx201/Projects/daytrade/data/earnings/earnings-civi.json
now: 2025-12-29 18:51:37.431039 | eta: 0:05:52.578670 | delta: 1:11:41.459765 | avg: 0:01:10.515734
[62 of 66] LINE
Saved: /home/qcx201/Projects/daytrade/data/chart/chart-line.json
Saved: /home/qcx201/Projects/daytrade/data/summary/summary-line.json
<Response [200]> https://finance.yahoo.com/calendar/earnings/?symbol=LINE&offset=0&size=100
<Response [200]> https://finance.yahoo.com/calendar/earnings/?symbol=LINE&offset=100&size=100
Saved: /home/qcx201/Projects/daytrade/data/earnings/earnings-line.json
now: 2025-12-29 18:51:39.446584 | eta: 0:04:37.643568 | delta: 1:11:43.475310 | avg: 0:01:09.410892
[63 of 66] WU
Saved: /home/qcx201/Projects/daytrade/data/chart/chart-wu.json
Saved: /home/qcx201/Projects/daytrade/data/summary/summary-wu.json
<Response [200]> https://finance.yahoo.com/calendar/earnings/?symbol=WU&offset=0&size=100
<Response [200]> https://finance.yahoo.com/calendar/earnings/?symbol=WU&offset=100&size=100
Saved: /home/qcx201/Projects/daytrade/data/earnings/earnings-wu.json
now: 2025-12-29 18:51:41.923169 | eta: 0:03:25.045329 | delta: 1:11:45.951895 | avg: 0:01:08.348443
[64 of 66] CHH
Saved: /home/qcx201/Projects/daytrade/data/chart/chart-chh.json
Saved: /home/qcx201/Projects/daytrade/data/summary/summary-chh.json
<Response [200]> https://finance.yahoo.com/calendar/earnings/?symbol=CHH&offset=0&size=100
<Response [200]> https://finance.yahoo.com/calendar/earnings/?symbol=CHH&offset=100&size=100
<Response [200]> https://finance.yahoo.com/calendar/earnings/?symbol=CHH&offset=200&size=100
Saved: /home/qcx201/Projects/daytrade/data/earnings/earnings-chh.json
now: 2025-12-29 18:51:45.759210 | eta: 0:02:14.680872 | delta: 1:11:49.787936 | avg: 0:01:07.340436
[65 of 66] MPW
Saved: /home/qcx201/Projects/daytrade/data/chart/chart-mpw.json
Saved: /home/qcx201/Projects/daytrade/data/summary/summary-mpw.json
<Response [200]> https://finance.yahoo.com/calendar/earnings/?symbol=MPW&offset=0&size=100
<Response [200]> https://finance.yahoo.com/calendar/earnings/?symbol=MPW&offset=100&size=100
Saved: /home/qcx201/Projects/daytrade/data/earnings/earnings-mpw.json
now: 2025-12-29 18:51:47.834211 | eta: 0:01:06.336353 | delta: 1:11:51.862937 | avg: 0:01:06.336353
[66 of 66] ESH6
-- Complete --
