[1 of 50] UAL
Saved: /home/qcx201/Projects/daytrade/data/chart/chart-ual.json
Saved: /home/qcx201/Projects/daytrade/data/summary/summary-ual.json
<Response [200]> https://finance.yahoo.com/calendar/earnings/?symbol=UAL&offset=0&size=100
<Response [200]> https://finance.yahoo.com/calendar/earnings/?symbol=UAL&offset=100&size=100
Saved: /home/qcx201/Projects/daytrade/data/earnings/earnings-ual.json
now: 2025-12-29 17:39:53.567895 | eta: 0:03:59.225987 | delta: 0:00:04.882163 | avg: 0:00:04.882163
[2 of 50] PAYX
Saved: /home/qcx201/Projects/daytrade/data/chart/chart-payx.json
Saved: /home/qcx201/Projects/daytrade/data/summary/summary-payx.json
<Response [200]> https://finance.yahoo.com/calendar/earnings/?symbol=PAYX&offset=0&size=100
<Response [200]> https://finance.yahoo.com/calendar/earnings/?symbol=PAYX&offset=100&size=100
<Response [200]> https://finance.yahoo.com/calendar/earnings/?symbol=PAYX&offset=200&size=100
Saved: /home/qcx201/Projects/daytrade/data/earnings/earnings-payx.json
now: 2025-12-29 17:40:00.220883 | eta: 0:04:36.843648 | delta: 0:00:11.535151 | avg: 0:00:05.767576
[3 of 50] XYZ
Saved: /home/qcx201/Projects/daytrade/data/chart/chart-xyz.json
Saved: /home/qcx201/Projects/daytrade/data/summary/summary-xyz.json
<Response [200]> https://finance.yahoo.com/calendar/earnings/?symbol=XYZ&offset=0&size=100
<Response [200]> https://finance.yahoo.com/calendar/earnings/?symbol=XYZ&offset=100&size=100
Saved: /home/qcx201/Projects/daytrade/data/earnings/earnings-xyz.json
now: 2025-12-29 17:40:04.539778 | eta: 0:04:08.380054 | delta: 0:00:15.854046 | avg: 0:00:05.284682
[4 of 50] KDP
Saved: /home/qcx201/Projects/daytrade/data/chart/chart-kdp.json
Saved: /home/qcx201/Projects/daytrade/data/summary/summary-kdp.json
<Response [200]> https://finance.yahoo.com/calendar/earnings/?symbol=KDP&offset=0&size=100
<Response [200]> https://finance.yahoo.com/calendar/earnings/?symbol=KDP&offset=100&size=100
Saved: /home/qcx201/Projects/daytrade/data/earnings/earnings-kdp.json
now: 2025-12-29 17:40:11.618078 | eta: 0:04:23.721956 | delta: 0:00:22.932346 | avg: 0:00:05.733086
[5 of 50] SYY
Saved: /home/qcx201/Projects/daytrade/data/chart/chart-syy.json
Saved: /home/qcx201/Projects/daytrade/data/summary/summary-syy.json
<Response [200]> https://finance.yahoo.com/calendar/earnings/?symbol=SYY&offset=0&size=100
<Response [200]> https://finance.yahoo.com/calendar/earnings/?symbol=SYY&offset=100&size=100
<Response [200]> https://finance.yahoo.com/calendar/earnings/?symbol=SYY&offset=200&size=100
Saved: /home/qcx201/Projects/daytrade/data/earnings/earnings-syy.json
now: 2025-12-29 17:40:20.320990 | eta: 0:04:44.717340 | delta: 0:00:31.635258 | avg: 0:00:06.327052
[6 of 50] RMD
Saved: /home/qcx201/Projects/daytrade/data/chart/chart-rmd.json
Saved: /home/qcx201/Projects/daytrade/data/summary/summary-rmd.json
<Response [200]> https://finance.yahoo.com/calendar/earnings/?symbol=RMD&offset=0&size=100
<Response [200]> https://finance.yahoo.com/calendar/earnings/?symbol=RMD&offset=100&size=100
<Response [200]> https://finance.yahoo.com/calendar/earnings/?symbol=RMD&offset=200&size=100
Sleeping 90.0 seconds...
<Response [200]> https://finance.yahoo.com/calendar/earnings/?symbol=RMD&offset=200&size=100
Sleeping 112.5 seconds...
<Response [200]> https://finance.yahoo.com/calendar/earnings/?symbol=RMD&offset=200&size=100
Saved: /home/qcx201/Projects/daytrade/data/earnings/earnings-rmd.json
now: 2025-12-29 17:43:55.531546 | eta: 0:30:10.202636 | delta: 0:04:06.845814 | avg: 0:00:41.140969
[7 of 50] ED
Saved: /home/qcx201/Projects/daytrade/data/chart/chart-ed.json
Saved: /home/qcx201/Projects/daytrade/data/summary/summary-ed.json
<Response [200]> https://finance.yahoo.com/calendar/earnings/?symbol=ED&offset=0&size=100
<Response [200]> https://finance.yahoo.com/calendar/earnings/?symbol=ED&offset=100&size=100
<Response [200]> https://finance.yahoo.com/calendar/earnings/?symbol=ED&offset=200&size=100
Saved: /home/qcx201/Projects/daytrade/data/earnings/earnings-ed.json
now: 2025-12-29 17:44:00.040352 | eta: 0:25:44.035529 | delta: 0:04:11.354620 | avg: 0:00:35.907803
[8 of 50] FIS
Saved: /home/qcx201/Projects/daytrade/data/chart/chart-fis.json
Saved: /home/qcx201/Projects/daytrade/data/summary/summary-fis.json
<Response [200]> https://finance.yahoo.com/calendar/earnings/?symbol=FIS&offset=0&size=100
Sleeping 90.0 seconds...
<Response [200]> https://finance.yahoo.com/calendar/earnings/?symbol=FIS&offset=0&size=100
Sleeping 112.5 seconds...
<Response [200]> https://finance.yahoo.com/calendar/earnings/?symbol=FIS&offset=0&size=100
<Response [200]> https://finance.yahoo.com/calendar/earnings/?symbol=FIS&offset=100&size=100
Saved: /home/qcx201/Projects/daytrade/data/earnings/earnings-fis.json
now: 2025-12-29 17:47:30.842818 | eta: 0:40:26.324712 | delta: 0:07:42.157086 | avg: 0:00:57.769636
[9 of 50] CCI
Saved: /home/qcx201/Projects/daytrade/data/chart/chart-cci.json
Saved: /home/qcx201/Projects/daytrade/data/summary/summary-cci.json
<Response [200]> https://finance.yahoo.com/calendar/earnings/?symbol=CCI&offset=0&size=100
<Response [200]> https://finance.yahoo.com/calendar/earnings/?symbol=CCI&offset=100&size=100
<Response [200]> https://finance.yahoo.com/calendar/earnings/?symbol=CCI&offset=200&size=100
Saved: /home/qcx201/Projects/daytrade/data/earnings/earnings-cci.json
now: 2025-12-29 17:47:35.559530 | eta: 0:35:26.869506 | delta: 0:07:46.873798 | avg: 0:00:51.874866
[10 of 50] KEYS
Saved: /home/qcx201/Projects/daytrade/data/chart/chart-keys.json
Saved: /home/qcx201/Projects/daytrade/data/summary/summary-keys.json
<Response [200]> https://finance.yahoo.com/calendar/earnings/?symbol=KEYS&offset=0&size=100
<Response [200]> https://finance.yahoo.com/calendar/earnings/?symbol=KEYS&offset=100&size=100
Sleeping 90.0 seconds...
<Response [200]> https://finance.yahoo.com/calendar/earnings/?symbol=KEYS&offset=100&size=100
Sleeping 112.5 seconds...
<Response [200]> https://finance.yahoo.com/calendar/earnings/?symbol=KEYS&offset=100&size=100
Saved: /home/qcx201/Projects/daytrade/data/earnings/earnings-keys.json
now: 2025-12-29 17:51:07.029937 | eta: 0:45:13.376800 | delta: 0:11:18.344205 | avg: 0:01:07.834420
[11 of 50] NUE
Saved: /home/qcx201/Projects/daytrade/data/chart/chart-nue.json
Saved: /home/qcx201/Projects/daytrade/data/summary/summary-nue.json
<Response [200]> https://finance.yahoo.com/calendar/earnings/?symbol=NUE&offset=0&size=100
<Response [200]> https://finance.yahoo.com/calendar/earnings/?symbol=NUE&offset=100&size=100
<Response [200]> https://finance.yahoo.com/calendar/earnings/?symbol=NUE&offset=200&size=100
Saved: /home/qcx201/Projects/daytrade/data/earnings/earnings-nue.json
now: 2025-12-29 17:51:12.602006 | eta: 0:40:24.794073 | delta: 0:11:23.916274 | avg: 0:01:02.174207
[12 of 50] VTR
Saved: /home/qcx201/Projects/daytrade/data/chart/chart-vtr.json
Saved: /home/qcx201/Projects/daytrade/data/summary/summary-vtr.json
<Response [200]> https://finance.yahoo.com/calendar/earnings/?symbol=VTR&offset=0&size=100
<Response [200]> https://finance.yahoo.com/calendar/earnings/?symbol=VTR&offset=100&size=100
Sleeping 90.0 seconds...
<Response [200]> https://finance.yahoo.com/calendar/earnings/?symbol=VTR&offset=100&size=100
Sleeping 112.5 seconds...
<Response [200]> https://finance.yahoo.com/calendar/earnings/?symbol=VTR&offset=100&size=100
Saved: /home/qcx201/Projects/daytrade/data/earnings/earnings-vtr.json
now: 2025-12-29 17:54:45.392624 | eta: 0:47:19.571812 | delta: 0:14:56.706892 | avg: 0:01:14.725574
[13 of 50] KR
Saved: /home/qcx201/Projects/daytrade/data/chart/chart-kr.json
Saved: /home/qcx201/Projects/daytrade/data/summary/summary-kr.json
<Response [200]> https://finance.yahoo.com/calendar/earnings/?symbol=KR&offset=0&size=100
<Response [200]> https://finance.yahoo.com/calendar/earnings/?symbol=KR&offset=100&size=100
<Response [200]> https://finance.yahoo.com/calendar/earnings/?symbol=KR&offset=200&size=100
Saved: /home/qcx201/Projects/daytrade/data/earnings/earnings-kr.json
now: 2025-12-29 17:54:50.702392 | eta: 0:42:47.278189 | delta: 0:15:02.016660 | avg: 0:01:09.385897
[14 of 50] A
Saved: /home/qcx201/Projects/daytrade/data/chart/chart-a.json
Saved: /home/qcx201/Projects/daytrade/data/summary/summary-a.json
<Response [200]> https://finance.yahoo.com/calendar/earnings/?symbol=A&offset=0&size=100
<Response [200]> https://finance.yahoo.com/calendar/earnings/?symbol=A&offset=100&size=100
Sleeping 90.0 seconds...
<Response [200]> https://finance.yahoo.com/calendar/earnings/?symbol=A&offset=100&size=100
Sleeping 112.5 seconds...
<Response [200]> https://finance.yahoo.com/calendar/earnings/?symbol=A&offset=100&size=100
<Response [200]> https://finance.yahoo.com/calendar/earnings/?symbol=A&offset=200&size=100
Saved: /home/qcx201/Projects/daytrade/data/earnings/earnings-a.json
now: 2025-12-29 17:58:23.656824 | eta: 0:47:47.068512 | delta: 0:18:34.971092 | avg: 0:01:19.640792
[15 of 50] IQV
Saved: /home/qcx201/Projects/daytrade/data/chart/chart-iqv.json
Saved: /home/qcx201/Projects/daytrade/data/summary/summary-iqv.json
<Response [200]> https://finance.yahoo.com/calendar/earnings/?symbol=IQV&offset=0&size=100
Sleeping 90.0 seconds...
<Response [200]> https://finance.yahoo.com/calendar/earnings/?symbol=IQV&offset=0&size=100
Sleeping 112.5 seconds...
<Response [200]> https://finance.yahoo.com/calendar/earnings/?symbol=IQV&offset=0&size=100
Sleeping 135.0 seconds...
<Response [200]> https://finance.yahoo.com/calendar/earnings/?symbol=IQV&offset=0&size=100
<Response [200]> https://finance.yahoo.com/calendar/earnings/?symbol=IQV&offset=100&size=100
Saved: /home/qcx201/Projects/daytrade/data/earnings/earnings-iqv.json
now: 2025-12-29 18:04:13.794518 | eta: 0:56:58.587165 | delta: 0:24:25.108786 | avg: 0:01:37.673919
[16 of 50] PSA
Saved: /home/qcx201/Projects/daytrade/data/chart/chart-psa.json
Saved: /home/qcx201/Projects/daytrade/data/summary/summary-psa.json
<Response [200]> https://finance.yahoo.com/calendar/earnings/?symbol=PSA&offset=0&size=100
<Response [200]> https://finance.yahoo.com/calendar/earnings/?symbol=PSA&offset=100&size=100
Saved: /home/qcx201/Projects/daytrade/data/earnings/earnings-psa.json
now: 2025-12-29 18:04:17.324479 | eta: 0:52:00.857348 | delta: 0:24:28.638747 | avg: 0:01:31.789922
[17 of 50] DELL
Saved: /home/qcx201/Projects/daytrade/data/chart/chart-dell.json
Saved: /home/qcx201/Projects/daytrade/data/summary/summary-dell.json
<Response [200]> https://finance.yahoo.com/calendar/earnings/?symbol=DELL&offset=0&size=100
<Response [200]> https://finance.yahoo.com/calendar/earnings/?symbol=DELL&offset=100&size=100
Saved: /home/qcx201/Projects/daytrade/data/earnings/earnings-dell.json
now: 2025-12-29 18:04:20.342999 | eta: 0:47:36.746475 | delta: 0:24:31.657267 | avg: 0:01:26.568075
[18 of 50] FICO
Saved: /home/qcx201/Projects/daytrade/data/chart/chart-fico.json
Saved: /home/qcx201/Projects/daytrade/data/summary/summary-fico.json
<Response [200]> https://finance.yahoo.com/calendar/earnings/?symbol=FICO&offset=0&size=100
Sleeping 90.0 seconds...
<Response [200]> https://finance.yahoo.com/calendar/earnings/?symbol=FICO&offset=0&size=100
Sleeping 112.5 seconds...
<Response [200]> https://finance.yahoo.com/calendar/earnings/?symbol=FICO&offset=0&size=100
Sleeping 135.0 seconds...
<Response [200]> https://finance.yahoo.com/calendar/earnings/?symbol=FICO&offset=0&size=100
<Response [200]> https://finance.yahoo.com/calendar/earnings/?symbol=FICO&offset=100&size=100
<Response [200]> https://finance.yahoo.com/calendar/earnings/?symbol=FICO&offset=200&size=100
Saved: /home/qcx201/Projects/daytrade/data/earnings/earnings-fico.json
now: 2025-12-29 18:10:13.277900 | eta: 0:54:03.719424 | delta: 0:30:24.592168 | avg: 0:01:41.366232
[19 of 50] PRU
Saved: /home/qcx201/Projects/daytrade/data/chart/chart-pru.json
Saved: /home/qcx201/Projects/daytrade/data/summary/summary-pru.json
<Response [200]> https://finance.yahoo.com/calendar/earnings/?symbol=PRU&offset=0&size=100
<Response [200]> https://finance.yahoo.com/calendar/earnings/?symbol=PRU&offset=100&size=100
Saved: /home/qcx201/Projects/daytrade/data/earnings/earnings-pru.json
now: 2025-12-29 18:10:16.342283 | eta: 0:49:41.965950 | delta: 0:30:27.656551 | avg: 0:01:36.192450
[20 of 50] PEG
Saved: /home/qcx201/Projects/daytrade/data/chart/chart-peg.json
Saved: /home/qcx201/Projects/daytrade/data/summary/summary-peg.json
<Response [200]> https://finance.yahoo.com/calendar/earnings/?symbol=PEG&offset=0&size=100
Sleeping 90.0 seconds...
<Response [200]> https://finance.yahoo.com/calendar/earnings/?symbol=PEG&offset=0&size=100
Sleeping 112.5 seconds...
<Response [200]> https://finance.yahoo.com/calendar/earnings/?symbol=PEG&offset=0&size=100
<Response [200]> https://finance.yahoo.com/calendar/earnings/?symbol=PEG&offset=100&size=100
<Response [200]> https://finance.yahoo.com/calendar/earnings/?symbol=PEG&offset=200&size=100
Saved: /home/qcx201/Projects/daytrade/data/earnings/earnings-peg.json
now: 2025-12-29 18:13:46.109421 | eta: 0:50:56.135520 | delta: 0:33:57.423689 | avg: 0:01:41.871184
[21 of 50] LNG
Saved: /home/qcx201/Projects/daytrade/data/chart/chart-lng.json
Saved: /home/qcx201/Projects/daytrade/data/summary/summary-lng.json
<Response [200]> https://finance.yahoo.com/calendar/earnings/?symbol=LNG&offset=0&size=100
<Response [200]> https://finance.yahoo.com/calendar/earnings/?symbol=LNG&offset=100&size=100
Saved: /home/qcx201/Projects/daytrade/data/earnings/earnings-lng.json
now: 2025-12-29 18:13:50.069695 | eta: 0:46:59.054040 | delta: 0:34:01.383963 | avg: 0:01:37.208760
[22 of 50] TRGP
Saved: /home/qcx201/Projects/daytrade/data/chart/chart-trgp.json
Saved: /home/qcx201/Projects/daytrade/data/summary/summary-trgp.json
<Response [200]> https://finance.yahoo.com/calendar/earnings/?symbol=TRGP&offset=0&size=100
Sleeping 90.0 seconds...
<Response [200]> https://finance.yahoo.com/calendar/earnings/?symbol=TRGP&offset=0&size=100
Sleeping 112.5 seconds...
<Response [200]> https://finance.yahoo.com/calendar/earnings/?symbol=TRGP&offset=0&size=100
<Response [200]> https://finance.yahoo.com/calendar/earnings/?symbol=TRGP&offset=100&size=100
Saved: /home/qcx201/Projects/daytrade/data/earnings/earnings-trgp.json
now: 2025-12-29 18:17:23.623462 | eta: 0:47:49.920760 | delta: 0:37:34.937730 | avg: 0:01:42.497170
[23 of 50] EBAY
Saved: /home/qcx201/Projects/daytrade/data/chart/chart-ebay.json
Saved: /home/qcx201/Projects/daytrade/data/summary/summary-ebay.json
<Response [200]> https://finance.yahoo.com/calendar/earnings/?symbol=EBAY&offset=0&size=100
<Response [200]> https://finance.yahoo.com/calendar/earnings/?symbol=EBAY&offset=100&size=100
<Response [200]> https://finance.yahoo.com/calendar/earnings/?symbol=EBAY&offset=200&size=100
Saved: /home/qcx201/Projects/daytrade/data/earnings/earnings-ebay.json
now: 2025-12-29 18:17:28.287477 | eta: 0:44:12.575958 | delta: 0:37:39.601745 | avg: 0:01:38.243554
[24 of 50] DHI
Saved: /home/qcx201/Projects/daytrade/data/chart/chart-dhi.json
Saved: /home/qcx201/Projects/daytrade/data/summary/summary-dhi.json
<Response [200]> https://finance.yahoo.com/calendar/earnings/?symbol=DHI&offset=0&size=100
Sleeping 90.0 seconds...
<Response [200]> https://finance.yahoo.com/calendar/earnings/?symbol=DHI&offset=0&size=100
Sleeping 112.5 seconds...
<Response [200]> https://finance.yahoo.com/calendar/earnings/?symbol=DHI&offset=0&size=100
<Response [200]> https://finance.yahoo.com/calendar/earnings/?symbol=DHI&offset=100&size=100
<Response [200]> https://finance.yahoo.com/calendar/earnings/?symbol=DHI&offset=200&size=100
Saved: /home/qcx201/Projects/daytrade/data/earnings/earnings-dhi.json
now: 2025-12-29 18:21:01.892157 | eta: 0:44:39.306968 | delta: 0:41:13.206425 | avg: 0:01:43.050268
[25 of 50] VMC
Saved: /home/qcx201/Projects/daytrade/data/chart/chart-vmc.json
Saved: /home/qcx201/Projects/daytrade/data/summary/summary-vmc.json
<Response [200]> https://finance.yahoo.com/calendar/earnings/?symbol=VMC&offset=0&size=100
Sleeping 90.0 seconds...
<Response [200]> https://finance.yahoo.com/calendar/earnings/?symbol=VMC&offset=0&size=100
Sleeping 112.5 seconds...
<Response [200]> https://finance.yahoo.com/calendar/earnings/?symbol=VMC&offset=0&size=100
Sleeping 135.0 seconds...
<Response [200]> https://finance.yahoo.com/calendar/earnings/?symbol=VMC&offset=0&size=100
<Response [200]> https://finance.yahoo.com/calendar/earnings/?symbol=VMC&offset=100&size=100
<Response [200]> https://finance.yahoo.com/calendar/earnings/?symbol=VMC&offset=200&size=100
Saved: /home/qcx201/Projects/daytrade/data/earnings/earnings-vmc.json
now: 2025-12-29 18:26:51.732050 | eta: 0:47:03.046325 | delta: 0:47:03.046318 | avg: 0:01:52.921853
[26 of 50] HIG
Saved: /home/qcx201/Projects/daytrade/data/chart/chart-hig.json
Saved: /home/qcx201/Projects/daytrade/data/summary/summary-hig.json
<Response [200]> https://finance.yahoo.com/calendar/earnings/?symbol=HIG&offset=0&size=100
<Response [200]> https://finance.yahoo.com/calendar/earnings/?symbol=HIG&offset=100&size=100
<Response [200]> https://finance.yahoo.com/calendar/earnings/?symbol=HIG&offset=200&size=100
Saved: /home/qcx201/Projects/daytrade/data/earnings/earnings-hig.json
now: 2025-12-29 18:26:55.762438 | eta: 0:43:29.609256 | delta: 0:47:07.076706 | avg: 0:01:48.733719
[27 of 50] MLM
Saved: /home/qcx201/Projects/daytrade/data/chart/chart-mlm.json
Saved: /home/qcx201/Projects/daytrade/data/summary/summary-mlm.json
<Response [200]> https://finance.yahoo.com/calendar/earnings/?symbol=MLM&offset=0&size=100
Sleeping 90.0 seconds...
<Response [200]> https://finance.yahoo.com/calendar/earnings/?symbol=MLM&offset=0&size=100
Sleeping 112.5 seconds...
<Response [200]> https://finance.yahoo.com/calendar/earnings/?symbol=MLM&offset=0&size=100
<Response [200]> https://finance.yahoo.com/calendar/earnings/?symbol=MLM&offset=100&size=100
<Response [200]> https://finance.yahoo.com/calendar/earnings/?symbol=MLM&offset=200&size=100
Saved: /home/qcx201/Projects/daytrade/data/earnings/earnings-mlm.json
now: 2025-12-29 18:30:25.544780 | eta: 0:43:06.954003 | delta: 0:50:36.859048 | avg: 0:01:52.476261
[28 of 50] GEHC
Saved: /home/qcx201/Projects/daytrade/data/chart/chart-gehc.json
Saved: /home/qcx201/Projects/daytrade/data/summary/summary-gehc.json
<Response [200]> https://finance.yahoo.com/calendar/earnings/?symbol=GEHC&offset=0&size=100
Sleeping 90.0 seconds...
<Response [200]> https://finance.yahoo.com/calendar/earnings/?symbol=GEHC&offset=0&size=100
Sleeping 112.5 seconds...
<Response [200]> https://finance.yahoo.com/calendar/earnings/?symbol=GEHC&offset=0&size=100
<Response [200]> https://finance.yahoo.com/calendar/earnings/?symbol=GEHC&offset=100&size=100
Saved: /home/qcx201/Projects/daytrade/data/earnings/earnings-gehc.json
now: 2025-12-29 18:33:53.969724 | eta: 0:42:29.866000 | delta: 0:54:05.283992 | avg: 0:01:55.903000
[29 of 50] NRG
Saved: /home/qcx201/Projects/daytrade/data/chart/chart-nrg.json
Saved: /home/qcx201/Projects/daytrade/data/summary/summary-nrg.json
<Response [200]> https://finance.yahoo.com/calendar/earnings/?symbol=NRG&offset=0&size=100
<Response [200]> https://finance.yahoo.com/calendar/earnings/?symbol=NRG&offset=100&size=100
Saved: /home/qcx201/Projects/daytrade/data/earnings/earnings-nrg.json
now: 2025-12-29 18:33:56.663908 | eta: 0:39:11.984187 | delta: 0:54:07.978176 | avg: 0:01:51.999247
[30 of 50] WTW
Saved: /home/qcx201/Projects/daytrade/data/chart/chart-wtw.json
Saved: /home/qcx201/Projects/daytrade/data/summary/summary-wtw.json
<Response [200]> https://finance.yahoo.com/calendar/earnings/?symbol=WTW&offset=0&size=100
<Response [200]> https://finance.yahoo.com/calendar/earnings/?symbol=WTW&offset=100&size=100
Saved: /home/qcx201/Projects/daytrade/data/earnings/earnings-wtw.json
now: 2025-12-29 18:33:59.867566 | eta: 0:36:07.454560 | delta: 0:54:11.181834 | avg: 0:01:48.372728
[31 of 50] HPE
Saved: /home/qcx201/Projects/daytrade/data/chart/chart-hpe.json
Saved: /home/qcx201/Projects/daytrade/data/summary/summary-hpe.json
<Response [200]> https://finance.yahoo.com/calendar/earnings/?symbol=HPE&offset=0&size=100
<Response [200]> https://finance.yahoo.com/calendar/earnings/?symbol=HPE&offset=100&size=100
Sleeping 90.0 seconds...
<Response [200]> https://finance.yahoo.com/calendar/earnings/?symbol=HPE&offset=100&size=100
Sleeping 112.5 seconds...
<Response [200]> https://finance.yahoo.com/calendar/earnings/?symbol=HPE&offset=100&size=100
Saved: /home/qcx201/Projects/daytrade/data/earnings/earnings-hpe.json
now: 2025-12-29 18:37:30.193975 | eta: 0:35:21.569564 | delta: 0:57:41.508243 | avg: 0:01:51.661556
[32 of 50] CPNG
Saved: /home/qcx201/Projects/daytrade/data/chart/chart-cpng.json
Saved: /home/qcx201/Projects/daytrade/data/summary/summary-cpng.json
<Response [200]> https://finance.yahoo.com/calendar/earnings/?symbol=CPNG&offset=0&size=100
<Response [200]> https://finance.yahoo.com/calendar/earnings/?symbol=CPNG&offset=100&size=100
Saved: /home/qcx201/Projects/daytrade/data/earnings/earnings-cpng.json
now: 2025-12-29 18:37:32.623790 | eta: 0:32:28.465152 | delta: 0:57:43.938058 | avg: 0:01:48.248064
[33 of 50] ARES
Saved: /home/qcx201/Projects/daytrade/data/chart/chart-ares.json
Saved: /home/qcx201/Projects/daytrade/data/summary/summary-ares.json
<Response [200]> https://finance.yahoo.com/calendar/earnings/?symbol=ARES&offset=0&size=100
<Response [200]> https://finance.yahoo.com/calendar/earnings/?symbol=ARES&offset=100&size=100
Saved: /home/qcx201/Projects/daytrade/data/earnings/earnings-ares.json
now: 2025-12-29 18:37:35.373345 | eta: 0:29:45.869380 | delta: 0:57:46.687613 | avg: 0:01:45.051140
[34 of 50] HUM
Saved: /home/qcx201/Projects/daytrade/data/chart/chart-hum.json
Saved: /home/qcx201/Projects/daytrade/data/summary/summary-hum.json
<Response [200]> https://finance.yahoo.com/calendar/earnings/?symbol=HUM&offset=0&size=100
Sleeping 90.0 seconds...
<Response [200]> https://finance.yahoo.com/calendar/earnings/?symbol=HUM&offset=0&size=100
Sleeping 112.5 seconds...
<Response [200]> https://finance.yahoo.com/calendar/earnings/?symbol=HUM&offset=0&size=100
<Response [200]> https://finance.yahoo.com/calendar/earnings/?symbol=HUM&offset=100&size=100
<Response [200]> https://finance.yahoo.com/calendar/earnings/?symbol=HUM&offset=200&size=100
Saved: /home/qcx201/Projects/daytrade/data/earnings/earnings-hum.json
now: 2025-12-29 18:41:05.643252 | eta: 0:28:50.332944 | delta: 1:01:16.957520 | avg: 0:01:48.145809
[35 of 50] TER
Saved: /home/qcx201/Projects/daytrade/data/chart/chart-ter.json
Saved: /home/qcx201/Projects/daytrade/data/summary/summary-ter.json
<Response [200]> https://finance.yahoo.com/calendar/earnings/?symbol=TER&offset=0&size=100
<Response [200]> https://finance.yahoo.com/calendar/earnings/?symbol=TER&offset=100&size=100
<Response [200]> https://finance.yahoo.com/calendar/earnings/?symbol=TER&offset=200&size=100
Saved: /home/qcx201/Projects/daytrade/data/earnings/earnings-ter.json
now: 2025-12-29 18:41:09.784104 | eta: 0:26:17.613585 | delta: 1:01:21.098372 | avg: 0:01:45.174239
[36 of 50] SYF
Saved: /home/qcx201/Projects/daytrade/data/chart/chart-syf.json
Saved: /home/qcx201/Projects/daytrade/data/summary/summary-syf.json
<Response [200]> https://finance.yahoo.com/calendar/earnings/?symbol=SYF&offset=0&size=100
<Response [200]> https://finance.yahoo.com/calendar/earnings/?symbol=SYF&offset=100&size=100
Saved: /home/qcx201/Projects/daytrade/data/earnings/earnings-syf.json
now: 2025-12-29 18:41:12.400384 | eta: 0:23:52.555698 | delta: 1:01:23.714652 | avg: 0:01:42.325407
[37 of 50] VRSK
Saved: /home/qcx201/Projects/daytrade/data/chart/chart-vrsk.json
Saved: /home/qcx201/Projects/daytrade/data/summary/summary-vrsk.json
<Response [200]> https://finance.yahoo.com/calendar/earnings/?symbol=VRSK&offset=0&size=100
<Response [200]> https://finance.yahoo.com/calendar/earnings/?symbol=VRSK&offset=100&size=100
Sleeping 90.0 seconds...
<Response [200]> https://finance.yahoo.com/calendar/earnings/?symbol=VRSK&offset=100&size=100
Sleeping 112.5 seconds...
<Response [200]> https://finance.yahoo.com/calendar/earnings/?symbol=VRSK&offset=100&size=100
Saved: /home/qcx201/Projects/daytrade/data/earnings/earnings-vrsk.json
now: 2025-12-29 18:44:39.983347 | eta: 0:22:47.212678 | delta: 1:04:51.297615 | avg: 0:01:45.170206
[38 of 50] COHR
Saved: /home/qcx201/Projects/daytrade/data/chart/chart-cohr.json
Saved: /home/qcx201/Projects/daytrade/data/summary/summary-cohr.json
<Response [200]> https://finance.yahoo.com/calendar/earnings/?symbol=COHR&offset=0&size=100
<Response [200]> https://finance.yahoo.com/calendar/earnings/?symbol=COHR&offset=100&size=100
<Response [200]> https://finance.yahoo.com/calendar/earnings/?symbol=COHR&offset=200&size=100
Saved: /home/qcx201/Projects/daytrade/data/earnings/earnings-cohr.json
now: 2025-12-29 18:44:43.514158 | eta: 0:20:29.945820 | delta: 1:04:54.828426 | avg: 0:01:42.495485
[39 of 50] DG
Saved: /home/qcx201/Projects/daytrade/data/chart/chart-dg.json
Saved: /home/qcx201/Projects/daytrade/data/summary/summary-dg.json
<Response [200]> https://finance.yahoo.com/calendar/earnings/?symbol=DG&offset=0&size=100
<Response [200]> https://finance.yahoo.com/calendar/earnings/?symbol=DG&offset=100&size=100
Saved: /home/qcx201/Projects/daytrade/data/earnings/earnings-dg.json
now: 2025-12-29 18:44:45.756134 | eta: 0:18:19.173702 | delta: 1:04:57.070402 | avg: 0:01:39.924882
[40 of 50] NTRA
Saved: /home/qcx201/Projects/daytrade/data/chart/chart-ntra.json
Saved: /home/qcx201/Projects/daytrade/data/summary/summary-ntra.json
<Response [200]> https://finance.yahoo.com/calendar/earnings/?symbol=NTRA&offset=0&size=100
<Response [200]> https://finance.yahoo.com/calendar/earnings/?symbol=NTRA&offset=100&size=100
Saved: /home/qcx201/Projects/daytrade/data/earnings/earnings-ntra.json
now: 2025-12-29 18:44:48.790596 | eta: 0:16:15.026220 | delta: 1:05:00.104864 | avg: 0:01:37.502622
[41 of 50] RJF
Saved: /home/qcx201/Projects/daytrade/data/chart/chart-rjf.json
Saved: /home/qcx201/Projects/daytrade/data/summary/summary-rjf.json
<Response [200]> https://finance.yahoo.com/calendar/earnings/?symbol=RJF&offset=0&size=100
Sleeping 90.0 seconds...
<Response [200]> https://finance.yahoo.com/calendar/earnings/?symbol=RJF&offset=0&size=100
<Response [200]> https://finance.yahoo.com/calendar/earnings/?symbol=RJF&offset=100&size=100
<Response [200]> https://finance.yahoo.com/calendar/earnings/?symbol=RJF&offset=200&size=100
Saved: /home/qcx201/Projects/daytrade/data/earnings/earnings-rjf.json
now: 2025-12-29 18:46:24.290549 | eta: 0:14:37.083984 | delta: 1:06:35.604817 | avg: 0:01:37.453776
[42 of 50] VICI
Saved: /home/qcx201/Projects/daytrade/data/chart/chart-vici.json
Saved: /home/qcx201/Projects/daytrade/data/summary/summary-vici.json
<Response [200]> https://finance.yahoo.com/calendar/earnings/?symbol=VICI&offset=0&size=100
<Response [200]> https://finance.yahoo.com/calendar/earnings/?symbol=VICI&offset=100&size=100
Saved: /home/qcx201/Projects/daytrade/data/earnings/earnings-vici.json
now: 2025-12-29 18:46:26.839056 | eta: 0:12:41.553016 | delta: 1:06:38.153324 | avg: 0:01:35.194127
[43 of 50] LPLA
Saved: /home/qcx201/Projects/daytrade/data/chart/chart-lpla.json
Saved: /home/qcx201/Projects/daytrade/data/summary/summary-lpla.json
<Response [200]> https://finance.yahoo.com/calendar/earnings/?symbol=LPLA&offset=0&size=100
<Response [200]> https://finance.yahoo.com/calendar/earnings/?symbol=LPLA&offset=100&size=100
Sleeping 90.0 seconds...
<Response [200]> https://finance.yahoo.com/calendar/earnings/?symbol=LPLA&offset=100&size=100
Saved: /home/qcx201/Projects/daytrade/data/earnings/earnings-lpla.json
now: 2025-12-29 18:48:00.584239 | eta: 0:11:06.123010 | delta: 1:08:11.898507 | avg: 0:01:35.160430
[44 of 50] ODFL
Saved: /home/qcx201/Projects/daytrade/data/chart/chart-odfl.json
Saved: /home/qcx201/Projects/daytrade/data/summary/summary-odfl.json
<Response [200]> https://finance.yahoo.com/calendar/earnings/?symbol=ODFL&offset=0&size=100
<Response [200]> https://finance.yahoo.com/calendar/earnings/?symbol=ODFL&offset=100&size=100
<Response [200]> https://finance.yahoo.com/calendar/earnings/?symbol=ODFL&offset=200&size=100
Saved: /home/qcx201/Projects/daytrade/data/earnings/earnings-odfl.json
now: 2025-12-29 18:48:05.282260 | eta: 0:09:18.626802 | delta: 1:08:16.596528 | avg: 0:01:33.104467
[45 of 50] MTD
Saved: /home/qcx201/Projects/daytrade/data/chart/chart-mtd.json
Saved: /home/qcx201/Projects/daytrade/data/summary/summary-mtd.json
<Response [200]> https://finance.yahoo.com/calendar/earnings/?symbol=MTD&offset=0&size=100
<Response [200]> https://finance.yahoo.com/calendar/earnings/?symbol=MTD&offset=100&size=100
<Response [200]> https://finance.yahoo.com/calendar/earnings/?symbol=MTD&offset=200&size=100
Saved: /home/qcx201/Projects/daytrade/data/earnings/earnings-mtd.json
now: 2025-12-29 18:48:08.972495 | eta: 0:07:35.587420 | delta: 1:08:20.286763 | avg: 0:01:31.117484
[46 of 50] RKLB
Saved: /home/qcx201/Projects/daytrade/data/chart/chart-rklb.json
Saved: /home/qcx201/Projects/daytrade/data/summary/summary-rklb.json
<Response [200]> https://finance.yahoo.com/calendar/earnings/?symbol=RKLB&offset=0&size=100
Sleeping 90.0 seconds...
<Response [200]> https://finance.yahoo.com/calendar/earnings/?symbol=RKLB&offset=0&size=100
<Response [200]> https://finance.yahoo.com/calendar/earnings/?symbol=RKLB&offset=100&size=100
Saved: /home/qcx201/Projects/daytrade/data/earnings/earnings-rklb.json
now: 2025-12-29 18:49:43.544483 | eta: 0:06:04.770328 | delta: 1:09:54.858751 | avg: 0:01:31.192582
[47 of 50] MTB
Saved: /home/qcx201/Projects/daytrade/data/chart/chart-mtb.json
Saved: /home/qcx201/Projects/daytrade/data/summary/summary-mtb.json
<Response [200]> https://finance.yahoo.com/calendar/earnings/?symbol=MTB&offset=0&size=100
<Response [200]> https://finance.yahoo.com/calendar/earnings/?symbol=MTB&offset=100&size=100
<Response [200]> https://finance.yahoo.com/calendar/earnings/?symbol=MTB&offset=200&size=100
Saved: /home/qcx201/Projects/daytrade/data/earnings/earnings-mtb.json
now: 2025-12-29 18:49:47.355260 | eta: 0:04:28.000182 | delta: 1:09:58.669528 | avg: 0:01:29.333394
[48 of 50] FITB
Saved: /home/qcx201/Projects/daytrade/data/chart/chart-fitb.json
Saved: /home/qcx201/Projects/daytrade/data/summary/summary-fitb.json
<Response [200]> https://finance.yahoo.com/calendar/earnings/?symbol=FITB&offset=0&size=100
<Response [200]> https://finance.yahoo.com/calendar/earnings/?symbol=FITB&offset=100&size=100
<Response [200]> https://finance.yahoo.com/calendar/earnings/?symbol=FITB&offset=200&size=100
Saved: /home/qcx201/Projects/daytrade/data/earnings/earnings-fitb.json
now: 2025-12-29 18:49:51.073272 | eta: 0:02:55.099480 | delta: 1:10:02.387540 | avg: 0:01:27.549740
[49 of 50] MDB
Saved: /home/qcx201/Projects/daytrade/data/chart/chart-mdb.json
Saved: /home/qcx201/Projects/daytrade/data/summary/summary-mdb.json
<Response [200]> https://finance.yahoo.com/calendar/earnings/?symbol=MDB&offset=0&size=100
<Response [200]> https://finance.yahoo.com/calendar/earnings/?symbol=MDB&offset=100&size=100
Saved: /home/qcx201/Projects/daytrade/data/earnings/earnings-mdb.json
now: 2025-12-29 18:49:53.379441 | eta: 0:01:25.810076 | delta: 1:10:04.693709 | avg: 0:01:25.810076
[50 of 50] KVUE
Saved: /home/qcx201/Projects/daytrade/data/chart/chart-kvue.json
Saved: /home/qcx201/Projects/daytrade/data/summary/summary-kvue.json
<Response [200]> https://finance.yahoo.com/calendar/earnings/?symbol=KVUE&offset=0&size=100
<Response [200]> https://finance.yahoo.com/calendar/earnings/?symbol=KVUE&offset=100&size=100
Saved: /home/qcx201/Projects/daytrade/data/earnings/earnings-kvue.json
now: 2025-12-29 18:49:55.185394 | eta: 0:00:00 | delta: 1:10:06.499662 | avg: 0:01:24.129993
-- Complete --
