[1 of 50] BMY
Saved: /home/qcx201/Projects/daytrade/data/chart/chart-bmy.json
Saved: /home/qcx201/Projects/daytrade/data/summary/summary-bmy.json
<Response [200]> https://finance.yahoo.com/calendar/earnings/?symbol=BMY&offset=0&size=100
<Response [200]> https://finance.yahoo.com/calendar/earnings/?symbol=BMY&offset=100&size=100
<Response [200]> https://finance.yahoo.com/calendar/earnings/?symbol=BMY&offset=200&size=100
Saved: /home/qcx201/Projects/daytrade/data/earnings/earnings-bmy.json
now: 2025-12-29 17:39:56.690505 | eta: 0:06:21.430161 | delta: 0:00:07.784289 | avg: 0:00:07.784289
[2 of 50] CMCSA
Saved: /home/qcx201/Projects/daytrade/data/chart/chart-cmcsa.json
Saved: /home/qcx201/Projects/daytrade/data/summary/summary-cmcsa.json
<Response [200]> https://finance.yahoo.com/calendar/earnings/?symbol=CMCSA&offset=0&size=100
<Response [200]> https://finance.yahoo.com/calendar/earnings/?symbol=CMCSA&offset=100&size=100
<Response [200]> https://finance.yahoo.com/calendar/earnings/?symbol=CMCSA&offset=200&size=100
Saved: /home/qcx201/Projects/daytrade/data/earnings/earnings-cmcsa.json
now: 2025-12-29 17:40:03.850105 | eta: 0:05:58.653312 | delta: 0:00:14.943889 | avg: 0:00:07.471944
[3 of 50] ADP
Saved: /home/qcx201/Projects/daytrade/data/chart/chart-adp.json
Saved: /home/qcx201/Projects/daytrade/data/summary/summary-adp.json
<Response [200]> https://finance.yahoo.com/calendar/earnings/?symbol=ADP&offset=0&size=100
<Response [200]> https://finance.yahoo.com/calendar/earnings/?symbol=ADP&offset=100&size=100
<Response [200]> https://finance.yahoo.com/calendar/earnings/?symbol=ADP&offset=200&size=100
Saved: /home/qcx201/Projects/daytrade/data/earnings/earnings-adp.json
now: 2025-12-29 17:40:14.052929 | eta: 0:06:33.965186 | delta: 0:00:25.146713 | avg: 0:00:08.382238
[4 of 50] MCK
Saved: /home/qcx201/Projects/daytrade/data/chart/chart-mck.json
Saved: /home/qcx201/Projects/daytrade/data/summary/summary-mck.json
<Response [200]> https://finance.yahoo.com/calendar/earnings/?symbol=MCK&offset=0&size=100
<Response [200]> https://finance.yahoo.com/calendar/earnings/?symbol=MCK&offset=100&size=100
<Response [200]> https://finance.yahoo.com/calendar/earnings/?symbol=MCK&offset=200&size=100
Saved: /home/qcx201/Projects/daytrade/data/earnings/earnings-mck.json
now: 2025-12-29 17:40:20.669125 | eta: 0:06:05.273442 | delta: 0:00:31.762909 | avg: 0:00:07.940727
[5 of 50] LMT
Saved: /home/qcx201/Projects/daytrade/data/chart/chart-lmt.json
Saved: /home/qcx201/Projects/daytrade/data/summary/summary-lmt.json
<Response [200]> https://finance.yahoo.com/calendar/earnings/?symbol=LMT&offset=0&size=100
<Response [200]> https://finance.yahoo.com/calendar/earnings/?symbol=LMT&offset=100&size=100
Sleeping 90.0 seconds...
<Response [200]> https://finance.yahoo.com/calendar/earnings/?symbol=LMT&offset=100&size=100
Sleeping 112.5 seconds...
<Response [200]> https://finance.yahoo.com/calendar/earnings/?symbol=LMT&offset=100&size=100
<Response [200]> https://finance.yahoo.com/calendar/earnings/?symbol=LMT&offset=200&size=100
Saved: /home/qcx201/Projects/daytrade/data/earnings/earnings-lmt.json
now: 2025-12-29 17:43:56.558344 | eta: 0:37:08.869170 | delta: 0:04:07.652128 | avg: 0:00:49.530426
[6 of 50] CVS
Saved: /home/qcx201/Projects/daytrade/data/chart/chart-cvs.json
Saved: /home/qcx201/Projects/daytrade/data/summary/summary-cvs.json
<Response [200]> https://finance.yahoo.com/calendar/earnings/?symbol=CVS&offset=0&size=100
<Response [200]> https://finance.yahoo.com/calendar/earnings/?symbol=CVS&offset=100&size=100
<Response [200]> https://finance.yahoo.com/calendar/earnings/?symbol=CVS&offset=200&size=100
Saved: /home/qcx201/Projects/daytrade/data/earnings/earnings-cvs.json
now: 2025-12-29 17:44:01.685907 | eta: 0:30:53.717712 | delta: 0:04:12.779691 | avg: 0:00:42.129948
[7 of 50] CME
Saved: /home/qcx201/Projects/daytrade/data/chart/chart-cme.json
Saved: /home/qcx201/Projects/daytrade/data/summary/summary-cme.json
<Response [200]> https://finance.yahoo.com/calendar/earnings/?symbol=CME&offset=0&size=100
Sleeping 90.0 seconds...
<Response [200]> https://finance.yahoo.com/calendar/earnings/?symbol=CME&offset=0&size=100
Sleeping 112.5 seconds...
<Response [200]> https://finance.yahoo.com/calendar/earnings/?symbol=CME&offset=0&size=100
<Response [200]> https://finance.yahoo.com/calendar/earnings/?symbol=CME&offset=100&size=100
Saved: /home/qcx201/Projects/daytrade/data/earnings/earnings-cme.json
now: 2025-12-29 17:47:32.590081 | eta: 0:47:28.343736 | delta: 0:07:43.683865 | avg: 0:01:06.240552
[8 of 50] SO
Saved: /home/qcx201/Projects/daytrade/data/chart/chart-so.json
Saved: /home/qcx201/Projects/daytrade/data/summary/summary-so.json
<Response [200]> https://finance.yahoo.com/calendar/earnings/?symbol=SO&offset=0&size=100
<Response [200]> https://finance.yahoo.com/calendar/earnings/?symbol=SO&offset=100&size=100
<Response [200]> https://finance.yahoo.com/calendar/earnings/?symbol=SO&offset=200&size=100
Sleeping 90.0 seconds...
<Response [200]> https://finance.yahoo.com/calendar/earnings/?symbol=SO&offset=200&size=100
Sleeping 112.5 seconds...
<Response [200]> https://finance.yahoo.com/calendar/earnings/?symbol=SO&offset=200&size=100
Saved: /home/qcx201/Projects/daytrade/data/earnings/earnings-so.json
now: 2025-12-29 17:51:07.121965 | eta: 0:59:20.632698 | delta: 0:11:18.215749 | avg: 0:01:24.776969
[9 of 50] ICE
Saved: /home/qcx201/Projects/daytrade/data/chart/chart-ice.json
Saved: /home/qcx201/Projects/daytrade/data/summary/summary-ice.json
<Response [200]> https://finance.yahoo.com/calendar/earnings/?symbol=ICE&offset=0&size=100
<Response [200]> https://finance.yahoo.com/calendar/earnings/?symbol=ICE&offset=100&size=100
Saved: /home/qcx201/Projects/daytrade/data/earnings/earnings-ice.json
now: 2025-12-29 17:51:11.024410 | eta: 0:51:47.427310 | delta: 0:11:22.118194 | avg: 0:01:15.790910
[10 of 50] MMC
Saved: /home/qcx201/Projects/daytrade/data/chart/chart-mmc.json
Saved: /home/qcx201/Projects/daytrade/data/summary/summary-mmc.json
<Response [200]> https://finance.yahoo.com/calendar/earnings/?symbol=MMC&offset=0&size=100
<Response [200]> https://finance.yahoo.com/calendar/earnings/?symbol=MMC&offset=100&size=100
<Response [200]> https://finance.yahoo.com/calendar/earnings/?symbol=MMC&offset=200&size=100
Sleeping 90.0 seconds...
<Response [200]> https://finance.yahoo.com/calendar/earnings/?symbol=MMC&offset=200&size=100
Sleeping 112.5 seconds...
<Response [200]> https://finance.yahoo.com/calendar/earnings/?symbol=MMC&offset=200&size=100
Saved: /home/qcx201/Projects/daytrade/data/earnings/earnings-mmc.json
now: 2025-12-29 17:54:45.114583 | eta: 0:59:44.833480 | delta: 0:14:56.208367 | avg: 0:01:29.620837
[11 of 50] SBUX
Saved: /home/qcx201/Projects/daytrade/data/chart/chart-sbux.json
Saved: /home/qcx201/Projects/daytrade/data/summary/summary-sbux.json
<Response [200]> https://finance.yahoo.com/calendar/earnings/?symbol=SBUX&offset=0&size=100
<Response [200]> https://finance.yahoo.com/calendar/earnings/?symbol=SBUX&offset=100&size=100
<Response [200]> https://finance.yahoo.com/calendar/earnings/?symbol=SBUX&offset=200&size=100
Saved: /home/qcx201/Projects/daytrade/data/earnings/earnings-sbux.json
now: 2025-12-29 17:54:49.345188 | eta: 0:53:12.465432 | delta: 0:15:00.438972 | avg: 0:01:21.858088
[12 of 50] TMUS
Saved: /home/qcx201/Projects/daytrade/data/chart/chart-tmus.json
Saved: /home/qcx201/Projects/daytrade/data/summary/summary-tmus.json
<Response [200]> https://finance.yahoo.com/calendar/earnings/?symbol=TMUS&offset=0&size=100
<Response [200]> https://finance.yahoo.com/calendar/earnings/?symbol=TMUS&offset=100&size=100
Saved: /home/qcx201/Projects/daytrade/data/earnings/earnings-tmus.json
now: 2025-12-29 17:54:51.875014 | eta: 0:47:39.401200 | delta: 0:15:02.968798 | avg: 0:01:15.247400
[13 of 50] MO
Saved: /home/qcx201/Projects/daytrade/data/chart/chart-mo.json
Saved: /home/qcx201/Projects/daytrade/data/summary/summary-mo.json
<Response [200]> https://finance.yahoo.com/calendar/earnings/?symbol=MO&offset=0&size=100
Sleeping 90.0 seconds...
<Response [200]> https://finance.yahoo.com/calendar/earnings/?symbol=MO&offset=0&size=100
Sleeping 112.5 seconds...
<Response [200]> https://finance.yahoo.com/calendar/earnings/?symbol=MO&offset=0&size=100
<Response [200]> https://finance.yahoo.com/calendar/earnings/?symbol=MO&offset=100&size=100
<Response [200]> https://finance.yahoo.com/calendar/earnings/?symbol=MO&offset=200&size=100
Sleeping 135.0 seconds...
<Response [200]> https://finance.yahoo.com/calendar/earnings/?symbol=MO&offset=200&size=100
Saved: /home/qcx201/Projects/daytrade/data/earnings/earnings-mo.json
now: 2025-12-29 18:00:44.903102 | eta: 0:59:34.760365 | delta: 0:20:55.996886 | avg: 0:01:36.615145
[14 of 50] MMM
Saved: /home/qcx201/Projects/daytrade/data/chart/chart-mmm.json
Saved: /home/qcx201/Projects/daytrade/data/summary/summary-mmm.json
<Response [200]> https://finance.yahoo.com/calendar/earnings/?symbol=MMM&offset=0&size=100
<Response [200]> https://finance.yahoo.com/calendar/earnings/?symbol=MMM&offset=100&size=100
<Response [200]> https://finance.yahoo.com/calendar/earnings/?symbol=MMM&offset=200&size=100
Saved: /home/qcx201/Projects/daytrade/data/earnings/earnings-mmm.json
now: 2025-12-29 18:00:49.644379 | eta: 0:54:01.898136 | delta: 0:21:00.738163 | avg: 0:01:30.052726
[15 of 50] HOOD
Saved: /home/qcx201/Projects/daytrade/data/chart/chart-hood.json
Saved: /home/qcx201/Projects/daytrade/data/summary/summary-hood.json
<Response [200]> https://finance.yahoo.com/calendar/earnings/?symbol=HOOD&offset=0&size=100
<Response [200]> https://finance.yahoo.com/calendar/earnings/?symbol=HOOD&offset=100&size=100
Saved: /home/qcx201/Projects/daytrade/data/earnings/earnings-hood.json
now: 2025-12-29 18:00:51.515594 | eta: 0:49:06.088565 | delta: 0:21:02.609378 | avg: 0:01:24.173959
[16 of 50] GD
Saved: /home/qcx201/Projects/daytrade/data/chart/chart-gd.json
Saved: /home/qcx201/Projects/daytrade/data/summary/summary-gd.json
<Response [200]> https://finance.yahoo.com/calendar/earnings/?symbol=GD&offset=0&size=100
<Response [200]> https://finance.yahoo.com/calendar/earnings/?symbol=GD&offset=100&size=100
<Response [200]> https://finance.yahoo.com/calendar/earnings/?symbol=GD&offset=200&size=100
Saved: /home/qcx201/Projects/daytrade/data/earnings/earnings-gd.json
now: 2025-12-29 18:00:55.557095 | eta: 0:44:51.633120 | delta: 0:21:06.650879 | avg: 0:01:19.165680
[17 of 50] CDNS
Saved: /home/qcx201/Projects/daytrade/data/chart/chart-cdns.json
Saved: /home/qcx201/Projects/daytrade/data/summary/summary-cdns.json
<Response [200]> https://finance.yahoo.com/calendar/earnings/?symbol=CDNS&offset=0&size=100
<Response [200]> https://finance.yahoo.com/calendar/earnings/?symbol=CDNS&offset=100&size=100
<Response [200]> https://finance.yahoo.com/calendar/earnings/?symbol=CDNS&offset=200&size=100
Saved: /home/qcx201/Projects/daytrade/data/earnings/earnings-cdns.json
now: 2025-12-29 18:00:59.378595 | eta: 0:41:06.211077 | delta: 0:21:10.472379 | avg: 0:01:14.733669
[18 of 50] CRH
Saved: /home/qcx201/Projects/daytrade/data/chart/chart-crh.json
Saved: /home/qcx201/Projects/daytrade/data/summary/summary-crh.json
<Response [200]> https://finance.yahoo.com/calendar/earnings/?symbol=CRH&offset=0&size=100
<Response [200]> https://finance.yahoo.com/calendar/earnings/?symbol=CRH&offset=100&size=100
Saved: /home/qcx201/Projects/daytrade/data/earnings/earnings-crh.json
now: 2025-12-29 18:01:01.851692 | eta: 0:37:43.014176 | delta: 0:21:12.945476 | avg: 0:01:10.719193
[19 of 50] SPOT
Saved: /home/qcx201/Projects/daytrade/data/chart/chart-spot.json
Saved: /home/qcx201/Projects/daytrade/data/summary/summary-spot.json
<Response [200]> https://finance.yahoo.com/calendar/earnings/?symbol=SPOT&offset=0&size=100
<Response [200]> https://finance.yahoo.com/calendar/earnings/?symbol=SPOT&offset=100&size=100
Saved: /home/qcx201/Projects/daytrade/data/earnings/earnings-spot.json
now: 2025-12-29 18:01:03.860026 | eta: 0:34:40.187792 | delta: 0:21:14.953810 | avg: 0:01:07.102832
[20 of 50] TT
Saved: /home/qcx201/Projects/daytrade/data/chart/chart-tt.json
Saved: /home/qcx201/Projects/daytrade/data/summary/summary-tt.json
<Response [200]> https://finance.yahoo.com/calendar/earnings/?symbol=TT&offset=0&size=100
<Response [200]> https://finance.yahoo.com/calendar/earnings/?symbol=TT&offset=100&size=100
<Response [200]> https://finance.yahoo.com/calendar/earnings/?symbol=TT&offset=200&size=100
Saved: /home/qcx201/Projects/daytrade/data/earnings/earnings-tt.json
now: 2025-12-29 18:01:07.610628 | eta: 0:31:58.056630 | delta: 0:21:18.704412 | avg: 0:01:03.935221
[21 of 50] KKR
Saved: /home/qcx201/Projects/daytrade/data/chart/chart-kkr.json
Saved: /home/qcx201/Projects/daytrade/data/summary/summary-kkr.json
<Response [200]> https://finance.yahoo.com/calendar/earnings/?symbol=KKR&offset=0&size=100
<Response [200]> https://finance.yahoo.com/calendar/earnings/?symbol=KKR&offset=100&size=100
Saved: /home/qcx201/Projects/daytrade/data/earnings/earnings-kkr.json
now: 2025-12-29 18:01:09.658239 | eta: 0:29:28.657568 | delta: 0:21:20.752023 | avg: 0:01:00.988192
[22 of 50] DUK
Saved: /home/qcx201/Projects/daytrade/data/chart/chart-duk.json
Saved: /home/qcx201/Projects/daytrade/data/summary/summary-duk.json
<Response [200]> https://finance.yahoo.com/calendar/earnings/?symbol=DUK&offset=0&size=100
<Response [200]> https://finance.yahoo.com/calendar/earnings/?symbol=DUK&offset=100&size=100
<Response [200]> https://finance.yahoo.com/calendar/earnings/?symbol=DUK&offset=200&size=100
Saved: /home/qcx201/Projects/daytrade/data/earnings/earnings-duk.json
now: 2025-12-29 18:01:13.312416 | eta: 0:27:14.698800 | delta: 0:21:24.406200 | avg: 0:00:58.382100
[23 of 50] SNPS
Saved: /home/qcx201/Projects/daytrade/data/chart/chart-snps.json
Saved: /home/qcx201/Projects/daytrade/data/summary/summary-snps.json
<Response [200]> https://finance.yahoo.com/calendar/earnings/?symbol=SNPS&offset=0&size=100
<Response [200]> https://finance.yahoo.com/calendar/earnings/?symbol=SNPS&offset=100&size=100
<Response [200]> https://finance.yahoo.com/calendar/earnings/?symbol=SNPS&offset=200&size=100
Saved: /home/qcx201/Projects/daytrade/data/earnings/earnings-snps.json
now: 2025-12-29 18:01:16.304317 | eta: 0:25:11.293410 | delta: 0:21:27.398101 | avg: 0:00:55.973830
[24 of 50] BK
Saved: /home/qcx201/Projects/daytrade/data/chart/chart-bk.json
Saved: /home/qcx201/Projects/daytrade/data/summary/summary-bk.json
<Response [200]> https://finance.yahoo.com/calendar/earnings/?symbol=BK&offset=0&size=100
<Response [200]> https://finance.yahoo.com/calendar/earnings/?symbol=BK&offset=100&size=100
Sleeping 90.0 seconds...
<Response [200]> https://finance.yahoo.com/calendar/earnings/?symbol=BK&offset=100&size=100
Sleeping 112.5 seconds...
<Response [200]> https://finance.yahoo.com/calendar/earnings/?symbol=BK&offset=100&size=100
Sleeping 135.0 seconds...
<Response [200]> https://finance.yahoo.com/calendar/earnings/?symbol=BK&offset=100&size=100
<Response [200]> https://finance.yahoo.com/calendar/earnings/?symbol=BK&offset=200&size=100
Saved: /home/qcx201/Projects/daytrade/data/earnings/earnings-bk.json
now: 2025-12-29 18:07:07.475205 | eta: 0:29:35.116408 | delta: 0:27:18.568989 | avg: 0:01:08.273708
[25 of 50] REGN
Saved: /home/qcx201/Projects/daytrade/data/chart/chart-regn.json
Saved: /home/qcx201/Projects/daytrade/data/summary/summary-regn.json
<Response [200]> https://finance.yahoo.com/calendar/earnings/?symbol=REGN&offset=0&size=100
<Response [200]> https://finance.yahoo.com/calendar/earnings/?symbol=REGN&offset=100&size=100
<Response [200]> https://finance.yahoo.com/calendar/earnings/?symbol=REGN&offset=200&size=100
Saved: /home/qcx201/Projects/daytrade/data/earnings/earnings-regn.json
now: 2025-12-29 18:07:10.728427 | eta: 0:27:21.822200 | delta: 0:27:21.822211 | avg: 0:01:05.672888
[26 of 50] JCI
Saved: /home/qcx201/Projects/daytrade/data/chart/chart-jci.json
Saved: /home/qcx201/Projects/daytrade/data/summary/summary-jci.json
<Response [200]> https://finance.yahoo.com/calendar/earnings/?symbol=JCI&offset=0&size=100
<Response [200]> https://finance.yahoo.com/calendar/earnings/?symbol=JCI&offset=100&size=100
<Response [200]> https://finance.yahoo.com/calendar/earnings/?symbol=JCI&offset=200&size=100
Saved: /home/qcx201/Projects/daytrade/data/earnings/earnings-jci.json
now: 2025-12-29 18:07:14.719452 | eta: 0:25:19.212216 | delta: 0:27:25.813236 | avg: 0:01:03.300509
[27 of 50] MCO
Saved: /home/qcx201/Projects/daytrade/data/chart/chart-mco.json
Saved: /home/qcx201/Projects/daytrade/data/summary/summary-mco.json
<Response [200]> https://finance.yahoo.com/calendar/earnings/?symbol=MCO&offset=0&size=100
<Response [200]> https://finance.yahoo.com/calendar/earnings/?symbol=MCO&offset=100&size=100
<Response [200]> https://finance.yahoo.com/calendar/earnings/?symbol=MCO&offset=200&size=100
Saved: /home/qcx201/Projects/daytrade/data/earnings/earnings-mco.json
now: 2025-12-29 18:07:18.475983 | eta: 0:23:25.189071 | delta: 0:27:29.569767 | avg: 0:01:01.095177
[28 of 50] WM
Saved: /home/qcx201/Projects/daytrade/data/chart/chart-wm.json
Saved: /home/qcx201/Projects/daytrade/data/summary/summary-wm.json
<Response [200]> https://finance.yahoo.com/calendar/earnings/?symbol=WM&offset=0&size=100
<Response [200]> https://finance.yahoo.com/calendar/earnings/?symbol=WM&offset=100&size=100
<Response [200]> https://finance.yahoo.com/calendar/earnings/?symbol=WM&offset=200&size=100
Saved: /home/qcx201/Projects/daytrade/data/earnings/earnings-wm.json
now: 2025-12-29 18:07:21.523117 | eta: 0:21:38.484704 | delta: 0:27:32.616901 | avg: 0:00:59.022032
[29 of 50] AMT
Saved: /home/qcx201/Projects/daytrade/data/chart/chart-amt.json
Saved: /home/qcx201/Projects/daytrade/data/summary/summary-amt.json
<Response [200]> https://finance.yahoo.com/calendar/earnings/?symbol=AMT&offset=0&size=100
<Response [200]> https://finance.yahoo.com/calendar/earnings/?symbol=AMT&offset=100&size=100
<Response [200]> https://finance.yahoo.com/calendar/earnings/?symbol=AMT&offset=200&size=100
Saved: /home/qcx201/Projects/daytrade/data/earnings/earnings-amt.json
now: 2025-12-29 18:07:26.724548 | eta: 0:20:00.489129 | delta: 0:27:37.818332 | avg: 0:00:57.166149
[30 of 50] DASH
Saved: /home/qcx201/Projects/daytrade/data/chart/chart-dash.json
Saved: /home/qcx201/Projects/daytrade/data/summary/summary-dash.json
<Response [200]> https://finance.yahoo.com/calendar/earnings/?symbol=DASH&offset=0&size=100
<Response [200]> https://finance.yahoo.com/calendar/earnings/?symbol=DASH&offset=100&size=100
Saved: /home/qcx201/Projects/daytrade/data/earnings/earnings-dash.json
now: 2025-12-29 18:07:28.990841 | eta: 0:18:26.723080 | delta: 0:27:40.084625 | avg: 0:00:55.336154
[31 of 50] PNC
Saved: /home/qcx201/Projects/daytrade/data/chart/chart-pnc.json
Saved: /home/qcx201/Projects/daytrade/data/summary/summary-pnc.json
<Response [200]> https://finance.yahoo.com/calendar/earnings/?symbol=PNC&offset=0&size=100
<Response [200]> https://finance.yahoo.com/calendar/earnings/?symbol=PNC&offset=100&size=100
<Response [200]> https://finance.yahoo.com/calendar/earnings/?symbol=PNC&offset=200&size=100
Saved: /home/qcx201/Projects/daytrade/data/earnings/earnings-pnc.json
now: 2025-12-29 18:07:32.416770 | eta: 0:16:59.570989 | delta: 0:27:43.510554 | avg: 0:00:53.661631
[32 of 50] HWM
Saved: /home/qcx201/Projects/daytrade/data/chart/chart-hwm.json
Saved: /home/qcx201/Projects/daytrade/data/summary/summary-hwm.json
<Response [200]> https://finance.yahoo.com/calendar/earnings/?symbol=HWM&offset=0&size=100
<Response [200]> https://finance.yahoo.com/calendar/earnings/?symbol=HWM&offset=100&size=100
Saved: /home/qcx201/Projects/daytrade/data/earnings/earnings-hwm.json
now: 2025-12-29 18:07:36.079990 | eta: 0:15:37.785240 | delta: 0:27:47.173774 | avg: 0:00:52.099180
[33 of 50] USB
Saved: /home/qcx201/Projects/daytrade/data/chart/chart-usb.json
Saved: /home/qcx201/Projects/daytrade/data/summary/summary-usb.json
<Response [200]> https://finance.yahoo.com/calendar/earnings/?symbol=USB&offset=0&size=100
<Response [200]> https://finance.yahoo.com/calendar/earnings/?symbol=USB&offset=100&size=100
Saved: /home/qcx201/Projects/daytrade/data/earnings/earnings-usb.json
now: 2025-12-29 18:07:40.225172 | eta: 0:14:20.982493 | delta: 0:27:51.318956 | avg: 0:00:50.646029
[34 of 50] SHW
Saved: /home/qcx201/Projects/daytrade/data/chart/chart-shw.json
Saved: /home/qcx201/Projects/daytrade/data/summary/summary-shw.json
<Response [200]> https://finance.yahoo.com/calendar/earnings/?symbol=SHW&offset=0&size=100
<Response [200]> https://finance.yahoo.com/calendar/earnings/?symbol=SHW&offset=100&size=100
<Response [200]> https://finance.yahoo.com/calendar/earnings/?symbol=SHW&offset=200&size=100
Saved: /home/qcx201/Projects/daytrade/data/earnings/earnings-shw.json
now: 2025-12-29 18:07:44.529934 | eta: 0:13:08.528816 | delta: 0:27:55.623718 | avg: 0:00:49.283051
[35 of 50] SNOW
Saved: /home/qcx201/Projects/daytrade/data/chart/chart-snow.json
Saved: /home/qcx201/Projects/daytrade/data/summary/summary-snow.json
<Response [200]> https://finance.yahoo.com/calendar/earnings/?symbol=SNOW&offset=0&size=100
<Response [200]> https://finance.yahoo.com/calendar/earnings/?symbol=SNOW&offset=100&size=100
Saved: /home/qcx201/Projects/daytrade/data/earnings/earnings-snow.json
now: 2025-12-29 18:07:46.558100 | eta: 0:11:58.993665 | delta: 0:27:57.651884 | avg: 0:00:47.932911
[36 of 50] UPS
Saved: /home/qcx201/Projects/daytrade/data/chart/chart-ups.json
Saved: /home/qcx201/Projects/daytrade/data/summary/summary-ups.json
<Response [200]> https://finance.yahoo.com/calendar/earnings/?symbol=UPS&offset=0&size=100
<Response [200]> https://finance.yahoo.com/calendar/earnings/?symbol=UPS&offset=100&size=100
<Response [200]> https://finance.yahoo.com/calendar/earnings/?symbol=UPS&offset=200&size=100
Sleeping 90.0 seconds...
<Response [200]> https://finance.yahoo.com/calendar/earnings/?symbol=UPS&offset=200&size=100
Sleeping 112.5 seconds...
<Response [200]> https://finance.yahoo.com/calendar/earnings/?symbol=UPS&offset=200&size=100
Sleeping 135.0 seconds...
<Response [200]> https://finance.yahoo.com/calendar/earnings/?symbol=UPS&offset=200&size=100
Saved: /home/qcx201/Projects/daytrade/data/earnings/earnings-ups.json
now: 2025-12-29 18:13:34.154582 | eta: 0:13:07.596586 | delta: 0:33:45.248366 | avg: 0:00:56.256899
[37 of 50] ITW
Saved: /home/qcx201/Projects/daytrade/data/chart/chart-itw.json
Saved: /home/qcx201/Projects/daytrade/data/summary/summary-itw.json
<Response [200]> https://finance.yahoo.com/calendar/earnings/?symbol=ITW&offset=0&size=100
<Response [200]> https://finance.yahoo.com/calendar/earnings/?symbol=ITW&offset=100&size=100
<Response [200]> https://finance.yahoo.com/calendar/earnings/?symbol=ITW&offset=200&size=100
Saved: /home/qcx201/Projects/daytrade/data/earnings/earnings-itw.json
now: 2025-12-29 18:13:38.606499 | eta: 0:11:53.137932 | delta: 0:33:49.700283 | avg: 0:00:54.856764
[38 of 50] MRVL
Saved: /home/qcx201/Projects/daytrade/data/chart/chart-mrvl.json
Saved: /home/qcx201/Projects/daytrade/data/summary/summary-mrvl.json
<Response [200]> https://finance.yahoo.com/calendar/earnings/?symbol=MRVL&offset=0&size=100
<Response [200]> https://finance.yahoo.com/calendar/earnings/?symbol=MRVL&offset=100&size=100
<Response [200]> https://finance.yahoo.com/calendar/earnings/?symbol=MRVL&offset=200&size=100
Saved: /home/qcx201/Projects/daytrade/data/earnings/earnings-mrvl.json
now: 2025-12-29 18:13:42.109607 | eta: 0:10:42.064224 | delta: 0:33:53.203391 | avg: 0:00:53.505352
[39 of 50] AON
Saved: /home/qcx201/Projects/daytrade/data/chart/chart-aon.json
Saved: /home/qcx201/Projects/daytrade/data/summary/summary-aon.json
<Response [200]> https://finance.yahoo.com/calendar/earnings/?symbol=AON&offset=0&size=100
<Response [200]> https://finance.yahoo.com/calendar/earnings/?symbol=AON&offset=100&size=100
<Response [200]> https://finance.yahoo.com/calendar/earnings/?symbol=AON&offset=200&size=100
Saved: /home/qcx201/Projects/daytrade/data/earnings/earnings-aon.json
now: 2025-12-29 18:13:46.336970 | eta: 0:09:34.659954 | delta: 0:33:57.430754 | avg: 0:00:52.241814
[40 of 50] EQIX
Saved: /home/qcx201/Projects/daytrade/data/chart/chart-eqix.json
Saved: /home/qcx201/Projects/daytrade/data/summary/summary-eqix.json
<Response [200]> https://finance.yahoo.com/calendar/earnings/?symbol=EQIX&offset=0&size=100
<Response [200]> https://finance.yahoo.com/calendar/earnings/?symbol=EQIX&offset=100&size=100
Saved: /home/qcx201/Projects/daytrade/data/earnings/earnings-eqix.json
now: 2025-12-29 18:13:50.732136 | eta: 0:08:30.456480 | delta: 0:34:01.825920 | avg: 0:00:51.045648
[41 of 50] ELV
Saved: /home/qcx201/Projects/daytrade/data/chart/chart-elv.json
Saved: /home/qcx201/Projects/daytrade/data/summary/summary-elv.json
<Response [200]> https://finance.yahoo.com/calendar/earnings/?symbol=ELV&offset=0&size=100
Sleeping 90.0 seconds...
<Response [200]> https://finance.yahoo.com/calendar/earnings/?symbol=ELV&offset=0&size=100
Sleeping 112.5 seconds...
<Response [200]> https://finance.yahoo.com/calendar/earnings/?symbol=ELV&offset=0&size=100
<Response [200]> https://finance.yahoo.com/calendar/earnings/?symbol=ELV&offset=100&size=100
Saved: /home/qcx201/Projects/daytrade/data/earnings/earnings-elv.json
now: 2025-12-29 18:17:23.595073 | eta: 0:08:14.931699 | delta: 0:37:34.688857 | avg: 0:00:54.992411
[42 of 50] FCX
Saved: /home/qcx201/Projects/daytrade/data/chart/chart-fcx.json
Saved: /home/qcx201/Projects/daytrade/data/summary/summary-fcx.json
<Response [200]> https://finance.yahoo.com/calendar/earnings/?symbol=FCX&offset=0&size=100
<Response [200]> https://finance.yahoo.com/calendar/earnings/?symbol=FCX&offset=100&size=100
<Response [200]> https://finance.yahoo.com/calendar/earnings/?symbol=FCX&offset=200&size=100
Saved: /home/qcx201/Projects/daytrade/data/earnings/earnings-fcx.json
now: 2025-12-29 18:17:28.288678 | eta: 0:07:10.358568 | delta: 0:37:39.382462 | avg: 0:00:53.794821
[43 of 50] EMR
Saved: /home/qcx201/Projects/daytrade/data/chart/chart-emr.json
Saved: /home/qcx201/Projects/daytrade/data/summary/summary-emr.json
<Response [200]> https://finance.yahoo.com/calendar/earnings/?symbol=EMR&offset=0&size=100
Sleeping 90.0 seconds...
<Response [200]> https://finance.yahoo.com/calendar/earnings/?symbol=EMR&offset=0&size=100
Sleeping 112.5 seconds...
<Response [200]> https://finance.yahoo.com/calendar/earnings/?symbol=EMR&offset=0&size=100
<Response [200]> https://finance.yahoo.com/calendar/earnings/?symbol=EMR&offset=100&size=100
<Response [200]> https://finance.yahoo.com/calendar/earnings/?symbol=EMR&offset=200&size=100
Saved: /home/qcx201/Projects/daytrade/data/earnings/earnings-emr.json
now: 2025-12-29 18:21:01.118553 | eta: 0:06:42.453170 | delta: 0:41:12.212337 | avg: 0:00:57.493310
[44 of 50] HCA
Saved: /home/qcx201/Projects/daytrade/data/chart/chart-hca.json
Saved: /home/qcx201/Projects/daytrade/data/summary/summary-hca.json
<Response [200]> https://finance.yahoo.com/calendar/earnings/?symbol=HCA&offset=0&size=100
Sleeping 90.0 seconds...
<Response [200]> https://finance.yahoo.com/calendar/earnings/?symbol=HCA&offset=0&size=100
Sleeping 112.5 seconds...
<Response [200]> https://finance.yahoo.com/calendar/earnings/?symbol=HCA&offset=0&size=100
Sleeping 135.0 seconds...
<Response [200]> https://finance.yahoo.com/calendar/earnings/?symbol=HCA&offset=0&size=100
<Response [200]> https://finance.yahoo.com/calendar/earnings/?symbol=HCA&offset=100&size=100
Saved: /home/qcx201/Projects/daytrade/data/earnings/earnings-hca.json
now: 2025-12-29 18:26:48.870293 | eta: 0:06:24.540558 | delta: 0:46:59.964077 | avg: 0:01:04.090093
[45 of 50] GM
Saved: /home/qcx201/Projects/daytrade/data/chart/chart-gm.json
Saved: /home/qcx201/Projects/daytrade/data/summary/summary-gm.json
<Response [200]> https://finance.yahoo.com/calendar/earnings/?symbol=GM&offset=0&size=100
<Response [200]> https://finance.yahoo.com/calendar/earnings/?symbol=GM&offset=100&size=100
Saved: /home/qcx201/Projects/daytrade/data/earnings/earnings-gm.json
now: 2025-12-29 18:26:52.223799 | eta: 0:05:13.701955 | delta: 0:47:03.317583 | avg: 0:01:02.740391
[46 of 50] ORLY
Saved: /home/qcx201/Projects/daytrade/data/chart/chart-orly.json
Saved: /home/qcx201/Projects/daytrade/data/summary/summary-orly.json
<Response [200]> https://finance.yahoo.com/calendar/earnings/?symbol=ORLY&offset=0&size=100
<Response [200]> https://finance.yahoo.com/calendar/earnings/?symbol=ORLY&offset=100&size=100
<Response [200]> https://finance.yahoo.com/calendar/earnings/?symbol=ORLY&offset=200&size=100
Saved: /home/qcx201/Projects/daytrade/data/earnings/earnings-orly.json
now: 2025-12-29 18:26:56.497885 | eta: 0:04:05.877536 | delta: 0:47:07.591669 | avg: 0:01:01.469384
[47 of 50] NOC
Saved: /home/qcx201/Projects/daytrade/data/chart/chart-noc.json
Saved: /home/qcx201/Projects/daytrade/data/summary/summary-noc.json
<Response [200]> https://finance.yahoo.com/calendar/earnings/?symbol=NOC&offset=0&size=100
Sleeping 90.0 seconds...
<Response [200]> https://finance.yahoo.com/calendar/earnings/?symbol=NOC&offset=0&size=100
Sleeping 112.5 seconds...
<Response [200]> https://finance.yahoo.com/calendar/earnings/?symbol=NOC&offset=0&size=100
<Response [200]> https://finance.yahoo.com/calendar/earnings/?symbol=NOC&offset=100&size=100
<Response [200]> https://finance.yahoo.com/calendar/earnings/?symbol=NOC&offset=200&size=100
Saved: /home/qcx201/Projects/daytrade/data/earnings/earnings-noc.json
now: 2025-12-29 18:30:25.530170 | eta: 0:03:13.827060 | delta: 0:50:36.623954 | avg: 0:01:04.609020
[48 of 50] CSX
Saved: /home/qcx201/Projects/daytrade/data/chart/chart-csx.json
Saved: /home/qcx201/Projects/daytrade/data/summary/summary-csx.json
<Response [200]> https://finance.yahoo.com/calendar/earnings/?symbol=CSX&offset=0&size=100
Sleeping 90.0 seconds...
<Response [200]> https://finance.yahoo.com/calendar/earnings/?symbol=CSX&offset=0&size=100
Sleeping 112.5 seconds...
<Response [200]> https://finance.yahoo.com/calendar/earnings/?symbol=CSX&offset=0&size=100
<Response [200]> https://finance.yahoo.com/calendar/earnings/?symbol=CSX&offset=100&size=100
<Response [200]> https://finance.yahoo.com/calendar/earnings/?symbol=CSX&offset=200&size=100
Saved: /home/qcx201/Projects/daytrade/data/earnings/earnings-csx.json
now: 2025-12-29 18:33:56.123499 | eta: 0:02:15.300720 | delta: 0:54:07.217283 | avg: 0:01:07.650360
[49 of 50] GLW
Saved: /home/qcx201/Projects/daytrade/data/chart/chart-glw.json
Saved: /home/qcx201/Projects/daytrade/data/summary/summary-glw.json
<Response [200]> https://finance.yahoo.com/calendar/earnings/?symbol=GLW&offset=0&size=100
<Response [200]> https://finance.yahoo.com/calendar/earnings/?symbol=GLW&offset=100&size=100
<Response [200]> https://finance.yahoo.com/calendar/earnings/?symbol=GLW&offset=200&size=100
Saved: /home/qcx201/Projects/daytrade/data/earnings/earnings-glw.json
now: 2025-12-29 18:34:00.088919 | eta: 0:01:06.350667 | delta: 0:54:11.182703 | avg: 0:01:06.350667
[50 of 50] MAR
Saved: /home/qcx201/Projects/daytrade/data/chart/chart-mar.json
Saved: /home/qcx201/Projects/daytrade/data/summary/summary-mar.json
<Response [200]> https://finance.yahoo.com/calendar/earnings/?symbol=MAR&offset=0&size=100
Sleeping 90.0 seconds...
<Response [200]> https://finance.yahoo.com/calendar/earnings/?symbol=MAR&offset=0&size=100
Sleeping 112.5 seconds...
<Response [200]> https://finance.yahoo.com/calendar/earnings/?symbol=MAR&offset=0&size=100
<Response [200]> https://finance.yahoo.com/calendar/earnings/?symbol=MAR&offset=100&size=100
<Response [200]> https://finance.yahoo.com/calendar/earnings/?symbol=MAR&offset=200&size=100
Saved: /home/qcx201/Projects/daytrade/data/earnings/earnings-mar.json
now: 2025-12-29 18:37:32.396984 | eta: 0:00:00 | delta: 0:57:43.490768 | avg: 0:01:09.269815
-- Complete --
