[1 of 50] WBD
Saved: /home/qcx201/Projects/daytrade/data/chart/chart-wbd.json
Saved: /home/qcx201/Projects/daytrade/data/summary/summary-wbd.json
<Response [200]> https://finance.yahoo.com/calendar/earnings/?symbol=WBD&offset=0&size=100
<Response [200]> https://finance.yahoo.com/calendar/earnings/?symbol=WBD&offset=100&size=100
Saved: /home/qcx201/Projects/daytrade/data/earnings/earnings-wbd.json
now: 2025-12-29 17:39:54.119702 | eta: 0:04:27.382269 | delta: 0:00:05.456781 | avg: 0:00:05.456781
[2 of 50] HLT
Saved: /home/qcx201/Projects/daytrade/data/chart/chart-hlt.json
Saved: /home/qcx201/Projects/daytrade/data/summary/summary-hlt.json
<Response [200]> https://finance.yahoo.com/calendar/earnings/?symbol=HLT&offset=0&size=100
<Response [200]> https://finance.yahoo.com/calendar/earnings/?symbol=HLT&offset=100&size=100
Saved: /home/qcx201/Projects/daytrade/data/earnings/earnings-hlt.json
now: 2025-12-29 17:39:58.721205 | eta: 0:04:01.398816 | delta: 0:00:10.058284 | avg: 0:00:05.029142
[3 of 50] NKE
Saved: /home/qcx201/Projects/daytrade/data/chart/chart-nke.json
Saved: /home/qcx201/Projects/daytrade/data/summary/summary-nke.json
<Response [200]> https://finance.yahoo.com/calendar/earnings/?symbol=NKE&offset=0&size=100
<Response [200]> https://finance.yahoo.com/calendar/earnings/?symbol=NKE&offset=100&size=100
<Response [200]> https://finance.yahoo.com/calendar/earnings/?symbol=NKE&offset=200&size=100
Saved: /home/qcx201/Projects/daytrade/data/earnings/earnings-nke.json
now: 2025-12-29 17:40:05.045709 | eta: 0:04:16.663663 | delta: 0:00:16.382788 | avg: 0:00:05.460929
[4 of 50] RCL
Saved: /home/qcx201/Projects/daytrade/data/chart/chart-rcl.json
Saved: /home/qcx201/Projects/daytrade/data/summary/summary-rcl.json
<Response [200]> https://finance.yahoo.com/calendar/earnings/?symbol=RCL&offset=0&size=100
<Response [200]> https://finance.yahoo.com/calendar/earnings/?symbol=RCL&offset=100&size=100
<Response [200]> https://finance.yahoo.com/calendar/earnings/?symbol=RCL&offset=200&size=100
Saved: /home/qcx201/Projects/daytrade/data/earnings/earnings-rcl.json
now: 2025-12-29 17:40:13.859148 | eta: 0:04:49.756622 | delta: 0:00:25.196227 | avg: 0:00:06.299057
[5 of 50] MDLZ
Saved: /home/qcx201/Projects/daytrade/data/chart/chart-mdlz.json
Saved: /home/qcx201/Projects/daytrade/data/summary/summary-mdlz.json
<Response [200]> https://finance.yahoo.com/calendar/earnings/?symbol=MDLZ&offset=0&size=100
<Response [200]> https://finance.yahoo.com/calendar/earnings/?symbol=MDLZ&offset=100&size=100
Saved: /home/qcx201/Projects/daytrade/data/earnings/earnings-mdlz.json
now: 2025-12-29 17:40:19.463388 | eta: 0:04:37.204185 | delta: 0:00:30.800467 | avg: 0:00:06.160093
[6 of 50] WMB
Saved: /home/qcx201/Projects/daytrade/data/chart/chart-wmb.json
Saved: /home/qcx201/Projects/daytrade/data/summary/summary-wmb.json
<Response [200]> https://finance.yahoo.com/calendar/earnings/?symbol=WMB&offset=0&size=100
<Response [200]> https://finance.yahoo.com/calendar/earnings/?symbol=WMB&offset=100&size=100
<Response [200]> https://finance.yahoo.com/calendar/earnings/?symbol=WMB&offset=200&size=100
Sleeping 90.0 seconds...
<Response [200]> https://finance.yahoo.com/calendar/earnings/?symbol=WMB&offset=200&size=100
Sleeping 112.5 seconds...
<Response [200]> https://finance.yahoo.com/calendar/earnings/?symbol=WMB&offset=200&size=100
Saved: /home/qcx201/Projects/daytrade/data/earnings/earnings-wmb.json
now: 2025-12-29 17:43:54.582365 | eta: 0:30:03.409256 | delta: 0:04:05.919444 | avg: 0:00:40.986574
[7 of 50] CI
Saved: /home/qcx201/Projects/daytrade/data/chart/chart-ci.json
Saved: /home/qcx201/Projects/daytrade/data/summary/summary-ci.json
<Response [200]> https://finance.yahoo.com/calendar/earnings/?symbol=CI&offset=0&size=100
<Response [200]> https://finance.yahoo.com/calendar/earnings/?symbol=CI&offset=100&size=100
<Response [200]> https://finance.yahoo.com/calendar/earnings/?symbol=CI&offset=200&size=100
Saved: /home/qcx201/Projects/daytrade/data/earnings/earnings-ci.json
now: 2025-12-29 17:43:59.199100 | eta: 0:25:39.007969 | delta: 0:04:10.536179 | avg: 0:00:35.790883
[8 of 50] TDG
Saved: /home/qcx201/Projects/daytrade/data/chart/chart-tdg.json
Saved: /home/qcx201/Projects/daytrade/data/summary/summary-tdg.json
<Response [200]> https://finance.yahoo.com/calendar/earnings/?symbol=TDG&offset=0&size=100
<Response [200]> https://finance.yahoo.com/calendar/earnings/?symbol=TDG&offset=100&size=100
Sleeping 90.0 seconds...
<Response [200]> https://finance.yahoo.com/calendar/earnings/?symbol=TDG&offset=100&size=100
Sleeping 112.5 seconds...
<Response [200]> https://finance.yahoo.com/calendar/earnings/?symbol=TDG&offset=100&size=100
Saved: /home/qcx201/Projects/daytrade/data/earnings/earnings-tdg.json
now: 2025-12-29 17:47:29.640290 | eta: 0:40:20.131182 | delta: 0:07:40.977369 | avg: 0:00:57.622171
[9 of 50] CMI
Saved: /home/qcx201/Projects/daytrade/data/chart/chart-cmi.json
Saved: /home/qcx201/Projects/daytrade/data/summary/summary-cmi.json
<Response [200]> https://finance.yahoo.com/calendar/earnings/?symbol=CMI&offset=0&size=100
<Response [200]> https://finance.yahoo.com/calendar/earnings/?symbol=CMI&offset=100&size=100
<Response [200]> https://finance.yahoo.com/calendar/earnings/?symbol=CMI&offset=200&size=100
Saved: /home/qcx201/Projects/daytrade/data/earnings/earnings-cmi.json
now: 2025-12-29 17:47:34.671503 | eta: 0:35:22.927971 | delta: 0:07:46.008582 | avg: 0:00:51.778731
[10 of 50] VRT
Saved: /home/qcx201/Projects/daytrade/data/chart/chart-vrt.json
Saved: /home/qcx201/Projects/daytrade/data/summary/summary-vrt.json
<Response [200]> https://finance.yahoo.com/calendar/earnings/?symbol=VRT&offset=0&size=100
<Response [200]> https://finance.yahoo.com/calendar/earnings/?symbol=VRT&offset=100&size=100
Sleeping 90.0 seconds...
<Response [200]> https://finance.yahoo.com/calendar/earnings/?symbol=VRT&offset=100&size=100
Sleeping 112.5 seconds...
<Response [200]> https://finance.yahoo.com/calendar/earnings/?symbol=VRT&offset=100&size=100
Saved: /home/qcx201/Projects/daytrade/data/earnings/earnings-vrt.json
now: 2025-12-29 17:51:07.061693 | eta: 0:45:13.595080 | delta: 0:11:18.398772 | avg: 0:01:07.839877
[11 of 50] SPG
Saved: /home/qcx201/Projects/daytrade/data/chart/chart-spg.json
Saved: /home/qcx201/Projects/daytrade/data/summary/summary-spg.json
<Response [200]> https://finance.yahoo.com/calendar/earnings/?symbol=SPG&offset=0&size=100
<Response [200]> https://finance.yahoo.com/calendar/earnings/?symbol=SPG&offset=100&size=100
<Response [200]> https://finance.yahoo.com/calendar/earnings/?symbol=SPG&offset=200&size=100
Saved: /home/qcx201/Projects/daytrade/data/earnings/earnings-spg.json
now: 2025-12-29 17:51:12.597477 | eta: 0:40:24.858891 | delta: 0:11:23.934556 | avg: 0:01:02.175869
[12 of 50] APO
Saved: /home/qcx201/Projects/daytrade/data/chart/chart-apo.json
Saved: /home/qcx201/Projects/daytrade/data/summary/summary-apo.json
<Response [200]> https://finance.yahoo.com/calendar/earnings/?symbol=APO&offset=0&size=100
<Response [200]> https://finance.yahoo.com/calendar/earnings/?symbol=APO&offset=100&size=100
Sleeping 90.0 seconds...
<Response [200]> https://finance.yahoo.com/calendar/earnings/?symbol=APO&offset=100&size=100
Sleeping 112.5 seconds...
<Response [200]> https://finance.yahoo.com/calendar/earnings/?symbol=APO&offset=100&size=100
Saved: /home/qcx201/Projects/daytrade/data/earnings/earnings-apo.json
now: 2025-12-29 17:54:45.368383 | eta: 0:47:19.567290 | delta: 0:14:56.705462 | avg: 0:01:14.725455
[13 of 50] WDC
Saved: /home/qcx201/Projects/daytrade/data/chart/chart-wdc.json
Saved: /home/qcx201/Projects/daytrade/data/summary/summary-wdc.json
<Response [200]> https://finance.yahoo.com/calendar/earnings/?symbol=WDC&offset=0&size=100
<Response [200]> https://finance.yahoo.com/calendar/earnings/?symbol=WDC&offset=100&size=100
<Response [200]> https://finance.yahoo.com/calendar/earnings/?symbol=WDC&offset=200&size=100
Saved: /home/qcx201/Projects/daytrade/data/earnings/earnings-wdc.json
now: 2025-12-29 17:54:51.142841 | eta: 0:42:48.596684 | delta: 0:15:02.479920 | avg: 0:01:09.421532
[14 of 50] AEP
Saved: /home/qcx201/Projects/daytrade/data/chart/chart-aep.json
Saved: /home/qcx201/Projects/daytrade/data/summary/summary-aep.json
<Response [200]> https://finance.yahoo.com/calendar/earnings/?symbol=AEP&offset=0&size=100
Sleeping 90.0 seconds...
<Response [200]> https://finance.yahoo.com/calendar/earnings/?symbol=AEP&offset=0&size=100
Sleeping 112.5 seconds...
<Response [200]> https://finance.yahoo.com/calendar/earnings/?symbol=AEP&offset=0&size=100
<Response [200]> https://finance.yahoo.com/calendar/earnings/?symbol=AEP&offset=100&size=100
<Response [200]> https://finance.yahoo.com/calendar/earnings/?symbol=AEP&offset=200&size=100
Sleeping 135.0 seconds...
<Response [200]> https://finance.yahoo.com/calendar/earnings/?symbol=AEP&offset=200&size=100
Saved: /home/qcx201/Projects/daytrade/data/earnings/earnings-aep.json
now: 2025-12-29 18:00:44.887212 | eta: 0:53:50.291016 | delta: 0:20:56.224291 | avg: 0:01:29.730306
[15 of 50] COR
Saved: /home/qcx201/Projects/daytrade/data/chart/chart-cor.json
Saved: /home/qcx201/Projects/daytrade/data/summary/summary-cor.json
<Response [200]> https://finance.yahoo.com/calendar/earnings/?symbol=COR&offset=0&size=100
<Response [200]> https://finance.yahoo.com/calendar/earnings/?symbol=COR&offset=100&size=100
<Response [200]> https://finance.yahoo.com/calendar/earnings/?symbol=COR&offset=200&size=100
Saved: /home/qcx201/Projects/daytrade/data/earnings/earnings-cor.json
now: 2025-12-29 18:00:49.253976 | eta: 0:49:01.379140 | delta: 0:21:00.591055 | avg: 0:01:24.039404
[16 of 50] MSI
Saved: /home/qcx201/Projects/daytrade/data/chart/chart-msi.json
Saved: /home/qcx201/Projects/daytrade/data/summary/summary-msi.json
<Response [200]> https://finance.yahoo.com/calendar/earnings/?symbol=MSI&offset=0&size=100
<Response [200]> https://finance.yahoo.com/calendar/earnings/?symbol=MSI&offset=100&size=100
<Response [200]> https://finance.yahoo.com/calendar/earnings/?symbol=MSI&offset=200&size=100
Saved: /home/qcx201/Projects/daytrade/data/earnings/earnings-msi.json
now: 2025-12-29 18:00:53.014822 | eta: 0:44:46.747796 | delta: 0:21:04.351901 | avg: 0:01:19.021994
[17 of 50] FDX
Saved: /home/qcx201/Projects/daytrade/data/chart/chart-fdx.json
Saved: /home/qcx201/Projects/daytrade/data/summary/summary-fdx.json
<Response [200]> https://finance.yahoo.com/calendar/earnings/?symbol=FDX&offset=0&size=100
<Response [200]> https://finance.yahoo.com/calendar/earnings/?symbol=FDX&offset=100&size=100
<Response [200]> https://finance.yahoo.com/calendar/earnings/?symbol=FDX&offset=200&size=100
Saved: /home/qcx201/Projects/daytrade/data/earnings/earnings-fdx.json
now: 2025-12-29 18:00:56.692859 | eta: 0:41:01.469868 | delta: 0:21:08.029938 | avg: 0:01:14.589996
[18 of 50] NET
Saved: /home/qcx201/Projects/daytrade/data/chart/chart-net.json
Saved: /home/qcx201/Projects/daytrade/data/summary/summary-net.json
<Response [200]> https://finance.yahoo.com/calendar/earnings/?symbol=NET&offset=0&size=100
<Response [200]> https://finance.yahoo.com/calendar/earnings/?symbol=NET&offset=100&size=100
Saved: /home/qcx201/Projects/daytrade/data/earnings/earnings-net.json
now: 2025-12-29 18:00:58.700697 | eta: 0:37:37.844928 | delta: 0:21:10.037776 | avg: 0:01:10.557654
[19 of 50] PWR
Saved: /home/qcx201/Projects/daytrade/data/chart/chart-pwr.json
Saved: /home/qcx201/Projects/daytrade/data/summary/summary-pwr.json
<Response [200]> https://finance.yahoo.com/calendar/earnings/?symbol=PWR&offset=0&size=100
<Response [200]> https://finance.yahoo.com/calendar/earnings/?symbol=PWR&offset=100&size=100
<Response [200]> https://finance.yahoo.com/calendar/earnings/?symbol=PWR&offset=200&size=100
Saved: /home/qcx201/Projects/daytrade/data/earnings/earnings-pwr.json
now: 2025-12-29 18:01:02.092502 | eta: 0:34:37.700910 | delta: 0:21:13.429581 | avg: 0:01:07.022610
[20 of 50] TFC
Saved: /home/qcx201/Projects/daytrade/data/chart/chart-tfc.json
Saved: /home/qcx201/Projects/daytrade/data/summary/summary-tfc.json
<Response [200]> https://finance.yahoo.com/calendar/earnings/?symbol=TFC&offset=0&size=100
<Response [200]> https://finance.yahoo.com/calendar/earnings/?symbol=TFC&offset=100&size=100
Saved: /home/qcx201/Projects/daytrade/data/earnings/earnings-tfc.json
now: 2025-12-29 18:01:04.824485 | eta: 0:31:54.242340 | delta: 0:21:16.161564 | avg: 0:01:03.808078
[21 of 50] ECL
Saved: /home/qcx201/Projects/daytrade/data/chart/chart-ecl.json
Saved: /home/qcx201/Projects/daytrade/data/summary/summary-ecl.json
<Response [200]> https://finance.yahoo.com/calendar/earnings/?symbol=ECL&offset=0&size=100
<Response [200]> https://finance.yahoo.com/calendar/earnings/?symbol=ECL&offset=100&size=100
<Response [200]> https://finance.yahoo.com/calendar/earnings/?symbol=ECL&offset=200&size=100
Saved: /home/qcx201/Projects/daytrade/data/earnings/earnings-ecl.json
now: 2025-12-29 18:01:08.416179 | eta: 0:29:27.278299 | delta: 0:21:19.753258 | avg: 0:01:00.940631
[22 of 50] CTAS
Saved: /home/qcx201/Projects/daytrade/data/chart/chart-ctas.json
Saved: /home/qcx201/Projects/daytrade/data/summary/summary-ctas.json
<Response [200]> https://finance.yahoo.com/calendar/earnings/?symbol=CTAS&offset=0&size=100
<Response [200]> https://finance.yahoo.com/calendar/earnings/?symbol=CTAS&offset=100&size=100
<Response [200]> https://finance.yahoo.com/calendar/earnings/?symbol=CTAS&offset=200&size=100
Saved: /home/qcx201/Projects/daytrade/data/earnings/earnings-ctas.json
now: 2025-12-29 18:01:12.036111 | eta: 0:27:13.384060 | delta: 0:21:23.373190 | avg: 0:00:58.335145
[23 of 50] NSC
Saved: /home/qcx201/Projects/daytrade/data/chart/chart-nsc.json
Saved: /home/qcx201/Projects/daytrade/data/summary/summary-nsc.json
<Response [200]> https://finance.yahoo.com/calendar/earnings/?symbol=NSC&offset=0&size=100
<Response [200]> https://finance.yahoo.com/calendar/earnings/?symbol=NSC&offset=100&size=100
<Response [200]> https://finance.yahoo.com/calendar/earnings/?symbol=NSC&offset=200&size=100
Saved: /home/qcx201/Projects/daytrade/data/earnings/earnings-nsc.json
now: 2025-12-29 18:01:15.363852 | eta: 0:25:10.475013 | delta: 0:21:26.700931 | avg: 0:00:55.943519
[24 of 50] AJG
Saved: /home/qcx201/Projects/daytrade/data/chart/chart-ajg.json
Saved: /home/qcx201/Projects/daytrade/data/summary/summary-ajg.json
<Response [200]> https://finance.yahoo.com/calendar/earnings/?symbol=AJG&offset=0&size=100
<Response [200]> https://finance.yahoo.com/calendar/earnings/?symbol=AJG&offset=100&size=100
<Response [200]> https://finance.yahoo.com/calendar/earnings/?symbol=AJG&offset=200&size=100
Sleeping 90.0 seconds...
<Response [200]> https://finance.yahoo.com/calendar/earnings/?symbol=AJG&offset=200&size=100
Sleeping 112.5 seconds...
<Response [200]> https://finance.yahoo.com/calendar/earnings/?symbol=AJG&offset=200&size=100
Sleeping 135.0 seconds...
<Response [200]> https://finance.yahoo.com/calendar/earnings/?symbol=AJG&offset=200&size=100
Saved: /home/qcx201/Projects/daytrade/data/earnings/earnings-ajg.json
now: 2025-12-29 18:07:06.603458 | eta: 0:29:34.435572 | delta: 0:27:17.940537 | avg: 0:01:08.247522
[25 of 50] TRV
Saved: /home/qcx201/Projects/daytrade/data/chart/chart-trv.json
Saved: /home/qcx201/Projects/daytrade/data/summary/summary-trv.json
<Response [200]> https://finance.yahoo.com/calendar/earnings/?symbol=TRV&offset=0&size=100
<Response [200]> https://finance.yahoo.com/calendar/earnings/?symbol=TRV&offset=100&size=100
<Response [200]> https://finance.yahoo.com/calendar/earnings/?symbol=TRV&offset=200&size=100
Saved: /home/qcx201/Projects/daytrade/data/earnings/earnings-trv.json
now: 2025-12-29 18:07:11.026562 | eta: 0:27:22.363650 | delta: 0:27:22.363641 | avg: 0:01:05.694546
[26 of 50] ADSK
Saved: /home/qcx201/Projects/daytrade/data/chart/chart-adsk.json
Saved: /home/qcx201/Projects/daytrade/data/summary/summary-adsk.json
<Response [200]> https://finance.yahoo.com/calendar/earnings/?symbol=ADSK&offset=0&size=100
<Response [200]> https://finance.yahoo.com/calendar/earnings/?symbol=ADSK&offset=100&size=100
<Response [200]> https://finance.yahoo.com/calendar/earnings/?symbol=ADSK&offset=200&size=100
Saved: /home/qcx201/Projects/daytrade/data/earnings/earnings-adsk.json
now: 2025-12-29 18:07:15.041478 | eta: 0:25:19.734048 | delta: 0:27:26.378557 | avg: 0:01:03.322252
[27 of 50] CL
Saved: /home/qcx201/Projects/daytrade/data/chart/chart-cl.json
Saved: /home/qcx201/Projects/daytrade/data/summary/summary-cl.json
<Response [200]> https://finance.yahoo.com/calendar/earnings/?symbol=CL&offset=0&size=100
<Response [200]> https://finance.yahoo.com/calendar/earnings/?symbol=CL&offset=100&size=100
<Response [200]> https://finance.yahoo.com/calendar/earnings/?symbol=CL&offset=200&size=100
Saved: /home/qcx201/Projects/daytrade/data/earnings/earnings-cl.json
now: 2025-12-29 18:07:19.254876 | eta: 0:23:26.059805 | delta: 0:27:30.591955 | avg: 0:01:01.133035
[28 of 50] EOG
Saved: /home/qcx201/Projects/daytrade/data/chart/chart-eog.json
Saved: /home/qcx201/Projects/daytrade/data/summary/summary-eog.json
<Response [200]> https://finance.yahoo.com/calendar/earnings/?symbol=EOG&offset=0&size=100
<Response [200]> https://finance.yahoo.com/calendar/earnings/?symbol=EOG&offset=100&size=100
<Response [200]> https://finance.yahoo.com/calendar/earnings/?symbol=EOG&offset=200&size=100
Saved: /home/qcx201/Projects/daytrade/data/earnings/earnings-eog.json
now: 2025-12-29 18:07:23.420534 | eta: 0:21:40.166692 | delta: 0:27:34.757613 | avg: 0:00:59.098486
[29 of 50] VST
Saved: /home/qcx201/Projects/daytrade/data/chart/chart-vst.json
Saved: /home/qcx201/Projects/daytrade/data/summary/summary-vst.json
<Response [200]> https://finance.yahoo.com/calendar/earnings/?symbol=VST&offset=0&size=100
<Response [200]> https://finance.yahoo.com/calendar/earnings/?symbol=VST&offset=100&size=100
Saved: /home/qcx201/Projects/daytrade/data/earnings/earnings-vst.json
now: 2025-12-29 18:07:25.701912 | eta: 0:19:59.924796 | delta: 0:27:37.038991 | avg: 0:00:57.139276
[30 of 50] ALL
Saved: /home/qcx201/Projects/daytrade/data/chart/chart-all.json
Saved: /home/qcx201/Projects/daytrade/data/summary/summary-all.json
<Response [200]> https://finance.yahoo.com/calendar/earnings/?symbol=ALL&offset=0&size=100
<Response [200]> https://finance.yahoo.com/calendar/earnings/?symbol=ALL&offset=100&size=100
<Response [200]> https://finance.yahoo.com/calendar/earnings/?symbol=ALL&offset=200&size=100
Saved: /home/qcx201/Projects/daytrade/data/earnings/earnings-all.json
now: 2025-12-29 18:07:29.332185 | eta: 0:18:27.112840 | delta: 0:27:40.669264 | avg: 0:00:55.355642
[31 of 50] LHX
Saved: /home/qcx201/Projects/daytrade/data/chart/chart-lhx.json
Saved: /home/qcx201/Projects/daytrade/data/summary/summary-lhx.json
<Response [200]> https://finance.yahoo.com/calendar/earnings/?symbol=LHX&offset=0&size=100
<Response [200]> https://finance.yahoo.com/calendar/earnings/?symbol=LHX&offset=100&size=100
<Response [200]> https://finance.yahoo.com/calendar/earnings/?symbol=LHX&offset=200&size=100
Saved: /home/qcx201/Projects/daytrade/data/earnings/earnings-lhx.json
now: 2025-12-29 18:07:33.175084 | eta: 0:17:00.184879 | delta: 0:27:44.512163 | avg: 0:00:53.693941
[32 of 50] IDXX
Saved: /home/qcx201/Projects/daytrade/data/chart/chart-idxx.json
Saved: /home/qcx201/Projects/daytrade/data/summary/summary-idxx.json
<Response [200]> https://finance.yahoo.com/calendar/earnings/?symbol=IDXX&offset=0&size=100
<Response [200]> https://finance.yahoo.com/calendar/earnings/?symbol=IDXX&offset=100&size=100
<Response [200]> https://finance.yahoo.com/calendar/earnings/?symbol=IDXX&offset=200&size=100
Saved: /home/qcx201/Projects/daytrade/data/earnings/earnings-idxx.json
now: 2025-12-29 18:07:37.204298 | eta: 0:15:38.554524 | delta: 0:27:48.541377 | avg: 0:00:52.141918
[33 of 50] NU
Saved: /home/qcx201/Projects/daytrade/data/chart/chart-nu.json
Saved: /home/qcx201/Projects/daytrade/data/summary/summary-nu.json
<Response [200]> https://finance.yahoo.com/calendar/earnings/?symbol=NU&offset=0&size=100
<Response [200]> https://finance.yahoo.com/calendar/earnings/?symbol=NU&offset=100&size=100
Saved: /home/qcx201/Projects/daytrade/data/earnings/earnings-nu.json
now: 2025-12-29 18:07:39.456817 | eta: 0:14:20.712006 | delta: 0:27:50.793896 | avg: 0:00:50.630118
[34 of 50] BDX
Saved: /home/qcx201/Projects/daytrade/data/chart/chart-bdx.json
Saved: /home/qcx201/Projects/daytrade/data/summary/summary-bdx.json
<Response [200]> https://finance.yahoo.com/calendar/earnings/?symbol=BDX&offset=0&size=100
<Response [200]> https://finance.yahoo.com/calendar/earnings/?symbol=BDX&offset=100&size=100
<Response [200]> https://finance.yahoo.com/calendar/earnings/?symbol=BDX&offset=200&size=100
Saved: /home/qcx201/Projects/daytrade/data/earnings/earnings-bdx.json
now: 2025-12-29 18:07:43.274827 | eta: 0:13:08.052656 | delta: 0:27:54.611906 | avg: 0:00:49.253291
[35 of 50] PYPL
Saved: /home/qcx201/Projects/daytrade/data/chart/chart-pypl.json
Saved: /home/qcx201/Projects/daytrade/data/summary/summary-pypl.json
<Response [200]> https://finance.yahoo.com/calendar/earnings/?symbol=PYPL&offset=0&size=100
<Response [200]> https://finance.yahoo.com/calendar/earnings/?symbol=PYPL&offset=100&size=100
Saved: /home/qcx201/Projects/daytrade/data/earnings/earnings-pypl.json
now: 2025-12-29 18:07:45.511268 | eta: 0:11:58.649295 | delta: 0:27:56.848347 | avg: 0:00:47.909953
[36 of 50] APD
Saved: /home/qcx201/Projects/daytrade/data/chart/chart-apd.json
Saved: /home/qcx201/Projects/daytrade/data/summary/summary-apd.json
<Response [200]> https://finance.yahoo.com/calendar/earnings/?symbol=APD&offset=0&size=100
<Response [200]> https://finance.yahoo.com/calendar/earnings/?symbol=APD&offset=100&size=100
<Response [200]> https://finance.yahoo.com/calendar/earnings/?symbol=APD&offset=200&size=100
Sleeping 90.0 seconds...
<Response [200]> https://finance.yahoo.com/calendar/earnings/?symbol=APD&offset=200&size=100
Sleeping 112.5 seconds...
<Response [200]> https://finance.yahoo.com/calendar/earnings/?symbol=APD&offset=200&size=100
Sleeping 135.0 seconds...
<Response [200]> https://finance.yahoo.com/calendar/earnings/?symbol=APD&offset=200&size=100
Saved: /home/qcx201/Projects/daytrade/data/earnings/earnings-apd.json
now: 2025-12-29 18:13:34.106827 | eta: 0:13:07.672634 | delta: 0:33:45.443906 | avg: 0:00:56.262331
[37 of 50] ZTS
Saved: /home/qcx201/Projects/daytrade/data/chart/chart-zts.json
Saved: /home/qcx201/Projects/daytrade/data/summary/summary-zts.json
<Response [200]> https://finance.yahoo.com/calendar/earnings/?symbol=ZTS&offset=0&size=100
<Response [200]> https://finance.yahoo.com/calendar/earnings/?symbol=ZTS&offset=100&size=100
Saved: /home/qcx201/Projects/daytrade/data/earnings/earnings-zts.json
now: 2025-12-29 18:13:36.572976 | eta: 0:11:52.508940 | delta: 0:33:47.910055 | avg: 0:00:54.808380
[38 of 50] AZO
Saved: /home/qcx201/Projects/daytrade/data/chart/chart-azo.json
Saved: /home/qcx201/Projects/daytrade/data/summary/summary-azo.json
<Response [200]> https://finance.yahoo.com/calendar/earnings/?symbol=AZO&offset=0&size=100
<Response [200]> https://finance.yahoo.com/calendar/earnings/?symbol=AZO&offset=100&size=100
<Response [200]> https://finance.yahoo.com/calendar/earnings/?symbol=AZO&offset=200&size=100
Saved: /home/qcx201/Projects/daytrade/data/earnings/earnings-azo.json
now: 2025-12-29 18:13:39.974802 | eta: 0:10:41.466912 | delta: 0:33:51.311881 | avg: 0:00:53.455576
[39 of 50] PCAR
Saved: /home/qcx201/Projects/daytrade/data/chart/chart-pcar.json
Saved: /home/qcx201/Projects/daytrade/data/summary/summary-pcar.json
<Response [200]> https://finance.yahoo.com/calendar/earnings/?symbol=PCAR&offset=0&size=100
<Response [200]> https://finance.yahoo.com/calendar/earnings/?symbol=PCAR&offset=100&size=100
<Response [200]> https://finance.yahoo.com/calendar/earnings/?symbol=PCAR&offset=200&size=100
Saved: /home/qcx201/Projects/daytrade/data/earnings/earnings-pcar.json
now: 2025-12-29 18:13:44.695489 | eta: 0:09:34.265593 | delta: 0:33:56.032568 | avg: 0:00:52.205963
[40 of 50] SRE
Saved: /home/qcx201/Projects/daytrade/data/chart/chart-sre.json
Saved: /home/qcx201/Projects/daytrade/data/summary/summary-sre.json
<Response [200]> https://finance.yahoo.com/calendar/earnings/?symbol=SRE&offset=0&size=100
<Response [200]> https://finance.yahoo.com/calendar/earnings/?symbol=SRE&offset=100&size=100
<Response [200]> https://finance.yahoo.com/calendar/earnings/?symbol=SRE&offset=200&size=100
Saved: /home/qcx201/Projects/daytrade/data/earnings/earnings-sre.json
now: 2025-12-29 18:13:49.537908 | eta: 0:08:30.218750 | delta: 0:34:00.874987 | avg: 0:00:51.021875
[41 of 50] ABNB
Saved: /home/qcx201/Projects/daytrade/data/chart/chart-abnb.json
Saved: /home/qcx201/Projects/daytrade/data/summary/summary-abnb.json
<Response [200]> https://finance.yahoo.com/calendar/earnings/?symbol=ABNB&offset=0&size=100
Sleeping 90.0 seconds...
<Response [200]> https://finance.yahoo.com/calendar/earnings/?symbol=ABNB&offset=0&size=100
Sleeping 112.5 seconds...
<Response [200]> https://finance.yahoo.com/calendar/earnings/?symbol=ABNB&offset=0&size=100
<Response [200]> https://finance.yahoo.com/calendar/earnings/?symbol=ABNB&offset=100&size=100
Saved: /home/qcx201/Projects/daytrade/data/earnings/earnings-abnb.json
now: 2025-12-29 18:17:19.856870 | eta: 0:08:14.164521 | delta: 0:37:31.193949 | avg: 0:00:54.907169
[42 of 50] CVNA
Saved: /home/qcx201/Projects/daytrade/data/chart/chart-cvna.json
Saved: /home/qcx201/Projects/daytrade/data/summary/summary-cvna.json
<Response [200]> https://finance.yahoo.com/calendar/earnings/?symbol=CVNA&offset=0&size=100
<Response [200]> https://finance.yahoo.com/calendar/earnings/?symbol=CVNA&offset=100&size=100
Saved: /home/qcx201/Projects/daytrade/data/earnings/earnings-cvna.json
now: 2025-12-29 18:17:22.064295 | eta: 0:07:09.219312 | delta: 0:37:33.401374 | avg: 0:00:53.652414
[43 of 50] ROST
Saved: /home/qcx201/Projects/daytrade/data/chart/chart-rost.json
Saved: /home/qcx201/Projects/daytrade/data/summary/summary-rost.json
<Response [200]> https://finance.yahoo.com/calendar/earnings/?symbol=ROST&offset=0&size=100
<Response [200]> https://finance.yahoo.com/calendar/earnings/?symbol=ROST&offset=100&size=100
<Response [200]> https://finance.yahoo.com/calendar/earnings/?symbol=ROST&offset=200&size=100
Saved: /home/qcx201/Projects/daytrade/data/earnings/earnings-rost.json
now: 2025-12-29 18:17:26.524790 | eta: 0:06:07.558912 | delta: 0:37:37.861869 | avg: 0:00:52.508416
[44 of 50] SLB
Saved: /home/qcx201/Projects/daytrade/data/chart/chart-slb.json
Saved: /home/qcx201/Projects/daytrade/data/summary/summary-slb.json
<Response [200]> https://finance.yahoo.com/calendar/earnings/?symbol=SLB&offset=0&size=100
Sleeping 90.0 seconds...
<Response [200]> https://finance.yahoo.com/calendar/earnings/?symbol=SLB&offset=0&size=100
Sleeping 112.5 seconds...
<Response [200]> https://finance.yahoo.com/calendar/earnings/?symbol=SLB&offset=0&size=100
<Response [200]> https://finance.yahoo.com/calendar/earnings/?symbol=SLB&offset=100&size=100
<Response [200]> https://finance.yahoo.com/calendar/earnings/?symbol=SLB&offset=200&size=100
Saved: /home/qcx201/Projects/daytrade/data/earnings/earnings-slb.json
now: 2025-12-29 18:20:59.153623 | eta: 0:05:36.885096 | delta: 0:41:10.490702 | avg: 0:00:56.147516
[45 of 50] CMG
Saved: /home/qcx201/Projects/daytrade/data/chart/chart-cmg.json
Saved: /home/qcx201/Projects/daytrade/data/summary/summary-cmg.json
<Response [200]> https://finance.yahoo.com/calendar/earnings/?symbol=CMG&offset=0&size=100
<Response [200]> https://finance.yahoo.com/calendar/earnings/?symbol=CMG&offset=100&size=100
Sleeping 90.0 seconds...
<Response [200]> https://finance.yahoo.com/calendar/earnings/?symbol=CMG&offset=100&size=100
Sleeping 112.5 seconds...
<Response [200]> https://finance.yahoo.com/calendar/earnings/?symbol=CMG&offset=100&size=100
Sleeping 135.0 seconds...
<Response [200]> https://finance.yahoo.com/calendar/earnings/?symbol=CMG&offset=100&size=100
Saved: /home/qcx201/Projects/daytrade/data/earnings/earnings-cmg.json
now: 2025-12-29 18:26:49.163342 | eta: 0:05:13.388935 | delta: 0:47:00.500421 | avg: 0:01:02.677787
[46 of 50] MPC
Saved: /home/qcx201/Projects/daytrade/data/chart/chart-mpc.json
Saved: /home/qcx201/Projects/daytrade/data/summary/summary-mpc.json
<Response [200]> https://finance.yahoo.com/calendar/earnings/?symbol=MPC&offset=0&size=100
<Response [200]> https://finance.yahoo.com/calendar/earnings/?symbol=MPC&offset=100&size=100
Saved: /home/qcx201/Projects/daytrade/data/earnings/earnings-mpc.json
now: 2025-12-29 18:26:51.980559 | eta: 0:04:05.505880 | delta: 0:47:03.317638 | avg: 0:01:01.376470
[47 of 50] VLO
Saved: /home/qcx201/Projects/daytrade/data/chart/chart-vlo.json
Saved: /home/qcx201/Projects/daytrade/data/summary/summary-vlo.json
<Response [200]> https://finance.yahoo.com/calendar/earnings/?symbol=VLO&offset=0&size=100
<Response [200]> https://finance.yahoo.com/calendar/earnings/?symbol=VLO&offset=100&size=100
Sleeping 90.0 seconds...
<Response [200]> https://finance.yahoo.com/calendar/earnings/?symbol=VLO&offset=100&size=100
Sleeping 112.5 seconds...
<Response [200]> https://finance.yahoo.com/calendar/earnings/?symbol=VLO&offset=100&size=100
<Response [200]> https://finance.yahoo.com/calendar/earnings/?symbol=VLO&offset=200&size=100
Saved: /home/qcx201/Projects/daytrade/data/earnings/earnings-vlo.json
now: 2025-12-29 18:30:24.194662 | eta: 0:03:13.757346 | delta: 0:50:35.531741 | avg: 0:01:04.585782
[48 of 50] EW
Saved: /home/qcx201/Projects/daytrade/data/chart/chart-ew.json
Saved: /home/qcx201/Projects/daytrade/data/summary/summary-ew.json
<Response [200]> https://finance.yahoo.com/calendar/earnings/?symbol=EW&offset=0&size=100
<Response [200]> https://finance.yahoo.com/calendar/earnings/?symbol=EW&offset=100&size=100
Sleeping 90.0 seconds...
<Response [200]> https://finance.yahoo.com/calendar/earnings/?symbol=EW&offset=100&size=100
Sleeping 112.5 seconds...
<Response [200]> https://finance.yahoo.com/calendar/earnings/?symbol=EW&offset=100&size=100
<Response [200]> https://finance.yahoo.com/calendar/earnings/?symbol=EW&offset=200&size=100
Saved: /home/qcx201/Projects/daytrade/data/earnings/earnings-ew.json
now: 2025-12-29 18:33:53.852768 | eta: 0:02:15.216244 | delta: 0:54:05.189847 | avg: 0:01:07.608122
[49 of 50] AIG
Saved: /home/qcx201/Projects/daytrade/data/chart/chart-aig.json
Saved: /home/qcx201/Projects/daytrade/data/summary/summary-aig.json
<Response [200]> https://finance.yahoo.com/calendar/earnings/?symbol=AIG&offset=0&size=100
<Response [200]> https://finance.yahoo.com/calendar/earnings/?symbol=AIG&offset=100&size=100
<Response [200]> https://finance.yahoo.com/calendar/earnings/?symbol=AIG&offset=200&size=100
Saved: /home/qcx201/Projects/daytrade/data/earnings/earnings-aig.json
now: 2025-12-29 18:33:57.949073 | eta: 0:01:06.311962 | delta: 0:54:09.286152 | avg: 0:01:06.311962
[50 of 50] CAH
Saved: /home/qcx201/Projects/daytrade/data/chart/chart-cah.json
Saved: /home/qcx201/Projects/daytrade/data/summary/summary-cah.json
<Response [200]> https://finance.yahoo.com/calendar/earnings/?symbol=CAH&offset=0&size=100
<Response [200]> https://finance.yahoo.com/calendar/earnings/?symbol=CAH&offset=100&size=100
<Response [200]> https://finance.yahoo.com/calendar/earnings/?symbol=CAH&offset=200&size=100
Saved: /home/qcx201/Projects/daytrade/data/earnings/earnings-cah.json
now: 2025-12-29 18:34:02.011963 | eta: 0:00:00 | delta: 0:54:13.349042 | avg: 0:01:05.066981
-- Complete --
