[1 of 50] TROW
Saved: /home/qcx201/Projects/daytrade/data/chart/chart-trow.json
Saved: /home/qcx201/Projects/daytrade/data/summary/summary-trow.json
<Response [200]> https://finance.yahoo.com/calendar/earnings/?symbol=TROW&offset=0&size=100
<Response [200]> https://finance.yahoo.com/calendar/earnings/?symbol=TROW&offset=100&size=100
<Response [200]> https://finance.yahoo.com/calendar/earnings/?symbol=TROW&offset=200&size=100
Saved: /home/qcx201/Projects/daytrade/data/earnings/earnings-trow.json
now: 2025-12-28 21:11:33.608723 | eta: 0:03:36.126603 | delta: 0:00:04.410747 | avg: 0:00:04.410747
[2 of 50] EQR
Saved: /home/qcx201/Projects/daytrade/data/chart/chart-eqr.json
Saved: /home/qcx201/Projects/daytrade/data/summary/summary-eqr.json
<Response [200]> https://finance.yahoo.com/calendar/earnings/?symbol=EQR&offset=0&size=100
<Response [200]> https://finance.yahoo.com/calendar/earnings/?symbol=EQR&offset=100&size=100
<Response [200]> https://finance.yahoo.com/calendar/earnings/?symbol=EQR&offset=200&size=100
Saved: /home/qcx201/Projects/daytrade/data/earnings/earnings-eqr.json
now: 2025-12-28 21:11:38.994675 | eta: 0:03:55.120800 | delta: 0:00:09.796699 | avg: 0:00:04.898350
[3 of 50] DRI
Saved: /home/qcx201/Projects/daytrade/data/chart/chart-dri.json
Saved: /home/qcx201/Projects/daytrade/data/summary/summary-dri.json
<Response [200]> https://finance.yahoo.com/calendar/earnings/?symbol=DRI&offset=0&size=100
<Response [200]> https://finance.yahoo.com/calendar/earnings/?symbol=DRI&offset=100&size=100
<Response [200]> https://finance.yahoo.com/calendar/earnings/?symbol=DRI&offset=200&size=100
Saved: /home/qcx201/Projects/daytrade/data/earnings/earnings-dri.json
now: 2025-12-28 21:11:43.025678 | eta: 0:03:36.633998 | delta: 0:00:13.827702 | avg: 0:00:04.609234
[4 of 50] K
Saved: /home/qcx201/Projects/daytrade/data/chart/chart-k.json
Saved: /home/qcx201/Projects/daytrade/data/summary/summary-k.json
<Response [200]> https://finance.yahoo.com/calendar/earnings/?symbol=K&offset=0&size=100
<Response [200]> https://finance.yahoo.com/calendar/earnings/?symbol=K&offset=100&size=100
<Response [200]> https://finance.yahoo.com/calendar/earnings/?symbol=K&offset=200&size=100
Saved: /home/qcx201/Projects/daytrade/data/earnings/earnings-k.json
now: 2025-12-28 21:11:49.148464 | eta: 0:03:49.430612 | delta: 0:00:19.950488 | avg: 0:00:04.987622
[5 of 50] DVN
Saved: /home/qcx201/Projects/daytrade/data/chart/chart-dvn.json
Saved: /home/qcx201/Projects/daytrade/data/summary/summary-dvn.json
<Response [200]> https://finance.yahoo.com/calendar/earnings/?symbol=DVN&offset=0&size=100
<Response [200]> https://finance.yahoo.com/calendar/earnings/?symbol=DVN&offset=100&size=100
Saved: /home/qcx201/Projects/daytrade/data/earnings/earnings-dvn.json
now: 2025-12-28 21:11:52.356938 | eta: 0:03:28.430640 | delta: 0:00:23.158962 | avg: 0:00:04.631792
[6 of 50] SW
Saved: /home/qcx201/Projects/daytrade/data/chart/chart-sw.json
Saved: /home/qcx201/Projects/daytrade/data/summary/summary-sw.json
<Response [200]> https://finance.yahoo.com/calendar/earnings/?symbol=SW&offset=0&size=100
<Response [200]> https://finance.yahoo.com/calendar/earnings/?symbol=SW&offset=100&size=100
Saved: /home/qcx201/Projects/daytrade/data/earnings/earnings-sw.json
now: 2025-12-28 21:11:55.371425 | eta: 0:03:11.938648 | delta: 0:00:26.173449 | avg: 0:00:04.362242
[7 of 50] KHC
Saved: /home/qcx201/Projects/daytrade/data/chart/chart-khc.json
Saved: /home/qcx201/Projects/daytrade/data/summary/summary-khc.json
<Response [200]> https://finance.yahoo.com/calendar/earnings/?symbol=KHC&offset=0&size=100
<Response [200]> https://finance.yahoo.com/calendar/earnings/?symbol=KHC&offset=100&size=100
Saved: /home/qcx201/Projects/daytrade/data/earnings/earnings-khc.json
now: 2025-12-28 21:11:58.132394 | eta: 0:02:57.739984 | delta: 0:00:28.934418 | avg: 0:00:04.133488
[8 of 50] CMS
Saved: /home/qcx201/Projects/daytrade/data/chart/chart-cms.json
Saved: /home/qcx201/Projects/daytrade/data/summary/summary-cms.json
<Response [200]> https://finance.yahoo.com/calendar/earnings/?symbol=CMS&offset=0&size=100
<Response [200]> https://finance.yahoo.com/calendar/earnings/?symbol=CMS&offset=100&size=100
<Response [200]> https://finance.yahoo.com/calendar/earnings/?symbol=CMS&offset=200&size=100
Saved: /home/qcx201/Projects/daytrade/data/earnings/earnings-cms.json
now: 2025-12-28 21:12:02.780291 | eta: 0:02:56.307138 | delta: 0:00:33.582315 | avg: 0:00:04.197789
[9 of 50] TTD
Saved: /home/qcx201/Projects/daytrade/data/chart/chart-ttd.json
Saved: /home/qcx201/Projects/daytrade/data/summary/summary-ttd.json
<Response [200]> https://finance.yahoo.com/calendar/earnings/?symbol=TTD&offset=0&size=100
<Response [200]> https://finance.yahoo.com/calendar/earnings/?symbol=TTD&offset=100&size=100
Saved: /home/qcx201/Projects/daytrade/data/earnings/earnings-ttd.json
now: 2025-12-28 21:12:05.825194 | eta: 0:02:46.857331 | delta: 0:00:36.627218 | avg: 0:00:04.069691
[10 of 50] PODD
Saved: /home/qcx201/Projects/daytrade/data/chart/chart-podd.json
Saved: /home/qcx201/Projects/daytrade/data/summary/summary-podd.json
<Response [200]> https://finance.yahoo.com/calendar/earnings/?symbol=PODD&offset=0&size=100
<Response [200]> https://finance.yahoo.com/calendar/earnings/?symbol=PODD&offset=100&size=100
Saved: /home/qcx201/Projects/daytrade/data/earnings/earnings-podd.json
now: 2025-12-28 21:12:08.864817 | eta: 0:02:38.667360 | delta: 0:00:39.666841 | avg: 0:00:03.966684
[11 of 50] TER
Saved: /home/qcx201/Projects/daytrade/data/chart/chart-ter.json
Saved: /home/qcx201/Projects/daytrade/data/summary/summary-ter.json
<Response [200]> https://finance.yahoo.com/calendar/earnings/?symbol=TER&offset=0&size=100
Sleeping 90.0 seconds...
<Response [200]> https://finance.yahoo.com/calendar/earnings/?symbol=TER&offset=0&size=100
<Response [200]> https://finance.yahoo.com/calendar/earnings/?symbol=TER&offset=100&size=100
<Response [200]> https://finance.yahoo.com/calendar/earnings/?symbol=TER&offset=200&size=100
Saved: /home/qcx201/Projects/daytrade/data/earnings/earnings-ter.json
now: 2025-12-28 21:13:43.883848 | eta: 0:07:57.522630 | delta: 0:02:14.685872 | avg: 0:00:12.244170
[12 of 50] DGX
Saved: /home/qcx201/Projects/daytrade/data/chart/chart-dgx.json
Saved: /home/qcx201/Projects/daytrade/data/summary/summary-dgx.json
<Response [200]> https://finance.yahoo.com/calendar/earnings/?symbol=DGX&offset=0&size=100
<Response [200]> https://finance.yahoo.com/calendar/earnings/?symbol=DGX&offset=100&size=100
<Response [200]> https://finance.yahoo.com/calendar/earnings/?symbol=DGX&offset=200&size=100
Saved: /home/qcx201/Projects/daytrade/data/earnings/earnings-dgx.json
now: 2025-12-28 21:13:48.166459 | eta: 0:07:20.066866 | delta: 0:02:18.968483 | avg: 0:00:11.580707
[13 of 50] CHD
Saved: /home/qcx201/Projects/daytrade/data/chart/chart-chd.json
Saved: /home/qcx201/Projects/daytrade/data/summary/summary-chd.json
<Response [200]> https://finance.yahoo.com/calendar/earnings/?symbol=CHD&offset=0&size=100
Sleeping 90.0 seconds...
<Response [200]> https://finance.yahoo.com/calendar/earnings/?symbol=CHD&offset=0&size=100
<Response [200]> https://finance.yahoo.com/calendar/earnings/?symbol=CHD&offset=100&size=100
<Response [200]> https://finance.yahoo.com/calendar/earnings/?symbol=CHD&offset=200&size=100
Saved: /home/qcx201/Projects/daytrade/data/earnings/earnings-chd.json
now: 2025-12-28 21:15:23.634543 | eta: 0:11:07.242534 | delta: 0:03:54.436567 | avg: 0:00:18.033582
[14 of 50] EIX
Saved: /home/qcx201/Projects/daytrade/data/chart/chart-eix.json
Saved: /home/qcx201/Projects/daytrade/data/summary/summary-eix.json
<Response [200]> https://finance.yahoo.com/calendar/earnings/?symbol=EIX&offset=0&size=100
<Response [200]> https://finance.yahoo.com/calendar/earnings/?symbol=EIX&offset=100&size=100
<Response [200]> https://finance.yahoo.com/calendar/earnings/?symbol=EIX&offset=200&size=100
Saved: /home/qcx201/Projects/daytrade/data/earnings/earnings-eix.json
now: 2025-12-28 21:15:27.952815 | eta: 0:10:13.941012 | delta: 0:03:58.754839 | avg: 0:00:17.053917
[15 of 50] HAL
Saved: /home/qcx201/Projects/daytrade/data/chart/chart-hal.json
Saved: /home/qcx201/Projects/daytrade/data/summary/summary-hal.json
<Response [200]> https://finance.yahoo.com/calendar/earnings/?symbol=HAL&offset=0&size=100
<Response [200]> https://finance.yahoo.com/calendar/earnings/?symbol=HAL&offset=100&size=100
Sleeping 90.0 seconds...
<Response [200]> https://finance.yahoo.com/calendar/earnings/?symbol=HAL&offset=100&size=100
<Response [200]> https://finance.yahoo.com/calendar/earnings/?symbol=HAL&offset=200&size=100
Saved: /home/qcx201/Projects/daytrade/data/earnings/earnings-hal.json
now: 2025-12-28 21:17:03.469329 | eta: 0:12:59.966495 | delta: 0:05:34.271353 | avg: 0:00:22.284757
[16 of 50] SBAC
Saved: /home/qcx201/Projects/daytrade/data/chart/chart-sbac.json
Saved: /home/qcx201/Projects/daytrade/data/summary/summary-sbac.json
<Response [200]> https://finance.yahoo.com/calendar/earnings/?symbol=SBAC&offset=0&size=100
<Response [200]> https://finance.yahoo.com/calendar/earnings/?symbol=SBAC&offset=100&size=100
<Response [200]> https://finance.yahoo.com/calendar/earnings/?symbol=SBAC&offset=200&size=100
Saved: /home/qcx201/Projects/daytrade/data/earnings/earnings-sbac.json
now: 2025-12-28 21:17:07.412863 | eta: 0:11:58.706620 | delta: 0:05:38.214887 | avg: 0:00:21.138430
[17 of 50] CDW
Saved: /home/qcx201/Projects/daytrade/data/chart/chart-cdw.json
Saved: /home/qcx201/Projects/daytrade/data/summary/summary-cdw.json
<Response [200]> https://finance.yahoo.com/calendar/earnings/?symbol=CDW&offset=0&size=100
<Response [200]> https://finance.yahoo.com/calendar/earnings/?symbol=CDW&offset=100&size=100
Saved: /home/qcx201/Projects/daytrade/data/earnings/earnings-cdw.json
now: 2025-12-28 21:17:10.404577 | eta: 0:11:02.342241 | delta: 0:05:41.206601 | avg: 0:00:20.070977
[18 of 50] EL
Saved: /home/qcx201/Projects/daytrade/data/chart/chart-el.json
Saved: /home/qcx201/Projects/daytrade/data/summary/summary-el.json
<Response [200]> https://finance.yahoo.com/calendar/earnings/?symbol=EL&offset=0&size=100
Sleeping 90.0 seconds...
<Response [200]> https://finance.yahoo.com/calendar/earnings/?symbol=EL&offset=0&size=100
<Response [200]> https://finance.yahoo.com/calendar/earnings/?symbol=EL&offset=100&size=100
<Response [200]> https://finance.yahoo.com/calendar/earnings/?symbol=EL&offset=200&size=100
Saved: /home/qcx201/Projects/daytrade/data/earnings/earnings-el.json
now: 2025-12-28 21:18:46.296830 | eta: 0:12:57.064640 | delta: 0:07:17.098854 | avg: 0:00:24.283270
[19 of 50] BIIB
Saved: /home/qcx201/Projects/daytrade/data/chart/chart-biib.json
Saved: /home/qcx201/Projects/daytrade/data/summary/summary-biib.json
<Response [200]> https://finance.yahoo.com/calendar/earnings/?symbol=BIIB&offset=0&size=100
<Response [200]> https://finance.yahoo.com/calendar/earnings/?symbol=BIIB&offset=100&size=100
<Response [200]> https://finance.yahoo.com/calendar/earnings/?symbol=BIIB&offset=200&size=100
Saved: /home/qcx201/Projects/daytrade/data/earnings/earnings-biib.json
now: 2025-12-28 21:18:51.492723 | eta: 0:12:01.638801 | delta: 0:07:22.294747 | avg: 0:00:23.278671
[20 of 50] NI
Saved: /home/qcx201/Projects/daytrade/data/chart/chart-ni.json
Saved: /home/qcx201/Projects/daytrade/data/summary/summary-ni.json
<Response [200]> https://finance.yahoo.com/calendar/earnings/?symbol=NI&offset=0&size=100
<Response [200]> https://finance.yahoo.com/calendar/earnings/?symbol=NI&offset=100&size=100
Sleeping 90.0 seconds...
<Response [200]> https://finance.yahoo.com/calendar/earnings/?symbol=NI&offset=100&size=100
<Response [200]> https://finance.yahoo.com/calendar/earnings/?symbol=NI&offset=200&size=100
Saved: /home/qcx201/Projects/daytrade/data/earnings/earnings-ni.json
now: 2025-12-28 21:20:26.398076 | eta: 0:13:25.800150 | delta: 0:08:57.200100 | avg: 0:00:26.860005
[21 of 50] CPAY
Saved: /home/qcx201/Projects/daytrade/data/chart/chart-cpay.json
Saved: /home/qcx201/Projects/daytrade/data/summary/summary-cpay.json
<Response [200]> https://finance.yahoo.com/calendar/earnings/?symbol=CPAY&offset=0&size=100
<Response [200]> https://finance.yahoo.com/calendar/earnings/?symbol=CPAY&offset=100&size=100
Saved: /home/qcx201/Projects/daytrade/data/earnings/earnings-cpay.json
now: 2025-12-28 21:20:29.203316 | eta: 0:12:25.721660 | delta: 0:09:00.005340 | avg: 0:00:25.714540
[22 of 50] ON
Saved: /home/qcx201/Projects/daytrade/data/chart/chart-on.json
Saved: /home/qcx201/Projects/daytrade/data/summary/summary-on.json
<Response [200]> https://finance.yahoo.com/calendar/earnings/?symbol=ON&offset=0&size=100
<Response [200]> https://finance.yahoo.com/calendar/earnings/?symbol=ON&offset=100&size=100
<Response [200]> https://finance.yahoo.com/calendar/earnings/?symbol=ON&offset=200&size=100
Saved: /home/qcx201/Projects/daytrade/data/earnings/earnings-on.json
now: 2025-12-28 21:20:34.425747 | eta: 0:11:33.926240 | delta: 0:09:05.227771 | avg: 0:00:24.783080
[23 of 50] GPN
Saved: /home/qcx201/Projects/daytrade/data/chart/chart-gpn.json
Saved: /home/qcx201/Projects/daytrade/data/summary/summary-gpn.json
<Response [200]> https://finance.yahoo.com/calendar/earnings/?symbol=GPN&offset=0&size=100
<Response [200]> https://finance.yahoo.com/calendar/earnings/?symbol=GPN&offset=100&size=100
Sleeping 90.0 seconds...
<Response [200]> https://finance.yahoo.com/calendar/earnings/?symbol=GPN&offset=100&size=100
Saved: /home/qcx201/Projects/daytrade/data/earnings/earnings-gpn.json
now: 2025-12-28 21:22:09.516692 | eta: 0:12:31.678488 | delta: 0:10:40.318716 | avg: 0:00:27.839944
[24 of 50] IT
Saved: /home/qcx201/Projects/daytrade/data/chart/chart-it.json
Saved: /home/qcx201/Projects/daytrade/data/summary/summary-it.json
<Response [200]> https://finance.yahoo.com/calendar/earnings/?symbol=IT&offset=0&size=100
<Response [200]> https://finance.yahoo.com/calendar/earnings/?symbol=IT&offset=100&size=100
<Response [200]> https://finance.yahoo.com/calendar/earnings/?symbol=IT&offset=200&size=100
Saved: /home/qcx201/Projects/daytrade/data/earnings/earnings-it.json
now: 2025-12-28 21:22:15.297537 | eta: 0:11:39.941190 | delta: 0:10:46.099561 | avg: 0:00:26.920815
[25 of 50] TRMB
Saved: /home/qcx201/Projects/daytrade/data/chart/chart-trmb.json
Saved: /home/qcx201/Projects/daytrade/data/summary/summary-trmb.json
<Response [200]> https://finance.yahoo.com/calendar/earnings/?symbol=TRMB&offset=0&size=100
<Response [200]> https://finance.yahoo.com/calendar/earnings/?symbol=TRMB&offset=100&size=100
<Response [200]> https://finance.yahoo.com/calendar/earnings/?symbol=TRMB&offset=200&size=100
Saved: /home/qcx201/Projects/daytrade/data/earnings/earnings-trmb.json
now: 2025-12-28 21:22:19.655643 | eta: 0:10:50.457675 | delta: 0:10:50.457667 | avg: 0:00:26.018307
[26 of 50] PKG
Saved: /home/qcx201/Projects/daytrade/data/chart/chart-pkg.json
Saved: /home/qcx201/Projects/daytrade/data/summary/summary-pkg.json
<Response [200]> https://finance.yahoo.com/calendar/earnings/?symbol=PKG&offset=0&size=100
Sleeping 90.0 seconds...
<Response [200]> https://finance.yahoo.com/calendar/earnings/?symbol=PKG&offset=0&size=100
<Response [200]> https://finance.yahoo.com/calendar/earnings/?symbol=PKG&offset=100&size=100
<Response [200]> https://finance.yahoo.com/calendar/earnings/?symbol=PKG&offset=200&size=100
Saved: /home/qcx201/Projects/daytrade/data/earnings/earnings-pkg.json
now: 2025-12-28 21:23:55.094239 | eta: 0:11:28.519632 | delta: 0:12:25.896263 | avg: 0:00:28.688318
[27 of 50] ZBH
Saved: /home/qcx201/Projects/daytrade/data/chart/chart-zbh.json
Saved: /home/qcx201/Projects/daytrade/data/summary/summary-zbh.json
<Response [200]> https://finance.yahoo.com/calendar/earnings/?symbol=ZBH&offset=0&size=100
<Response [200]> https://finance.yahoo.com/calendar/earnings/?symbol=ZBH&offset=100&size=100
Saved: /home/qcx201/Projects/daytrade/data/earnings/earnings-zbh.json
now: 2025-12-28 21:23:58.300206 | eta: 0:10:38.124121 | delta: 0:12:29.102230 | avg: 0:00:27.744527
[28 of 50] STLD
Saved: /home/qcx201/Projects/daytrade/data/chart/chart-stld.json
Saved: /home/qcx201/Projects/daytrade/data/summary/summary-stld.json
<Response [200]> https://finance.yahoo.com/calendar/earnings/?symbol=STLD&offset=0&size=100
Sleeping 90.0 seconds...
<Response [200]> https://finance.yahoo.com/calendar/earnings/?symbol=STLD&offset=0&size=100
<Response [200]> https://finance.yahoo.com/calendar/earnings/?symbol=STLD&offset=100&size=100
<Response [200]> https://finance.yahoo.com/calendar/earnings/?symbol=STLD&offset=200&size=100
Saved: /home/qcx201/Projects/daytrade/data/earnings/earnings-stld.json
now: 2025-12-28 21:25:34.780364 | eta: 0:11:04.386162 | delta: 0:14:05.582388 | avg: 0:00:30.199371
[29 of 50] GPC
Saved: /home/qcx201/Projects/daytrade/data/chart/chart-gpc.json
Saved: /home/qcx201/Projects/daytrade/data/summary/summary-gpc.json
<Response [200]> https://finance.yahoo.com/calendar/earnings/?symbol=GPC&offset=0&size=100
<Response [200]> https://finance.yahoo.com/calendar/earnings/?symbol=GPC&offset=100&size=100
<Response [200]> https://finance.yahoo.com/calendar/earnings/?symbol=GPC&offset=200&size=100
Saved: /home/qcx201/Projects/daytrade/data/earnings/earnings-gpc.json
now: 2025-12-28 21:25:39.086565 | eta: 0:10:15.436563 | delta: 0:14:09.888589 | avg: 0:00:29.306503
[30 of 50] LULU
Saved: /home/qcx201/Projects/daytrade/data/chart/chart-lulu.json
Saved: /home/qcx201/Projects/daytrade/data/summary/summary-lulu.json
<Response [200]> https://finance.yahoo.com/calendar/earnings/?symbol=LULU&offset=0&size=100
<Response [200]> https://finance.yahoo.com/calendar/earnings/?symbol=LULU&offset=100&size=100
Sleeping 90.0 seconds...
<Response [200]> https://finance.yahoo.com/calendar/earnings/?symbol=LULU&offset=100&size=100
Saved: /home/qcx201/Projects/daytrade/data/earnings/earnings-lulu.json
now: 2025-12-28 21:27:12.731717 | eta: 0:10:29.022500 | delta: 0:15:43.533741 | avg: 0:00:31.451125
[31 of 50] STZ
Saved: /home/qcx201/Projects/daytrade/data/chart/chart-stz.json
Saved: /home/qcx201/Projects/daytrade/data/summary/summary-stz.json
<Response [200]> https://finance.yahoo.com/calendar/earnings/?symbol=STZ&offset=0&size=100
<Response [200]> https://finance.yahoo.com/calendar/earnings/?symbol=STZ&offset=100&size=100
<Response [200]> https://finance.yahoo.com/calendar/earnings/?symbol=STZ&offset=200&size=100
Saved: /home/qcx201/Projects/daytrade/data/earnings/earnings-stz.json
now: 2025-12-28 21:27:17.136533 | eta: 0:09:40.994597 | delta: 0:15:47.938557 | avg: 0:00:30.578663
[32 of 50] APTV
Saved: /home/qcx201/Projects/daytrade/data/chart/chart-aptv.json
Saved: /home/qcx201/Projects/daytrade/data/summary/summary-aptv.json
<Response [200]> https://finance.yahoo.com/calendar/earnings/?symbol=APTV&offset=0&size=100
<Response [200]> https://finance.yahoo.com/calendar/earnings/?symbol=APTV&offset=100&size=100
Saved: /home/qcx201/Projects/daytrade/data/earnings/earnings-aptv.json
now: 2025-12-28 21:27:19.997451 | eta: 0:08:54.824712 | delta: 0:15:50.799475 | avg: 0:00:29.712484
[33 of 50] GDDY
Saved: /home/qcx201/Projects/daytrade/data/chart/chart-gddy.json
Saved: /home/qcx201/Projects/daytrade/data/summary/summary-gddy.json
<Response [200]> https://finance.yahoo.com/calendar/earnings/?symbol=GDDY&offset=0&size=100
Sleeping 90.0 seconds...
<Response [200]> https://finance.yahoo.com/calendar/earnings/?symbol=GDDY&offset=0&size=100
<Response [200]> https://finance.yahoo.com/calendar/earnings/?symbol=GDDY&offset=100&size=100
Saved: /home/qcx201/Projects/daytrade/data/earnings/earnings-gddy.json
now: 2025-12-28 21:28:53.742271 | eta: 0:08:58.098569 | delta: 0:17:24.544295 | avg: 0:00:31.652857
[34 of 50] AMCR
Saved: /home/qcx201/Projects/daytrade/data/chart/chart-amcr.json
Saved: /home/qcx201/Projects/daytrade/data/summary/summary-amcr.json
<Response [200]> https://finance.yahoo.com/calendar/earnings/?symbol=AMCR&offset=0&size=100
<Response [200]> https://finance.yahoo.com/calendar/earnings/?symbol=AMCR&offset=100&size=100
Saved: /home/qcx201/Projects/daytrade/data/earnings/earnings-amcr.json
now: 2025-12-28 21:28:56.707673 | eta: 0:08:12.945744 | delta: 0:17:27.509697 | avg: 0:00:30.809109
[35 of 50] WST
Saved: /home/qcx201/Projects/daytrade/data/chart/chart-wst.json
Saved: /home/qcx201/Projects/daytrade/data/summary/summary-wst.json
<Response [200]> https://finance.yahoo.com/calendar/earnings/?symbol=WST&offset=0&size=100
<Response [200]> https://finance.yahoo.com/calendar/earnings/?symbol=WST&offset=100&size=100
<Response [200]> https://finance.yahoo.com/calendar/earnings/?symbol=WST&offset=200&size=100
Saved: /home/qcx201/Projects/daytrade/data/earnings/earnings-wst.json
now: 2025-12-28 21:29:00.940233 | eta: 0:07:30.746685 | delta: 0:17:31.742257 | avg: 0:00:30.049779
[36 of 50] FFIV
Saved: /home/qcx201/Projects/daytrade/data/chart/chart-ffiv.json
Saved: /home/qcx201/Projects/daytrade/data/summary/summary-ffiv.json
<Response [200]> https://finance.yahoo.com/calendar/earnings/?symbol=FFIV&offset=0&size=100
Sleeping 90.0 seconds...
<Response [200]> https://finance.yahoo.com/calendar/earnings/?symbol=FFIV&offset=0&size=100
<Response [200]> https://finance.yahoo.com/calendar/earnings/?symbol=FFIV&offset=100&size=100
<Response [200]> https://finance.yahoo.com/calendar/earnings/?symbol=FFIV&offset=200&size=100
Saved: /home/qcx201/Projects/daytrade/data/earnings/earnings-ffiv.json
now: 2025-12-28 21:30:35.685192 | eta: 0:07:25.856138 | delta: 0:19:06.487216 | avg: 0:00:31.846867
[37 of 50] SNA
Saved: /home/qcx201/Projects/daytrade/data/chart/chart-sna.json
Saved: /home/qcx201/Projects/daytrade/data/summary/summary-sna.json
<Response [200]> https://finance.yahoo.com/calendar/earnings/?symbol=SNA&offset=0&size=100
<Response [200]> https://finance.yahoo.com/calendar/earnings/?symbol=SNA&offset=100&size=100
<Response [200]> https://finance.yahoo.com/calendar/earnings/?symbol=SNA&offset=200&size=100
Saved: /home/qcx201/Projects/daytrade/data/earnings/earnings-sna.json
now: 2025-12-28 21:30:40.053816 | eta: 0:06:44.354756 | delta: 0:19:10.855840 | avg: 0:00:31.104212
[38 of 50] DLTR
Saved: /home/qcx201/Projects/daytrade/data/chart/chart-dltr.json
Saved: /home/qcx201/Projects/daytrade/data/summary/summary-dltr.json
<Response [200]> https://finance.yahoo.com/calendar/earnings/?symbol=DLTR&offset=0&size=100
<Response [200]> https://finance.yahoo.com/calendar/earnings/?symbol=DLTR&offset=100&size=100
Sleeping 90.0 seconds...
<Response [200]> https://finance.yahoo.com/calendar/earnings/?symbol=DLTR&offset=100&size=100
Sleeping 112.5 seconds...
<Response [200]> https://finance.yahoo.com/calendar/earnings/?symbol=DLTR&offset=100&size=100
<Response [200]> https://finance.yahoo.com/calendar/earnings/?symbol=DLTR&offset=200&size=100
Saved: /home/qcx201/Projects/daytrade/data/earnings/earnings-dltr.json
now: 2025-12-28 21:34:08.139272 | eta: 0:07:09.139356 | delta: 0:22:38.941296 | avg: 0:00:35.761613
[39 of 50] CTRA
Saved: /home/qcx201/Projects/daytrade/data/chart/chart-ctra.json
Saved: /home/qcx201/Projects/daytrade/data/summary/summary-ctra.json
<Response [200]> https://finance.yahoo.com/calendar/earnings/?symbol=CTRA&offset=0&size=100
<Response [200]> https://finance.yahoo.com/calendar/earnings/?symbol=CTRA&offset=100&size=100
<Response [200]> https://finance.yahoo.com/calendar/earnings/?symbol=CTRA&offset=200&size=100
Saved: /home/qcx201/Projects/daytrade/data/earnings/earnings-ctra.json
now: 2025-12-28 21:34:12.332924 | eta: 0:06:24.473958 | delta: 0:22:43.134948 | avg: 0:00:34.952178
[40 of 50] J
Saved: /home/qcx201/Projects/daytrade/data/chart/chart-j.json
Saved: /home/qcx201/Projects/daytrade/data/summary/summary-j.json
<Response [200]> https://finance.yahoo.com/calendar/earnings/?symbol=J&offset=0&size=100
<Response [200]> https://finance.yahoo.com/calendar/earnings/?symbol=J&offset=100&size=100
<Response [200]> https://finance.yahoo.com/calendar/earnings/?symbol=J&offset=200&size=100
Saved: /home/qcx201/Projects/daytrade/data/earnings/earnings-j.json
now: 2025-12-28 21:34:16.445593 | eta: 0:05:41.811900 | delta: 0:22:47.247617 | avg: 0:00:34.181190
[41 of 50] PNR
Saved: /home/qcx201/Projects/daytrade/data/chart/chart-pnr.json
Saved: /home/qcx201/Projects/daytrade/data/summary/summary-pnr.json
<Response [200]> https://finance.yahoo.com/calendar/earnings/?symbol=PNR&offset=0&size=100
<Response [200]> https://finance.yahoo.com/calendar/earnings/?symbol=PNR&offset=100&size=100
<Response [200]> https://finance.yahoo.com/calendar/earnings/?symbol=PNR&offset=200&size=100
Sleeping 90.0 seconds...
<Response [200]> https://finance.yahoo.com/calendar/earnings/?symbol=PNR&offset=200&size=100
Saved: /home/qcx201/Projects/daytrade/data/earnings/earnings-pnr.json
now: 2025-12-28 21:35:51.509351 | eta: 0:05:20.995179 | delta: 0:24:22.311375 | avg: 0:00:35.666131
[42 of 50] TPL
Saved: /home/qcx201/Projects/daytrade/data/chart/chart-tpl.json
Saved: /home/qcx201/Projects/daytrade/data/summary/summary-tpl.json
<Response [200]> https://finance.yahoo.com/calendar/earnings/?symbol=TPL&offset=0&size=100
<Response [200]> https://finance.yahoo.com/calendar/earnings/?symbol=TPL&offset=100&size=100
Saved: /home/qcx201/Projects/daytrade/data/earnings/earnings-tpl.json
now: 2025-12-28 21:35:54.573354 | eta: 0:04:39.119120 | delta: 0:24:25.375378 | avg: 0:00:34.889890
[43 of 50] WAT
Saved: /home/qcx201/Projects/daytrade/data/chart/chart-wat.json
Saved: /home/qcx201/Projects/daytrade/data/summary/summary-wat.json
<Response [200]> https://finance.yahoo.com/calendar/earnings/?symbol=WAT&offset=0&size=100
<Response [200]> https://finance.yahoo.com/calendar/earnings/?symbol=WAT&offset=100&size=100
<Response [200]> https://finance.yahoo.com/calendar/earnings/?symbol=WAT&offset=200&size=100
Saved: /home/qcx201/Projects/daytrade/data/earnings/earnings-wat.json
now: 2025-12-28 21:35:58.446306 | eta: 0:03:59.179962 | delta: 0:24:29.248330 | avg: 0:00:34.168566
[44 of 50] WY
Saved: /home/qcx201/Projects/daytrade/data/chart/chart-wy.json
Saved: /home/qcx201/Projects/daytrade/data/summary/summary-wy.json
<Response [200]> https://finance.yahoo.com/calendar/earnings/?symbol=WY&offset=0&size=100
Sleeping 90.0 seconds...
<Response [200]> https://finance.yahoo.com/calendar/earnings/?symbol=WY&offset=0&size=100
<Response [200]> https://finance.yahoo.com/calendar/earnings/?symbol=WY&offset=100&size=100
<Response [200]> https://finance.yahoo.com/calendar/earnings/?symbol=WY&offset=200&size=100
Saved: /home/qcx201/Projects/daytrade/data/earnings/earnings-wy.json
now: 2025-12-28 21:37:33.959545 | eta: 0:03:33.376578 | delta: 0:26:04.761569 | avg: 0:00:35.562763
[45 of 50] EVRG
Saved: /home/qcx201/Projects/daytrade/data/chart/chart-evrg.json
Saved: /home/qcx201/Projects/daytrade/data/summary/summary-evrg.json
<Response [200]> https://finance.yahoo.com/calendar/earnings/?symbol=EVRG&offset=0&size=100
<Response [200]> https://finance.yahoo.com/calendar/earnings/?symbol=EVRG&offset=100&size=100
Saved: /home/qcx201/Projects/daytrade/data/earnings/earnings-evrg.json
now: 2025-12-28 21:37:37.552467 | eta: 0:02:54.261610 | delta: 0:26:08.354491 | avg: 0:00:34.852322
[46 of 50] LNT
Saved: /home/qcx201/Projects/daytrade/data/chart/chart-lnt.json
Saved: /home/qcx201/Projects/daytrade/data/summary/summary-lnt.json
<Response [200]> https://finance.yahoo.com/calendar/earnings/?symbol=LNT&offset=0&size=100
<Response [200]> https://finance.yahoo.com/calendar/earnings/?symbol=LNT&offset=100&size=100
<Response [200]> https://finance.yahoo.com/calendar/earnings/?symbol=LNT&offset=200&size=100
Saved: /home/qcx201/Projects/daytrade/data/earnings/earnings-lnt.json
now: 2025-12-28 21:37:41.996069 | eta: 0:02:16.765052 | delta: 0:26:12.798093 | avg: 0:00:34.191263
[47 of 50] KEY
Saved: /home/qcx201/Projects/daytrade/data/chart/chart-key.json
Saved: /home/qcx201/Projects/daytrade/data/summary/summary-key.json
<Response [200]> https://finance.yahoo.com/calendar/earnings/?symbol=KEY&offset=0&size=100
Sleeping 90.0 seconds...
<Response [200]> https://finance.yahoo.com/calendar/earnings/?symbol=KEY&offset=0&size=100
<Response [200]> https://finance.yahoo.com/calendar/earnings/?symbol=KEY&offset=100&size=100
<Response [200]> https://finance.yahoo.com/calendar/earnings/?symbol=KEY&offset=200&size=100
Saved: /home/qcx201/Projects/daytrade/data/earnings/earnings-key.json
now: 2025-12-28 21:39:16.795308 | eta: 0:01:46.442382 | delta: 0:27:47.597332 | avg: 0:00:35.480794
[48 of 50] ESS
Saved: /home/qcx201/Projects/daytrade/data/chart/chart-ess.json
Saved: /home/qcx201/Projects/daytrade/data/summary/summary-ess.json
<Response [200]> https://finance.yahoo.com/calendar/earnings/?symbol=ESS&offset=0&size=100
<Response [200]> https://finance.yahoo.com/calendar/earnings/?symbol=ESS&offset=100&size=100
<Response [200]> https://finance.yahoo.com/calendar/earnings/?symbol=ESS&offset=200&size=100
Saved: /home/qcx201/Projects/daytrade/data/earnings/earnings-ess.json
now: 2025-12-28 21:39:21.444209 | eta: 0:01:09.676926 | delta: 0:27:52.246233 | avg: 0:00:34.838463
[49 of 50] LII
Saved: /home/qcx201/Projects/daytrade/data/chart/chart-lii.json
Saved: /home/qcx201/Projects/daytrade/data/summary/summary-lii.json
<Response [200]> https://finance.yahoo.com/calendar/earnings/?symbol=LII&offset=0&size=100
<Response [200]> https://finance.yahoo.com/calendar/earnings/?symbol=LII&offset=100&size=100
<Response [200]> https://finance.yahoo.com/calendar/earnings/?symbol=LII&offset=200&size=100
Saved: /home/qcx201/Projects/daytrade/data/earnings/earnings-lii.json
now: 2025-12-28 21:39:25.582008 | eta: 0:00:34.211919 | delta: 0:27:56.384032 | avg: 0:00:34.211919
[50 of 50] L
Saved: /home/qcx201/Projects/daytrade/data/chart/chart-l.json
Saved: /home/qcx201/Projects/daytrade/data/summary/summary-l.json
<Response [200]> https://finance.yahoo.com/calendar/earnings/?symbol=L&offset=0&size=100
Sleeping 90.0 seconds...
<Response [200]> https://finance.yahoo.com/calendar/earnings/?symbol=L&offset=0&size=100
<Response [200]> https://finance.yahoo.com/calendar/earnings/?symbol=L&offset=100&size=100
Saved: /home/qcx201/Projects/daytrade/data/earnings/earnings-l.json
now: 2025-12-28 21:41:00.253364 | eta: 0:00:00 | delta: 0:29:31.055388 | avg: 0:00:35.421108
-- Complete --
