[1 of 50] BR
Saved: /home/qcx201/Projects/daytrade/data/chart/chart-br.json
Saved: /home/qcx201/Projects/daytrade/data/summary/summary-br.json
<Response [200]> https://finance.yahoo.com/calendar/earnings/?symbol=BR&offset=0&size=100
<Response [200]> https://finance.yahoo.com/calendar/earnings/?symbol=BR&offset=100&size=100
Saved: /home/qcx201/Projects/daytrade/data/earnings/earnings-br.json
now: 2025-12-28 21:11:32.158032 | eta: 0:02:29.923389 | delta: 0:00:03.059661 | avg: 0:00:03.059661
[2 of 50] HSY
Saved: /home/qcx201/Projects/daytrade/data/chart/chart-hsy.json
Saved: /home/qcx201/Projects/daytrade/data/summary/summary-hsy.json
<Response [200]> https://finance.yahoo.com/calendar/earnings/?symbol=HSY&offset=0&size=100
<Response [200]> https://finance.yahoo.com/calendar/earnings/?symbol=HSY&offset=100&size=100
<Response [200]> https://finance.yahoo.com/calendar/earnings/?symbol=HSY&offset=200&size=100
Saved: /home/qcx201/Projects/daytrade/data/earnings/earnings-hsy.json
now: 2025-12-28 21:11:36.989791 | eta: 0:03:09.394080 | delta: 0:00:07.891420 | avg: 0:00:03.945710
[3 of 50] TDY
Saved: /home/qcx201/Projects/daytrade/data/chart/chart-tdy.json
Saved: /home/qcx201/Projects/daytrade/data/summary/summary-tdy.json
<Response [200]> https://finance.yahoo.com/calendar/earnings/?symbol=TDY&offset=0&size=100
<Response [200]> https://finance.yahoo.com/calendar/earnings/?symbol=TDY&offset=100&size=100
<Response [200]> https://finance.yahoo.com/calendar/earnings/?symbol=TDY&offset=200&size=100
Saved: /home/qcx201/Projects/daytrade/data/earnings/earnings-tdy.json
now: 2025-12-28 21:11:40.891541 | eta: 0:03:04.759679 | delta: 0:00:11.793170 | avg: 0:00:03.931057
[4 of 50] AVB
Saved: /home/qcx201/Projects/daytrade/data/chart/chart-avb.json
Saved: /home/qcx201/Projects/daytrade/data/summary/summary-avb.json
<Response [200]> https://finance.yahoo.com/calendar/earnings/?symbol=AVB&offset=0&size=100
<Response [200]> https://finance.yahoo.com/calendar/earnings/?symbol=AVB&offset=100&size=100
Saved: /home/qcx201/Projects/daytrade/data/earnings/earnings-avb.json
now: 2025-12-28 21:11:43.998835 | eta: 0:02:51.355336 | delta: 0:00:14.900464 | avg: 0:00:03.725116
[5 of 50] PPL
Saved: /home/qcx201/Projects/daytrade/data/chart/chart-ppl.json
Saved: /home/qcx201/Projects/daytrade/data/summary/summary-ppl.json
<Response [200]> https://finance.yahoo.com/calendar/earnings/?symbol=PPL&offset=0&size=100
<Response [200]> https://finance.yahoo.com/calendar/earnings/?symbol=PPL&offset=100&size=100
<Response [200]> https://finance.yahoo.com/calendar/earnings/?symbol=PPL&offset=200&size=100
Saved: /home/qcx201/Projects/daytrade/data/earnings/earnings-ppl.json
now: 2025-12-28 21:11:49.092707 | eta: 0:02:59.949015 | delta: 0:00:19.994336 | avg: 0:00:03.998867
[6 of 50] BRO
Saved: /home/qcx201/Projects/daytrade/data/chart/chart-bro.json
Saved: /home/qcx201/Projects/daytrade/data/summary/summary-bro.json
<Response [200]> https://finance.yahoo.com/calendar/earnings/?symbol=BRO&offset=0&size=100
<Response [200]> https://finance.yahoo.com/calendar/earnings/?symbol=BRO&offset=100&size=100
<Response [200]> https://finance.yahoo.com/calendar/earnings/?symbol=BRO&offset=200&size=100
Saved: /home/qcx201/Projects/daytrade/data/earnings/earnings-bro.json
now: 2025-12-28 21:11:53.725346 | eta: 0:03:00.597824 | delta: 0:00:24.626975 | avg: 0:00:04.104496
[7 of 50] AWK
Saved: /home/qcx201/Projects/daytrade/data/chart/chart-awk.json
Saved: /home/qcx201/Projects/daytrade/data/summary/summary-awk.json
<Response [200]> https://finance.yahoo.com/calendar/earnings/?symbol=AWK&offset=0&size=100
<Response [200]> https://finance.yahoo.com/calendar/earnings/?symbol=AWK&offset=100&size=100
Saved: /home/qcx201/Projects/daytrade/data/earnings/earnings-awk.json
now: 2025-12-28 21:11:56.824597 | eta: 0:02:50.318227 | delta: 0:00:27.726226 | avg: 0:00:03.960889
[8 of 50] ATO
Saved: /home/qcx201/Projects/daytrade/data/chart/chart-ato.json
Saved: /home/qcx201/Projects/daytrade/data/summary/summary-ato.json
<Response [200]> https://finance.yahoo.com/calendar/earnings/?symbol=ATO&offset=0&size=100
<Response [200]> https://finance.yahoo.com/calendar/earnings/?symbol=ATO&offset=100&size=100
<Response [200]> https://finance.yahoo.com/calendar/earnings/?symbol=ATO&offset=200&size=100
Saved: /home/qcx201/Projects/daytrade/data/earnings/earnings-ato.json
now: 2025-12-28 21:12:01.209232 | eta: 0:02:48.582036 | delta: 0:00:32.110861 | avg: 0:00:04.013858
[9 of 50] FANG
Saved: /home/qcx201/Projects/daytrade/data/chart/chart-fang.json
Saved: /home/qcx201/Projects/daytrade/data/summary/summary-fang.json
<Response [200]> https://finance.yahoo.com/calendar/earnings/?symbol=FANG&offset=0&size=100
<Response [200]> https://finance.yahoo.com/calendar/earnings/?symbol=FANG&offset=100&size=100
Saved: /home/qcx201/Projects/daytrade/data/earnings/earnings-fang.json
now: 2025-12-28 21:12:04.107293 | eta: 0:02:39.485080 | delta: 0:00:35.008922 | avg: 0:00:03.889880
[10 of 50] GIS
Saved: /home/qcx201/Projects/daytrade/data/chart/chart-gis.json
Saved: /home/qcx201/Projects/daytrade/data/summary/summary-gis.json
<Response [200]> https://finance.yahoo.com/calendar/earnings/?symbol=GIS&offset=0&size=100
<Response [200]> https://finance.yahoo.com/calendar/earnings/?symbol=GIS&offset=100&size=100
<Response [200]> https://finance.yahoo.com/calendar/earnings/?symbol=GIS&offset=200&size=100
Saved: /home/qcx201/Projects/daytrade/data/earnings/earnings-gis.json
now: 2025-12-28 21:12:09.073370 | eta: 0:02:39.900000 | delta: 0:00:39.974999 | avg: 0:00:03.997500
[11 of 50] DXCM
Saved: /home/qcx201/Projects/daytrade/data/chart/chart-dxcm.json
Saved: /home/qcx201/Projects/daytrade/data/summary/summary-dxcm.json
<Response [200]> https://finance.yahoo.com/calendar/earnings/?symbol=DXCM&offset=0&size=100
Sleeping 90.0 seconds...
<Response [200]> https://finance.yahoo.com/calendar/earnings/?symbol=DXCM&offset=0&size=100
<Response [200]> https://finance.yahoo.com/calendar/earnings/?symbol=DXCM&offset=100&size=100
Saved: /home/qcx201/Projects/daytrade/data/earnings/earnings-dxcm.json
now: 2025-12-28 21:13:42.725499 | eta: 0:07:53.768919 | delta: 0:02:13.627128 | avg: 0:00:12.147921
[12 of 50] VLTO
Saved: /home/qcx201/Projects/daytrade/data/chart/chart-vlto.json
Saved: /home/qcx201/Projects/daytrade/data/summary/summary-vlto.json
<Response [200]> https://finance.yahoo.com/calendar/earnings/?symbol=VLTO&offset=0&size=100
<Response [200]> https://finance.yahoo.com/calendar/earnings/?symbol=VLTO&offset=100&size=100
Saved: /home/qcx201/Projects/daytrade/data/earnings/earnings-vlto.json
now: 2025-12-28 21:13:45.445204 | eta: 0:07:11.764968 | delta: 0:02:16.346833 | avg: 0:00:11.362236
[13 of 50] SYF
Saved: /home/qcx201/Projects/daytrade/data/chart/chart-syf.json
Saved: /home/qcx201/Projects/daytrade/data/summary/summary-syf.json
<Response [200]> https://finance.yahoo.com/calendar/earnings/?symbol=SYF&offset=0&size=100
<Response [200]> https://finance.yahoo.com/calendar/earnings/?symbol=SYF&offset=100&size=100
Saved: /home/qcx201/Projects/daytrade/data/earnings/earnings-syf.json
now: 2025-12-28 21:13:48.244187 | eta: 0:06:36.030388 | delta: 0:02:19.145816 | avg: 0:00:10.703524
[14 of 50] ES
Saved: /home/qcx201/Projects/daytrade/data/chart/chart-es.json
Saved: /home/qcx201/Projects/daytrade/data/summary/summary-es.json
<Response [200]> https://finance.yahoo.com/calendar/earnings/?symbol=ES&offset=0&size=100
Sleeping 90.0 seconds...
<Response [200]> https://finance.yahoo.com/calendar/earnings/?symbol=ES&offset=0&size=100
<Response [200]> https://finance.yahoo.com/calendar/earnings/?symbol=ES&offset=100&size=100
<Response [200]> https://finance.yahoo.com/calendar/earnings/?symbol=ES&offset=200&size=100
Saved: /home/qcx201/Projects/daytrade/data/earnings/earnings-es.json
now: 2025-12-28 21:15:23.934729 | eta: 0:10:03.864936 | delta: 0:03:54.836358 | avg: 0:00:16.774026
[15 of 50] PHM
Saved: /home/qcx201/Projects/daytrade/data/chart/chart-phm.json
Saved: /home/qcx201/Projects/daytrade/data/summary/summary-phm.json
<Response [200]> https://finance.yahoo.com/calendar/earnings/?symbol=PHM&offset=0&size=100
<Response [200]> https://finance.yahoo.com/calendar/earnings/?symbol=PHM&offset=100&size=100
<Response [200]> https://finance.yahoo.com/calendar/earnings/?symbol=PHM&offset=200&size=100
Saved: /home/qcx201/Projects/daytrade/data/earnings/earnings-phm.json
now: 2025-12-28 21:15:28.352213 | eta: 0:09:18.258960 | delta: 0:03:59.253842 | avg: 0:00:15.950256
[16 of 50] ODFL
Saved: /home/qcx201/Projects/daytrade/data/chart/chart-odfl.json
Saved: /home/qcx201/Projects/daytrade/data/summary/summary-odfl.json
<Response [200]> https://finance.yahoo.com/calendar/earnings/?symbol=ODFL&offset=0&size=100
<Response [200]> https://finance.yahoo.com/calendar/earnings/?symbol=ODFL&offset=100&size=100
Sleeping 90.0 seconds...
<Response [200]> https://finance.yahoo.com/calendar/earnings/?symbol=ODFL&offset=100&size=100
<Response [200]> https://finance.yahoo.com/calendar/earnings/?symbol=ODFL&offset=200&size=100
Saved: /home/qcx201/Projects/daytrade/data/earnings/earnings-odfl.json
now: 2025-12-28 21:17:03.549975 | eta: 0:11:50.709650 | delta: 0:05:34.451604 | avg: 0:00:20.903225
[17 of 50] LYV
Saved: /home/qcx201/Projects/daytrade/data/chart/chart-lyv.json
Saved: /home/qcx201/Projects/daytrade/data/summary/summary-lyv.json
<Response [200]> https://finance.yahoo.com/calendar/earnings/?symbol=LYV&offset=0&size=100
<Response [200]> https://finance.yahoo.com/calendar/earnings/?symbol=LYV&offset=100&size=100
Saved: /home/qcx201/Projects/daytrade/data/earnings/earnings-lyv.json
now: 2025-12-28 21:17:06.430880 | eta: 0:10:54.821937 | delta: 0:05:37.332509 | avg: 0:00:19.843089
[18 of 50] CBOE
Saved: /home/qcx201/Projects/daytrade/data/chart/chart-cboe.json
Saved: /home/qcx201/Projects/daytrade/data/summary/summary-cboe.json
<Response [200]> https://finance.yahoo.com/calendar/earnings/?symbol=CBOE&offset=0&size=100
<Response [200]> https://finance.yahoo.com/calendar/earnings/?symbol=CBOE&offset=100&size=100
Saved: /home/qcx201/Projects/daytrade/data/earnings/earnings-cboe.json
now: 2025-12-28 21:17:09.476514 | eta: 0:10:05.116704 | delta: 0:05:40.378143 | avg: 0:00:18.909897
[19 of 50] NTRS
Saved: /home/qcx201/Projects/daytrade/data/chart/chart-ntrs.json
Saved: /home/qcx201/Projects/daytrade/data/summary/summary-ntrs.json
<Response [200]> https://finance.yahoo.com/calendar/earnings/?symbol=NTRS&offset=0&size=100
<Response [200]> https://finance.yahoo.com/calendar/earnings/?symbol=NTRS&offset=100&size=100
Sleeping 90.0 seconds...
<Response [200]> https://finance.yahoo.com/calendar/earnings/?symbol=NTRS&offset=100&size=100
<Response [200]> https://finance.yahoo.com/calendar/earnings/?symbol=NTRS&offset=200&size=100
Saved: /home/qcx201/Projects/daytrade/data/earnings/earnings-ntrs.json
now: 2025-12-28 21:18:44.757210 | eta: 0:11:50.811803 | delta: 0:07:15.658839 | avg: 0:00:22.929413
[20 of 50] HPQ
Saved: /home/qcx201/Projects/daytrade/data/chart/chart-hpq.json
Saved: /home/qcx201/Projects/daytrade/data/summary/summary-hpq.json
<Response [200]> https://finance.yahoo.com/calendar/earnings/?symbol=HPQ&offset=0&size=100
<Response [200]> https://finance.yahoo.com/calendar/earnings/?symbol=HPQ&offset=100&size=100
<Response [200]> https://finance.yahoo.com/calendar/earnings/?symbol=HPQ&offset=200&size=100
Saved: /home/qcx201/Projects/daytrade/data/earnings/earnings-hpq.json
now: 2025-12-28 21:18:50.263960 | eta: 0:11:01.748370 | delta: 0:07:21.165589 | avg: 0:00:22.058279
[21 of 50] CHTR
Saved: /home/qcx201/Projects/daytrade/data/chart/chart-chtr.json
Saved: /home/qcx201/Projects/daytrade/data/summary/summary-chtr.json
<Response [200]> https://finance.yahoo.com/calendar/earnings/?symbol=CHTR&offset=0&size=100
<Response [200]> https://finance.yahoo.com/calendar/earnings/?symbol=CHTR&offset=100&size=100
Saved: /home/qcx201/Projects/daytrade/data/earnings/earnings-chtr.json
now: 2025-12-28 21:18:53.112880 | eta: 0:10:13.162892 | delta: 0:07:24.014509 | avg: 0:00:21.143548
[22 of 50] CNP
Saved: /home/qcx201/Projects/daytrade/data/chart/chart-cnp.json
Saved: /home/qcx201/Projects/daytrade/data/summary/summary-cnp.json
<Response [200]> https://finance.yahoo.com/calendar/earnings/?symbol=CNP&offset=0&size=100
Sleeping 90.0 seconds...
<Response [200]> https://finance.yahoo.com/calendar/earnings/?symbol=CNP&offset=0&size=100
<Response [200]> https://finance.yahoo.com/calendar/earnings/?symbol=CNP&offset=100&size=100
<Response [200]> https://finance.yahoo.com/calendar/earnings/?symbol=CNP&offset=200&size=100
Saved: /home/qcx201/Projects/daytrade/data/earnings/earnings-cnp.json
now: 2025-12-28 21:20:29.524652 | eta: 0:11:27.815268 | delta: 0:09:00.426281 | avg: 0:00:24.564831
[23 of 50] HBAN
Saved: /home/qcx201/Projects/daytrade/data/chart/chart-hban.json
Saved: /home/qcx201/Projects/daytrade/data/summary/summary-hban.json
<Response [200]> https://finance.yahoo.com/calendar/earnings/?symbol=HBAN&offset=0&size=100
<Response [200]> https://finance.yahoo.com/calendar/earnings/?symbol=HBAN&offset=100&size=100
<Response [200]> https://finance.yahoo.com/calendar/earnings/?symbol=HBAN&offset=200&size=100
Saved: /home/qcx201/Projects/daytrade/data/earnings/earnings-hban.json
now: 2025-12-28 21:20:34.258963 | eta: 0:10:39.971118 | delta: 0:09:05.160592 | avg: 0:00:23.702634
[24 of 50] EXE
Saved: /home/qcx201/Projects/daytrade/data/chart/chart-exe.json
Saved: /home/qcx201/Projects/daytrade/data/summary/summary-exe.json
<Response [200]> https://finance.yahoo.com/calendar/earnings/?symbol=EXE&offset=0&size=100
<Response [200]> https://finance.yahoo.com/calendar/earnings/?symbol=EXE&offset=100&size=100
Sleeping 90.0 seconds...
<Response [200]> https://finance.yahoo.com/calendar/earnings/?symbol=EXE&offset=100&size=100
Saved: /home/qcx201/Projects/daytrade/data/earnings/earnings-exe.json
now: 2025-12-28 21:22:09.409013 | eta: 0:11:33.669860 | delta: 0:10:40.310642 | avg: 0:00:26.679610
[25 of 50] MTD
Saved: /home/qcx201/Projects/daytrade/data/chart/chart-mtd.json
Saved: /home/qcx201/Projects/daytrade/data/summary/summary-mtd.json
<Response [200]> https://finance.yahoo.com/calendar/earnings/?symbol=MTD&offset=0&size=100
<Response [200]> https://finance.yahoo.com/calendar/earnings/?symbol=MTD&offset=100&size=100
<Response [200]> https://finance.yahoo.com/calendar/earnings/?symbol=MTD&offset=200&size=100
Saved: /home/qcx201/Projects/daytrade/data/earnings/earnings-mtd.json
now: 2025-12-28 21:22:14.496263 | eta: 0:10:45.397900 | delta: 0:10:45.397892 | avg: 0:00:25.815916
[26 of 50] EXPE
Saved: /home/qcx201/Projects/daytrade/data/chart/chart-expe.json
Saved: /home/qcx201/Projects/daytrade/data/summary/summary-expe.json
<Response [200]> https://finance.yahoo.com/calendar/earnings/?symbol=EXPE&offset=0&size=100
<Response [200]> https://finance.yahoo.com/calendar/earnings/?symbol=EXPE&offset=100&size=100
Saved: /home/qcx201/Projects/daytrade/data/earnings/earnings-expe.json
now: 2025-12-28 21:22:17.629940 | eta: 0:09:58.644528 | delta: 0:10:48.531569 | avg: 0:00:24.943522
[27 of 50] CINF
Saved: /home/qcx201/Projects/daytrade/data/chart/chart-cinf.json
Saved: /home/qcx201/Projects/daytrade/data/summary/summary-cinf.json
<Response [200]> https://finance.yahoo.com/calendar/earnings/?symbol=CINF&offset=0&size=100
Sleeping 90.0 seconds...
<Response [200]> https://finance.yahoo.com/calendar/earnings/?symbol=CINF&offset=0&size=100
<Response [200]> https://finance.yahoo.com/calendar/earnings/?symbol=CINF&offset=100&size=100
<Response [200]> https://finance.yahoo.com/calendar/earnings/?symbol=CINF&offset=200&size=100
Saved: /home/qcx201/Projects/daytrade/data/earnings/earnings-cinf.json
now: 2025-12-28 21:23:53.521965 | eta: 0:10:34.138612 | delta: 0:12:24.423594 | avg: 0:00:27.571244
[28 of 50] IP
Saved: /home/qcx201/Projects/daytrade/data/chart/chart-ip.json
Saved: /home/qcx201/Projects/daytrade/data/summary/summary-ip.json
<Response [200]> https://finance.yahoo.com/calendar/earnings/?symbol=IP&offset=0&size=100
<Response [200]> https://finance.yahoo.com/calendar/earnings/?symbol=IP&offset=100&size=100
<Response [200]> https://finance.yahoo.com/calendar/earnings/?symbol=IP&offset=200&size=100
Saved: /home/qcx201/Projects/daytrade/data/earnings/earnings-ip.json
now: 2025-12-28 21:23:58.617490 | eta: 0:09:48.907880 | delta: 0:12:29.519119 | avg: 0:00:26.768540
[29 of 50] ULTA
Saved: /home/qcx201/Projects/daytrade/data/chart/chart-ulta.json
Saved: /home/qcx201/Projects/daytrade/data/summary/summary-ulta.json
<Response [200]> https://finance.yahoo.com/calendar/earnings/?symbol=ULTA&offset=0&size=100
<Response [200]> https://finance.yahoo.com/calendar/earnings/?symbol=ULTA&offset=100&size=100
Sleeping 90.0 seconds...
<Response [200]> https://finance.yahoo.com/calendar/earnings/?symbol=ULTA&offset=100&size=100
Saved: /home/qcx201/Projects/daytrade/data/earnings/earnings-ulta.json
now: 2025-12-28 21:25:32.430818 | eta: 0:10:10.689009 | delta: 0:14:03.332447 | avg: 0:00:29.080429
[30 of 50] STE
Saved: /home/qcx201/Projects/daytrade/data/chart/chart-ste.json
Saved: /home/qcx201/Projects/daytrade/data/summary/summary-ste.json
<Response [200]> https://finance.yahoo.com/calendar/earnings/?symbol=STE&offset=0&size=100
<Response [200]> https://finance.yahoo.com/calendar/earnings/?symbol=STE&offset=100&size=100
<Response [200]> https://finance.yahoo.com/calendar/earnings/?symbol=STE&offset=200&size=100
Saved: /home/qcx201/Projects/daytrade/data/earnings/earnings-ste.json
now: 2025-12-28 21:25:37.210840 | eta: 0:09:25.408320 | delta: 0:14:08.112469 | avg: 0:00:28.270416
[31 of 50] PTC
Saved: /home/qcx201/Projects/daytrade/data/chart/chart-ptc.json
Saved: /home/qcx201/Projects/daytrade/data/summary/summary-ptc.json
<Response [200]> https://finance.yahoo.com/calendar/earnings/?symbol=PTC&offset=0&size=100
<Response [200]> https://finance.yahoo.com/calendar/earnings/?symbol=PTC&offset=100&size=100
<Response [200]> https://finance.yahoo.com/calendar/earnings/?symbol=PTC&offset=200&size=100
Sleeping 90.0 seconds...
<Response [200]> https://finance.yahoo.com/calendar/earnings/?symbol=PTC&offset=200&size=100
Saved: /home/qcx201/Projects/daytrade/data/earnings/earnings-ptc.json
now: 2025-12-28 21:27:11.945335 | eta: 0:09:37.873942 | delta: 0:15:42.846964 | avg: 0:00:30.414418
[32 of 50] WSM
Saved: /home/qcx201/Projects/daytrade/data/chart/chart-wsm.json
Saved: /home/qcx201/Projects/daytrade/data/summary/summary-wsm.json
<Response [200]> https://finance.yahoo.com/calendar/earnings/?symbol=WSM&offset=0&size=100
<Response [200]> https://finance.yahoo.com/calendar/earnings/?symbol=WSM&offset=100&size=100
<Response [200]> https://finance.yahoo.com/calendar/earnings/?symbol=WSM&offset=200&size=100
Saved: /home/qcx201/Projects/daytrade/data/earnings/earnings-wsm.json
now: 2025-12-28 21:27:16.265442 | eta: 0:08:52.781478 | delta: 0:15:47.167071 | avg: 0:00:29.598971
[33 of 50] LDOS
Saved: /home/qcx201/Projects/daytrade/data/chart/chart-ldos.json
Saved: /home/qcx201/Projects/daytrade/data/summary/summary-ldos.json
<Response [200]> https://finance.yahoo.com/calendar/earnings/?symbol=LDOS&offset=0&size=100
<Response [200]> https://finance.yahoo.com/calendar/earnings/?symbol=LDOS&offset=100&size=100
Saved: /home/qcx201/Projects/daytrade/data/earnings/earnings-ldos.json
now: 2025-12-28 21:27:19.177623 | eta: 0:08:09.434760 | delta: 0:15:50.079252 | avg: 0:00:28.790280
[34 of 50] SMCI
Saved: /home/qcx201/Projects/daytrade/data/chart/chart-smci.json
Saved: /home/qcx201/Projects/daytrade/data/summary/summary-smci.json
<Response [200]> https://finance.yahoo.com/calendar/earnings/?symbol=SMCI&offset=0&size=100
<Response [200]> https://finance.yahoo.com/calendar/earnings/?symbol=SMCI&offset=100&size=100
Sleeping 90.0 seconds...
<Response [200]> https://finance.yahoo.com/calendar/earnings/?symbol=SMCI&offset=100&size=100
Saved: /home/qcx201/Projects/daytrade/data/earnings/earnings-smci.json
now: 2025-12-28 21:28:53.153065 | eta: 0:08:11.319856 | delta: 0:17:24.054694 | avg: 0:00:30.707491
[35 of 50] LH
Saved: /home/qcx201/Projects/daytrade/data/chart/chart-lh.json
Saved: /home/qcx201/Projects/daytrade/data/summary/summary-lh.json
<Response [200]> https://finance.yahoo.com/calendar/earnings/?symbol=LH&offset=0&size=100
<Response [200]> https://finance.yahoo.com/calendar/earnings/?symbol=LH&offset=100&size=100
<Response [200]> https://finance.yahoo.com/calendar/earnings/?symbol=LH&offset=200&size=100
Saved: /home/qcx201/Projects/daytrade/data/earnings/earnings-lh.json
now: 2025-12-28 21:28:58.000947 | eta: 0:07:29.529675 | delta: 0:17:28.902576 | avg: 0:00:29.968645
[36 of 50] FSLR
Saved: /home/qcx201/Projects/daytrade/data/chart/chart-fslr.json
Saved: /home/qcx201/Projects/daytrade/data/summary/summary-fslr.json
<Response [200]> https://finance.yahoo.com/calendar/earnings/?symbol=FSLR&offset=0&size=100
<Response [200]> https://finance.yahoo.com/calendar/earnings/?symbol=FSLR&offset=100&size=100
Saved: /home/qcx201/Projects/daytrade/data/earnings/earnings-fslr.json
now: 2025-12-28 21:29:00.884137 | eta: 0:06:49.027794 | delta: 0:17:31.785766 | avg: 0:00:29.216271
[37 of 50] PPG
Saved: /home/qcx201/Projects/daytrade/data/chart/chart-ppg.json
Saved: /home/qcx201/Projects/daytrade/data/summary/summary-ppg.json
<Response [200]> https://finance.yahoo.com/calendar/earnings/?symbol=PPG&offset=0&size=100
Sleeping 90.0 seconds...
<Response [200]> https://finance.yahoo.com/calendar/earnings/?symbol=PPG&offset=0&size=100
<Response [200]> https://finance.yahoo.com/calendar/earnings/?symbol=PPG&offset=100&size=100
<Response [200]> https://finance.yahoo.com/calendar/earnings/?symbol=PPG&offset=200&size=100
Saved: /home/qcx201/Projects/daytrade/data/earnings/earnings-ppg.json
now: 2025-12-28 21:30:36.049659 | eta: 0:06:42.982879 | delta: 0:19:06.951288 | avg: 0:00:30.998683
[38 of 50] NTAP
Saved: /home/qcx201/Projects/daytrade/data/chart/chart-ntap.json
Saved: /home/qcx201/Projects/daytrade/data/summary/summary-ntap.json
<Response [200]> https://finance.yahoo.com/calendar/earnings/?symbol=NTAP&offset=0&size=100
<Response [200]> https://finance.yahoo.com/calendar/earnings/?symbol=NTAP&offset=100&size=100
<Response [200]> https://finance.yahoo.com/calendar/earnings/?symbol=NTAP&offset=200&size=100
Saved: /home/qcx201/Projects/daytrade/data/earnings/earnings-ntap.json
now: 2025-12-28 21:30:40.188471 | eta: 0:06:03.502140 | delta: 0:19:11.090100 | avg: 0:00:30.291845
[39 of 50] FE
Saved: /home/qcx201/Projects/daytrade/data/chart/chart-fe.json
Saved: /home/qcx201/Projects/daytrade/data/summary/summary-fe.json
<Response [200]> https://finance.yahoo.com/calendar/earnings/?symbol=FE&offset=0&size=100
Sleeping 90.0 seconds...
<Response [200]> https://finance.yahoo.com/calendar/earnings/?symbol=FE&offset=0&size=100
Sleeping 112.5 seconds...
<Response [200]> https://finance.yahoo.com/calendar/earnings/?symbol=FE&offset=0&size=100
<Response [200]> https://finance.yahoo.com/calendar/earnings/?symbol=FE&offset=100&size=100
<Response [200]> https://finance.yahoo.com/calendar/earnings/?symbol=FE&offset=200&size=100
Saved: /home/qcx201/Projects/daytrade/data/earnings/earnings-fe.json
now: 2025-12-28 21:34:08.630941 | eta: 0:06:23.457899 | delta: 0:22:39.532570 | avg: 0:00:34.859809
[40 of 50] TPR
Saved: /home/qcx201/Projects/daytrade/data/chart/chart-tpr.json
Saved: /home/qcx201/Projects/daytrade/data/summary/summary-tpr.json
<Response [200]> https://finance.yahoo.com/calendar/earnings/?symbol=TPR&offset=0&size=100
<Response [200]> https://finance.yahoo.com/calendar/earnings/?symbol=TPR&offset=100&size=100
<Response [200]> https://finance.yahoo.com/calendar/earnings/?symbol=TPR&offset=200&size=100
Saved: /home/qcx201/Projects/daytrade/data/earnings/earnings-tpr.json
now: 2025-12-28 21:34:12.689102 | eta: 0:05:40.897680 | delta: 0:22:43.590731 | avg: 0:00:34.089768
[41 of 50] VRSN
Saved: /home/qcx201/Projects/daytrade/data/chart/chart-vrsn.json
Saved: /home/qcx201/Projects/daytrade/data/summary/summary-vrsn.json
<Response [200]> https://finance.yahoo.com/calendar/earnings/?symbol=VRSN&offset=0&size=100
<Response [200]> https://finance.yahoo.com/calendar/earnings/?symbol=VRSN&offset=100&size=100
<Response [200]> https://finance.yahoo.com/calendar/earnings/?symbol=VRSN&offset=200&size=100
Saved: /home/qcx201/Projects/daytrade/data/earnings/earnings-vrsn.json
now: 2025-12-28 21:34:16.967308 | eta: 0:05:00.263913 | delta: 0:22:47.868937 | avg: 0:00:33.362657
[42 of 50] JBL
Saved: /home/qcx201/Projects/daytrade/data/chart/chart-jbl.json
Saved: /home/qcx201/Projects/daytrade/data/summary/summary-jbl.json
<Response [200]> https://finance.yahoo.com/calendar/earnings/?symbol=JBL&offset=0&size=100
<Response [200]> https://finance.yahoo.com/calendar/earnings/?symbol=JBL&offset=100&size=100
<Response [200]> https://finance.yahoo.com/calendar/earnings/?symbol=JBL&offset=200&size=100
Sleeping 90.0 seconds...
<Response [200]> https://finance.yahoo.com/calendar/earnings/?symbol=JBL&offset=200&size=100
Saved: /home/qcx201/Projects/daytrade/data/earnings/earnings-jbl.json
now: 2025-12-28 21:35:53.312870 | eta: 0:04:38.898000 | delta: 0:24:24.214499 | avg: 0:00:34.862250
[43 of 50] RF
Saved: /home/qcx201/Projects/daytrade/data/chart/chart-rf.json
Saved: /home/qcx201/Projects/daytrade/data/summary/summary-rf.json
<Response [200]> https://finance.yahoo.com/calendar/earnings/?symbol=RF&offset=0&size=100
<Response [200]> https://finance.yahoo.com/calendar/earnings/?symbol=RF&offset=100&size=100
<Response [200]> https://finance.yahoo.com/calendar/earnings/?symbol=RF&offset=200&size=100
Saved: /home/qcx201/Projects/daytrade/data/earnings/earnings-rf.json
now: 2025-12-28 21:35:57.578687 | eta: 0:03:59.054935 | delta: 0:24:28.480316 | avg: 0:00:34.150705
[44 of 50] NVR
Saved: /home/qcx201/Projects/daytrade/data/chart/chart-nvr.json
Saved: /home/qcx201/Projects/daytrade/data/summary/summary-nvr.json
<Response [200]> https://finance.yahoo.com/calendar/earnings/?symbol=NVR&offset=0&size=100
<Response [200]> https://finance.yahoo.com/calendar/earnings/?symbol=NVR&offset=100&size=100
<Response [200]> https://finance.yahoo.com/calendar/earnings/?symbol=NVR&offset=200&size=100
Sleeping 90.0 seconds...
<Response [200]> https://finance.yahoo.com/calendar/earnings/?symbol=NVR&offset=200&size=100
Saved: /home/qcx201/Projects/daytrade/data/earnings/earnings-nvr.json
now: 2025-12-28 21:37:32.524456 | eta: 0:03:33.194466 | delta: 0:26:03.426085 | avg: 0:00:35.532411
[45 of 50] CFG
Saved: /home/qcx201/Projects/daytrade/data/chart/chart-cfg.json
Saved: /home/qcx201/Projects/daytrade/data/summary/summary-cfg.json
<Response [200]> https://finance.yahoo.com/calendar/earnings/?symbol=CFG&offset=0&size=100
<Response [200]> https://finance.yahoo.com/calendar/earnings/?symbol=CFG&offset=100&size=100
Saved: /home/qcx201/Projects/daytrade/data/earnings/earnings-cfg.json
now: 2025-12-28 21:37:35.197587 | eta: 0:02:54.011025 | delta: 0:26:06.099216 | avg: 0:00:34.802205
[46 of 50] WRB
Saved: /home/qcx201/Projects/daytrade/data/chart/chart-wrb.json
Saved: /home/qcx201/Projects/daytrade/data/summary/summary-wrb.json
<Response [200]> https://finance.yahoo.com/calendar/earnings/?symbol=WRB&offset=0&size=100
<Response [200]> https://finance.yahoo.com/calendar/earnings/?symbol=WRB&offset=100&size=100
<Response [200]> https://finance.yahoo.com/calendar/earnings/?symbol=WRB&offset=200&size=100
Saved: /home/qcx201/Projects/daytrade/data/earnings/earnings-wrb.json
now: 2025-12-28 21:37:39.644730 | eta: 0:02:16.569248 | delta: 0:26:10.546359 | avg: 0:00:34.142312
[47 of 50] DOV
Saved: /home/qcx201/Projects/daytrade/data/chart/chart-dov.json
Saved: /home/qcx201/Projects/daytrade/data/summary/summary-dov.json
<Response [200]> https://finance.yahoo.com/calendar/earnings/?symbol=DOV&offset=0&size=100
<Response [200]> https://finance.yahoo.com/calendar/earnings/?symbol=DOV&offset=100&size=100
Sleeping 90.0 seconds...
<Response [200]> https://finance.yahoo.com/calendar/earnings/?symbol=DOV&offset=100&size=100
<Response [200]> https://finance.yahoo.com/calendar/earnings/?symbol=DOV&offset=200&size=100
Saved: /home/qcx201/Projects/daytrade/data/earnings/earnings-dov.json
now: 2025-12-28 21:39:14.472946 | eta: 0:01:46.300506 | delta: 0:27:45.374575 | avg: 0:00:35.433502
[48 of 50] HUBB
Saved: /home/qcx201/Projects/daytrade/data/chart/chart-hubb.json
Saved: /home/qcx201/Projects/daytrade/data/summary/summary-hubb.json
<Response [200]> https://finance.yahoo.com/calendar/earnings/?symbol=HUBB&offset=0&size=100
<Response [200]> https://finance.yahoo.com/calendar/earnings/?symbol=HUBB&offset=100&size=100
<Response [200]> https://finance.yahoo.com/calendar/earnings/?symbol=HUBB&offset=200&size=100
Saved: /home/qcx201/Projects/daytrade/data/earnings/earnings-hubb.json
now: 2025-12-28 21:39:20.213344 | eta: 0:01:09.629790 | delta: 0:27:51.114973 | avg: 0:00:34.814895
[49 of 50] DG
Saved: /home/qcx201/Projects/daytrade/data/chart/chart-dg.json
Saved: /home/qcx201/Projects/daytrade/data/summary/summary-dg.json
<Response [200]> https://finance.yahoo.com/calendar/earnings/?symbol=DG&offset=0&size=100
<Response [200]> https://finance.yahoo.com/calendar/earnings/?symbol=DG&offset=100&size=100
Saved: /home/qcx201/Projects/daytrade/data/earnings/earnings-dg.json
now: 2025-12-28 21:39:23.056285 | eta: 0:00:34.162406 | delta: 0:27:53.957914 | avg: 0:00:34.162406
[50 of 50] TYL
Saved: /home/qcx201/Projects/daytrade/data/chart/chart-tyl.json
Saved: /home/qcx201/Projects/daytrade/data/summary/summary-tyl.json
<Response [200]> https://finance.yahoo.com/calendar/earnings/?symbol=TYL&offset=0&size=100
Sleeping 90.0 seconds...
<Response [200]> https://finance.yahoo.com/calendar/earnings/?symbol=TYL&offset=0&size=100
<Response [200]> https://finance.yahoo.com/calendar/earnings/?symbol=TYL&offset=100&size=100
<Response [200]> https://finance.yahoo.com/calendar/earnings/?symbol=TYL&offset=200&size=100
Saved: /home/qcx201/Projects/daytrade/data/earnings/earnings-tyl.json
now: 2025-12-28 21:40:58.322666 | eta: 0:00:00 | delta: 0:29:29.224295 | avg: 0:00:35.384486
-- Complete --
