[1 of 50] MU
Saved: /home/qcx201/Projects/daytrade/data/chart/chart-mu.json
Saved: /home/qcx201/Projects/daytrade/data/summary/summary-mu.json
<Response [200]> https://finance.yahoo.com/calendar/earnings/?symbol=MU&offset=0&size=100
<Response [200]> https://finance.yahoo.com/calendar/earnings/?symbol=MU&offset=100&size=100
<Response [200]> https://finance.yahoo.com/calendar/earnings/?symbol=MU&offset=200&size=100
Saved: /home/qcx201/Projects/daytrade/data/earnings/earnings-mu.json
now: 2025-12-28 21:11:33.394870 | eta: 0:03:50.141191 | delta: 0:00:04.696759 | avg: 0:00:04.696759
[2 of 50] C
Saved: /home/qcx201/Projects/daytrade/data/chart/chart-c.json
Saved: /home/qcx201/Projects/daytrade/data/summary/summary-c.json
<Response [200]> https://finance.yahoo.com/calendar/earnings/?symbol=C&offset=0&size=100
<Response [200]> https://finance.yahoo.com/calendar/earnings/?symbol=C&offset=100&size=100
<Response [200]> https://finance.yahoo.com/calendar/earnings/?symbol=C&offset=200&size=100
Saved: /home/qcx201/Projects/daytrade/data/earnings/earnings-c.json
now: 2025-12-28 21:11:38.126733 | eta: 0:03:46.286928 | delta: 0:00:09.428622 | avg: 0:00:04.714311
[3 of 50] VZ
Saved: /home/qcx201/Projects/daytrade/data/chart/chart-vz.json
Saved: /home/qcx201/Projects/daytrade/data/summary/summary-vz.json
<Response [200]> https://finance.yahoo.com/calendar/earnings/?symbol=VZ&offset=0&size=100
<Response [200]> https://finance.yahoo.com/calendar/earnings/?symbol=VZ&offset=100&size=100
<Response [200]> https://finance.yahoo.com/calendar/earnings/?symbol=VZ&offset=200&size=100
Saved: /home/qcx201/Projects/daytrade/data/earnings/earnings-vz.json
now: 2025-12-28 21:11:42.442726 | eta: 0:03:35.332286 | delta: 0:00:13.744615 | avg: 0:00:04.581538
[4 of 50] TMO
Saved: /home/qcx201/Projects/daytrade/data/chart/chart-tmo.json
Saved: /home/qcx201/Projects/daytrade/data/summary/summary-tmo.json
<Response [200]> https://finance.yahoo.com/calendar/earnings/?symbol=TMO&offset=0&size=100
<Response [200]> https://finance.yahoo.com/calendar/earnings/?symbol=TMO&offset=100&size=100
<Response [200]> https://finance.yahoo.com/calendar/earnings/?symbol=TMO&offset=200&size=100
Saved: /home/qcx201/Projects/daytrade/data/earnings/earnings-tmo.json
now: 2025-12-28 21:11:46.876750 | eta: 0:03:29.054360 | delta: 0:00:18.178639 | avg: 0:00:04.544660
[5 of 50] AXP
Saved: /home/qcx201/Projects/daytrade/data/chart/chart-axp.json
Saved: /home/qcx201/Projects/daytrade/data/summary/summary-axp.json
<Response [200]> https://finance.yahoo.com/calendar/earnings/?symbol=AXP&offset=0&size=100
<Response [200]> https://finance.yahoo.com/calendar/earnings/?symbol=AXP&offset=100&size=100
<Response [200]> https://finance.yahoo.com/calendar/earnings/?symbol=AXP&offset=200&size=100
Saved: /home/qcx201/Projects/daytrade/data/earnings/earnings-axp.json
now: 2025-12-28 21:11:51.649191 | eta: 0:03:26.559720 | delta: 0:00:22.951080 | avg: 0:00:04.590216
[6 of 50] QCOM
Saved: /home/qcx201/Projects/daytrade/data/chart/chart-qcom.json
Saved: /home/qcx201/Projects/daytrade/data/summary/summary-qcom.json
<Response [200]> https://finance.yahoo.com/calendar/earnings/?symbol=QCOM&offset=0&size=100
<Response [200]> https://finance.yahoo.com/calendar/earnings/?symbol=QCOM&offset=100&size=100
<Response [200]> https://finance.yahoo.com/calendar/earnings/?symbol=QCOM&offset=200&size=100
Saved: /home/qcx201/Projects/daytrade/data/earnings/earnings-qcom.json
now: 2025-12-28 21:11:56.104937 | eta: 0:03:20.983376 | delta: 0:00:27.406826 | avg: 0:00:04.567804
[7 of 50] BKNG
Saved: /home/qcx201/Projects/daytrade/data/chart/chart-bkng.json
Saved: /home/qcx201/Projects/daytrade/data/summary/summary-bkng.json
<Response [200]> https://finance.yahoo.com/calendar/earnings/?symbol=BKNG&offset=0&size=100
<Response [200]> https://finance.yahoo.com/calendar/earnings/?symbol=BKNG&offset=100&size=100
<Response [200]> https://finance.yahoo.com/calendar/earnings/?symbol=BKNG&offset=200&size=100
Saved: /home/qcx201/Projects/daytrade/data/earnings/earnings-bkng.json
now: 2025-12-28 21:12:00.273189 | eta: 0:03:13.961175 | delta: 0:00:31.575078 | avg: 0:00:04.510725
[8 of 50] LRCX
Saved: /home/qcx201/Projects/daytrade/data/chart/chart-lrcx.json
Saved: /home/qcx201/Projects/daytrade/data/summary/summary-lrcx.json
<Response [200]> https://finance.yahoo.com/calendar/earnings/?symbol=LRCX&offset=0&size=100
<Response [200]> https://finance.yahoo.com/calendar/earnings/?symbol=LRCX&offset=100&size=100
<Response [200]> https://finance.yahoo.com/calendar/earnings/?symbol=LRCX&offset=200&size=100
Saved: /home/qcx201/Projects/daytrade/data/earnings/earnings-lrcx.json
now: 2025-12-28 21:12:04.653872 | eta: 0:03:08.767740 | delta: 0:00:35.955761 | avg: 0:00:04.494470
[9 of 50] BLK
Saved: /home/qcx201/Projects/daytrade/data/chart/chart-blk.json
Saved: /home/qcx201/Projects/daytrade/data/summary/summary-blk.json
<Response [200]> https://finance.yahoo.com/calendar/earnings/?symbol=BLK&offset=0&size=100
<Response [200]> https://finance.yahoo.com/calendar/earnings/?symbol=BLK&offset=100&size=100
Saved: /home/qcx201/Projects/daytrade/data/earnings/earnings-blk.json
now: 2025-12-28 21:12:07.786178 | eta: 0:02:58.067879 | delta: 0:00:39.088067 | avg: 0:00:04.343119
[10 of 50] GEV
Saved: /home/qcx201/Projects/daytrade/data/chart/chart-gev.json
Saved: /home/qcx201/Projects/daytrade/data/summary/summary-gev.json
<Response [200]> https://finance.yahoo.com/calendar/earnings/?symbol=GEV&offset=0&size=100
Sleeping 90.0 seconds...
<Response [200]> https://finance.yahoo.com/calendar/earnings/?symbol=GEV&offset=0&size=100
<Response [200]> https://finance.yahoo.com/calendar/earnings/?symbol=GEV&offset=100&size=100
Saved: /home/qcx201/Projects/daytrade/data/earnings/earnings-gev.json
now: 2025-12-28 21:13:41.296147 | eta: 0:08:50.392160 | delta: 0:02:12.598036 | avg: 0:00:13.259804
[11 of 50] TXN
Saved: /home/qcx201/Projects/daytrade/data/chart/chart-txn.json
Saved: /home/qcx201/Projects/daytrade/data/summary/summary-txn.json
<Response [200]> https://finance.yahoo.com/calendar/earnings/?symbol=TXN&offset=0&size=100
<Response [200]> https://finance.yahoo.com/calendar/earnings/?symbol=TXN&offset=100&size=100
<Response [200]> https://finance.yahoo.com/calendar/earnings/?symbol=TXN&offset=200&size=100
Saved: /home/qcx201/Projects/daytrade/data/earnings/earnings-txn.json
now: 2025-12-28 21:13:45.954753 | eta: 0:08:06.637203 | delta: 0:02:17.256642 | avg: 0:00:12.477877
[12 of 50] AMAT
Saved: /home/qcx201/Projects/daytrade/data/chart/chart-amat.json
Saved: /home/qcx201/Projects/daytrade/data/summary/summary-amat.json
<Response [200]> https://finance.yahoo.com/calendar/earnings/?symbol=AMAT&offset=0&size=100
<Response [200]> https://finance.yahoo.com/calendar/earnings/?symbol=AMAT&offset=100&size=100
Sleeping 90.0 seconds...
<Response [200]> https://finance.yahoo.com/calendar/earnings/?symbol=AMAT&offset=100&size=100
<Response [200]> https://finance.yahoo.com/calendar/earnings/?symbol=AMAT&offset=200&size=100
Saved: /home/qcx201/Projects/daytrade/data/earnings/earnings-amat.json
now: 2025-12-28 21:15:21.191584 | eta: 0:12:16.229328 | delta: 0:03:52.493473 | avg: 0:00:19.374456
[13 of 50] BA
Saved: /home/qcx201/Projects/daytrade/data/chart/chart-ba.json
Saved: /home/qcx201/Projects/daytrade/data/summary/summary-ba.json
<Response [200]> https://finance.yahoo.com/calendar/earnings/?symbol=BA&offset=0&size=100
<Response [200]> https://finance.yahoo.com/calendar/earnings/?symbol=BA&offset=100&size=100
<Response [200]> https://finance.yahoo.com/calendar/earnings/?symbol=BA&offset=200&size=100
Saved: /home/qcx201/Projects/daytrade/data/earnings/earnings-ba.json
now: 2025-12-28 21:15:25.874856 | eta: 0:11:15.041505 | delta: 0:03:57.176745 | avg: 0:00:18.244365
[14 of 50] SCHW
Saved: /home/qcx201/Projects/daytrade/data/chart/chart-schw.json
Saved: /home/qcx201/Projects/daytrade/data/summary/summary-schw.json
<Response [200]> https://finance.yahoo.com/calendar/earnings/?symbol=SCHW&offset=0&size=100
<Response [200]> https://finance.yahoo.com/calendar/earnings/?symbol=SCHW&offset=100&size=100
<Response [200]> https://finance.yahoo.com/calendar/earnings/?symbol=SCHW&offset=200&size=100
Saved: /home/qcx201/Projects/daytrade/data/earnings/earnings-schw.json
now: 2025-12-28 21:15:29.977144 | eta: 0:10:20.431812 | delta: 0:04:01.279033 | avg: 0:00:17.234217
[15 of 50] TJX
Saved: /home/qcx201/Projects/daytrade/data/chart/chart-tjx.json
Saved: /home/qcx201/Projects/daytrade/data/summary/summary-tjx.json
<Response [200]> https://finance.yahoo.com/calendar/earnings/?symbol=TJX&offset=0&size=100
Sleeping 90.0 seconds...
<Response [200]> https://finance.yahoo.com/calendar/earnings/?symbol=TJX&offset=0&size=100
<Response [200]> https://finance.yahoo.com/calendar/earnings/?symbol=TJX&offset=100&size=100
<Response [200]> https://finance.yahoo.com/calendar/earnings/?symbol=TJX&offset=200&size=100
Saved: /home/qcx201/Projects/daytrade/data/earnings/earnings-tjx.json
now: 2025-12-28 21:17:05.764607 | eta: 0:13:06.488500 | delta: 0:05:37.066496 | avg: 0:00:22.471100
[16 of 50] ISRG
Saved: /home/qcx201/Projects/daytrade/data/chart/chart-isrg.json
Saved: /home/qcx201/Projects/daytrade/data/summary/summary-isrg.json
<Response [200]> https://finance.yahoo.com/calendar/earnings/?symbol=ISRG&offset=0&size=100
<Response [200]> https://finance.yahoo.com/calendar/earnings/?symbol=ISRG&offset=100&size=100
<Response [200]> https://finance.yahoo.com/calendar/earnings/?symbol=ISRG&offset=200&size=100
Saved: /home/qcx201/Projects/daytrade/data/earnings/earnings-isrg.json
now: 2025-12-28 21:17:09.992913 | eta: 0:12:05.251450 | delta: 0:05:41.294802 | avg: 0:00:21.330925
[17 of 50] NEE
Saved: /home/qcx201/Projects/daytrade/data/chart/chart-nee.json
Saved: /home/qcx201/Projects/daytrade/data/summary/summary-nee.json
<Response [200]> https://finance.yahoo.com/calendar/earnings/?symbol=NEE&offset=0&size=100
<Response [200]> https://finance.yahoo.com/calendar/earnings/?symbol=NEE&offset=100&size=100
Sleeping 90.0 seconds...
<Response [200]> https://finance.yahoo.com/calendar/earnings/?symbol=NEE&offset=100&size=100
<Response [200]> https://finance.yahoo.com/calendar/earnings/?symbol=NEE&offset=200&size=100
Saved: /home/qcx201/Projects/daytrade/data/earnings/earnings-nee.json
now: 2025-12-28 21:18:45.286211 | eta: 0:14:07.494549 | delta: 0:07:16.588100 | avg: 0:00:25.681653
[18 of 50] ACN
Saved: /home/qcx201/Projects/daytrade/data/chart/chart-acn.json
Saved: /home/qcx201/Projects/daytrade/data/summary/summary-acn.json
<Response [200]> https://finance.yahoo.com/calendar/earnings/?symbol=ACN&offset=0&size=100
<Response [200]> https://finance.yahoo.com/calendar/earnings/?symbol=ACN&offset=100&size=100
Saved: /home/qcx201/Projects/daytrade/data/earnings/earnings-acn.json
now: 2025-12-28 21:18:49.556123 | eta: 0:13:03.747584 | delta: 0:07:20.858012 | avg: 0:00:24.492112
[19 of 50] SPGI
Saved: /home/qcx201/Projects/daytrade/data/chart/chart-spgi.json
Saved: /home/qcx201/Projects/daytrade/data/summary/summary-spgi.json
<Response [200]> https://finance.yahoo.com/calendar/earnings/?symbol=SPGI&offset=0&size=100
<Response [200]> https://finance.yahoo.com/calendar/earnings/?symbol=SPGI&offset=100&size=100
<Response [200]> https://finance.yahoo.com/calendar/earnings/?symbol=SPGI&offset=200&size=100
Saved: /home/qcx201/Projects/daytrade/data/earnings/earnings-spgi.json
now: 2025-12-28 21:18:53.662138 | eta: 0:12:05.993929 | delta: 0:07:24.964027 | avg: 0:00:23.419159
[20 of 50] AMGN
Saved: /home/qcx201/Projects/daytrade/data/chart/chart-amgn.json
Saved: /home/qcx201/Projects/daytrade/data/summary/summary-amgn.json
<Response [200]> https://finance.yahoo.com/calendar/earnings/?symbol=AMGN&offset=0&size=100
Sleeping 90.0 seconds...
<Response [200]> https://finance.yahoo.com/calendar/earnings/?symbol=AMGN&offset=0&size=100
<Response [200]> https://finance.yahoo.com/calendar/earnings/?symbol=AMGN&offset=100&size=100
<Response [200]> https://finance.yahoo.com/calendar/earnings/?symbol=AMGN&offset=200&size=100
Saved: /home/qcx201/Projects/daytrade/data/earnings/earnings-amgn.json
now: 2025-12-28 21:20:28.987489 | eta: 0:13:30.434070 | delta: 0:09:00.289378 | avg: 0:00:27.014469
[21 of 50] APH
Saved: /home/qcx201/Projects/daytrade/data/chart/chart-aph.json
Saved: /home/qcx201/Projects/daytrade/data/summary/summary-aph.json
<Response [200]> https://finance.yahoo.com/calendar/earnings/?symbol=APH&offset=0&size=100
<Response [200]> https://finance.yahoo.com/calendar/earnings/?symbol=APH&offset=100&size=100
<Response [200]> https://finance.yahoo.com/calendar/earnings/?symbol=APH&offset=200&size=100
Saved: /home/qcx201/Projects/daytrade/data/earnings/earnings-aph.json
now: 2025-12-28 21:20:35.254725 | eta: 0:12:34.768645 | delta: 0:09:06.556614 | avg: 0:00:26.026505
[22 of 50] ANET
Saved: /home/qcx201/Projects/daytrade/data/chart/chart-anet.json
Saved: /home/qcx201/Projects/daytrade/data/summary/summary-anet.json
<Response [200]> https://finance.yahoo.com/calendar/earnings/?symbol=ANET&offset=0&size=100
Sleeping 90.0 seconds...
<Response [200]> https://finance.yahoo.com/calendar/earnings/?symbol=ANET&offset=0&size=100
<Response [200]> https://finance.yahoo.com/calendar/earnings/?symbol=ANET&offset=100&size=100
Saved: /home/qcx201/Projects/daytrade/data/earnings/earnings-anet.json
now: 2025-12-28 21:22:10.704839 | eta: 0:13:37.099472 | delta: 0:10:42.006728 | avg: 0:00:29.182124
[23 of 50] ADBE
Saved: /home/qcx201/Projects/daytrade/data/chart/chart-adbe.json
Saved: /home/qcx201/Projects/daytrade/data/summary/summary-adbe.json
<Response [200]> https://finance.yahoo.com/calendar/earnings/?symbol=ADBE&offset=0&size=100
<Response [200]> https://finance.yahoo.com/calendar/earnings/?symbol=ADBE&offset=100&size=100
<Response [200]> https://finance.yahoo.com/calendar/earnings/?symbol=ADBE&offset=200&size=100
Saved: /home/qcx201/Projects/daytrade/data/earnings/earnings-adbe.json
now: 2025-12-28 21:22:15.701500 | eta: 0:12:39.525714 | delta: 0:10:47.003389 | avg: 0:00:28.130582
[24 of 50] -
[25 of 50] INTC
Saved: /home/qcx201/Projects/daytrade/data/chart/chart-intc.json
Saved: /home/qcx201/Projects/daytrade/data/summary/summary-intc.json
<Response [200]> https://finance.yahoo.com/calendar/earnings/?symbol=INTC&offset=0&size=100
<Response [200]> https://finance.yahoo.com/calendar/earnings/?symbol=INTC&offset=100&size=100
<Response [200]> https://finance.yahoo.com/calendar/earnings/?symbol=INTC&offset=200&size=100
Sleeping 90.0 seconds...
<Response [200]> https://finance.yahoo.com/calendar/earnings/?symbol=INTC&offset=200&size=100
Saved: /home/qcx201/Projects/daytrade/data/earnings/earnings-intc.json
now: 2025-12-28 21:23:51.591149 | eta: 0:12:22.893050 | delta: 0:12:22.893038 | avg: 0:00:29.715722
[26 of 50] ETN
Saved: /home/qcx201/Projects/daytrade/data/chart/chart-etn.json
Saved: /home/qcx201/Projects/daytrade/data/summary/summary-etn.json
<Response [200]> https://finance.yahoo.com/calendar/earnings/?symbol=ETN&offset=0&size=100
<Response [200]> https://finance.yahoo.com/calendar/earnings/?symbol=ETN&offset=100&size=100
<Response [200]> https://finance.yahoo.com/calendar/earnings/?symbol=ETN&offset=200&size=100
Saved: /home/qcx201/Projects/daytrade/data/earnings/earnings-etn.json
now: 2025-12-28 21:23:56.391715 | eta: 0:11:30.178704 | delta: 0:12:27.693604 | avg: 0:00:28.757446
[27 of 50] PFE
Saved: /home/qcx201/Projects/daytrade/data/chart/chart-pfe.json
Saved: /home/qcx201/Projects/daytrade/data/summary/summary-pfe.json
<Response [200]> https://finance.yahoo.com/calendar/earnings/?symbol=PFE&offset=0&size=100
<Response [200]> https://finance.yahoo.com/calendar/earnings/?symbol=PFE&offset=100&size=100
<Response [200]> https://finance.yahoo.com/calendar/earnings/?symbol=PFE&offset=200&size=100
Sleeping 90.0 seconds...
<Response [200]> https://finance.yahoo.com/calendar/earnings/?symbol=PFE&offset=200&size=100
Saved: /home/qcx201/Projects/daytrade/data/earnings/earnings-pfe.json
now: 2025-12-28 21:25:32.187430 | eta: 0:11:58.527935 | delta: 0:14:03.489319 | avg: 0:00:31.240345
[28 of 50] PGR
Saved: /home/qcx201/Projects/daytrade/data/chart/chart-pgr.json
Saved: /home/qcx201/Projects/daytrade/data/summary/summary-pgr.json
<Response [200]> https://finance.yahoo.com/calendar/earnings/?symbol=PGR&offset=0&size=100
<Response [200]> https://finance.yahoo.com/calendar/earnings/?symbol=PGR&offset=100&size=100
<Response [200]> https://finance.yahoo.com/calendar/earnings/?symbol=PGR&offset=200&size=100
Saved: /home/qcx201/Projects/daytrade/data/earnings/earnings-pgr.json
now: 2025-12-28 21:25:36.605666 | eta: 0:11:06.213086 | delta: 0:14:07.907555 | avg: 0:00:30.282413
[29 of 50] BSX
Saved: /home/qcx201/Projects/daytrade/data/chart/chart-bsx.json
Saved: /home/qcx201/Projects/daytrade/data/summary/summary-bsx.json
<Response [200]> https://finance.yahoo.com/calendar/earnings/?symbol=BSX&offset=0&size=100
<Response [200]> https://finance.yahoo.com/calendar/earnings/?symbol=BSX&offset=100&size=100
<Response [200]> https://finance.yahoo.com/calendar/earnings/?symbol=BSX&offset=200&size=100
Sleeping 90.0 seconds...
<Response [200]> https://finance.yahoo.com/calendar/earnings/?symbol=BSX&offset=200&size=100
Saved: /home/qcx201/Projects/daytrade/data/earnings/earnings-bsx.json
now: 2025-12-28 21:27:11.921413 | eta: 0:11:23.023761 | delta: 0:15:43.223302 | avg: 0:00:32.524941
[30 of 50] KLAC
Saved: /home/qcx201/Projects/daytrade/data/chart/chart-klac.json
Saved: /home/qcx201/Projects/daytrade/data/summary/summary-klac.json
<Response [200]> https://finance.yahoo.com/calendar/earnings/?symbol=KLAC&offset=0&size=100
<Response [200]> https://finance.yahoo.com/calendar/earnings/?symbol=KLAC&offset=100&size=100
<Response [200]> https://finance.yahoo.com/calendar/earnings/?symbol=KLAC&offset=200&size=100
Saved: /home/qcx201/Projects/daytrade/data/earnings/earnings-klac.json
now: 2025-12-28 21:27:16.276173 | eta: 0:10:31.718700 | delta: 0:15:47.578062 | avg: 0:00:31.585935
[31 of 50] LOW
Saved: /home/qcx201/Projects/daytrade/data/chart/chart-low.json
Saved: /home/qcx201/Projects/daytrade/data/summary/summary-low.json
<Response [200]> https://finance.yahoo.com/calendar/earnings/?symbol=LOW&offset=0&size=100
<Response [200]> https://finance.yahoo.com/calendar/earnings/?symbol=LOW&offset=100&size=100
<Response [200]> https://finance.yahoo.com/calendar/earnings/?symbol=LOW&offset=200&size=100
Saved: /home/qcx201/Projects/daytrade/data/earnings/earnings-low.json
now: 2025-12-28 21:27:21.699038 | eta: 0:09:44.097335 | delta: 0:15:53.000927 | avg: 0:00:30.741965
[32 of 50] UNP
Saved: /home/qcx201/Projects/daytrade/data/chart/chart-unp.json
Saved: /home/qcx201/Projects/daytrade/data/summary/summary-unp.json
<Response [200]> https://finance.yahoo.com/calendar/earnings/?symbol=UNP&offset=0&size=100
Sleeping 90.0 seconds...
<Response [200]> https://finance.yahoo.com/calendar/earnings/?symbol=UNP&offset=0&size=100
<Response [200]> https://finance.yahoo.com/calendar/earnings/?symbol=UNP&offset=100&size=100
<Response [200]> https://finance.yahoo.com/calendar/earnings/?symbol=UNP&offset=200&size=100
Saved: /home/qcx201/Projects/daytrade/data/earnings/earnings-unp.json
now: 2025-12-28 21:28:56.852488 | eta: 0:09:49.586832 | delta: 0:17:28.154377 | avg: 0:00:32.754824
[33 of 50] GILD
Saved: /home/qcx201/Projects/daytrade/data/chart/chart-gild.json
Saved: /home/qcx201/Projects/daytrade/data/summary/summary-gild.json
<Response [200]> https://finance.yahoo.com/calendar/earnings/?symbol=GILD&offset=0&size=100
<Response [200]> https://finance.yahoo.com/calendar/earnings/?symbol=GILD&offset=100&size=100
<Response [200]> https://finance.yahoo.com/calendar/earnings/?symbol=GILD&offset=200&size=100
Saved: /home/qcx201/Projects/daytrade/data/earnings/earnings-gild.json
now: 2025-12-28 21:29:01.169828 | eta: 0:09:02.182394 | delta: 0:17:32.471717 | avg: 0:00:31.893082
[34 of 50] PANW
Saved: /home/qcx201/Projects/daytrade/data/chart/chart-panw.json
Saved: /home/qcx201/Projects/daytrade/data/summary/summary-panw.json
<Response [200]> https://finance.yahoo.com/calendar/earnings/?symbol=PANW&offset=0&size=100
Sleeping 90.0 seconds...
<Response [200]> https://finance.yahoo.com/calendar/earnings/?symbol=PANW&offset=0&size=100
<Response [200]> https://finance.yahoo.com/calendar/earnings/?symbol=PANW&offset=100&size=100
Saved: /home/qcx201/Projects/daytrade/data/earnings/earnings-panw.json
now: 2025-12-28 21:30:34.875886 | eta: 0:08:59.377776 | delta: 0:19:06.177775 | avg: 0:00:33.711111
[35 of 50] COF
Saved: /home/qcx201/Projects/daytrade/data/chart/chart-cof.json
Saved: /home/qcx201/Projects/daytrade/data/summary/summary-cof.json
<Response [200]> https://finance.yahoo.com/calendar/earnings/?symbol=COF&offset=0&size=100
<Response [200]> https://finance.yahoo.com/calendar/earnings/?symbol=COF&offset=100&size=100
<Response [200]> https://finance.yahoo.com/calendar/earnings/?symbol=COF&offset=200&size=100
Saved: /home/qcx201/Projects/daytrade/data/earnings/earnings-cof.json
now: 2025-12-28 21:30:39.267015 | eta: 0:08:13.100955 | delta: 0:19:10.568904 | avg: 0:00:32.873397
[36 of 50] HON
Saved: /home/qcx201/Projects/daytrade/data/chart/chart-hon.json
Saved: /home/qcx201/Projects/daytrade/data/summary/summary-hon.json
<Response [200]> https://finance.yahoo.com/calendar/earnings/?symbol=HON&offset=0&size=100
<Response [200]> https://finance.yahoo.com/calendar/earnings/?symbol=HON&offset=100&size=100
Sleeping 90.0 seconds...
<Response [200]> https://finance.yahoo.com/calendar/earnings/?symbol=HON&offset=100&size=100
Sleeping 112.5 seconds...
<Response [200]> https://finance.yahoo.com/calendar/earnings/?symbol=HON&offset=100&size=100
Saved: /home/qcx201/Projects/daytrade/data/earnings/earnings-hon.json
now: 2025-12-28 21:34:07.072062 | eta: 0:08:48.256540 | delta: 0:22:38.373951 | avg: 0:00:37.732610
[37 of 50] SYK
Saved: /home/qcx201/Projects/daytrade/data/chart/chart-syk.json
Saved: /home/qcx201/Projects/daytrade/data/summary/summary-syk.json
<Response [200]> https://finance.yahoo.com/calendar/earnings/?symbol=SYK&offset=0&size=100
<Response [200]> https://finance.yahoo.com/calendar/earnings/?symbol=SYK&offset=100&size=100
<Response [200]> https://finance.yahoo.com/calendar/earnings/?symbol=SYK&offset=200&size=100
Saved: /home/qcx201/Projects/daytrade/data/earnings/earnings-syk.json
now: 2025-12-28 21:34:11.497049 | eta: 0:07:58.821252 | delta: 0:22:42.798938 | avg: 0:00:36.832404
[38 of 50] DHR
Saved: /home/qcx201/Projects/daytrade/data/chart/chart-dhr.json
Saved: /home/qcx201/Projects/daytrade/data/summary/summary-dhr.json
<Response [200]> https://finance.yahoo.com/calendar/earnings/?symbol=DHR&offset=0&size=100
<Response [200]> https://finance.yahoo.com/calendar/earnings/?symbol=DHR&offset=100&size=100
<Response [200]> https://finance.yahoo.com/calendar/earnings/?symbol=DHR&offset=200&size=100
Saved: /home/qcx201/Projects/daytrade/data/earnings/earnings-dhr.json
now: 2025-12-28 21:34:15.618450 | eta: 0:07:11.659056 | delta: 0:22:46.920339 | avg: 0:00:35.971588
[39 of 50] BX
Saved: /home/qcx201/Projects/daytrade/data/chart/chart-bx.json
Saved: /home/qcx201/Projects/daytrade/data/summary/summary-bx.json
<Response [200]> https://finance.yahoo.com/calendar/earnings/?symbol=BX&offset=0&size=100
<Response [200]> https://finance.yahoo.com/calendar/earnings/?symbol=BX&offset=100&size=100
Saved: /home/qcx201/Projects/daytrade/data/earnings/earnings-bx.json
now: 2025-12-28 21:34:18.530548 | eta: 0:06:26.362999 | delta: 0:22:49.832437 | avg: 0:00:35.123909
[40 of 50] CRWD
Saved: /home/qcx201/Projects/daytrade/data/chart/chart-crwd.json
Saved: /home/qcx201/Projects/daytrade/data/summary/summary-crwd.json
<Response [200]> https://finance.yahoo.com/calendar/earnings/?symbol=CRWD&offset=0&size=100
<Response [200]> https://finance.yahoo.com/calendar/earnings/?symbol=CRWD&offset=100&size=100
Sleeping 90.0 seconds...
<Response [200]> https://finance.yahoo.com/calendar/earnings/?symbol=CRWD&offset=100&size=100
Saved: /home/qcx201/Projects/daytrade/data/earnings/earnings-crwd.json
now: 2025-12-28 21:35:53.021419 | eta: 0:06:06.080830 | delta: 0:24:24.323308 | avg: 0:00:36.608083
[41 of 50] MDT
Saved: /home/qcx201/Projects/daytrade/data/chart/chart-mdt.json
Saved: /home/qcx201/Projects/daytrade/data/summary/summary-mdt.json
<Response [200]> https://finance.yahoo.com/calendar/earnings/?symbol=MDT&offset=0&size=100
<Response [200]> https://finance.yahoo.com/calendar/earnings/?symbol=MDT&offset=100&size=100
<Response [200]> https://finance.yahoo.com/calendar/earnings/?symbol=MDT&offset=200&size=100
Saved: /home/qcx201/Projects/daytrade/data/earnings/earnings-mdt.json
now: 2025-12-28 21:35:57.325851 | eta: 0:05:22.381701 | delta: 0:24:28.627740 | avg: 0:00:35.820189
[42 of 50] ADI
Saved: /home/qcx201/Projects/daytrade/data/chart/chart-adi.json
Saved: /home/qcx201/Projects/daytrade/data/summary/summary-adi.json
<Response [200]> https://finance.yahoo.com/calendar/earnings/?symbol=ADI&offset=0&size=100
<Response [200]> https://finance.yahoo.com/calendar/earnings/?symbol=ADI&offset=100&size=100
<Response [200]> https://finance.yahoo.com/calendar/earnings/?symbol=ADI&offset=200&size=100
Sleeping 90.0 seconds...
<Response [200]> https://finance.yahoo.com/calendar/earnings/?symbol=ADI&offset=200&size=100
Saved: /home/qcx201/Projects/daytrade/data/earnings/earnings-adi.json
now: 2025-12-28 21:37:32.415273 | eta: 0:04:57.850888 | delta: 0:26:03.717162 | avg: 0:00:37.231361
[43 of 50] WELL
Saved: /home/qcx201/Projects/daytrade/data/chart/chart-well.json
Saved: /home/qcx201/Projects/daytrade/data/summary/summary-well.json
<Response [200]> https://finance.yahoo.com/calendar/earnings/?symbol=WELL&offset=0&size=100
<Response [200]> https://finance.yahoo.com/calendar/earnings/?symbol=WELL&offset=100&size=100
Saved: /home/qcx201/Projects/daytrade/data/earnings/earnings-well.json
now: 2025-12-28 21:37:35.588574 | eta: 0:04:15.075191 | delta: 0:26:06.890463 | avg: 0:00:36.439313
[44 of 50] ADP
Saved: /home/qcx201/Projects/daytrade/data/chart/chart-adp.json
Saved: /home/qcx201/Projects/daytrade/data/summary/summary-adp.json
<Response [200]> https://finance.yahoo.com/calendar/earnings/?symbol=ADP&offset=0&size=100
<Response [200]> https://finance.yahoo.com/calendar/earnings/?symbol=ADP&offset=100&size=100
<Response [200]> https://finance.yahoo.com/calendar/earnings/?symbol=ADP&offset=200&size=100
Saved: /home/qcx201/Projects/daytrade/data/earnings/earnings-adp.json
now: 2025-12-28 21:37:40.280976 | eta: 0:03:34.306752 | delta: 0:26:11.582865 | avg: 0:00:35.717792
[45 of 50] COP
Saved: /home/qcx201/Projects/daytrade/data/chart/chart-cop.json
Saved: /home/qcx201/Projects/daytrade/data/summary/summary-cop.json
<Response [200]> https://finance.yahoo.com/calendar/earnings/?symbol=COP&offset=0&size=100
Sleeping 90.0 seconds...
<Response [200]> https://finance.yahoo.com/calendar/earnings/?symbol=COP&offset=0&size=100
<Response [200]> https://finance.yahoo.com/calendar/earnings/?symbol=COP&offset=100&size=100
<Response [200]> https://finance.yahoo.com/calendar/earnings/?symbol=COP&offset=200&size=100
Saved: /home/qcx201/Projects/daytrade/data/earnings/earnings-cop.json
now: 2025-12-28 21:39:15.050853 | eta: 0:03:05.150305 | delta: 0:27:46.352742 | avg: 0:00:37.030061
[46 of 50] TMUS
Saved: /home/qcx201/Projects/daytrade/data/chart/chart-tmus.json
Saved: /home/qcx201/Projects/daytrade/data/summary/summary-tmus.json
<Response [200]> https://finance.yahoo.com/calendar/earnings/?symbol=TMUS&offset=0&size=100
<Response [200]> https://finance.yahoo.com/calendar/earnings/?symbol=TMUS&offset=100&size=100
Saved: /home/qcx201/Projects/daytrade/data/earnings/earnings-tmus.json
now: 2025-12-28 21:39:19.177936 | eta: 0:02:25.259116 | delta: 0:27:50.479825 | avg: 0:00:36.314779
[47 of 50] DE
Saved: /home/qcx201/Projects/daytrade/data/chart/chart-de.json
Saved: /home/qcx201/Projects/daytrade/data/summary/summary-de.json
<Response [200]> https://finance.yahoo.com/calendar/earnings/?symbol=DE&offset=0&size=100
<Response [200]> https://finance.yahoo.com/calendar/earnings/?symbol=DE&offset=100&size=100
<Response [200]> https://finance.yahoo.com/calendar/earnings/?symbol=DE&offset=200&size=100
Saved: /home/qcx201/Projects/daytrade/data/earnings/earnings-de.json
now: 2025-12-28 21:39:23.833260 | eta: 0:01:46.923519 | delta: 0:27:55.135149 | avg: 0:00:35.641173
[48 of 50] CMCSA
Saved: /home/qcx201/Projects/daytrade/data/chart/chart-cmcsa.json
Saved: /home/qcx201/Projects/daytrade/data/summary/summary-cmcsa.json
<Response [200]> https://finance.yahoo.com/calendar/earnings/?symbol=CMCSA&offset=0&size=100
Sleeping 90.0 seconds...
<Response [200]> https://finance.yahoo.com/calendar/earnings/?symbol=CMCSA&offset=0&size=100
<Response [200]> https://finance.yahoo.com/calendar/earnings/?symbol=CMCSA&offset=100&size=100
<Response [200]> https://finance.yahoo.com/calendar/earnings/?symbol=CMCSA&offset=200&size=100
Saved: /home/qcx201/Projects/daytrade/data/earnings/earnings-cmcsa.json
now: 2025-12-28 21:40:59.293688 | eta: 0:01:13.774816 | delta: 0:29:30.595577 | avg: 0:00:36.887408
[49 of 50] MO
Saved: /home/qcx201/Projects/daytrade/data/chart/chart-mo.json
Saved: /home/qcx201/Projects/daytrade/data/summary/summary-mo.json
<Response [200]> https://finance.yahoo.com/calendar/earnings/?symbol=MO&offset=0&size=100
<Response [200]> https://finance.yahoo.com/calendar/earnings/?symbol=MO&offset=100&size=100
<Response [200]> https://finance.yahoo.com/calendar/earnings/?symbol=MO&offset=200&size=100
Saved: /home/qcx201/Projects/daytrade/data/earnings/earnings-mo.json
now: 2025-12-28 21:41:04.247449 | eta: 0:00:36.235701 | delta: 0:29:35.549338 | avg: 0:00:36.235701
[50 of 50] HOOD
Saved: /home/qcx201/Projects/daytrade/data/chart/chart-hood.json
Saved: /home/qcx201/Projects/daytrade/data/summary/summary-hood.json
<Response [200]> https://finance.yahoo.com/calendar/earnings/?symbol=HOOD&offset=0&size=100
<Response [200]> https://finance.yahoo.com/calendar/earnings/?symbol=HOOD&offset=100&size=100
Saved: /home/qcx201/Projects/daytrade/data/earnings/earnings-hood.json
now: 2025-12-28 21:41:06.954446 | eta: 0:00:00 | delta: 0:29:38.256335 | avg: 0:00:35.565127
-- Complete --
