[1 of 54] CPT
Saved: /home/qcx201/Projects/daytrade/data/chart/chart-cpt.json
Saved: /home/qcx201/Projects/daytrade/data/summary/summary-cpt.json
<Response [200]> https://finance.yahoo.com/calendar/earnings/?symbol=CPT&offset=0&size=100
<Response [200]> https://finance.yahoo.com/calendar/earnings/?symbol=CPT&offset=100&size=100
Saved: /home/qcx201/Projects/daytrade/data/earnings/earnings-cpt.json
now: 2025-12-28 21:11:33.317049 | eta: 0:03:10.608617 | delta: 0:00:03.596389 | avg: 0:00:03.596389
[2 of 54] HII
Saved: /home/qcx201/Projects/daytrade/data/chart/chart-hii.json
Saved: /home/qcx201/Projects/daytrade/data/summary/summary-hii.json
<Response [200]> https://finance.yahoo.com/calendar/earnings/?symbol=HII&offset=0&size=100
<Response [200]> https://finance.yahoo.com/calendar/earnings/?symbol=HII&offset=100&size=100
Saved: /home/qcx201/Projects/daytrade/data/earnings/earnings-hii.json
now: 2025-12-28 21:11:36.507394 | eta: 0:02:56.455084 | delta: 0:00:06.786734 | avg: 0:00:03.393367
[3 of 54] BG
Saved: /home/qcx201/Projects/daytrade/data/chart/chart-bg.json
Saved: /home/qcx201/Projects/daytrade/data/summary/summary-bg.json
<Response [200]> https://finance.yahoo.com/calendar/earnings/?symbol=BG&offset=0&size=100
<Response [200]> https://finance.yahoo.com/calendar/earnings/?symbol=BG&offset=100&size=100
Saved: /home/qcx201/Projects/daytrade/data/earnings/earnings-bg.json
now: 2025-12-28 21:11:39.460299 | eta: 0:02:45.573846 | delta: 0:00:09.739639 | avg: 0:00:03.246546
[4 of 54] UDR
Saved: /home/qcx201/Projects/daytrade/data/chart/chart-udr.json
Saved: /home/qcx201/Projects/daytrade/data/summary/summary-udr.json
<Response [200]> https://finance.yahoo.com/calendar/earnings/?symbol=UDR&offset=0&size=100
<Response [200]> https://finance.yahoo.com/calendar/earnings/?symbol=UDR&offset=100&size=100
<Response [200]> https://finance.yahoo.com/calendar/earnings/?symbol=UDR&offset=200&size=100
Saved: /home/qcx201/Projects/daytrade/data/earnings/earnings-udr.json
now: 2025-12-28 21:11:43.890536 | eta: 0:02:57.123450 | delta: 0:00:14.169876 | avg: 0:00:03.542469
[5 of 54] MOS
Saved: /home/qcx201/Projects/daytrade/data/chart/chart-mos.json
Saved: /home/qcx201/Projects/daytrade/data/summary/summary-mos.json
<Response [200]> https://finance.yahoo.com/calendar/earnings/?symbol=MOS&offset=0&size=100
<Response [200]> https://finance.yahoo.com/calendar/earnings/?symbol=MOS&offset=100&size=100
Saved: /home/qcx201/Projects/daytrade/data/earnings/earnings-mos.json
now: 2025-12-28 21:11:46.904852 | eta: 0:02:48.405062 | delta: 0:00:17.184192 | avg: 0:00:03.436838
[6 of 54] NCLH
Saved: /home/qcx201/Projects/daytrade/data/chart/chart-nclh.json
Saved: /home/qcx201/Projects/daytrade/data/summary/summary-nclh.json
<Response [200]> https://finance.yahoo.com/calendar/earnings/?symbol=NCLH&offset=0&size=100
<Response [200]> https://finance.yahoo.com/calendar/earnings/?symbol=NCLH&offset=100&size=100
Saved: /home/qcx201/Projects/daytrade/data/earnings/earnings-nclh.json
now: 2025-12-28 21:11:49.895147 | eta: 0:02:41.395872 | delta: 0:00:20.174487 | avg: 0:00:03.362414
[7 of 54] DAY
Saved: /home/qcx201/Projects/daytrade/data/chart/chart-day.json
Saved: /home/qcx201/Projects/daytrade/data/summary/summary-day.json
<Response [200]> https://finance.yahoo.com/calendar/earnings/?symbol=DAY&offset=0&size=100
<Response [200]> https://finance.yahoo.com/calendar/earnings/?symbol=DAY&offset=100&size=100
Saved: /home/qcx201/Projects/daytrade/data/earnings/earnings-day.json
now: 2025-12-28 21:11:52.679079 | eta: 0:02:34.149378 | delta: 0:00:22.958419 | avg: 0:00:03.279774
[8 of 54] FDS
Saved: /home/qcx201/Projects/daytrade/data/chart/chart-fds.json
Saved: /home/qcx201/Projects/daytrade/data/summary/summary-fds.json
<Response [200]> https://finance.yahoo.com/calendar/earnings/?symbol=FDS&offset=0&size=100
<Response [200]> https://finance.yahoo.com/calendar/earnings/?symbol=FDS&offset=100&size=100
<Response [200]> https://finance.yahoo.com/calendar/earnings/?symbol=FDS&offset=200&size=100
Saved: /home/qcx201/Projects/daytrade/data/earnings/earnings-fds.json
now: 2025-12-28 21:11:56.851412 | eta: 0:02:36.001824 | delta: 0:00:27.130752 | avg: 0:00:03.391344
[9 of 54] JKHY
Saved: /home/qcx201/Projects/daytrade/data/chart/chart-jkhy.json
Saved: /home/qcx201/Projects/daytrade/data/summary/summary-jkhy.json
<Response [200]> https://finance.yahoo.com/calendar/earnings/?symbol=JKHY&offset=0&size=100
<Response [200]> https://finance.yahoo.com/calendar/earnings/?symbol=JKHY&offset=100&size=100
<Response [200]> https://finance.yahoo.com/calendar/earnings/?symbol=JKHY&offset=200&size=100
Saved: /home/qcx201/Projects/daytrade/data/earnings/earnings-jkhy.json
now: 2025-12-28 21:12:01.151278 | eta: 0:02:37.153095 | delta: 0:00:31.430618 | avg: 0:00:03.492291
[10 of 54] AIZ
Saved: /home/qcx201/Projects/daytrade/data/chart/chart-aiz.json
Saved: /home/qcx201/Projects/daytrade/data/summary/summary-aiz.json
<Response [200]> https://finance.yahoo.com/calendar/earnings/?symbol=AIZ&offset=0&size=100
<Response [200]> https://finance.yahoo.com/calendar/earnings/?symbol=AIZ&offset=100&size=100
Saved: /home/qcx201/Projects/daytrade/data/earnings/earnings-aiz.json
now: 2025-12-28 21:12:05.165504 | eta: 0:02:35.957296 | delta: 0:00:35.444844 | avg: 0:00:03.544484
[11 of 54] BXP
Saved: /home/qcx201/Projects/daytrade/data/chart/chart-bxp.json
Saved: /home/qcx201/Projects/daytrade/data/summary/summary-bxp.json
<Response [200]> https://finance.yahoo.com/calendar/earnings/?symbol=BXP&offset=0&size=100
<Response [200]> https://finance.yahoo.com/calendar/earnings/?symbol=BXP&offset=100&size=100
<Response [200]> https://finance.yahoo.com/calendar/earnings/?symbol=BXP&offset=200&size=100
Sleeping 90.0 seconds...
<Response [200]> https://finance.yahoo.com/calendar/earnings/?symbol=BXP&offset=200&size=100
Saved: /home/qcx201/Projects/daytrade/data/earnings/earnings-bxp.json
now: 2025-12-28 21:13:40.322209 | eta: 0:08:30.533324 | delta: 0:02:10.601549 | avg: 0:00:11.872868
[12 of 54] HST
Saved: /home/qcx201/Projects/daytrade/data/chart/chart-hst.json
Saved: /home/qcx201/Projects/daytrade/data/summary/summary-hst.json
<Response [200]> https://finance.yahoo.com/calendar/earnings/?symbol=HST&offset=0&size=100
<Response [200]> https://finance.yahoo.com/calendar/earnings/?symbol=HST&offset=100&size=100
Saved: /home/qcx201/Projects/daytrade/data/earnings/earnings-hst.json
now: 2025-12-28 21:13:43.905112 | eta: 0:07:49.645596 | delta: 0:02:14.184452 | avg: 0:00:11.182038
[13 of 54] AKAM
Saved: /home/qcx201/Projects/daytrade/data/chart/chart-akam.json
Saved: /home/qcx201/Projects/daytrade/data/summary/summary-akam.json
<Response [200]> https://finance.yahoo.com/calendar/earnings/?symbol=AKAM&offset=0&size=100
<Response [200]> https://finance.yahoo.com/calendar/earnings/?symbol=AKAM&offset=100&size=100
<Response [200]> https://finance.yahoo.com/calendar/earnings/?symbol=AKAM&offset=200&size=100
Saved: /home/qcx201/Projects/daytrade/data/earnings/earnings-akam.json
now: 2025-12-28 21:13:48.073207 | eta: 0:07:16.342664 | delta: 0:02:18.352547 | avg: 0:00:10.642504
[14 of 54] SOLV
Saved: /home/qcx201/Projects/daytrade/data/chart/chart-solv.json
Saved: /home/qcx201/Projects/daytrade/data/summary/summary-solv.json
<Response [200]> https://finance.yahoo.com/calendar/earnings/?symbol=SOLV&offset=0&size=100
Sleeping 90.0 seconds...
<Response [200]> https://finance.yahoo.com/calendar/earnings/?symbol=SOLV&offset=0&size=100
<Response [200]> https://finance.yahoo.com/calendar/earnings/?symbol=SOLV&offset=100&size=100
Saved: /home/qcx201/Projects/daytrade/data/earnings/earnings-solv.json
now: 2025-12-28 21:15:21.498905 | eta: 0:11:02.223560 | delta: 0:03:51.778245 | avg: 0:00:16.555589
[15 of 54] PNW
Saved: /home/qcx201/Projects/daytrade/data/chart/chart-pnw.json
Saved: /home/qcx201/Projects/daytrade/data/summary/summary-pnw.json
<Response [200]> https://finance.yahoo.com/calendar/earnings/?symbol=PNW&offset=0&size=100
<Response [200]> https://finance.yahoo.com/calendar/earnings/?symbol=PNW&offset=100&size=100
<Response [200]> https://finance.yahoo.com/calendar/earnings/?symbol=PNW&offset=200&size=100
Saved: /home/qcx201/Projects/daytrade/data/earnings/earnings-pnw.json
now: 2025-12-28 21:15:25.637632 | eta: 0:10:13.384122 | delta: 0:03:55.916972 | avg: 0:00:15.727798
[16 of 54] WYNN
Saved: /home/qcx201/Projects/daytrade/data/chart/chart-wynn.json
Saved: /home/qcx201/Projects/daytrade/data/summary/summary-wynn.json
<Response [200]> https://finance.yahoo.com/calendar/earnings/?symbol=WYNN&offset=0&size=100
<Response [200]> https://finance.yahoo.com/calendar/earnings/?symbol=WYNN&offset=100&size=100
Saved: /home/qcx201/Projects/daytrade/data/earnings/earnings-wynn.json
now: 2025-12-28 21:15:28.548046 | eta: 0:09:27.215056 | delta: 0:03:58.827386 | avg: 0:00:14.926712
[17 of 54] IPG
Saved: /home/qcx201/Projects/daytrade/data/chart/chart-ipg.json
Saved: /home/qcx201/Projects/daytrade/data/summary/summary-ipg.json
<Response [200]> https://finance.yahoo.com/calendar/earnings/?symbol=IPG&offset=0&size=100
Sleeping 90.0 seconds...
<Response [200]> https://finance.yahoo.com/calendar/earnings/?symbol=IPG&offset=0&size=100
<Response [200]> https://finance.yahoo.com/calendar/earnings/?symbol=IPG&offset=100&size=100
Saved: /home/qcx201/Projects/daytrade/data/earnings/earnings-ipg.json
now: 2025-12-28 21:17:02.792572 | eta: 0:12:04.921205 | delta: 0:05:33.071912 | avg: 0:00:19.592465
[18 of 54] MOH
Saved: /home/qcx201/Projects/daytrade/data/chart/chart-moh.json
Saved: /home/qcx201/Projects/daytrade/data/summary/summary-moh.json
<Response [200]> https://finance.yahoo.com/calendar/earnings/?symbol=MOH&offset=0&size=100
<Response [200]> https://finance.yahoo.com/calendar/earnings/?symbol=MOH&offset=100&size=100
Saved: /home/qcx201/Projects/daytrade/data/earnings/earnings-moh.json
now: 2025-12-28 21:17:05.751443 | eta: 0:11:12.061572 | delta: 0:05:36.030783 | avg: 0:00:18.668377
[19 of 54] IVZ
Saved: /home/qcx201/Projects/daytrade/data/chart/chart-ivz.json
Saved: /home/qcx201/Projects/daytrade/data/summary/summary-ivz.json
<Response [200]> https://finance.yahoo.com/calendar/earnings/?symbol=IVZ&offset=0&size=100
<Response [200]> https://finance.yahoo.com/calendar/earnings/?symbol=IVZ&offset=100&size=100
<Response [200]> https://finance.yahoo.com/calendar/earnings/?symbol=IVZ&offset=200&size=100
Saved: /home/qcx201/Projects/daytrade/data/earnings/earnings-ivz.json
now: 2025-12-28 21:17:09.939988 | eta: 0:10:26.719800 | delta: 0:05:40.219328 | avg: 0:00:17.906280
[20 of 54] RVTY
Saved: /home/qcx201/Projects/daytrade/data/chart/chart-rvty.json
Saved: /home/qcx201/Projects/daytrade/data/summary/summary-rvty.json
<Response [200]> https://finance.yahoo.com/calendar/earnings/?symbol=RVTY&offset=0&size=100
<Response [200]> https://finance.yahoo.com/calendar/earnings/?symbol=RVTY&offset=100&size=100
Sleeping 90.0 seconds...
<Response [200]> https://finance.yahoo.com/calendar/earnings/?symbol=RVTY&offset=100&size=100
<Response [200]> https://finance.yahoo.com/calendar/earnings/?symbol=RVTY&offset=200&size=100
Saved: /home/qcx201/Projects/daytrade/data/earnings/earnings-rvty.json
now: 2025-12-28 21:18:45.215501 | eta: 0:12:20.341228 | delta: 0:07:15.494841 | avg: 0:00:21.774742
[21 of 54] PAYC
Saved: /home/qcx201/Projects/daytrade/data/chart/chart-payc.json
Saved: /home/qcx201/Projects/daytrade/data/summary/summary-payc.json
<Response [200]> https://finance.yahoo.com/calendar/earnings/?symbol=PAYC&offset=0&size=100
<Response [200]> https://finance.yahoo.com/calendar/earnings/?symbol=PAYC&offset=100&size=100
Saved: /home/qcx201/Projects/daytrade/data/earnings/earnings-payc.json
now: 2025-12-28 21:18:49.336074 | eta: 0:11:30.824211 | delta: 0:07:19.615414 | avg: 0:00:20.934067
[22 of 54] JBHT
Saved: /home/qcx201/Projects/daytrade/data/chart/chart-jbht.json
Saved: /home/qcx201/Projects/daytrade/data/summary/summary-jbht.json
<Response [200]> https://finance.yahoo.com/calendar/earnings/?symbol=JBHT&offset=0&size=100
<Response [200]> https://finance.yahoo.com/calendar/earnings/?symbol=JBHT&offset=100&size=100
<Response [200]> https://finance.yahoo.com/calendar/earnings/?symbol=JBHT&offset=200&size=100
Saved: /home/qcx201/Projects/daytrade/data/earnings/earnings-jbht.json
now: 2025-12-28 21:18:53.605307 | eta: 0:10:45.650400 | delta: 0:07:23.884647 | avg: 0:00:20.176575
[23 of 54] POOL
Saved: /home/qcx201/Projects/daytrade/data/chart/chart-pool.json
Saved: /home/qcx201/Projects/daytrade/data/summary/summary-pool.json
<Response [200]> https://finance.yahoo.com/calendar/earnings/?symbol=POOL&offset=0&size=100
Sleeping 90.0 seconds...
<Response [200]> https://finance.yahoo.com/calendar/earnings/?symbol=POOL&offset=0&size=100
<Response [200]> https://finance.yahoo.com/calendar/earnings/?symbol=POOL&offset=100&size=100
<Response [200]> https://finance.yahoo.com/calendar/earnings/?symbol=POOL&offset=200&size=100
Saved: /home/qcx201/Projects/daytrade/data/earnings/earnings-pool.json
now: 2025-12-28 21:20:29.416589 | eta: 0:12:07.416240 | delta: 0:08:59.695929 | avg: 0:00:23.465040
[24 of 54] HAS
Saved: /home/qcx201/Projects/daytrade/data/chart/chart-has.json
Saved: /home/qcx201/Projects/daytrade/data/summary/summary-has.json
<Response [200]> https://finance.yahoo.com/calendar/earnings/?symbol=HAS&offset=0&size=100
<Response [200]> https://finance.yahoo.com/calendar/earnings/?symbol=HAS&offset=100&size=100
<Response [200]> https://finance.yahoo.com/calendar/earnings/?symbol=HAS&offset=200&size=100
Saved: /home/qcx201/Projects/daytrade/data/earnings/earnings-has.json
now: 2025-12-28 21:20:34.546577 | eta: 0:11:21.032400 | delta: 0:09:04.825917 | avg: 0:00:22.701080
[25 of 54] GNRC
Saved: /home/qcx201/Projects/daytrade/data/chart/chart-gnrc.json
Saved: /home/qcx201/Projects/daytrade/data/summary/summary-gnrc.json
<Response [200]> https://finance.yahoo.com/calendar/earnings/?symbol=GNRC&offset=0&size=100
<Response [200]> https://finance.yahoo.com/calendar/earnings/?symbol=GNRC&offset=100&size=100
Sleeping 90.0 seconds...
<Response [200]> https://finance.yahoo.com/calendar/earnings/?symbol=GNRC&offset=100&size=100
Saved: /home/qcx201/Projects/daytrade/data/earnings/earnings-gnrc.json
now: 2025-12-28 21:22:09.507329 | eta: 0:12:22.152543 | delta: 0:10:39.786669 | avg: 0:00:25.591467
[26 of 54] ALB
Saved: /home/qcx201/Projects/daytrade/data/chart/chart-alb.json
Saved: /home/qcx201/Projects/daytrade/data/summary/summary-alb.json
<Response [200]> https://finance.yahoo.com/calendar/earnings/?symbol=ALB&offset=0&size=100
<Response [200]> https://finance.yahoo.com/calendar/earnings/?symbol=ALB&offset=100&size=100
<Response [200]> https://finance.yahoo.com/calendar/earnings/?symbol=ALB&offset=200&size=100
Saved: /home/qcx201/Projects/daytrade/data/earnings/earnings-alb.json
now: 2025-12-28 21:22:15.603579 | eta: 0:11:35.566228 | delta: 0:10:45.882919 | avg: 0:00:24.841651
[27 of 54] AES
Saved: /home/qcx201/Projects/daytrade/data/chart/chart-aes.json
Saved: /home/qcx201/Projects/daytrade/data/summary/summary-aes.json
<Response [200]> https://finance.yahoo.com/calendar/earnings/?symbol=AES&offset=0&size=100
<Response [200]> https://finance.yahoo.com/calendar/earnings/?symbol=AES&offset=100&size=100
<Response [200]> https://finance.yahoo.com/calendar/earnings/?symbol=AES&offset=200&size=100
Sleeping 90.0 seconds...
<Response [200]> https://finance.yahoo.com/calendar/earnings/?symbol=AES&offset=200&size=100
Saved: /home/qcx201/Projects/daytrade/data/earnings/earnings-aes.json
now: 2025-12-28 21:23:50.558269 | eta: 0:12:20.837610 | delta: 0:12:20.837609 | avg: 0:00:27.438430
[28 of 54] TECH
Saved: /home/qcx201/Projects/daytrade/data/chart/chart-tech.json
Saved: /home/qcx201/Projects/daytrade/data/summary/summary-tech.json
<Response [200]> https://finance.yahoo.com/calendar/earnings/?symbol=TECH&offset=0&size=100
<Response [200]> https://finance.yahoo.com/calendar/earnings/?symbol=TECH&offset=100&size=100
<Response [200]> https://finance.yahoo.com/calendar/earnings/?symbol=TECH&offset=200&size=100
Saved: /home/qcx201/Projects/daytrade/data/earnings/earnings-tech.json
now: 2025-12-28 21:23:55.232599 | eta: 0:11:32.261076 | delta: 0:12:25.511939 | avg: 0:00:26.625426
[29 of 54] APA
Saved: /home/qcx201/Projects/daytrade/data/chart/chart-apa.json
Saved: /home/qcx201/Projects/daytrade/data/summary/summary-apa.json
<Response [200]> https://finance.yahoo.com/calendar/earnings/?symbol=APA&offset=0&size=100
<Response [200]> https://finance.yahoo.com/calendar/earnings/?symbol=APA&offset=100&size=100
<Response [200]> https://finance.yahoo.com/calendar/earnings/?symbol=APA&offset=200&size=100
Saved: /home/qcx201/Projects/daytrade/data/earnings/earnings-apa.json
now: 2025-12-28 21:23:59.696812 | eta: 0:10:46.531175 | delta: 0:12:29.976152 | avg: 0:00:25.861247
[30 of 54] MRNA
Saved: /home/qcx201/Projects/daytrade/data/chart/chart-mrna.json
Saved: /home/qcx201/Projects/daytrade/data/summary/summary-mrna.json
<Response [200]> https://finance.yahoo.com/calendar/earnings/?symbol=MRNA&offset=0&size=100
Sleeping 90.0 seconds...
<Response [200]> https://finance.yahoo.com/calendar/earnings/?symbol=MRNA&offset=0&size=100
<Response [200]> https://finance.yahoo.com/calendar/earnings/?symbol=MRNA&offset=100&size=100
Saved: /home/qcx201/Projects/daytrade/data/earnings/earnings-mrna.json
now: 2025-12-28 21:25:33.360989 | eta: 0:11:14.912256 | delta: 0:14:03.640329 | avg: 0:00:28.121344
[31 of 54] CAG
Saved: /home/qcx201/Projects/daytrade/data/chart/chart-cag.json
Saved: /home/qcx201/Projects/daytrade/data/summary/summary-cag.json
<Response [200]> https://finance.yahoo.com/calendar/earnings/?symbol=CAG&offset=0&size=100
<Response [200]> https://finance.yahoo.com/calendar/earnings/?symbol=CAG&offset=100&size=100
<Response [200]> https://finance.yahoo.com/calendar/earnings/?symbol=CAG&offset=200&size=100
Saved: /home/qcx201/Projects/daytrade/data/earnings/earnings-cag.json
now: 2025-12-28 21:25:37.599724 | eta: 0:10:29.071574 | delta: 0:14:07.879064 | avg: 0:00:27.350938
[32 of 54] EPAM
Saved: /home/qcx201/Projects/daytrade/data/chart/chart-epam.json
Saved: /home/qcx201/Projects/daytrade/data/summary/summary-epam.json
<Response [200]> https://finance.yahoo.com/calendar/earnings/?symbol=EPAM&offset=0&size=100
<Response [200]> https://finance.yahoo.com/calendar/earnings/?symbol=EPAM&offset=100&size=100
Saved: /home/qcx201/Projects/daytrade/data/earnings/earnings-epam.json
now: 2025-12-28 21:25:40.303972 | eta: 0:09:44.776016 | delta: 0:14:10.583312 | avg: 0:00:26.580728
[33 of 54] AOS
Saved: /home/qcx201/Projects/daytrade/data/chart/chart-aos.json
Saved: /home/qcx201/Projects/daytrade/data/summary/summary-aos.json
<Response [200]> https://finance.yahoo.com/calendar/earnings/?symbol=AOS&offset=0&size=100
Sleeping 90.0 seconds...
<Response [200]> https://finance.yahoo.com/calendar/earnings/?symbol=AOS&offset=0&size=100
<Response [200]> https://finance.yahoo.com/calendar/earnings/?symbol=AOS&offset=100&size=100
Saved: /home/qcx201/Projects/daytrade/data/earnings/earnings-aos.json
now: 2025-12-28 21:27:14.582072 | eta: 0:10:01.275444 | delta: 0:15:44.861412 | avg: 0:00:28.632164
[34 of 54] ALGN
Saved: /home/qcx201/Projects/daytrade/data/chart/chart-algn.json
Saved: /home/qcx201/Projects/daytrade/data/summary/summary-algn.json
<Response [200]> https://finance.yahoo.com/calendar/earnings/?symbol=ALGN&offset=0&size=100
<Response [200]> https://finance.yahoo.com/calendar/earnings/?symbol=ALGN&offset=100&size=100
<Response [200]> https://finance.yahoo.com/calendar/earnings/?symbol=ALGN&offset=200&size=100
Saved: /home/qcx201/Projects/daytrade/data/earnings/earnings-algn.json
now: 2025-12-28 21:27:19.032382 | eta: 0:09:18.418660 | delta: 0:15:49.311722 | avg: 0:00:27.920933
[35 of 54] MTCH
Saved: /home/qcx201/Projects/daytrade/data/chart/chart-mtch.json
Saved: /home/qcx201/Projects/daytrade/data/summary/summary-mtch.json
<Response [200]> https://finance.yahoo.com/calendar/earnings/?symbol=MTCH&offset=0&size=100
<Response [200]> https://finance.yahoo.com/calendar/earnings/?symbol=MTCH&offset=100&size=100
Sleeping 90.0 seconds...
<Response [200]> https://finance.yahoo.com/calendar/earnings/?symbol=MTCH&offset=100&size=100
Saved: /home/qcx201/Projects/daytrade/data/earnings/earnings-mtch.json
now: 2025-12-28 21:28:53.210045 | eta: 0:09:26.465658 | delta: 0:17:23.489385 | avg: 0:00:29.813982
[36 of 54] FOX
Saved: /home/qcx201/Projects/daytrade/data/chart/chart-fox.json
Saved: /home/qcx201/Projects/daytrade/data/summary/summary-fox.json
<Response [200]> https://finance.yahoo.com/calendar/earnings/?symbol=FOX&offset=0&size=100
<Response [200]> https://finance.yahoo.com/calendar/earnings/?symbol=FOX&offset=100&size=100
Saved: /home/qcx201/Projects/daytrade/data/earnings/earnings-fox.json
now: 2025-12-28 21:28:55.697905 | eta: 0:08:42.988614 | delta: 0:17:25.977245 | avg: 0:00:29.054923
[37 of 54] LW
Saved: /home/qcx201/Projects/daytrade/data/chart/chart-lw.json
Saved: /home/qcx201/Projects/daytrade/data/summary/summary-lw.json
<Response [200]> https://finance.yahoo.com/calendar/earnings/?symbol=LW&offset=0&size=100
<Response [200]> https://finance.yahoo.com/calendar/earnings/?symbol=LW&offset=100&size=100
Saved: /home/qcx201/Projects/daytrade/data/earnings/earnings-lw.json
now: 2025-12-28 21:28:58.217579 | eta: 0:08:01.741835 | delta: 0:17:28.496919 | avg: 0:00:28.337755
[38 of 54] ERIE
Saved: /home/qcx201/Projects/daytrade/data/chart/chart-erie.json
Saved: /home/qcx201/Projects/daytrade/data/summary/summary-erie.json
<Response [200]> https://finance.yahoo.com/calendar/earnings/?symbol=ERIE&offset=0&size=100
<Response [200]> https://finance.yahoo.com/calendar/earnings/?symbol=ERIE&offset=100&size=100
<Response [200]> https://finance.yahoo.com/calendar/earnings/?symbol=ERIE&offset=200&size=100
Sleeping 90.0 seconds...
<Response [200]> https://finance.yahoo.com/calendar/earnings/?symbol=ERIE&offset=200&size=100
Saved: /home/qcx201/Projects/daytrade/data/earnings/earnings-erie.json
now: 2025-12-28 21:30:33.313629 | eta: 0:08:01.512832 | delta: 0:19:03.592969 | avg: 0:00:30.094552
[39 of 54] LKQ
Saved: /home/qcx201/Projects/daytrade/data/chart/chart-lkq.json
Saved: /home/qcx201/Projects/daytrade/data/summary/summary-lkq.json
<Response [200]> https://finance.yahoo.com/calendar/earnings/?symbol=LKQ&offset=0&size=100
<Response [200]> https://finance.yahoo.com/calendar/earnings/?symbol=LKQ&offset=100&size=100
Saved: /home/qcx201/Projects/daytrade/data/earnings/earnings-lkq.json
now: 2025-12-28 21:30:36.711504 | eta: 0:07:21.150330 | delta: 0:19:06.990844 | avg: 0:00:29.410022
[40 of 54] FRT
Saved: /home/qcx201/Projects/daytrade/data/chart/chart-frt.json
Saved: /home/qcx201/Projects/daytrade/data/summary/summary-frt.json
<Response [200]> https://finance.yahoo.com/calendar/earnings/?symbol=FRT&offset=0&size=100
<Response [200]> https://finance.yahoo.com/calendar/earnings/?symbol=FRT&offset=100&size=100
Saved: /home/qcx201/Projects/daytrade/data/earnings/earnings-frt.json
now: 2025-12-28 21:30:39.790904 | eta: 0:06:42.524584 | delta: 0:19:10.070244 | avg: 0:00:28.751756
[41 of 54] TAP
Saved: /home/qcx201/Projects/daytrade/data/chart/chart-tap.json
Saved: /home/qcx201/Projects/daytrade/data/summary/summary-tap.json
<Response [200]> https://finance.yahoo.com/calendar/earnings/?symbol=TAP&offset=0&size=100
<Response [200]> https://finance.yahoo.com/calendar/earnings/?symbol=TAP&offset=100&size=100
Sleeping 90.0 seconds...
<Response [200]> https://finance.yahoo.com/calendar/earnings/?symbol=TAP&offset=100&size=100
Sleeping 112.5 seconds...
<Response [200]> https://finance.yahoo.com/calendar/earnings/?symbol=TAP&offset=100&size=100
<Response [200]> https://finance.yahoo.com/calendar/earnings/?symbol=TAP&offset=200&size=100
Saved: /home/qcx201/Projects/daytrade/data/earnings/earnings-tap.json
now: 2025-12-28 21:34:08.193413 | eta: 0:07:10.735266 | delta: 0:22:38.472753 | avg: 0:00:33.133482
[42 of 54] CRL
Saved: /home/qcx201/Projects/daytrade/data/chart/chart-crl.json
Saved: /home/qcx201/Projects/daytrade/data/summary/summary-crl.json
<Response [200]> https://finance.yahoo.com/calendar/earnings/?symbol=CRL&offset=0&size=100
<Response [200]> https://finance.yahoo.com/calendar/earnings/?symbol=CRL&offset=100&size=100
<Response [200]> https://finance.yahoo.com/calendar/earnings/?symbol=CRL&offset=200&size=100
Saved: /home/qcx201/Projects/daytrade/data/earnings/earnings-crl.json
now: 2025-12-28 21:34:12.167363 | eta: 0:06:29.270484 | delta: 0:22:42.446703 | avg: 0:00:32.439207
[43 of 54] EMN
Saved: /home/qcx201/Projects/daytrade/data/chart/chart-emn.json
Saved: /home/qcx201/Projects/daytrade/data/summary/summary-emn.json
<Response [200]> https://finance.yahoo.com/calendar/earnings/?symbol=EMN&offset=0&size=100
<Response [200]> https://finance.yahoo.com/calendar/earnings/?symbol=EMN&offset=100&size=100
<Response [200]> https://finance.yahoo.com/calendar/earnings/?symbol=EMN&offset=200&size=100
Saved: /home/qcx201/Projects/daytrade/data/earnings/earnings-emn.json
now: 2025-12-28 21:34:16.266526 | eta: 0:05:49.581496 | delta: 0:22:46.545866 | avg: 0:00:31.780136
[44 of 54] HRL
Saved: /home/qcx201/Projects/daytrade/data/chart/chart-hrl.json
Saved: /home/qcx201/Projects/daytrade/data/summary/summary-hrl.json
<Response [200]> https://finance.yahoo.com/calendar/earnings/?symbol=HRL&offset=0&size=100
<Response [200]> https://finance.yahoo.com/calendar/earnings/?symbol=HRL&offset=100&size=100
<Response [200]> https://finance.yahoo.com/calendar/earnings/?symbol=HRL&offset=200&size=100
Saved: /home/qcx201/Projects/daytrade/data/earnings/earnings-hrl.json
now: 2025-12-28 21:34:20.357718 | eta: 0:05:11.508420 | delta: 0:22:50.637058 | avg: 0:00:31.150842
[45 of 54] MGM
Saved: /home/qcx201/Projects/daytrade/data/chart/chart-mgm.json
Saved: /home/qcx201/Projects/daytrade/data/summary/summary-mgm.json
<Response [200]> https://finance.yahoo.com/calendar/earnings/?symbol=MGM&offset=0&size=100
Sleeping 90.0 seconds...
<Response [200]> https://finance.yahoo.com/calendar/earnings/?symbol=MGM&offset=0&size=100
<Response [200]> https://finance.yahoo.com/calendar/earnings/?symbol=MGM&offset=100&size=100
<Response [200]> https://finance.yahoo.com/calendar/earnings/?symbol=MGM&offset=200&size=100
Saved: /home/qcx201/Projects/daytrade/data/earnings/earnings-mgm.json
now: 2025-12-28 21:35:56.113327 | eta: 0:04:53.278536 | delta: 0:24:26.392667 | avg: 0:00:32.586504
[46 of 54] BEN
Saved: /home/qcx201/Projects/daytrade/data/chart/chart-ben.json
Saved: /home/qcx201/Projects/daytrade/data/summary/summary-ben.json
<Response [200]> https://finance.yahoo.com/calendar/earnings/?symbol=BEN&offset=0&size=100
<Response [200]> https://finance.yahoo.com/calendar/earnings/?symbol=BEN&offset=100&size=100
<Response [200]> https://finance.yahoo.com/calendar/earnings/?symbol=BEN&offset=200&size=100
Sleeping 90.0 seconds...
<Response [200]> https://finance.yahoo.com/calendar/earnings/?symbol=BEN&offset=200&size=100
Saved: /home/qcx201/Projects/daytrade/data/earnings/earnings-ben.json
now: 2025-12-28 21:37:31.895363 | eta: 0:04:31.682560 | delta: 0:26:02.174703 | avg: 0:00:33.960320
[47 of 54] KMX
Saved: /home/qcx201/Projects/daytrade/data/chart/chart-kmx.json
Saved: /home/qcx201/Projects/daytrade/data/summary/summary-kmx.json
<Response [200]> https://finance.yahoo.com/calendar/earnings/?symbol=KMX&offset=0&size=100
<Response [200]> https://finance.yahoo.com/calendar/earnings/?symbol=KMX&offset=100&size=100
<Response [200]> https://finance.yahoo.com/calendar/earnings/?symbol=KMX&offset=200&size=100
Saved: /home/qcx201/Projects/daytrade/data/earnings/earnings-kmx.json
now: 2025-12-28 21:37:35.753933 | eta: 0:03:53.238999 | delta: 0:26:06.033273 | avg: 0:00:33.319857
[48 of 54] MHK
Saved: /home/qcx201/Projects/daytrade/data/chart/chart-mhk.json
Saved: /home/qcx201/Projects/daytrade/data/summary/summary-mhk.json
<Response [200]> https://finance.yahoo.com/calendar/earnings/?symbol=MHK&offset=0&size=100
<Response [200]> https://finance.yahoo.com/calendar/earnings/?symbol=MHK&offset=100&size=100
<Response [200]> https://finance.yahoo.com/calendar/earnings/?symbol=MHK&offset=200&size=100
Saved: /home/qcx201/Projects/daytrade/data/earnings/earnings-mhk.json
now: 2025-12-28 21:37:39.897863 | eta: 0:03:16.272150 | delta: 0:26:10.177203 | avg: 0:00:32.712025
[49 of 54] HSIC
Saved: /home/qcx201/Projects/daytrade/data/chart/chart-hsic.json
Saved: /home/qcx201/Projects/daytrade/data/summary/summary-hsic.json
<Response [200]> https://finance.yahoo.com/calendar/earnings/?symbol=HSIC&offset=0&size=100
<Response [200]> https://finance.yahoo.com/calendar/earnings/?symbol=HSIC&offset=100&size=100
Sleeping 90.0 seconds...
<Response [200]> https://finance.yahoo.com/calendar/earnings/?symbol=HSIC&offset=100&size=100
<Response [200]> https://finance.yahoo.com/calendar/earnings/?symbol=HSIC&offset=200&size=100
Saved: /home/qcx201/Projects/daytrade/data/earnings/earnings-hsic.json
now: 2025-12-28 21:39:14.524671 | eta: 0:02:49.877960 | delta: 0:27:44.804011 | avg: 0:00:33.975592
[50 of 54] CPB
Saved: /home/qcx201/Projects/daytrade/data/chart/chart-cpb.json
Saved: /home/qcx201/Projects/daytrade/data/summary/summary-cpb.json
<Response [200]> https://finance.yahoo.com/calendar/earnings/?symbol=CPB&offset=0&size=100
<Response [200]> https://finance.yahoo.com/calendar/earnings/?symbol=CPB&offset=100&size=100
<Response [200]> https://finance.yahoo.com/calendar/earnings/?symbol=CPB&offset=200&size=100
Saved: /home/qcx201/Projects/daytrade/data/earnings/earnings-cpb.json
now: 2025-12-28 21:39:20.155374 | eta: 0:02:13.634776 | delta: 0:27:50.434714 | avg: 0:00:33.408694
[51 of 54] PSKY
Saved: /home/qcx201/Projects/daytrade/data/chart/chart-psky.json
Saved: /home/qcx201/Projects/daytrade/data/summary/summary-psky.json
<Response [200]> https://finance.yahoo.com/calendar/earnings/?symbol=PSKY&offset=0&size=100
<Response [200]> https://finance.yahoo.com/calendar/earnings/?symbol=PSKY&offset=100&size=100
Saved: /home/qcx201/Projects/daytrade/data/earnings/earnings-psky.json
now: 2025-12-28 21:39:22.839435 | eta: 0:01:38.418750 | delta: 0:27:53.118775 | avg: 0:00:32.806250
[52 of 54] BF-B
Saved: /home/qcx201/Projects/daytrade/data/chart/chart-bf-b.json
Saved: /home/qcx201/Projects/daytrade/data/summary/summary-bf-b.json
<Response [200]> https://finance.yahoo.com/calendar/earnings/?symbol=BF-B&offset=0&size=100
<Response [200]> https://finance.yahoo.com/calendar/earnings/?symbol=BF-B&offset=100&size=100
Sleeping 90.0 seconds...
<Response [200]> https://finance.yahoo.com/calendar/earnings/?symbol=BF-B&offset=100&size=100
<Response [200]> https://finance.yahoo.com/calendar/earnings/?symbol=BF-B&offset=200&size=100
Saved: /home/qcx201/Projects/daytrade/data/earnings/earnings-bf-b.json
now: 2025-12-28 21:40:57.946450 | eta: 0:01:08.008684 | delta: 0:29:28.225790 | avg: 0:00:34.004342
[53 of 54] DVA
Saved: /home/qcx201/Projects/daytrade/data/chart/chart-dva.json
Saved: /home/qcx201/Projects/daytrade/data/summary/summary-dva.json
<Response [200]> https://finance.yahoo.com/calendar/earnings/?symbol=DVA&offset=0&size=100
<Response [200]> https://finance.yahoo.com/calendar/earnings/?symbol=DVA&offset=100&size=100
<Response [200]> https://finance.yahoo.com/calendar/earnings/?symbol=DVA&offset=200&size=100
Saved: /home/qcx201/Projects/daytrade/data/earnings/earnings-dva.json
now: 2025-12-28 21:41:02.175963 | eta: 0:00:33.442553 | delta: 0:29:32.455303 | avg: 0:00:33.442553
[54 of 54] NWS
Saved: /home/qcx201/Projects/daytrade/data/chart/chart-nws.json
Saved: /home/qcx201/Projects/daytrade/data/summary/summary-nws.json
<Response [200]> https://finance.yahoo.com/calendar/earnings/?symbol=NWS&offset=0&size=100
<Response [200]> https://finance.yahoo.com/calendar/earnings/?symbol=NWS&offset=100&size=100
Saved: /home/qcx201/Projects/daytrade/data/earnings/earnings-nws.json
now: 2025-12-28 21:41:05.113630 | eta: 0:00:00 | delta: 0:29:35.392970 | avg: 0:00:32.877648
-- Complete --
