[1 of 50] MKC
Saved: /home/qcx201/Projects/daytrade/data/chart/chart-mkc.json
Saved: /home/qcx201/Projects/daytrade/data/summary/summary-mkc.json
<Response [200]> https://finance.yahoo.com/calendar/earnings/?symbol=MKC&offset=0&size=100
<Response [200]> https://finance.yahoo.com/calendar/earnings/?symbol=MKC&offset=100&size=100
<Response [200]> https://finance.yahoo.com/calendar/earnings/?symbol=MKC&offset=200&size=100
Saved: /home/qcx201/Projects/daytrade/data/earnings/earnings-mkc.json
now: 2025-12-28 21:11:35.058118 | eta: 0:04:34.291955 | delta: 0:00:05.597795 | avg: 0:00:05.597795
[2 of 50] FTV
Saved: /home/qcx201/Projects/daytrade/data/chart/chart-ftv.json
Saved: /home/qcx201/Projects/daytrade/data/summary/summary-ftv.json
<Response [200]> https://finance.yahoo.com/calendar/earnings/?symbol=FTV&offset=0&size=100
<Response [200]> https://finance.yahoo.com/calendar/earnings/?symbol=FTV&offset=100&size=100
Saved: /home/qcx201/Projects/daytrade/data/earnings/earnings-ftv.json
now: 2025-12-28 21:11:38.929941 | eta: 0:03:47.270832 | delta: 0:00:09.469618 | avg: 0:00:04.734809
[3 of 50] PFG
Saved: /home/qcx201/Projects/daytrade/data/chart/chart-pfg.json
Saved: /home/qcx201/Projects/daytrade/data/summary/summary-pfg.json
<Response [200]> https://finance.yahoo.com/calendar/earnings/?symbol=PFG&offset=0&size=100
<Response [200]> https://finance.yahoo.com/calendar/earnings/?symbol=PFG&offset=100&size=100
Saved: /home/qcx201/Projects/daytrade/data/earnings/earnings-pfg.json
now: 2025-12-28 21:11:42.637914 | eta: 0:03:26.448910 | delta: 0:00:13.177591 | avg: 0:00:04.392530
[4 of 50] LUV
Saved: /home/qcx201/Projects/daytrade/data/chart/chart-luv.json
Saved: /home/qcx201/Projects/daytrade/data/summary/summary-luv.json
<Response [200]> https://finance.yahoo.com/calendar/earnings/?symbol=LUV&offset=0&size=100
<Response [200]> https://finance.yahoo.com/calendar/earnings/?symbol=LUV&offset=100&size=100
<Response [200]> https://finance.yahoo.com/calendar/earnings/?symbol=LUV&offset=200&size=100
Saved: /home/qcx201/Projects/daytrade/data/earnings/earnings-luv.json
now: 2025-12-28 21:11:47.120784 | eta: 0:03:23.095290 | delta: 0:00:17.660461 | avg: 0:00:04.415115
[5 of 50] ROL
Saved: /home/qcx201/Projects/daytrade/data/chart/chart-rol.json
Saved: /home/qcx201/Projects/daytrade/data/summary/summary-rol.json
<Response [200]> https://finance.yahoo.com/calendar/earnings/?symbol=ROL&offset=0&size=100
<Response [200]> https://finance.yahoo.com/calendar/earnings/?symbol=ROL&offset=100&size=100
Saved: /home/qcx201/Projects/daytrade/data/earnings/earnings-rol.json
now: 2025-12-28 21:11:50.859017 | eta: 0:03:12.588255 | delta: 0:00:21.398694 | avg: 0:00:04.279739
[6 of 50] CNC
Saved: /home/qcx201/Projects/daytrade/data/chart/chart-cnc.json
Saved: /home/qcx201/Projects/daytrade/data/summary/summary-cnc.json
<Response [200]> https://finance.yahoo.com/calendar/earnings/?symbol=CNC&offset=0&size=100
<Response [200]> https://finance.yahoo.com/calendar/earnings/?symbol=CNC&offset=100&size=100
Saved: /home/qcx201/Projects/daytrade/data/earnings/earnings-cnc.json
now: 2025-12-28 21:11:53.779722 | eta: 0:02:58.342252 | delta: 0:00:24.319399 | avg: 0:00:04.053233
[7 of 50] EXPD
Saved: /home/qcx201/Projects/daytrade/data/chart/chart-expd.json
Saved: /home/qcx201/Projects/daytrade/data/summary/summary-expd.json
<Response [200]> https://finance.yahoo.com/calendar/earnings/?symbol=EXPD&offset=0&size=100
<Response [200]> https://finance.yahoo.com/calendar/earnings/?symbol=EXPD&offset=100&size=100
<Response [200]> https://finance.yahoo.com/calendar/earnings/?symbol=EXPD&offset=200&size=100
Saved: /home/qcx201/Projects/daytrade/data/earnings/earnings-expd.json
now: 2025-12-28 21:11:57.757364 | eta: 0:02:53.824662 | delta: 0:00:28.297041 | avg: 0:00:04.042434
[8 of 50] LVS
Saved: /home/qcx201/Projects/daytrade/data/chart/chart-lvs.json
Saved: /home/qcx201/Projects/daytrade/data/summary/summary-lvs.json
<Response [200]> https://finance.yahoo.com/calendar/earnings/?symbol=LVS&offset=0&size=100
<Response [200]> https://finance.yahoo.com/calendar/earnings/?symbol=LVS&offset=100&size=100
Saved: /home/qcx201/Projects/daytrade/data/earnings/earnings-lvs.json
now: 2025-12-28 21:12:00.957267 | eta: 0:02:45.358956 | delta: 0:00:31.496944 | avg: 0:00:03.937118
[9 of 50] INVH
Saved: /home/qcx201/Projects/daytrade/data/chart/chart-invh.json
Saved: /home/qcx201/Projects/daytrade/data/summary/summary-invh.json
<Response [200]> https://finance.yahoo.com/calendar/earnings/?symbol=INVH&offset=0&size=100
<Response [200]> https://finance.yahoo.com/calendar/earnings/?symbol=INVH&offset=100&size=100
Saved: /home/qcx201/Projects/daytrade/data/earnings/earnings-invh.json
now: 2025-12-28 21:12:03.846342 | eta: 0:02:36.647429 | delta: 0:00:34.386019 | avg: 0:00:03.820669
[10 of 50] MAA
Saved: /home/qcx201/Projects/daytrade/data/chart/chart-maa.json
Saved: /home/qcx201/Projects/daytrade/data/summary/summary-maa.json
<Response [200]> https://finance.yahoo.com/calendar/earnings/?symbol=MAA&offset=0&size=100
<Response [200]> https://finance.yahoo.com/calendar/earnings/?symbol=MAA&offset=100&size=100
Saved: /home/qcx201/Projects/daytrade/data/earnings/earnings-maa.json
now: 2025-12-28 21:12:07.128837 | eta: 0:02:30.674040 | delta: 0:00:37.668514 | avg: 0:00:03.766851
[11 of 50] DOW
Saved: /home/qcx201/Projects/daytrade/data/chart/chart-dow.json
Saved: /home/qcx201/Projects/daytrade/data/summary/summary-dow.json
<Response [200]> https://finance.yahoo.com/calendar/earnings/?symbol=DOW&offset=0&size=100
<Response [200]> https://finance.yahoo.com/calendar/earnings/?symbol=DOW&offset=100&size=100
Sleeping 90.0 seconds...
<Response [200]> https://finance.yahoo.com/calendar/earnings/?symbol=DOW&offset=100&size=100
Saved: /home/qcx201/Projects/daytrade/data/earnings/earnings-dow.json
now: 2025-12-28 21:13:40.892528 | eta: 0:07:45.986898 | delta: 0:02:11.432205 | avg: 0:00:11.948382
[12 of 50] OMC
Saved: /home/qcx201/Projects/daytrade/data/chart/chart-omc.json
Saved: /home/qcx201/Projects/daytrade/data/summary/summary-omc.json
<Response [200]> https://finance.yahoo.com/calendar/earnings/?symbol=OMC&offset=0&size=100
<Response [200]> https://finance.yahoo.com/calendar/earnings/?symbol=OMC&offset=100&size=100
<Response [200]> https://finance.yahoo.com/calendar/earnings/?symbol=OMC&offset=200&size=100
Saved: /home/qcx201/Projects/daytrade/data/earnings/earnings-omc.json
now: 2025-12-28 21:13:45.558396 | eta: 0:07:10.977228 | delta: 0:02:16.098073 | avg: 0:00:11.341506
[13 of 50] GEN
Saved: /home/qcx201/Projects/daytrade/data/chart/chart-gen.json
Saved: /home/qcx201/Projects/daytrade/data/summary/summary-gen.json
<Response [200]> https://finance.yahoo.com/calendar/earnings/?symbol=GEN&offset=0&size=100
<Response [200]> https://finance.yahoo.com/calendar/earnings/?symbol=GEN&offset=100&size=100
<Response [200]> https://finance.yahoo.com/calendar/earnings/?symbol=GEN&offset=200&size=100
Sleeping 90.0 seconds...
<Response [200]> https://finance.yahoo.com/calendar/earnings/?symbol=GEN&offset=200&size=100
Saved: /home/qcx201/Projects/daytrade/data/earnings/earnings-gen.json
now: 2025-12-28 21:15:20.503460 | eta: 0:10:57.584313 | delta: 0:03:51.043137 | avg: 0:00:17.772549
[14 of 50] IFF
Saved: /home/qcx201/Projects/daytrade/data/chart/chart-iff.json
Saved: /home/qcx201/Projects/daytrade/data/summary/summary-iff.json
<Response [200]> https://finance.yahoo.com/calendar/earnings/?symbol=IFF&offset=0&size=100
<Response [200]> https://finance.yahoo.com/calendar/earnings/?symbol=IFF&offset=100&size=100
<Response [200]> https://finance.yahoo.com/calendar/earnings/?symbol=IFF&offset=200&size=100
Saved: /home/qcx201/Projects/daytrade/data/earnings/earnings-iff.json
now: 2025-12-28 21:15:25.035001 | eta: 0:10:05.763468 | delta: 0:03:55.574678 | avg: 0:00:16.826763
[15 of 50] CHRW
Saved: /home/qcx201/Projects/daytrade/data/chart/chart-chrw.json
Saved: /home/qcx201/Projects/daytrade/data/summary/summary-chrw.json
<Response [200]> https://finance.yahoo.com/calendar/earnings/?symbol=CHRW&offset=0&size=100
<Response [200]> https://finance.yahoo.com/calendar/earnings/?symbol=CHRW&offset=100&size=100
<Response [200]> https://finance.yahoo.com/calendar/earnings/?symbol=CHRW&offset=200&size=100
Saved: /home/qcx201/Projects/daytrade/data/earnings/earnings-chrw.json
now: 2025-12-28 21:15:29.139978 | eta: 0:09:19.252540 | delta: 0:03:59.679655 | avg: 0:00:15.978644
[16 of 50] TSN
Saved: /home/qcx201/Projects/daytrade/data/chart/chart-tsn.json
Saved: /home/qcx201/Projects/daytrade/data/summary/summary-tsn.json
<Response [200]> https://finance.yahoo.com/calendar/earnings/?symbol=TSN&offset=0&size=100
Sleeping 90.0 seconds...
<Response [200]> https://finance.yahoo.com/calendar/earnings/?symbol=TSN&offset=0&size=100
<Response [200]> https://finance.yahoo.com/calendar/earnings/?symbol=TSN&offset=100&size=100
<Response [200]> https://finance.yahoo.com/calendar/earnings/?symbol=TSN&offset=200&size=100
Saved: /home/qcx201/Projects/daytrade/data/earnings/earnings-tsn.json
now: 2025-12-28 21:17:04.877557 | eta: 0:11:52.761618 | delta: 0:05:35.417234 | avg: 0:00:20.963577
[17 of 50] TXT
Saved: /home/qcx201/Projects/daytrade/data/chart/chart-txt.json
Saved: /home/qcx201/Projects/daytrade/data/summary/summary-txt.json
<Response [200]> https://finance.yahoo.com/calendar/earnings/?symbol=TXT&offset=0&size=100
<Response [200]> https://finance.yahoo.com/calendar/earnings/?symbol=TXT&offset=100&size=100
<Response [200]> https://finance.yahoo.com/calendar/earnings/?symbol=TXT&offset=200&size=100
Saved: /home/qcx201/Projects/daytrade/data/earnings/earnings-txt.json
now: 2025-12-28 21:17:09.404639 | eta: 0:10:59.891892 | delta: 0:05:39.944316 | avg: 0:00:19.996724
[18 of 50] ALLE
Saved: /home/qcx201/Projects/daytrade/data/chart/chart-alle.json
Saved: /home/qcx201/Projects/daytrade/data/summary/summary-alle.json
<Response [200]> https://finance.yahoo.com/calendar/earnings/?symbol=ALLE&offset=0&size=100
<Response [200]> https://finance.yahoo.com/calendar/earnings/?symbol=ALLE&offset=100&size=100
Sleeping 90.0 seconds...
<Response [200]> https://finance.yahoo.com/calendar/earnings/?symbol=ALLE&offset=100&size=100
Saved: /home/qcx201/Projects/daytrade/data/earnings/earnings-alle.json
now: 2025-12-28 21:18:43.720537 | eta: 0:12:52.018144 | delta: 0:07:14.260214 | avg: 0:00:24.125567
[19 of 50] HOLX
Saved: /home/qcx201/Projects/daytrade/data/chart/chart-holx.json
Saved: /home/qcx201/Projects/daytrade/data/summary/summary-holx.json
<Response [200]> https://finance.yahoo.com/calendar/earnings/?symbol=HOLX&offset=0&size=100
<Response [200]> https://finance.yahoo.com/calendar/earnings/?symbol=HOLX&offset=100&size=100
<Response [200]> https://finance.yahoo.com/calendar/earnings/?symbol=HOLX&offset=200&size=100
Saved: /home/qcx201/Projects/daytrade/data/earnings/earnings-holx.json
now: 2025-12-28 21:18:49.389248 | eta: 0:11:57.778774 | delta: 0:07:19.928925 | avg: 0:00:23.154154
[20 of 50] ZBRA
Saved: /home/qcx201/Projects/daytrade/data/chart/chart-zbra.json
Saved: /home/qcx201/Projects/daytrade/data/summary/summary-zbra.json
<Response [200]> https://finance.yahoo.com/calendar/earnings/?symbol=ZBRA&offset=0&size=100
<Response [200]> https://finance.yahoo.com/calendar/earnings/?symbol=ZBRA&offset=100&size=100
<Response [200]> https://finance.yahoo.com/calendar/earnings/?symbol=ZBRA&offset=200&size=100
Saved: /home/qcx201/Projects/daytrade/data/earnings/earnings-zbra.json
now: 2025-12-28 21:18:53.722581 | eta: 0:11:06.393390 | delta: 0:07:24.262258 | avg: 0:00:22.213113
[21 of 50] CLX
Saved: /home/qcx201/Projects/daytrade/data/chart/chart-clx.json
Saved: /home/qcx201/Projects/daytrade/data/summary/summary-clx.json
<Response [200]> https://finance.yahoo.com/calendar/earnings/?symbol=CLX&offset=0&size=100
Sleeping 90.0 seconds...
<Response [200]> https://finance.yahoo.com/calendar/earnings/?symbol=CLX&offset=0&size=100
<Response [200]> https://finance.yahoo.com/calendar/earnings/?symbol=CLX&offset=100&size=100
<Response [200]> https://finance.yahoo.com/calendar/earnings/?symbol=CLX&offset=200&size=100
Saved: /home/qcx201/Projects/daytrade/data/earnings/earnings-clx.json
now: 2025-12-28 21:20:28.759260 | eta: 0:12:24.746158 | delta: 0:08:59.298937 | avg: 0:00:25.680902
[22 of 50] DECK
Saved: /home/qcx201/Projects/daytrade/data/chart/chart-deck.json
Saved: /home/qcx201/Projects/daytrade/data/summary/summary-deck.json
<Response [200]> https://finance.yahoo.com/calendar/earnings/?symbol=DECK&offset=0&size=100
<Response [200]> https://finance.yahoo.com/calendar/earnings/?symbol=DECK&offset=100&size=100
Saved: /home/qcx201/Projects/daytrade/data/earnings/earnings-deck.json
now: 2025-12-28 21:20:31.763707 | eta: 0:11:30.204312 | delta: 0:09:02.303384 | avg: 0:00:24.650154
[23 of 50] EG
Saved: /home/qcx201/Projects/daytrade/data/chart/chart-eg.json
Saved: /home/qcx201/Projects/daytrade/data/summary/summary-eg.json
<Response [200]> https://finance.yahoo.com/calendar/earnings/?symbol=EG&offset=0&size=100
<Response [200]> https://finance.yahoo.com/calendar/earnings/?symbol=EG&offset=100&size=100
<Response [200]> https://finance.yahoo.com/calendar/earnings/?symbol=EG&offset=200&size=100
Saved: /home/qcx201/Projects/daytrade/data/earnings/earnings-eg.json
now: 2025-12-28 21:20:36.562127 | eta: 0:10:42.249945 | delta: 0:09:07.101804 | avg: 0:00:23.787035
[24 of 50] KIM
Saved: /home/qcx201/Projects/daytrade/data/chart/chart-kim.json
Saved: /home/qcx201/Projects/daytrade/data/summary/summary-kim.json
<Response [200]> https://finance.yahoo.com/calendar/earnings/?symbol=KIM&offset=0&size=100
Sleeping 90.0 seconds...
<Response [200]> https://finance.yahoo.com/calendar/earnings/?symbol=KIM&offset=0&size=100
<Response [200]> https://finance.yahoo.com/calendar/earnings/?symbol=KIM&offset=100&size=100
Saved: /home/qcx201/Projects/daytrade/data/earnings/earnings-kim.json
now: 2025-12-28 21:22:11.763426 | eta: 0:11:35.828354 | delta: 0:10:42.303103 | avg: 0:00:26.762629
[25 of 50] BBY
Saved: /home/qcx201/Projects/daytrade/data/chart/chart-bby.json
Saved: /home/qcx201/Projects/daytrade/data/summary/summary-bby.json
<Response [200]> https://finance.yahoo.com/calendar/earnings/?symbol=BBY&offset=0&size=100
<Response [200]> https://finance.yahoo.com/calendar/earnings/?symbol=BBY&offset=100&size=100
<Response [200]> https://finance.yahoo.com/calendar/earnings/?symbol=BBY&offset=200&size=100
Saved: /home/qcx201/Projects/daytrade/data/earnings/earnings-bby.json
now: 2025-12-28 21:22:16.946412 | eta: 0:10:47.486100 | delta: 0:10:47.486089 | avg: 0:00:25.899444
[26 of 50] MAS
Saved: /home/qcx201/Projects/daytrade/data/chart/chart-mas.json
Saved: /home/qcx201/Projects/daytrade/data/summary/summary-mas.json
<Response [200]> https://finance.yahoo.com/calendar/earnings/?symbol=MAS&offset=0&size=100
<Response [200]> https://finance.yahoo.com/calendar/earnings/?symbol=MAS&offset=100&size=100
Sleeping 90.0 seconds...
<Response [200]> https://finance.yahoo.com/calendar/earnings/?symbol=MAS&offset=100&size=100
<Response [200]> https://finance.yahoo.com/calendar/earnings/?symbol=MAS&offset=200&size=100
Saved: /home/qcx201/Projects/daytrade/data/earnings/earnings-mas.json
now: 2025-12-28 21:23:52.252236 | eta: 0:11:25.654080 | delta: 0:12:22.791913 | avg: 0:00:28.568920
[27 of 50] CF
Saved: /home/qcx201/Projects/daytrade/data/chart/chart-cf.json
Saved: /home/qcx201/Projects/daytrade/data/summary/summary-cf.json
<Response [200]> https://finance.yahoo.com/calendar/earnings/?symbol=CF&offset=0&size=100
<Response [200]> https://finance.yahoo.com/calendar/earnings/?symbol=CF&offset=100&size=100
Saved: /home/qcx201/Projects/daytrade/data/earnings/earnings-cf.json
now: 2025-12-28 21:23:55.475238 | eta: 0:10:35.494186 | delta: 0:12:26.014915 | avg: 0:00:27.630182
[28 of 50] TKO
Saved: /home/qcx201/Projects/daytrade/data/chart/chart-tko.json
Saved: /home/qcx201/Projects/daytrade/data/summary/summary-tko.json
<Response [200]> https://finance.yahoo.com/calendar/earnings/?symbol=TKO&offset=0&size=100
<Response [200]> https://finance.yahoo.com/calendar/earnings/?symbol=TKO&offset=100&size=100
Saved: /home/qcx201/Projects/daytrade/data/earnings/earnings-tko.json
now: 2025-12-28 21:23:58.614773 | eta: 0:09:48.621352 | delta: 0:12:29.154450 | avg: 0:00:26.755516
[29 of 50] COO
Saved: /home/qcx201/Projects/daytrade/data/chart/chart-coo.json
Saved: /home/qcx201/Projects/daytrade/data/summary/summary-coo.json
<Response [200]> https://finance.yahoo.com/calendar/earnings/?symbol=COO&offset=0&size=100
Sleeping 90.0 seconds...
<Response [200]> https://finance.yahoo.com/calendar/earnings/?symbol=COO&offset=0&size=100
<Response [200]> https://finance.yahoo.com/calendar/earnings/?symbol=COO&offset=100&size=100
<Response [200]> https://finance.yahoo.com/calendar/earnings/?symbol=COO&offset=200&size=100
Saved: /home/qcx201/Projects/daytrade/data/earnings/earnings-coo.json
now: 2025-12-28 21:25:33.910461 | eta: 0:10:11.498370 | delta: 0:14:04.450138 | avg: 0:00:29.118970
[30 of 50] INCY
Saved: /home/qcx201/Projects/daytrade/data/chart/chart-incy.json
Saved: /home/qcx201/Projects/daytrade/data/summary/summary-incy.json
<Response [200]> https://finance.yahoo.com/calendar/earnings/?symbol=INCY&offset=0&size=100
<Response [200]> https://finance.yahoo.com/calendar/earnings/?symbol=INCY&offset=100&size=100
<Response [200]> https://finance.yahoo.com/calendar/earnings/?symbol=INCY&offset=200&size=100
Saved: /home/qcx201/Projects/daytrade/data/earnings/earnings-incy.json
now: 2025-12-28 21:25:38.304896 | eta: 0:09:25.896380 | delta: 0:14:08.844573 | avg: 0:00:28.294819
[31 of 50] BALL
Saved: /home/qcx201/Projects/daytrade/data/chart/chart-ball.json
Saved: /home/qcx201/Projects/daytrade/data/summary/summary-ball.json
<Response [200]> https://finance.yahoo.com/calendar/earnings/?symbol=BALL&offset=0&size=100
<Response [200]> https://finance.yahoo.com/calendar/earnings/?symbol=BALL&offset=100&size=100
Sleeping 90.0 seconds...
<Response [200]> https://finance.yahoo.com/calendar/earnings/?symbol=BALL&offset=100&size=100
<Response [200]> https://finance.yahoo.com/calendar/earnings/?symbol=BALL&offset=200&size=100
Saved: /home/qcx201/Projects/daytrade/data/earnings/earnings-ball.json
now: 2025-12-28 21:27:13.817659 | eta: 0:09:38.799660 | delta: 0:15:44.357336 | avg: 0:00:30.463140
[32 of 50] BLDR
Saved: /home/qcx201/Projects/daytrade/data/chart/chart-bldr.json
Saved: /home/qcx201/Projects/daytrade/data/summary/summary-bldr.json
<Response [200]> https://finance.yahoo.com/calendar/earnings/?symbol=BLDR&offset=0&size=100
<Response [200]> https://finance.yahoo.com/calendar/earnings/?symbol=BLDR&offset=100&size=100
Saved: /home/qcx201/Projects/daytrade/data/earnings/earnings-bldr.json
now: 2025-12-28 21:27:16.760343 | eta: 0:08:52.856268 | delta: 0:15:47.300020 | avg: 0:00:29.603126
[33 of 50] DOC
Saved: /home/qcx201/Projects/daytrade/data/chart/chart-doc.json
Saved: /home/qcx201/Projects/daytrade/data/summary/summary-doc.json
<Response [200]> https://finance.yahoo.com/calendar/earnings/?symbol=DOC&offset=0&size=100
<Response [200]> https://finance.yahoo.com/calendar/earnings/?symbol=DOC&offset=100&size=100
Saved: /home/qcx201/Projects/daytrade/data/earnings/earnings-doc.json
now: 2025-12-28 21:27:21.565484 | eta: 0:08:10.478424 | delta: 0:15:52.105161 | avg: 0:00:28.851672
[34 of 50] DPZ
Saved: /home/qcx201/Projects/daytrade/data/chart/chart-dpz.json
Saved: /home/qcx201/Projects/daytrade/data/summary/summary-dpz.json
<Response [200]> https://finance.yahoo.com/calendar/earnings/?symbol=DPZ&offset=0&size=100
Sleeping 90.0 seconds...
<Response [200]> https://finance.yahoo.com/calendar/earnings/?symbol=DPZ&offset=0&size=100
<Response [200]> https://finance.yahoo.com/calendar/earnings/?symbol=DPZ&offset=100&size=100
Saved: /home/qcx201/Projects/daytrade/data/earnings/earnings-dpz.json
now: 2025-12-28 21:28:55.818563 | eta: 0:08:12.403872 | delta: 0:17:26.358240 | avg: 0:00:30.775242
[35 of 50] FOXA
Saved: /home/qcx201/Projects/daytrade/data/chart/chart-foxa.json
Saved: /home/qcx201/Projects/daytrade/data/summary/summary-foxa.json
<Response [200]> https://finance.yahoo.com/calendar/earnings/?symbol=FOXA&offset=0&size=100
<Response [200]> https://finance.yahoo.com/calendar/earnings/?symbol=FOXA&offset=100&size=100
Saved: /home/qcx201/Projects/daytrade/data/earnings/earnings-foxa.json
now: 2025-12-28 21:28:58.272223 | eta: 0:07:29.490810 | delta: 0:17:28.811900 | avg: 0:00:29.966054
[36 of 50] ARE
Saved: /home/qcx201/Projects/daytrade/data/chart/chart-are.json
Saved: /home/qcx201/Projects/daytrade/data/summary/summary-are.json
<Response [200]> https://finance.yahoo.com/calendar/earnings/?symbol=ARE&offset=0&size=100
<Response [200]> https://finance.yahoo.com/calendar/earnings/?symbol=ARE&offset=100&size=100
Saved: /home/qcx201/Projects/daytrade/data/earnings/earnings-are.json
now: 2025-12-28 21:29:01.406118 | eta: 0:06:49.090038 | delta: 0:17:31.945795 | avg: 0:00:29.220717
[37 of 50] AVY
Saved: /home/qcx201/Projects/daytrade/data/chart/chart-avy.json
Saved: /home/qcx201/Projects/daytrade/data/summary/summary-avy.json
<Response [200]> https://finance.yahoo.com/calendar/earnings/?symbol=AVY&offset=0&size=100
Sleeping 90.0 seconds...
<Response [200]> https://finance.yahoo.com/calendar/earnings/?symbol=AVY&offset=0&size=100
<Response [200]> https://finance.yahoo.com/calendar/earnings/?symbol=AVY&offset=100&size=100
<Response [200]> https://finance.yahoo.com/calendar/earnings/?symbol=AVY&offset=200&size=100
Saved: /home/qcx201/Projects/daytrade/data/earnings/earnings-avy.json
now: 2025-12-28 21:30:36.749547 | eta: 0:06:43.101621 | delta: 0:19:07.289224 | avg: 0:00:31.007817
[38 of 50] LYB
Saved: /home/qcx201/Projects/daytrade/data/chart/chart-lyb.json
Saved: /home/qcx201/Projects/daytrade/data/summary/summary-lyb.json
<Response [200]> https://finance.yahoo.com/calendar/earnings/?symbol=LYB&offset=0&size=100
<Response [200]> https://finance.yahoo.com/calendar/earnings/?symbol=LYB&offset=100&size=100
Saved: /home/qcx201/Projects/daytrade/data/earnings/earnings-lyb.json
now: 2025-12-28 21:30:39.506348 | eta: 0:06:03.172428 | delta: 0:19:10.046025 | avg: 0:00:30.264369
[39 of 50] NDSN
Saved: /home/qcx201/Projects/daytrade/data/chart/chart-ndsn.json
Saved: /home/qcx201/Projects/daytrade/data/summary/summary-ndsn.json
<Response [200]> https://finance.yahoo.com/calendar/earnings/?symbol=NDSN&offset=0&size=100
<Response [200]> https://finance.yahoo.com/calendar/earnings/?symbol=NDSN&offset=100&size=100
<Response [200]> https://finance.yahoo.com/calendar/earnings/?symbol=NDSN&offset=200&size=100
Sleeping 90.0 seconds...
<Response [200]> https://finance.yahoo.com/calendar/earnings/?symbol=NDSN&offset=200&size=100
Saved: /home/qcx201/Projects/daytrade/data/earnings/earnings-ndsn.json
now: 2025-12-28 21:32:15.149220 | eta: 0:05:51.348151 | delta: 0:20:45.688897 | avg: 0:00:31.940741
[40 of 50] IEX
Saved: /home/qcx201/Projects/daytrade/data/chart/chart-iex.json
Saved: /home/qcx201/Projects/daytrade/data/summary/summary-iex.json
<Response [200]> https://finance.yahoo.com/calendar/earnings/?symbol=IEX&offset=0&size=100
Sleeping 90.0 seconds...
<Response [200]> https://finance.yahoo.com/calendar/earnings/?symbol=IEX&offset=0&size=100
<Response [200]> https://finance.yahoo.com/calendar/earnings/?symbol=IEX&offset=100&size=100
<Response [200]> https://finance.yahoo.com/calendar/earnings/?symbol=IEX&offset=200&size=100
Saved: /home/qcx201/Projects/daytrade/data/earnings/earnings-iex.json
now: 2025-12-28 21:33:49.861063 | eta: 0:05:35.100180 | delta: 0:22:20.400740 | avg: 0:00:33.510018
[41 of 50] RL
Saved: /home/qcx201/Projects/daytrade/data/chart/chart-rl.json
Saved: /home/qcx201/Projects/daytrade/data/summary/summary-rl.json
<Response [200]> https://finance.yahoo.com/calendar/earnings/?symbol=RL&offset=0&size=100
<Response [200]> https://finance.yahoo.com/calendar/earnings/?symbol=RL&offset=100&size=100
<Response [200]> https://finance.yahoo.com/calendar/earnings/?symbol=RL&offset=200&size=100
Saved: /home/qcx201/Projects/daytrade/data/earnings/earnings-rl.json
now: 2025-12-28 21:33:53.810812 | eta: 0:04:55.101324 | delta: 0:22:24.350489 | avg: 0:00:32.789036
[42 of 50] REG
Saved: /home/qcx201/Projects/daytrade/data/chart/chart-reg.json
Saved: /home/qcx201/Projects/daytrade/data/summary/summary-reg.json
<Response [200]> https://finance.yahoo.com/calendar/earnings/?symbol=REG&offset=0&size=100
<Response [200]> https://finance.yahoo.com/calendar/earnings/?symbol=REG&offset=100&size=100
Saved: /home/qcx201/Projects/daytrade/data/earnings/earnings-reg.json
now: 2025-12-28 21:33:56.681016 | eta: 0:04:16.613464 | delta: 0:22:27.220693 | avg: 0:00:32.076683
[43 of 50] UHS
Saved: /home/qcx201/Projects/daytrade/data/chart/chart-uhs.json
Saved: /home/qcx201/Projects/daytrade/data/summary/summary-uhs.json
<Response [200]> https://finance.yahoo.com/calendar/earnings/?symbol=UHS&offset=0&size=100
<Response [200]> https://finance.yahoo.com/calendar/earnings/?symbol=UHS&offset=100&size=100
<Response [200]> https://finance.yahoo.com/calendar/earnings/?symbol=UHS&offset=200&size=100
Saved: /home/qcx201/Projects/daytrade/data/earnings/earnings-uhs.json
now: 2025-12-28 21:34:00.805444 | eta: 0:03:39.986417 | delta: 0:22:31.345121 | avg: 0:00:31.426631
[44 of 50] BAX
Saved: /home/qcx201/Projects/daytrade/data/chart/chart-bax.json
Saved: /home/qcx201/Projects/daytrade/data/summary/summary-bax.json
<Response [200]> https://finance.yahoo.com/calendar/earnings/?symbol=BAX&offset=0&size=100
<Response [200]> https://finance.yahoo.com/calendar/earnings/?symbol=BAX&offset=100&size=100
<Response [200]> https://finance.yahoo.com/calendar/earnings/?symbol=BAX&offset=200&size=100
Saved: /home/qcx201/Projects/daytrade/data/earnings/earnings-bax.json
now: 2025-12-28 21:34:05.354937 | eta: 0:03:04.894722 | delta: 0:22:35.894614 | avg: 0:00:30.815787
[45 of 50] NWSA
Saved: /home/qcx201/Projects/daytrade/data/chart/chart-nwsa.json
Saved: /home/qcx201/Projects/daytrade/data/summary/summary-nwsa.json
<Response [200]> https://finance.yahoo.com/calendar/earnings/?symbol=NWSA&offset=0&size=100
<Response [200]> https://finance.yahoo.com/calendar/earnings/?symbol=NWSA&offset=100&size=100
Saved: /home/qcx201/Projects/daytrade/data/earnings/earnings-nwsa.json
now: 2025-12-28 21:34:08.168478 | eta: 0:02:30.967575 | delta: 0:22:38.708155 | avg: 0:00:30.193515
[46 of 50] VTRS
Saved: /home/qcx201/Projects/daytrade/data/chart/chart-vtrs.json
Saved: /home/qcx201/Projects/daytrade/data/summary/summary-vtrs.json
<Response [200]> https://finance.yahoo.com/calendar/earnings/?symbol=VTRS&offset=0&size=100
<Response [200]> https://finance.yahoo.com/calendar/earnings/?symbol=VTRS&offset=100&size=100
<Response [200]> https://finance.yahoo.com/calendar/earnings/?symbol=VTRS&offset=200&size=100
Saved: /home/qcx201/Projects/daytrade/data/earnings/earnings-vtrs.json
now: 2025-12-28 21:34:12.363869 | eta: 0:01:58.513352 | delta: 0:22:42.903546 | avg: 0:00:29.628338
[47 of 50] SJM
Saved: /home/qcx201/Projects/daytrade/data/chart/chart-sjm.json
Saved: /home/qcx201/Projects/daytrade/data/summary/summary-sjm.json
<Response [200]> https://finance.yahoo.com/calendar/earnings/?symbol=SJM&offset=0&size=100
<Response [200]> https://finance.yahoo.com/calendar/earnings/?symbol=SJM&offset=100&size=100
<Response [200]> https://finance.yahoo.com/calendar/earnings/?symbol=SJM&offset=200&size=100
Saved: /home/qcx201/Projects/daytrade/data/earnings/earnings-sjm.json
now: 2025-12-28 21:34:16.781788 | eta: 0:01:27.275838 | delta: 0:22:47.321465 | avg: 0:00:29.091946
[48 of 50] SWKS
Saved: /home/qcx201/Projects/daytrade/data/chart/chart-swks.json
Saved: /home/qcx201/Projects/daytrade/data/summary/summary-swks.json
<Response [200]> https://finance.yahoo.com/calendar/earnings/?symbol=SWKS&offset=0&size=100
<Response [200]> https://finance.yahoo.com/calendar/earnings/?symbol=SWKS&offset=100&size=100
Saved: /home/qcx201/Projects/daytrade/data/earnings/earnings-swks.json
now: 2025-12-28 21:34:19.830068 | eta: 0:00:57.098740 | delta: 0:22:50.369745 | avg: 0:00:28.549370
[49 of 50] SWK
Saved: /home/qcx201/Projects/daytrade/data/chart/chart-swk.json
Saved: /home/qcx201/Projects/daytrade/data/summary/summary-swk.json
<Response [200]> https://finance.yahoo.com/calendar/earnings/?symbol=SWK&offset=0&size=100
Sleeping 90.0 seconds...
<Response [200]> https://finance.yahoo.com/calendar/earnings/?symbol=SWK&offset=0&size=100
<Response [200]> https://finance.yahoo.com/calendar/earnings/?symbol=SWK&offset=100&size=100
<Response [200]> https://finance.yahoo.com/calendar/earnings/?symbol=SWK&offset=200&size=100
Saved: /home/qcx201/Projects/daytrade/data/earnings/earnings-swk.json
now: 2025-12-28 21:35:54.951029 | eta: 0:00:29.907974 | delta: 0:24:25.490706 | avg: 0:00:29.907974
[50 of 50] GL
Saved: /home/qcx201/Projects/daytrade/data/chart/chart-gl.json
Saved: /home/qcx201/Projects/daytrade/data/summary/summary-gl.json
<Response [200]> https://finance.yahoo.com/calendar/earnings/?symbol=GL&offset=0&size=100
<Response [200]> https://finance.yahoo.com/calendar/earnings/?symbol=GL&offset=100&size=100
<Response [200]> https://finance.yahoo.com/calendar/earnings/?symbol=GL&offset=200&size=100
Saved: /home/qcx201/Projects/daytrade/data/earnings/earnings-gl.json
now: 2025-12-28 21:35:58.928052 | eta: 0:00:00 | delta: 0:24:29.467729 | avg: 0:00:29.389355
-- Complete --
