[1 of 50] NVDA
Saved: /home/qcx201/Projects/daytrade/data/chart/chart-nvda.json
Saved: /home/qcx201/Projects/daytrade/data/summary/summary-nvda.json
<Response [200]> https://finance.yahoo.com/calendar/earnings/?symbol=NVDA&offset=0&size=100
<Response [200]> https://finance.yahoo.com/calendar/earnings/?symbol=NVDA&offset=100&size=100
<Response [200]> https://finance.yahoo.com/calendar/earnings/?symbol=NVDA&offset=200&size=100
Saved: /home/qcx201/Projects/daytrade/data/earnings/earnings-nvda.json
now: 2025-12-28 21:11:33.179181 | eta: 0:03:39.566942 | delta: 0:00:04.480958 | avg: 0:00:04.480958
[2 of 50] MSFT
Saved: /home/qcx201/Projects/daytrade/data/chart/chart-msft.json
Saved: /home/qcx201/Projects/daytrade/data/summary/summary-msft.json
<Response [200]> https://finance.yahoo.com/calendar/earnings/?symbol=MSFT&offset=0&size=100
<Response [200]> https://finance.yahoo.com/calendar/earnings/?symbol=MSFT&offset=100&size=100
<Response [200]> https://finance.yahoo.com/calendar/earnings/?symbol=MSFT&offset=200&size=100
Saved: /home/qcx201/Projects/daytrade/data/earnings/earnings-msft.json
now: 2025-12-28 21:11:37.453606 | eta: 0:03:30.129216 | delta: 0:00:08.755383 | avg: 0:00:04.377692
[3 of 50] AAPL
Saved: /home/qcx201/Projects/daytrade/data/chart/chart-aapl.json
Saved: /home/qcx201/Projects/daytrade/data/summary/summary-aapl.json
<Response [200]> https://finance.yahoo.com/calendar/earnings/?symbol=AAPL&offset=0&size=100
<Response [200]> https://finance.yahoo.com/calendar/earnings/?symbol=AAPL&offset=100&size=100
<Response [200]> https://finance.yahoo.com/calendar/earnings/?symbol=AAPL&offset=200&size=100
Saved: /home/qcx201/Projects/daytrade/data/earnings/earnings-aapl.json
now: 2025-12-28 21:11:42.303205 | eta: 0:03:33.144718 | delta: 0:00:13.604982 | avg: 0:00:04.534994
[4 of 50] AMZN
Saved: /home/qcx201/Projects/daytrade/data/chart/chart-amzn.json
Saved: /home/qcx201/Projects/daytrade/data/summary/summary-amzn.json
<Response [200]> https://finance.yahoo.com/calendar/earnings/?symbol=AMZN&offset=0&size=100
<Response [200]> https://finance.yahoo.com/calendar/earnings/?symbol=AMZN&offset=100&size=100
<Response [200]> https://finance.yahoo.com/calendar/earnings/?symbol=AMZN&offset=200&size=100
Saved: /home/qcx201/Projects/daytrade/data/earnings/earnings-amzn.json
now: 2025-12-28 21:11:46.297723 | eta: 0:03:22.394250 | delta: 0:00:17.599500 | avg: 0:00:04.399875
[5 of 50] META
Saved: /home/qcx201/Projects/daytrade/data/chart/chart-meta.json
Saved: /home/qcx201/Projects/daytrade/data/summary/summary-meta.json
<Response [200]> https://finance.yahoo.com/calendar/earnings/?symbol=META&offset=0&size=100
<Response [200]> https://finance.yahoo.com/calendar/earnings/?symbol=META&offset=100&size=100
Saved: /home/qcx201/Projects/daytrade/data/earnings/earnings-meta.json
now: 2025-12-28 21:11:49.388451 | eta: 0:03:06.212070 | delta: 0:00:20.690228 | avg: 0:00:04.138046
[6 of 50] AVGO
Saved: /home/qcx201/Projects/daytrade/data/chart/chart-avgo.json
Saved: /home/qcx201/Projects/daytrade/data/summary/summary-avgo.json
<Response [200]> https://finance.yahoo.com/calendar/earnings/?symbol=AVGO&offset=0&size=100
<Response [200]> https://finance.yahoo.com/calendar/earnings/?symbol=AVGO&offset=100&size=100
Saved: /home/qcx201/Projects/daytrade/data/earnings/earnings-avgo.json
now: 2025-12-28 21:11:52.101971 | eta: 0:02:51.627500 | delta: 0:00:23.403748 | avg: 0:00:03.900625
[7 of 50] GOOGL
Saved: /home/qcx201/Projects/daytrade/data/chart/chart-googl.json
Saved: /home/qcx201/Projects/daytrade/data/summary/summary-googl.json
<Response [200]> https://finance.yahoo.com/calendar/earnings/?symbol=GOOGL&offset=0&size=100
<Response [200]> https://finance.yahoo.com/calendar/earnings/?symbol=GOOGL&offset=100&size=100
Saved: /home/qcx201/Projects/daytrade/data/earnings/earnings-googl.json
now: 2025-12-28 21:11:54.911141 | eta: 0:02:41.022229 | delta: 0:00:26.212918 | avg: 0:00:03.744703
[8 of 50] TSLA
Saved: /home/qcx201/Projects/daytrade/data/chart/chart-tsla.json
Saved: /home/qcx201/Projects/daytrade/data/summary/summary-tsla.json
<Response [200]> https://finance.yahoo.com/calendar/earnings/?symbol=TSLA&offset=0&size=100
<Response [200]> https://finance.yahoo.com/calendar/earnings/?symbol=TSLA&offset=100&size=100
Saved: /home/qcx201/Projects/daytrade/data/earnings/earnings-tsla.json
now: 2025-12-28 21:11:57.601133 | eta: 0:02:31.740288 | delta: 0:00:28.902910 | avg: 0:00:03.612864
[9 of 50] GOOG
Saved: /home/qcx201/Projects/daytrade/data/chart/chart-goog.json
Saved: /home/qcx201/Projects/daytrade/data/summary/summary-goog.json
<Response [200]> https://finance.yahoo.com/calendar/earnings/?symbol=GOOG&offset=0&size=100
<Response [200]> https://finance.yahoo.com/calendar/earnings/?symbol=GOOG&offset=100&size=100
Saved: /home/qcx201/Projects/daytrade/data/earnings/earnings-goog.json
now: 2025-12-28 21:12:00.616076 | eta: 0:02:25.403548 | delta: 0:00:31.917853 | avg: 0:00:03.546428
[10 of 50] BRK-B
Saved: /home/qcx201/Projects/daytrade/data/chart/chart-brk-b.json
Saved: /home/qcx201/Projects/daytrade/data/summary/summary-brk-b.json
<Response [200]> https://finance.yahoo.com/calendar/earnings/?symbol=BRK-B&offset=0&size=100
<Response [200]> https://finance.yahoo.com/calendar/earnings/?symbol=BRK-B&offset=100&size=100
Saved: /home/qcx201/Projects/daytrade/data/earnings/earnings-brk-b.json
now: 2025-12-28 21:12:03.724958 | eta: 0:02:20.106960 | delta: 0:00:35.026735 | avg: 0:00:03.502674
[11 of 50] JPM
Saved: /home/qcx201/Projects/daytrade/data/chart/chart-jpm.json
Saved: /home/qcx201/Projects/daytrade/data/summary/summary-jpm.json
<Response [200]> https://finance.yahoo.com/calendar/earnings/?symbol=JPM&offset=0&size=100
<Response [200]> https://finance.yahoo.com/calendar/earnings/?symbol=JPM&offset=100&size=100
<Response [200]> https://finance.yahoo.com/calendar/earnings/?symbol=JPM&offset=200&size=100
Saved: /home/qcx201/Projects/daytrade/data/earnings/earnings-jpm.json
now: 2025-12-28 21:12:08.101971 | eta: 0:02:19.704201 | delta: 0:00:39.403748 | avg: 0:00:03.582159
[12 of 50] LLY
Saved: /home/qcx201/Projects/daytrade/data/chart/chart-lly.json
Saved: /home/qcx201/Projects/daytrade/data/summary/summary-lly.json
<Response [200]> https://finance.yahoo.com/calendar/earnings/?symbol=LLY&offset=0&size=100
Sleeping 90.0 seconds...
<Response [200]> https://finance.yahoo.com/calendar/earnings/?symbol=LLY&offset=0&size=100
<Response [200]> https://finance.yahoo.com/calendar/earnings/?symbol=LLY&offset=100&size=100
<Response [200]> https://finance.yahoo.com/calendar/earnings/?symbol=LLY&offset=200&size=100
Saved: /home/qcx201/Projects/daytrade/data/earnings/earnings-lly.json
now: 2025-12-28 21:13:43.130498 | eta: 0:07:05.702220 | delta: 0:02:14.432275 | avg: 0:00:11.202690
[13 of 50] V
Saved: /home/qcx201/Projects/daytrade/data/chart/chart-v.json
Saved: /home/qcx201/Projects/daytrade/data/summary/summary-v.json
<Response [200]> https://finance.yahoo.com/calendar/earnings/?symbol=V&offset=0&size=100
<Response [200]> https://finance.yahoo.com/calendar/earnings/?symbol=V&offset=100&size=100
Saved: /home/qcx201/Projects/daytrade/data/earnings/earnings-v.json
now: 2025-12-28 21:13:45.946090 | eta: 0:06:30.628536 | delta: 0:02:17.247867 | avg: 0:00:10.557528
[14 of 50] NFLX
Saved: /home/qcx201/Projects/daytrade/data/chart/chart-nflx.json
Saved: /home/qcx201/Projects/daytrade/data/summary/summary-nflx.json
<Response [200]> https://finance.yahoo.com/calendar/earnings/?symbol=NFLX&offset=0&size=100
<Response [200]> https://finance.yahoo.com/calendar/earnings/?symbol=NFLX&offset=100&size=100
Saved: /home/qcx201/Projects/daytrade/data/earnings/earnings-nflx.json
now: 2025-12-28 21:13:49.196829 | eta: 0:06:01.282140 | delta: 0:02:20.498606 | avg: 0:00:10.035615
[15 of 50] XOM
Saved: /home/qcx201/Projects/daytrade/data/chart/chart-xom.json
Saved: /home/qcx201/Projects/daytrade/data/summary/summary-xom.json
<Response [200]> https://finance.yahoo.com/calendar/earnings/?symbol=XOM&offset=0&size=100
Sleeping 90.0 seconds...
<Response [200]> https://finance.yahoo.com/calendar/earnings/?symbol=XOM&offset=0&size=100
<Response [200]> https://finance.yahoo.com/calendar/earnings/?symbol=XOM&offset=100&size=100
<Response [200]> https://finance.yahoo.com/calendar/earnings/?symbol=XOM&offset=200&size=100
Saved: /home/qcx201/Projects/daytrade/data/earnings/earnings-xom.json
now: 2025-12-28 21:15:24.979801 | eta: 0:09:11.323675 | delta: 0:03:56.281578 | avg: 0:00:15.752105
[16 of 50] MA
Saved: /home/qcx201/Projects/daytrade/data/chart/chart-ma.json
Saved: /home/qcx201/Projects/daytrade/data/summary/summary-ma.json
<Response [200]> https://finance.yahoo.com/calendar/earnings/?symbol=MA&offset=0&size=100
<Response [200]> https://finance.yahoo.com/calendar/earnings/?symbol=MA&offset=100&size=100
Saved: /home/qcx201/Projects/daytrade/data/earnings/earnings-ma.json
now: 2025-12-28 21:15:27.897199 | eta: 0:08:28.297824 | delta: 0:03:59.198976 | avg: 0:00:14.949936
[17 of 50] ORCL
Saved: /home/qcx201/Projects/daytrade/data/chart/chart-orcl.json
Saved: /home/qcx201/Projects/daytrade/data/summary/summary-orcl.json
<Response [200]> https://finance.yahoo.com/calendar/earnings/?symbol=ORCL&offset=0&size=100
<Response [200]> https://finance.yahoo.com/calendar/earnings/?symbol=ORCL&offset=100&size=100
Sleeping 90.0 seconds...
<Response [200]> https://finance.yahoo.com/calendar/earnings/?symbol=ORCL&offset=100&size=100
<Response [200]> https://finance.yahoo.com/calendar/earnings/?symbol=ORCL&offset=200&size=100
Saved: /home/qcx201/Projects/daytrade/data/earnings/earnings-orcl.json
now: 2025-12-28 21:17:03.186649 | eta: 0:10:49.301070 | delta: 0:05:34.488426 | avg: 0:00:19.675790
[18 of 50] WMT
Saved: /home/qcx201/Projects/daytrade/data/chart/chart-wmt.json
Saved: /home/qcx201/Projects/daytrade/data/summary/summary-wmt.json
<Response [200]> https://finance.yahoo.com/calendar/earnings/?symbol=WMT&offset=0&size=100
<Response [200]> https://finance.yahoo.com/calendar/earnings/?symbol=WMT&offset=100&size=100
<Response [200]> https://finance.yahoo.com/calendar/earnings/?symbol=WMT&offset=200&size=100
Saved: /home/qcx201/Projects/daytrade/data/earnings/earnings-wmt.json
now: 2025-12-28 21:17:07.697700 | eta: 0:10:02.665728 | delta: 0:05:38.999477 | avg: 0:00:18.833304
[19 of 50] JNJ
Saved: /home/qcx201/Projects/daytrade/data/chart/chart-jnj.json
Saved: /home/qcx201/Projects/daytrade/data/summary/summary-jnj.json
<Response [200]> https://finance.yahoo.com/calendar/earnings/?symbol=JNJ&offset=0&size=100
<Response [200]> https://finance.yahoo.com/calendar/earnings/?symbol=JNJ&offset=100&size=100
Saved: /home/qcx201/Projects/daytrade/data/earnings/earnings-jnj.json
now: 2025-12-28 21:17:11.437772 | eta: 0:09:19.206644 | delta: 0:05:42.739549 | avg: 0:00:18.038924
[20 of 50] PLTR
Saved: /home/qcx201/Projects/daytrade/data/chart/chart-pltr.json
Saved: /home/qcx201/Projects/daytrade/data/summary/summary-pltr.json
<Response [200]> https://finance.yahoo.com/calendar/earnings/?symbol=PLTR&offset=0&size=100
Sleeping 90.0 seconds...
<Response [200]> https://finance.yahoo.com/calendar/earnings/?symbol=PLTR&offset=0&size=100
<Response [200]> https://finance.yahoo.com/calendar/earnings/?symbol=PLTR&offset=100&size=100
Saved: /home/qcx201/Projects/daytrade/data/earnings/earnings-pltr.json
now: 2025-12-28 21:18:44.964185 | eta: 0:10:54.398940 | delta: 0:07:16.265962 | avg: 0:00:21.813298
[21 of 50] COST
Saved: /home/qcx201/Projects/daytrade/data/chart/chart-cost.json
Saved: /home/qcx201/Projects/daytrade/data/summary/summary-cost.json
<Response [200]> https://finance.yahoo.com/calendar/earnings/?symbol=COST&offset=0&size=100
<Response [200]> https://finance.yahoo.com/calendar/earnings/?symbol=COST&offset=100&size=100
<Response [200]> https://finance.yahoo.com/calendar/earnings/?symbol=COST&offset=200&size=100
Saved: /home/qcx201/Projects/daytrade/data/earnings/earnings-cost.json
now: 2025-12-28 21:18:50.168114 | eta: 0:10:09.648904 | delta: 0:07:21.469891 | avg: 0:00:21.022376
[22 of 50] ABBV
Saved: /home/qcx201/Projects/daytrade/data/chart/chart-abbv.json
Saved: /home/qcx201/Projects/daytrade/data/summary/summary-abbv.json
<Response [200]> https://finance.yahoo.com/calendar/earnings/?symbol=ABBV&offset=0&size=100
<Response [200]> https://finance.yahoo.com/calendar/earnings/?symbol=ABBV&offset=100&size=100
Saved: /home/qcx201/Projects/daytrade/data/earnings/earnings-abbv.json
now: 2025-12-28 21:18:53.045863 | eta: 0:09:25.533360 | delta: 0:07:24.347640 | avg: 0:00:20.197620
[23 of 50] HD
Saved: /home/qcx201/Projects/daytrade/data/chart/chart-hd.json
Saved: /home/qcx201/Projects/daytrade/data/summary/summary-hd.json
<Response [200]> https://finance.yahoo.com/calendar/earnings/?symbol=HD&offset=0&size=100
Sleeping 90.0 seconds...
<Response [200]> https://finance.yahoo.com/calendar/earnings/?symbol=HD&offset=0&size=100
<Response [200]> https://finance.yahoo.com/calendar/earnings/?symbol=HD&offset=100&size=100
<Response [200]> https://finance.yahoo.com/calendar/earnings/?symbol=HD&offset=200&size=100
Saved: /home/qcx201/Projects/daytrade/data/earnings/earnings-hd.json
now: 2025-12-28 21:20:29.068818 | eta: 0:10:34.348098 | delta: 0:09:00.370595 | avg: 0:00:23.494374
[24 of 50] PG
Saved: /home/qcx201/Projects/daytrade/data/chart/chart-pg.json
Saved: /home/qcx201/Projects/daytrade/data/summary/summary-pg.json
<Response [200]> https://finance.yahoo.com/calendar/earnings/?symbol=PG&offset=0&size=100
<Response [200]> https://finance.yahoo.com/calendar/earnings/?symbol=PG&offset=100&size=100
<Response [200]> https://finance.yahoo.com/calendar/earnings/?symbol=PG&offset=200&size=100
Saved: /home/qcx201/Projects/daytrade/data/earnings/earnings-pg.json
now: 2025-12-28 21:20:34.496519 | eta: 0:09:51.281496 | delta: 0:09:05.798296 | avg: 0:00:22.741596
[25 of 50] BAC
Saved: /home/qcx201/Projects/daytrade/data/chart/chart-bac.json
Saved: /home/qcx201/Projects/daytrade/data/summary/summary-bac.json
<Response [200]> https://finance.yahoo.com/calendar/earnings/?symbol=BAC&offset=0&size=100
<Response [200]> https://finance.yahoo.com/calendar/earnings/?symbol=BAC&offset=100&size=100
Sleeping 90.0 seconds...
<Response [200]> https://finance.yahoo.com/calendar/earnings/?symbol=BAC&offset=100&size=100
<Response [200]> https://finance.yahoo.com/calendar/earnings/?symbol=BAC&offset=200&size=100
Saved: /home/qcx201/Projects/daytrade/data/earnings/earnings-bac.json
now: 2025-12-28 21:22:10.717898 | eta: 0:10:42.019675 | delta: 0:10:42.019675 | avg: 0:00:25.680787
[26 of 50] GE
Saved: /home/qcx201/Projects/daytrade/data/chart/chart-ge.json
Saved: /home/qcx201/Projects/daytrade/data/summary/summary-ge.json
<Response [200]> https://finance.yahoo.com/calendar/earnings/?symbol=GE&offset=0&size=100
<Response [200]> https://finance.yahoo.com/calendar/earnings/?symbol=GE&offset=100&size=100
<Response [200]> https://finance.yahoo.com/calendar/earnings/?symbol=GE&offset=200&size=100
Saved: /home/qcx201/Projects/daytrade/data/earnings/earnings-ge.json
now: 2025-12-28 21:22:15.547769 | eta: 0:09:57.091896 | delta: 0:10:46.849546 | avg: 0:00:24.878829
[27 of 50] UNH
Saved: /home/qcx201/Projects/daytrade/data/chart/chart-unh.json
Saved: /home/qcx201/Projects/daytrade/data/summary/summary-unh.json
<Response [200]> https://finance.yahoo.com/calendar/earnings/?symbol=UNH&offset=0&size=100
<Response [200]> https://finance.yahoo.com/calendar/earnings/?symbol=UNH&offset=100&size=100
<Response [200]> https://finance.yahoo.com/calendar/earnings/?symbol=UNH&offset=200&size=100
Sleeping 90.0 seconds...
<Response [200]> https://finance.yahoo.com/calendar/earnings/?symbol=UNH&offset=200&size=100
Saved: /home/qcx201/Projects/daytrade/data/earnings/earnings-unh.json
now: 2025-12-28 21:23:50.522670 | eta: 0:10:31.924540 | delta: 0:12:21.824447 | avg: 0:00:27.474980
[28 of 50] CVX
Saved: /home/qcx201/Projects/daytrade/data/chart/chart-cvx.json
Saved: /home/qcx201/Projects/daytrade/data/summary/summary-cvx.json
<Response [200]> https://finance.yahoo.com/calendar/earnings/?symbol=CVX&offset=0&size=100
<Response [200]> https://finance.yahoo.com/calendar/earnings/?symbol=CVX&offset=100&size=100
Saved: /home/qcx201/Projects/daytrade/data/earnings/earnings-cvx.json
now: 2025-12-28 21:23:54.242729 | eta: 0:09:45.784980 | delta: 0:12:25.544506 | avg: 0:00:26.626590
[29 of 50] CSCO
Saved: /home/qcx201/Projects/daytrade/data/chart/chart-csco.json
Saved: /home/qcx201/Projects/daytrade/data/summary/summary-csco.json
<Response [200]> https://finance.yahoo.com/calendar/earnings/?symbol=CSCO&offset=0&size=100
<Response [200]> https://finance.yahoo.com/calendar/earnings/?symbol=CSCO&offset=100&size=100
<Response [200]> https://finance.yahoo.com/calendar/earnings/?symbol=CSCO&offset=200&size=100
Saved: /home/qcx201/Projects/daytrade/data/earnings/earnings-csco.json
now: 2025-12-28 21:23:58.353208 | eta: 0:09:02.853612 | delta: 0:12:29.654985 | avg: 0:00:25.850172
[30 of 50] WFC
Saved: /home/qcx201/Projects/daytrade/data/chart/chart-wfc.json
Saved: /home/qcx201/Projects/daytrade/data/summary/summary-wfc.json
<Response [200]> https://finance.yahoo.com/calendar/earnings/?symbol=WFC&offset=0&size=100
Sleeping 90.0 seconds...
<Response [200]> https://finance.yahoo.com/calendar/earnings/?symbol=WFC&offset=0&size=100
<Response [200]> https://finance.yahoo.com/calendar/earnings/?symbol=WFC&offset=100&size=100
<Response [200]> https://finance.yahoo.com/calendar/earnings/?symbol=WFC&offset=200&size=100
Saved: /home/qcx201/Projects/daytrade/data/earnings/earnings-wfc.json
now: 2025-12-28 21:25:34.544671 | eta: 0:09:23.897640 | delta: 0:14:05.846448 | avg: 0:00:28.194882
[31 of 50] IBM
Saved: /home/qcx201/Projects/daytrade/data/chart/chart-ibm.json
Saved: /home/qcx201/Projects/daytrade/data/summary/summary-ibm.json
<Response [200]> https://finance.yahoo.com/calendar/earnings/?symbol=IBM&offset=0&size=100
<Response [200]> https://finance.yahoo.com/calendar/earnings/?symbol=IBM&offset=100&size=100
<Response [200]> https://finance.yahoo.com/calendar/earnings/?symbol=IBM&offset=200&size=100
Saved: /home/qcx201/Projects/daytrade/data/earnings/earnings-ibm.json
now: 2025-12-28 21:25:39.173613 | eta: 0:08:41.259110 | delta: 0:14:10.475390 | avg: 0:00:27.434690
[32 of 50] AMD
Saved: /home/qcx201/Projects/daytrade/data/chart/chart-amd.json
Saved: /home/qcx201/Projects/daytrade/data/summary/summary-amd.json
<Response [200]> https://finance.yahoo.com/calendar/earnings/?symbol=AMD&offset=0&size=100
Sleeping 90.0 seconds...
<Response [200]> https://finance.yahoo.com/calendar/earnings/?symbol=AMD&offset=0&size=100
<Response [200]> https://finance.yahoo.com/calendar/earnings/?symbol=AMD&offset=100&size=100
<Response [200]> https://finance.yahoo.com/calendar/earnings/?symbol=AMD&offset=200&size=100
Saved: /home/qcx201/Projects/daytrade/data/earnings/earnings-amd.json
now: 2025-12-28 21:27:14.238799 | eta: 0:08:51.866574 | delta: 0:15:45.540576 | avg: 0:00:29.548143
[33 of 50] KO
Saved: /home/qcx201/Projects/daytrade/data/chart/chart-ko.json
Saved: /home/qcx201/Projects/daytrade/data/summary/summary-ko.json
<Response [200]> https://finance.yahoo.com/calendar/earnings/?symbol=KO&offset=0&size=100
<Response [200]> https://finance.yahoo.com/calendar/earnings/?symbol=KO&offset=100&size=100
<Response [200]> https://finance.yahoo.com/calendar/earnings/?symbol=KO&offset=200&size=100
Saved: /home/qcx201/Projects/daytrade/data/earnings/earnings-ko.json
now: 2025-12-28 21:27:19.102259 | eta: 0:08:09.602074 | delta: 0:15:50.404036 | avg: 0:00:28.800122
[34 of 50] PM
Saved: /home/qcx201/Projects/daytrade/data/chart/chart-pm.json
Saved: /home/qcx201/Projects/daytrade/data/summary/summary-pm.json
<Response [200]> https://finance.yahoo.com/calendar/earnings/?symbol=PM&offset=0&size=100
<Response [200]> https://finance.yahoo.com/calendar/earnings/?symbol=PM&offset=100&size=100
Sleeping 90.0 seconds...
<Response [200]> https://finance.yahoo.com/calendar/earnings/?symbol=PM&offset=100&size=100
Saved: /home/qcx201/Projects/daytrade/data/earnings/earnings-pm.json
now: 2025-12-28 21:28:53.171342 | eta: 0:08:11.516768 | delta: 0:17:24.473119 | avg: 0:00:30.719798
[35 of 50] GS
Saved: /home/qcx201/Projects/daytrade/data/chart/chart-gs.json
Saved: /home/qcx201/Projects/daytrade/data/summary/summary-gs.json
<Response [200]> https://finance.yahoo.com/calendar/earnings/?symbol=GS&offset=0&size=100
<Response [200]> https://finance.yahoo.com/calendar/earnings/?symbol=GS&offset=100&size=100
<Response [200]> https://finance.yahoo.com/calendar/earnings/?symbol=GS&offset=200&size=100
Saved: /home/qcx201/Projects/daytrade/data/earnings/earnings-gs.json
now: 2025-12-28 21:28:57.431861 | eta: 0:07:29.457270 | delta: 0:17:28.733638 | avg: 0:00:29.963818
[36 of 50] ABT
Saved: /home/qcx201/Projects/daytrade/data/chart/chart-abt.json
Saved: /home/qcx201/Projects/daytrade/data/summary/summary-abt.json
<Response [200]> https://finance.yahoo.com/calendar/earnings/?symbol=ABT&offset=0&size=100
<Response [200]> https://finance.yahoo.com/calendar/earnings/?symbol=ABT&offset=100&size=100
<Response [200]> https://finance.yahoo.com/calendar/earnings/?symbol=ABT&offset=200&size=100
Sleeping 90.0 seconds...
<Response [200]> https://finance.yahoo.com/calendar/earnings/?symbol=ABT&offset=200&size=100
Saved: /home/qcx201/Projects/daytrade/data/earnings/earnings-abt.json
now: 2025-12-28 21:30:32.399989 | eta: 0:07:24.772916 | delta: 0:19:03.701766 | avg: 0:00:31.769494
[37 of 50] CRM
Saved: /home/qcx201/Projects/daytrade/data/chart/chart-crm.json
Saved: /home/qcx201/Projects/daytrade/data/summary/summary-crm.json
<Response [200]> https://finance.yahoo.com/calendar/earnings/?symbol=CRM&offset=0&size=100
<Response [200]> https://finance.yahoo.com/calendar/earnings/?symbol=CRM&offset=100&size=100
Saved: /home/qcx201/Projects/daytrade/data/earnings/earnings-crm.json
now: 2025-12-28 21:30:35.563450 | eta: 0:06:42.952641 | delta: 0:19:06.865227 | avg: 0:00:30.996357
[38 of 50] RTX
Saved: /home/qcx201/Projects/daytrade/data/chart/chart-rtx.json
Saved: /home/qcx201/Projects/daytrade/data/summary/summary-rtx.json
<Response [200]> https://finance.yahoo.com/calendar/earnings/?symbol=RTX&offset=0&size=100
<Response [200]> https://finance.yahoo.com/calendar/earnings/?symbol=RTX&offset=100&size=100
<Response [200]> https://finance.yahoo.com/calendar/earnings/?symbol=RTX&offset=200&size=100
Saved: /home/qcx201/Projects/daytrade/data/earnings/earnings-rtx.json
now: 2025-12-28 21:30:40.320158 | eta: 0:06:03.670080 | delta: 0:19:11.621935 | avg: 0:00:30.305840
[39 of 50] CAT
Saved: /home/qcx201/Projects/daytrade/data/chart/chart-cat.json
Saved: /home/qcx201/Projects/daytrade/data/summary/summary-cat.json
<Response [200]> https://finance.yahoo.com/calendar/earnings/?symbol=CAT&offset=0&size=100
Sleeping 90.0 seconds...
<Response [200]> https://finance.yahoo.com/calendar/earnings/?symbol=CAT&offset=0&size=100
Sleeping 112.5 seconds...
<Response [200]> https://finance.yahoo.com/calendar/earnings/?symbol=CAT&offset=0&size=100
<Response [200]> https://finance.yahoo.com/calendar/earnings/?symbol=CAT&offset=100&size=100
<Response [200]> https://finance.yahoo.com/calendar/earnings/?symbol=CAT&offset=200&size=100
Saved: /home/qcx201/Projects/daytrade/data/earnings/earnings-cat.json
now: 2025-12-28 21:34:08.831474 | eta: 0:06:23.627332 | delta: 0:22:40.133251 | avg: 0:00:34.875212
[40 of 50] LIN
Saved: /home/qcx201/Projects/daytrade/data/chart/chart-lin.json
Saved: /home/qcx201/Projects/daytrade/data/summary/summary-lin.json
<Response [200]> https://finance.yahoo.com/calendar/earnings/?symbol=LIN&offset=0&size=100
<Response [200]> https://finance.yahoo.com/calendar/earnings/?symbol=LIN&offset=100&size=100
<Response [200]> https://finance.yahoo.com/calendar/earnings/?symbol=LIN&offset=200&size=100
Saved: /home/qcx201/Projects/daytrade/data/earnings/earnings-lin.json
now: 2025-12-28 21:34:12.966455 | eta: 0:05:41.067060 | delta: 0:22:44.268232 | avg: 0:00:34.106706
[41 of 50] MCD
Saved: /home/qcx201/Projects/daytrade/data/chart/chart-mcd.json
Saved: /home/qcx201/Projects/daytrade/data/summary/summary-mcd.json
<Response [200]> https://finance.yahoo.com/calendar/earnings/?symbol=MCD&offset=0&size=100
<Response [200]> https://finance.yahoo.com/calendar/earnings/?symbol=MCD&offset=100&size=100
<Response [200]> https://finance.yahoo.com/calendar/earnings/?symbol=MCD&offset=200&size=100
Saved: /home/qcx201/Projects/daytrade/data/earnings/earnings-mcd.json
now: 2025-12-28 21:34:17.348594 | eta: 0:05:00.435444 | delta: 0:22:48.650371 | avg: 0:00:33.381716
[42 of 50] MRK
Saved: /home/qcx201/Projects/daytrade/data/chart/chart-mrk.json
Saved: /home/qcx201/Projects/daytrade/data/summary/summary-mrk.json
<Response [200]> https://finance.yahoo.com/calendar/earnings/?symbol=MRK&offset=0&size=100
<Response [200]> https://finance.yahoo.com/calendar/earnings/?symbol=MRK&offset=100&size=100
Sleeping 90.0 seconds...
<Response [200]> https://finance.yahoo.com/calendar/earnings/?symbol=MRK&offset=100&size=100
<Response [200]> https://finance.yahoo.com/calendar/earnings/?symbol=MRK&offset=200&size=100
Saved: /home/qcx201/Projects/daytrade/data/earnings/earnings-mrk.json
now: 2025-12-28 21:35:54.269358 | eta: 0:04:39.156408 | delta: 0:24:25.571135 | avg: 0:00:34.894551
[43 of 50] DIS
Saved: /home/qcx201/Projects/daytrade/data/chart/chart-dis.json
Saved: /home/qcx201/Projects/daytrade/data/summary/summary-dis.json
<Response [200]> https://finance.yahoo.com/calendar/earnings/?symbol=DIS&offset=0&size=100
<Response [200]> https://finance.yahoo.com/calendar/earnings/?symbol=DIS&offset=100&size=100
<Response [200]> https://finance.yahoo.com/calendar/earnings/?symbol=DIS&offset=200&size=100
Saved: /home/qcx201/Projects/daytrade/data/earnings/earnings-dis.json
now: 2025-12-28 21:35:58.426782 | eta: 0:03:59.258138 | delta: 0:24:29.728559 | avg: 0:00:34.179734
[44 of 50] UBER
Saved: /home/qcx201/Projects/daytrade/data/chart/chart-uber.json
Saved: /home/qcx201/Projects/daytrade/data/summary/summary-uber.json
<Response [200]> https://finance.yahoo.com/calendar/earnings/?symbol=UBER&offset=0&size=100
<Response [200]> https://finance.yahoo.com/calendar/earnings/?symbol=UBER&offset=100&size=100
Saved: /home/qcx201/Projects/daytrade/data/earnings/earnings-uber.json
now: 2025-12-28 21:36:00.747376 | eta: 0:03:20.733978 | delta: 0:24:32.049153 | avg: 0:00:33.455663
[45 of 50] T
Saved: /home/qcx201/Projects/daytrade/data/chart/chart-t.json
Saved: /home/qcx201/Projects/daytrade/data/summary/summary-t.json
<Response [200]> https://finance.yahoo.com/calendar/earnings/?symbol=T&offset=0&size=100
Sleeping 90.0 seconds...
<Response [200]> https://finance.yahoo.com/calendar/earnings/?symbol=T&offset=0&size=100
<Response [200]> https://finance.yahoo.com/calendar/earnings/?symbol=T&offset=100&size=100
<Response [200]> https://finance.yahoo.com/calendar/earnings/?symbol=T&offset=200&size=100
Saved: /home/qcx201/Projects/daytrade/data/earnings/earnings-t.json
now: 2025-12-28 21:37:35.620771 | eta: 0:02:54.102505 | delta: 0:26:06.922548 | avg: 0:00:34.820501
[46 of 50] APP
Saved: /home/qcx201/Projects/daytrade/data/chart/chart-app.json
Saved: /home/qcx201/Projects/daytrade/data/summary/summary-app.json
<Response [200]> https://finance.yahoo.com/calendar/earnings/?symbol=APP&offset=0&size=100
<Response [200]> https://finance.yahoo.com/calendar/earnings/?symbol=APP&offset=100&size=100
Saved: /home/qcx201/Projects/daytrade/data/earnings/earnings-app.json
now: 2025-12-28 21:37:38.187986 | eta: 0:02:16.477372 | delta: 0:26:09.489763 | avg: 0:00:34.119343
[47 of 50] MS
Saved: /home/qcx201/Projects/daytrade/data/chart/chart-ms.json
Saved: /home/qcx201/Projects/daytrade/data/summary/summary-ms.json
<Response [200]> https://finance.yahoo.com/calendar/earnings/?symbol=MS&offset=0&size=100
<Response [200]> https://finance.yahoo.com/calendar/earnings/?symbol=MS&offset=100&size=100
<Response [200]> https://finance.yahoo.com/calendar/earnings/?symbol=MS&offset=200&size=100
Sleeping 90.0 seconds...
<Response [200]> https://finance.yahoo.com/calendar/earnings/?symbol=MS&offset=200&size=100
Saved: /home/qcx201/Projects/daytrade/data/earnings/earnings-ms.json
now: 2025-12-28 21:39:13.196196 | eta: 0:01:46.244550 | delta: 0:27:44.497973 | avg: 0:00:35.414850
[48 of 50] PEP
Saved: /home/qcx201/Projects/daytrade/data/chart/chart-pep.json
Saved: /home/qcx201/Projects/daytrade/data/summary/summary-pep.json
<Response [200]> https://finance.yahoo.com/calendar/earnings/?symbol=PEP&offset=0&size=100
<Response [200]> https://finance.yahoo.com/calendar/earnings/?symbol=PEP&offset=100&size=100
<Response [200]> https://finance.yahoo.com/calendar/earnings/?symbol=PEP&offset=200&size=100
Saved: /home/qcx201/Projects/daytrade/data/earnings/earnings-pep.json
now: 2025-12-28 21:39:19.072796 | eta: 0:01:09.598940 | delta: 0:27:50.374573 | avg: 0:00:34.799470
[49 of 50] NOW
Saved: /home/qcx201/Projects/daytrade/data/chart/chart-now.json
Saved: /home/qcx201/Projects/daytrade/data/summary/summary-now.json
<Response [200]> https://finance.yahoo.com/calendar/earnings/?symbol=NOW&offset=0&size=100
<Response [200]> https://finance.yahoo.com/calendar/earnings/?symbol=NOW&offset=100&size=100
Saved: /home/qcx201/Projects/daytrade/data/earnings/earnings-now.json
now: 2025-12-28 21:39:21.843712 | eta: 0:00:34.145826 | delta: 0:27:53.145489 | avg: 0:00:34.145826
[50 of 50] INTU
Saved: /home/qcx201/Projects/daytrade/data/chart/chart-intu.json
Saved: /home/qcx201/Projects/daytrade/data/summary/summary-intu.json
<Response [200]> https://finance.yahoo.com/calendar/earnings/?symbol=INTU&offset=0&size=100
<Response [200]> https://finance.yahoo.com/calendar/earnings/?symbol=INTU&offset=100&size=100
Sleeping 90.0 seconds...
<Response [200]> https://finance.yahoo.com/calendar/earnings/?symbol=INTU&offset=100&size=100
<Response [200]> https://finance.yahoo.com/calendar/earnings/?symbol=INTU&offset=200&size=100
Saved: /home/qcx201/Projects/daytrade/data/earnings/earnings-intu.json
now: 2025-12-28 21:40:56.956705 | eta: 0:00:00 | delta: 0:29:28.258482 | avg: 0:00:35.365170
-- Complete --
