[1 of 50] CAH
Saved: /home/qcx201/Projects/daytrade/data/chart/chart-cah.json
Saved: /home/qcx201/Projects/daytrade/data/summary/summary-cah.json
<Response [200]> https://finance.yahoo.com/calendar/earnings/?symbol=CAH&offset=0&size=100
<Response [200]> https://finance.yahoo.com/calendar/earnings/?symbol=CAH&offset=100&size=100
<Response [200]> https://finance.yahoo.com/calendar/earnings/?symbol=CAH&offset=200&size=100
Saved: /home/qcx201/Projects/daytrade/data/earnings/earnings-cah.json
now: 2025-12-28 21:11:33.669474 | eta: 0:03:57.491975 | delta: 0:00:04.846775 | avg: 0:00:04.846775
[2 of 50] WEC
Saved: /home/qcx201/Projects/daytrade/data/chart/chart-wec.json
Saved: /home/qcx201/Projects/daytrade/data/summary/summary-wec.json
<Response [200]> https://finance.yahoo.com/calendar/earnings/?symbol=WEC&offset=0&size=100
<Response [200]> https://finance.yahoo.com/calendar/earnings/?symbol=WEC&offset=100&size=100
<Response [200]> https://finance.yahoo.com/calendar/earnings/?symbol=WEC&offset=200&size=100
Saved: /home/qcx201/Projects/daytrade/data/earnings/earnings-wec.json
now: 2025-12-28 21:11:38.126292 | eta: 0:03:43.286208 | delta: 0:00:09.303593 | avg: 0:00:04.651796
[3 of 50] DAL
Saved: /home/qcx201/Projects/daytrade/data/chart/chart-dal.json
Saved: /home/qcx201/Projects/daytrade/data/summary/summary-dal.json
<Response [200]> https://finance.yahoo.com/calendar/earnings/?symbol=DAL&offset=0&size=100
<Response [200]> https://finance.yahoo.com/calendar/earnings/?symbol=DAL&offset=100&size=100
Saved: /home/qcx201/Projects/daytrade/data/earnings/earnings-dal.json
now: 2025-12-28 21:11:41.334685 | eta: 0:03:16.021114 | delta: 0:00:12.511986 | avg: 0:00:04.170662
[4 of 50] PRU
Saved: /home/qcx201/Projects/daytrade/data/chart/chart-pru.json
Saved: /home/qcx201/Projects/daytrade/data/summary/summary-pru.json
<Response [200]> https://finance.yahoo.com/calendar/earnings/?symbol=PRU&offset=0&size=100
<Response [200]> https://finance.yahoo.com/calendar/earnings/?symbol=PRU&offset=100&size=100
Saved: /home/qcx201/Projects/daytrade/data/earnings/earnings-pru.json
now: 2025-12-28 21:11:44.499625 | eta: 0:03:00.284672 | delta: 0:00:15.676926 | avg: 0:00:03.919232
[5 of 50] A
Saved: /home/qcx201/Projects/daytrade/data/chart/chart-a.json
Saved: /home/qcx201/Projects/daytrade/data/summary/summary-a.json
<Response [200]> https://finance.yahoo.com/calendar/earnings/?symbol=A&offset=0&size=100
<Response [200]> https://finance.yahoo.com/calendar/earnings/?symbol=A&offset=100&size=100
<Response [200]> https://finance.yahoo.com/calendar/earnings/?symbol=A&offset=200&size=100
Saved: /home/qcx201/Projects/daytrade/data/earnings/earnings-a.json
now: 2025-12-28 21:11:48.908475 | eta: 0:03:00.771975 | delta: 0:00:20.085776 | avg: 0:00:04.017155
[6 of 50] ED
Saved: /home/qcx201/Projects/daytrade/data/chart/chart-ed.json
Saved: /home/qcx201/Projects/daytrade/data/summary/summary-ed.json
<Response [200]> https://finance.yahoo.com/calendar/earnings/?symbol=ED&offset=0&size=100
<Response [200]> https://finance.yahoo.com/calendar/earnings/?symbol=ED&offset=100&size=100
<Response [200]> https://finance.yahoo.com/calendar/earnings/?symbol=ED&offset=200&size=100
Saved: /home/qcx201/Projects/daytrade/data/earnings/earnings-ed.json
now: 2025-12-28 21:11:54.650887 | eta: 0:03:09.406712 | delta: 0:00:25.828188 | avg: 0:00:04.304698
[7 of 50] XYL
Saved: /home/qcx201/Projects/daytrade/data/chart/chart-xyl.json
Saved: /home/qcx201/Projects/daytrade/data/summary/summary-xyl.json
<Response [200]> https://finance.yahoo.com/calendar/earnings/?symbol=XYL&offset=0&size=100
<Response [200]> https://finance.yahoo.com/calendar/earnings/?symbol=XYL&offset=100&size=100
Saved: /home/qcx201/Projects/daytrade/data/earnings/earnings-xyl.json
now: 2025-12-28 21:11:57.482898 | eta: 0:02:56.055502 | delta: 0:00:28.660199 | avg: 0:00:04.094314
[8 of 50] TRGP
Saved: /home/qcx201/Projects/daytrade/data/chart/chart-trgp.json
Saved: /home/qcx201/Projects/daytrade/data/summary/summary-trgp.json
<Response [200]> https://finance.yahoo.com/calendar/earnings/?symbol=TRGP&offset=0&size=100
<Response [200]> https://finance.yahoo.com/calendar/earnings/?symbol=TRGP&offset=100&size=100
Saved: /home/qcx201/Projects/daytrade/data/earnings/earnings-trgp.json
now: 2025-12-28 21:12:00.260905 | eta: 0:02:45.050592 | delta: 0:00:31.438206 | avg: 0:00:03.929776
[9 of 50] FICO
Saved: /home/qcx201/Projects/daytrade/data/chart/chart-fico.json
Saved: /home/qcx201/Projects/daytrade/data/summary/summary-fico.json
<Response [200]> https://finance.yahoo.com/calendar/earnings/?symbol=FICO&offset=0&size=100
<Response [200]> https://finance.yahoo.com/calendar/earnings/?symbol=FICO&offset=100&size=100
<Response [200]> https://finance.yahoo.com/calendar/earnings/?symbol=FICO&offset=200&size=100
Saved: /home/qcx201/Projects/daytrade/data/earnings/earnings-fico.json
now: 2025-12-28 21:12:04.793644 | eta: 0:02:43.867652 | delta: 0:00:35.970945 | avg: 0:00:03.996772
[10 of 50] OTIS
Saved: /home/qcx201/Projects/daytrade/data/chart/chart-otis.json
Saved: /home/qcx201/Projects/daytrade/data/summary/summary-otis.json
<Response [200]> https://finance.yahoo.com/calendar/earnings/?symbol=OTIS&offset=0&size=100
<Response [200]> https://finance.yahoo.com/calendar/earnings/?symbol=OTIS&offset=100&size=100
Saved: /home/qcx201/Projects/daytrade/data/earnings/earnings-otis.json
now: 2025-12-28 21:12:07.609288 | eta: 0:02:35.146360 | delta: 0:00:38.786589 | avg: 0:00:03.878659
[11 of 50] CSGP
Saved: /home/qcx201/Projects/daytrade/data/chart/chart-csgp.json
Saved: /home/qcx201/Projects/daytrade/data/summary/summary-csgp.json
<Response [200]> https://finance.yahoo.com/calendar/earnings/?symbol=CSGP&offset=0&size=100
Sleeping 90.0 seconds...
<Response [200]> https://finance.yahoo.com/calendar/earnings/?symbol=CSGP&offset=0&size=100
<Response [200]> https://finance.yahoo.com/calendar/earnings/?symbol=CSGP&offset=100&size=100
<Response [200]> https://finance.yahoo.com/calendar/earnings/?symbol=CSGP&offset=200&size=100
Saved: /home/qcx201/Projects/daytrade/data/earnings/earnings-csgp.json
now: 2025-12-28 21:13:42.538557 | eta: 0:07:54.083493 | delta: 0:02:13.715858 | avg: 0:00:12.155987
[12 of 50] VRSK
Saved: /home/qcx201/Projects/daytrade/data/chart/chart-vrsk.json
Saved: /home/qcx201/Projects/daytrade/data/summary/summary-vrsk.json
<Response [200]> https://finance.yahoo.com/calendar/earnings/?symbol=VRSK&offset=0&size=100
<Response [200]> https://finance.yahoo.com/calendar/earnings/?symbol=VRSK&offset=100&size=100
Saved: /home/qcx201/Projects/daytrade/data/earnings/earnings-vrsk.json
now: 2025-12-28 21:13:45.415499 | eta: 0:07:12.543854 | delta: 0:02:16.592800 | avg: 0:00:11.382733
[13 of 50] KDP
Saved: /home/qcx201/Projects/daytrade/data/chart/chart-kdp.json
Saved: /home/qcx201/Projects/daytrade/data/summary/summary-kdp.json
<Response [200]> https://finance.yahoo.com/calendar/earnings/?symbol=KDP&offset=0&size=100
<Response [200]> https://finance.yahoo.com/calendar/earnings/?symbol=KDP&offset=100&size=100
Saved: /home/qcx201/Projects/daytrade/data/earnings/earnings-kdp.json
now: 2025-12-28 21:13:48.162285 | eta: 0:06:36.581910 | delta: 0:02:19.339586 | avg: 0:00:10.718430
[14 of 50] MCHP
Saved: /home/qcx201/Projects/daytrade/data/chart/chart-mchp.json
Saved: /home/qcx201/Projects/daytrade/data/summary/summary-mchp.json
<Response [200]> https://finance.yahoo.com/calendar/earnings/?symbol=MCHP&offset=0&size=100
Sleeping 90.0 seconds...
<Response [200]> https://finance.yahoo.com/calendar/earnings/?symbol=MCHP&offset=0&size=100
<Response [200]> https://finance.yahoo.com/calendar/earnings/?symbol=MCHP&offset=100&size=100
<Response [200]> https://finance.yahoo.com/calendar/earnings/?symbol=MCHP&offset=200&size=100
Saved: /home/qcx201/Projects/daytrade/data/earnings/earnings-mchp.json
now: 2025-12-28 21:15:23.260907 | eta: 0:10:02.841096 | delta: 0:03:54.438208 | avg: 0:00:16.745586
[15 of 50] VICI
Saved: /home/qcx201/Projects/daytrade/data/chart/chart-vici.json
Saved: /home/qcx201/Projects/daytrade/data/summary/summary-vici.json
<Response [200]> https://finance.yahoo.com/calendar/earnings/?symbol=VICI&offset=0&size=100
<Response [200]> https://finance.yahoo.com/calendar/earnings/?symbol=VICI&offset=100&size=100
Saved: /home/qcx201/Projects/daytrade/data/earnings/earnings-vici.json
now: 2025-12-28 21:15:25.993306 | eta: 0:09:13.398090 | delta: 0:03:57.170607 | avg: 0:00:15.811374
[16 of 50] WAB
Saved: /home/qcx201/Projects/daytrade/data/chart/chart-wab.json
Saved: /home/qcx201/Projects/daytrade/data/summary/summary-wab.json
<Response [200]> https://finance.yahoo.com/calendar/earnings/?symbol=WAB&offset=0&size=100
<Response [200]> https://finance.yahoo.com/calendar/earnings/?symbol=WAB&offset=100&size=100
<Response [200]> https://finance.yahoo.com/calendar/earnings/?symbol=WAB&offset=200&size=100
Saved: /home/qcx201/Projects/daytrade/data/earnings/earnings-wab.json
now: 2025-12-28 21:15:30.469639 | eta: 0:08:33.499756 | delta: 0:04:01.646940 | avg: 0:00:15.102934
[17 of 50] FIS
Saved: /home/qcx201/Projects/daytrade/data/chart/chart-fis.json
Saved: /home/qcx201/Projects/daytrade/data/summary/summary-fis.json
<Response [200]> https://finance.yahoo.com/calendar/earnings/?symbol=FIS&offset=0&size=100
Sleeping 90.0 seconds...
<Response [200]> https://finance.yahoo.com/calendar/earnings/?symbol=FIS&offset=0&size=100
<Response [200]> https://finance.yahoo.com/calendar/earnings/?symbol=FIS&offset=100&size=100
Saved: /home/qcx201/Projects/daytrade/data/earnings/earnings-fis.json
now: 2025-12-28 21:17:04.118837 | eta: 0:10:50.868966 | delta: 0:05:35.296138 | avg: 0:00:19.723302
[18 of 50] GEHC
Saved: /home/qcx201/Projects/daytrade/data/chart/chart-gehc.json
Saved: /home/qcx201/Projects/daytrade/data/summary/summary-gehc.json
<Response [200]> https://finance.yahoo.com/calendar/earnings/?symbol=GEHC&offset=0&size=100
<Response [200]> https://finance.yahoo.com/calendar/earnings/?symbol=GEHC&offset=100&size=100
Saved: /home/qcx201/Projects/daytrade/data/earnings/earnings-gehc.json
now: 2025-12-28 21:17:06.626906 | eta: 0:10:00.540800 | delta: 0:05:37.804207 | avg: 0:00:18.766900
[19 of 50] EQT
Saved: /home/qcx201/Projects/daytrade/data/chart/chart-eqt.json
Saved: /home/qcx201/Projects/daytrade/data/summary/summary-eqt.json
<Response [200]> https://finance.yahoo.com/calendar/earnings/?symbol=EQT&offset=0&size=100
<Response [200]> https://finance.yahoo.com/calendar/earnings/?symbol=EQT&offset=100&size=100
<Response [200]> https://finance.yahoo.com/calendar/earnings/?symbol=EQT&offset=200&size=100
Saved: /home/qcx201/Projects/daytrade/data/earnings/earnings-eqt.json
now: 2025-12-28 21:17:10.914931 | eta: 0:09:18.150474 | delta: 0:05:42.092232 | avg: 0:00:18.004854
[20 of 50] OXY
Saved: /home/qcx201/Projects/daytrade/data/chart/chart-oxy.json
Saved: /home/qcx201/Projects/daytrade/data/summary/summary-oxy.json
<Response [200]> https://finance.yahoo.com/calendar/earnings/?symbol=OXY&offset=0&size=100
Sleeping 90.0 seconds...
<Response [200]> https://finance.yahoo.com/calendar/earnings/?symbol=OXY&offset=0&size=100
<Response [200]> https://finance.yahoo.com/calendar/earnings/?symbol=OXY&offset=100&size=100
<Response [200]> https://finance.yahoo.com/calendar/earnings/?symbol=OXY&offset=200&size=100
Saved: /home/qcx201/Projects/daytrade/data/earnings/earnings-oxy.json
now: 2025-12-28 21:18:46.183749 | eta: 0:10:56.041560 | delta: 0:07:17.361050 | avg: 0:00:21.868052
[21 of 50] ACGL
Saved: /home/qcx201/Projects/daytrade/data/chart/chart-acgl.json
Saved: /home/qcx201/Projects/daytrade/data/summary/summary-acgl.json
<Response [200]> https://finance.yahoo.com/calendar/earnings/?symbol=ACGL&offset=0&size=100
<Response [200]> https://finance.yahoo.com/calendar/earnings/?symbol=ACGL&offset=100&size=100
Saved: /home/qcx201/Projects/daytrade/data/earnings/earnings-acgl.json
now: 2025-12-28 21:18:50.509353 | eta: 0:10:09.948242 | delta: 0:07:21.686654 | avg: 0:00:21.032698
[22 of 50] WTW
Saved: /home/qcx201/Projects/daytrade/data/chart/chart-wtw.json
Saved: /home/qcx201/Projects/daytrade/data/summary/summary-wtw.json
<Response [200]> https://finance.yahoo.com/calendar/earnings/?symbol=WTW&offset=0&size=100
<Response [200]> https://finance.yahoo.com/calendar/earnings/?symbol=WTW&offset=100&size=100
Saved: /home/qcx201/Projects/daytrade/data/earnings/earnings-wtw.json
now: 2025-12-28 21:18:53.587330 | eta: 0:09:26.064072 | delta: 0:07:24.764631 | avg: 0:00:20.216574
[23 of 50] PCG
Saved: /home/qcx201/Projects/daytrade/data/chart/chart-pcg.json
Saved: /home/qcx201/Projects/daytrade/data/summary/summary-pcg.json
<Response [200]> https://finance.yahoo.com/calendar/earnings/?symbol=PCG&offset=0&size=100
Sleeping 90.0 seconds...
<Response [200]> https://finance.yahoo.com/calendar/earnings/?symbol=PCG&offset=0&size=100
<Response [200]> https://finance.yahoo.com/calendar/earnings/?symbol=PCG&offset=100&size=100
<Response [200]> https://finance.yahoo.com/calendar/earnings/?symbol=PCG&offset=200&size=100
Saved: /home/qcx201/Projects/daytrade/data/earnings/earnings-pcg.json
now: 2025-12-28 21:20:28.711949 | eta: 0:10:33.783042 | delta: 0:08:59.889250 | avg: 0:00:23.473446
[24 of 50] DD
Saved: /home/qcx201/Projects/daytrade/data/chart/chart-dd.json
Saved: /home/qcx201/Projects/daytrade/data/summary/summary-dd.json
<Response [200]> https://finance.yahoo.com/calendar/earnings/?symbol=DD&offset=0&size=100
<Response [200]> https://finance.yahoo.com/calendar/earnings/?symbol=DD&offset=100&size=100
Saved: /home/qcx201/Projects/daytrade/data/earnings/earnings-dd.json
now: 2025-12-28 21:20:33.380603 | eta: 0:09:49.937738 | delta: 0:09:04.557904 | avg: 0:00:22.689913
[25 of 50] CTSH
Saved: /home/qcx201/Projects/daytrade/data/chart/chart-ctsh.json
Saved: /home/qcx201/Projects/daytrade/data/summary/summary-ctsh.json
<Response [200]> https://finance.yahoo.com/calendar/earnings/?symbol=CTSH&offset=0&size=100
<Response [200]> https://finance.yahoo.com/calendar/earnings/?symbol=CTSH&offset=100&size=100
<Response [200]> https://finance.yahoo.com/calendar/earnings/?symbol=CTSH&offset=200&size=100
Sleeping 90.0 seconds...
<Response [200]> https://finance.yahoo.com/calendar/earnings/?symbol=CTSH&offset=200&size=100
Saved: /home/qcx201/Projects/daytrade/data/earnings/earnings-ctsh.json
now: 2025-12-28 21:22:09.387339 | eta: 0:10:40.564650 | delta: 0:10:40.564640 | avg: 0:00:25.622586
[26 of 50] STT
Saved: /home/qcx201/Projects/daytrade/data/chart/chart-stt.json
Saved: /home/qcx201/Projects/daytrade/data/summary/summary-stt.json
<Response [200]> https://finance.yahoo.com/calendar/earnings/?symbol=STT&offset=0&size=100
<Response [200]> https://finance.yahoo.com/calendar/earnings/?symbol=STT&offset=100&size=100
<Response [200]> https://finance.yahoo.com/calendar/earnings/?symbol=STT&offset=200&size=100
Saved: /home/qcx201/Projects/daytrade/data/earnings/earnings-stt.json
now: 2025-12-28 21:22:15.866862 | eta: 0:09:57.271536 | delta: 0:10:47.044163 | avg: 0:00:24.886314
[27 of 50] HPE
Saved: /home/qcx201/Projects/daytrade/data/chart/chart-hpe.json
Saved: /home/qcx201/Projects/daytrade/data/summary/summary-hpe.json
<Response [200]> https://finance.yahoo.com/calendar/earnings/?symbol=HPE&offset=0&size=100
<Response [200]> https://finance.yahoo.com/calendar/earnings/?symbol=HPE&offset=100&size=100
Saved: /home/qcx201/Projects/daytrade/data/earnings/earnings-hpe.json
now: 2025-12-28 21:22:18.483776 | eta: 0:09:13.414983 | delta: 0:10:49.661077 | avg: 0:00:24.061521
[28 of 50] IQV
Saved: /home/qcx201/Projects/daytrade/data/chart/chart-iqv.json
Saved: /home/qcx201/Projects/daytrade/data/summary/summary-iqv.json
<Response [200]> https://finance.yahoo.com/calendar/earnings/?symbol=IQV&offset=0&size=100
Sleeping 90.0 seconds...
<Response [200]> https://finance.yahoo.com/calendar/earnings/?symbol=IQV&offset=0&size=100
<Response [200]> https://finance.yahoo.com/calendar/earnings/?symbol=IQV&offset=100&size=100
Saved: /home/qcx201/Projects/daytrade/data/earnings/earnings-iqv.json
now: 2025-12-28 21:23:52.048190 | eta: 0:09:43.962896 | delta: 0:12:23.225491 | avg: 0:00:26.543768
[29 of 50] VTR
Saved: /home/qcx201/Projects/daytrade/data/chart/chart-vtr.json
Saved: /home/qcx201/Projects/daytrade/data/summary/summary-vtr.json
<Response [200]> https://finance.yahoo.com/calendar/earnings/?symbol=VTR&offset=0&size=100
<Response [200]> https://finance.yahoo.com/calendar/earnings/?symbol=VTR&offset=100&size=100
Saved: /home/qcx201/Projects/daytrade/data/earnings/earnings-vtr.json
now: 2025-12-28 21:23:55.485673 | eta: 0:09:00.686979 | delta: 0:12:26.662974 | avg: 0:00:25.746999
[30 of 50] EFX
Saved: /home/qcx201/Projects/daytrade/data/chart/chart-efx.json
Saved: /home/qcx201/Projects/daytrade/data/summary/summary-efx.json
<Response [200]> https://finance.yahoo.com/calendar/earnings/?symbol=EFX&offset=0&size=100
<Response [200]> https://finance.yahoo.com/calendar/earnings/?symbol=EFX&offset=100&size=100
<Response [200]> https://finance.yahoo.com/calendar/earnings/?symbol=EFX&offset=200&size=100
Saved: /home/qcx201/Projects/daytrade/data/earnings/earnings-efx.json
now: 2025-12-28 21:23:59.759390 | eta: 0:08:20.624460 | delta: 0:12:30.936691 | avg: 0:00:25.031223
[31 of 50] CCL
Saved: /home/qcx201/Projects/daytrade/data/chart/chart-ccl.json
Saved: /home/qcx201/Projects/daytrade/data/summary/summary-ccl.json
<Response [200]> https://finance.yahoo.com/calendar/earnings/?symbol=CCL&offset=0&size=100
Sleeping 90.0 seconds...
<Response [200]> https://finance.yahoo.com/calendar/earnings/?symbol=CCL&offset=0&size=100
<Response [200]> https://finance.yahoo.com/calendar/earnings/?symbol=CCL&offset=100&size=100
<Response [200]> https://finance.yahoo.com/calendar/earnings/?symbol=CCL&offset=200&size=100
Saved: /home/qcx201/Projects/daytrade/data/earnings/earnings-ccl.json
now: 2025-12-28 21:25:35.063134 | eta: 0:08:38.663501 | delta: 0:14:06.240435 | avg: 0:00:27.298079
[32 of 50] KVUE
Saved: /home/qcx201/Projects/daytrade/data/chart/chart-kvue.json
Saved: /home/qcx201/Projects/daytrade/data/summary/summary-kvue.json
<Response [200]> https://finance.yahoo.com/calendar/earnings/?symbol=KVUE&offset=0&size=100
<Response [200]> https://finance.yahoo.com/calendar/earnings/?symbol=KVUE&offset=100&size=100
Saved: /home/qcx201/Projects/daytrade/data/earnings/earnings-kvue.json
now: 2025-12-28 21:25:38.035341 | eta: 0:07:57.682110 | delta: 0:14:09.212642 | avg: 0:00:26.537895
[33 of 50] NRG
Saved: /home/qcx201/Projects/daytrade/data/chart/chart-nrg.json
Saved: /home/qcx201/Projects/daytrade/data/summary/summary-nrg.json
<Response [200]> https://finance.yahoo.com/calendar/earnings/?symbol=NRG&offset=0&size=100
<Response [200]> https://finance.yahoo.com/calendar/earnings/?symbol=NRG&offset=100&size=100
Sleeping 90.0 seconds...
<Response [200]> https://finance.yahoo.com/calendar/earnings/?symbol=NRG&offset=100&size=100
Saved: /home/qcx201/Projects/daytrade/data/earnings/earnings-nrg.json
now: 2025-12-28 21:27:12.085725 | eta: 0:08:05.923376 | delta: 0:15:43.263026 | avg: 0:00:28.583728
[34 of 50] HUM
Saved: /home/qcx201/Projects/daytrade/data/chart/chart-hum.json
Saved: /home/qcx201/Projects/daytrade/data/summary/summary-hum.json
<Response [200]> https://finance.yahoo.com/calendar/earnings/?symbol=HUM&offset=0&size=100
<Response [200]> https://finance.yahoo.com/calendar/earnings/?symbol=HUM&offset=100&size=100
<Response [200]> https://finance.yahoo.com/calendar/earnings/?symbol=HUM&offset=200&size=100
Saved: /home/qcx201/Projects/daytrade/data/earnings/earnings-hum.json
now: 2025-12-28 21:27:16.459961 | eta: 0:07:25.946944 | delta: 0:15:47.637262 | avg: 0:00:27.871684
[35 of 50] UAL
Saved: /home/qcx201/Projects/daytrade/data/chart/chart-ual.json
Saved: /home/qcx201/Projects/daytrade/data/summary/summary-ual.json
<Response [200]> https://finance.yahoo.com/calendar/earnings/?symbol=UAL&offset=0&size=100
<Response [200]> https://finance.yahoo.com/calendar/earnings/?symbol=UAL&offset=100&size=100
Saved: /home/qcx201/Projects/daytrade/data/earnings/earnings-ual.json
now: 2025-12-28 21:27:19.656978 | eta: 0:06:47.500410 | delta: 0:15:50.834279 | avg: 0:00:27.166694
[36 of 50] NUE
Saved: /home/qcx201/Projects/daytrade/data/chart/chart-nue.json
Saved: /home/qcx201/Projects/daytrade/data/summary/summary-nue.json
<Response [200]> https://finance.yahoo.com/calendar/earnings/?symbol=NUE&offset=0&size=100
Sleeping 90.0 seconds...
<Response [200]> https://finance.yahoo.com/calendar/earnings/?symbol=NUE&offset=0&size=100
<Response [200]> https://finance.yahoo.com/calendar/earnings/?symbol=NUE&offset=100&size=100
<Response [200]> https://finance.yahoo.com/calendar/earnings/?symbol=NUE&offset=200&size=100
Saved: /home/qcx201/Projects/daytrade/data/earnings/earnings-nue.json
now: 2025-12-28 21:28:55.904260 | eta: 0:06:47.198386 | delta: 0:17:27.081561 | avg: 0:00:29.085599
[37 of 50] MTB
Saved: /home/qcx201/Projects/daytrade/data/chart/chart-mtb.json
Saved: /home/qcx201/Projects/daytrade/data/summary/summary-mtb.json
<Response [200]> https://finance.yahoo.com/calendar/earnings/?symbol=MTB&offset=0&size=100
<Response [200]> https://finance.yahoo.com/calendar/earnings/?symbol=MTB&offset=100&size=100
<Response [200]> https://finance.yahoo.com/calendar/earnings/?symbol=MTB&offset=200&size=100
Saved: /home/qcx201/Projects/daytrade/data/earnings/earnings-mtb.json
now: 2025-12-28 21:29:00.383460 | eta: 0:06:09.467293 | delta: 0:17:31.560761 | avg: 0:00:28.420561
[38 of 50] IBKR
Saved: /home/qcx201/Projects/daytrade/data/chart/chart-ibkr.json
Saved: /home/qcx201/Projects/daytrade/data/summary/summary-ibkr.json
<Response [200]> https://finance.yahoo.com/calendar/earnings/?symbol=IBKR&offset=0&size=100
Sleeping 90.0 seconds...
<Response [200]> https://finance.yahoo.com/calendar/earnings/?symbol=IBKR&offset=0&size=100
<Response [200]> https://finance.yahoo.com/calendar/earnings/?symbol=IBKR&offset=100&size=100
Saved: /home/qcx201/Projects/daytrade/data/earnings/earnings-ibkr.json
now: 2025-12-28 21:30:33.898768 | eta: 0:06:01.602972 | delta: 0:19:05.076069 | avg: 0:00:30.133581
[39 of 50] RJF
Saved: /home/qcx201/Projects/daytrade/data/chart/chart-rjf.json
Saved: /home/qcx201/Projects/daytrade/data/summary/summary-rjf.json
<Response [200]> https://finance.yahoo.com/calendar/earnings/?symbol=RJF&offset=0&size=100
<Response [200]> https://finance.yahoo.com/calendar/earnings/?symbol=RJF&offset=100&size=100
<Response [200]> https://finance.yahoo.com/calendar/earnings/?symbol=RJF&offset=200&size=100
Saved: /home/qcx201/Projects/daytrade/data/earnings/earnings-rjf.json
now: 2025-12-28 21:30:38.295905 | eta: 0:05:24.210392 | delta: 0:19:09.473206 | avg: 0:00:29.473672
[40 of 50] IRM
Saved: /home/qcx201/Projects/daytrade/data/chart/chart-irm.json
Saved: /home/qcx201/Projects/daytrade/data/summary/summary-irm.json
<Response [200]> https://finance.yahoo.com/calendar/earnings/?symbol=IRM&offset=0&size=100
<Response [200]> https://finance.yahoo.com/calendar/earnings/?symbol=IRM&offset=100&size=100
<Response [200]> https://finance.yahoo.com/calendar/earnings/?symbol=IRM&offset=200&size=100
Sleeping 90.0 seconds...
<Response [200]> https://finance.yahoo.com/calendar/earnings/?symbol=IRM&offset=200&size=100
Sleeping 112.5 seconds...
<Response [200]> https://finance.yahoo.com/calendar/earnings/?symbol=IRM&offset=200&size=100
Saved: /home/qcx201/Projects/daytrade/data/earnings/earnings-irm.json
now: 2025-12-28 21:34:06.334563 | eta: 0:05:39.377970 | delta: 0:22:37.511864 | avg: 0:00:33.937797
[41 of 50] TSCO
Saved: /home/qcx201/Projects/daytrade/data/chart/chart-tsco.json
Saved: /home/qcx201/Projects/daytrade/data/summary/summary-tsco.json
<Response [200]> https://finance.yahoo.com/calendar/earnings/?symbol=TSCO&offset=0&size=100
<Response [200]> https://finance.yahoo.com/calendar/earnings/?symbol=TSCO&offset=100&size=100
<Response [200]> https://finance.yahoo.com/calendar/earnings/?symbol=TSCO&offset=200&size=100
Saved: /home/qcx201/Projects/daytrade/data/earnings/earnings-tsco.json
now: 2025-12-28 21:34:10.530533 | eta: 0:04:58.911474 | delta: 0:22:41.707834 | avg: 0:00:33.212386
[42 of 50] EXR
Saved: /home/qcx201/Projects/daytrade/data/chart/chart-exr.json
Saved: /home/qcx201/Projects/daytrade/data/summary/summary-exr.json
<Response [200]> https://finance.yahoo.com/calendar/earnings/?symbol=EXR&offset=0&size=100
<Response [200]> https://finance.yahoo.com/calendar/earnings/?symbol=EXR&offset=100&size=100
Saved: /home/qcx201/Projects/daytrade/data/earnings/earnings-exr.json
now: 2025-12-28 21:34:13.532422 | eta: 0:04:19.944712 | delta: 0:22:44.709723 | avg: 0:00:32.493089
[43 of 50] KEYS
Saved: /home/qcx201/Projects/daytrade/data/chart/chart-keys.json
Saved: /home/qcx201/Projects/daytrade/data/summary/summary-keys.json
<Response [200]> https://finance.yahoo.com/calendar/earnings/?symbol=KEYS&offset=0&size=100
<Response [200]> https://finance.yahoo.com/calendar/earnings/?symbol=KEYS&offset=100&size=100
Saved: /home/qcx201/Projects/daytrade/data/earnings/earnings-keys.json
now: 2025-12-28 21:34:16.312346 | eta: 0:03:42.614595 | delta: 0:22:47.489647 | avg: 0:00:31.802085
[44 of 50] IR
Saved: /home/qcx201/Projects/daytrade/data/chart/chart-ir.json
Saved: /home/qcx201/Projects/daytrade/data/summary/summary-ir.json
<Response [200]> https://finance.yahoo.com/calendar/earnings/?symbol=IR&offset=0&size=100
<Response [200]> https://finance.yahoo.com/calendar/earnings/?symbol=IR&offset=100&size=100
Saved: /home/qcx201/Projects/daytrade/data/earnings/earnings-ir.json
now: 2025-12-28 21:34:19.911999 | eta: 0:03:06.966720 | delta: 0:22:51.089300 | avg: 0:00:31.161120
[45 of 50] DTE
Saved: /home/qcx201/Projects/daytrade/data/chart/chart-dte.json
Saved: /home/qcx201/Projects/daytrade/data/summary/summary-dte.json
<Response [200]> https://finance.yahoo.com/calendar/earnings/?symbol=DTE&offset=0&size=100
Sleeping 90.0 seconds...
<Response [200]> https://finance.yahoo.com/calendar/earnings/?symbol=DTE&offset=0&size=100
<Response [200]> https://finance.yahoo.com/calendar/earnings/?symbol=DTE&offset=100&size=100
<Response [200]> https://finance.yahoo.com/calendar/earnings/?symbol=DTE&offset=200&size=100
Saved: /home/qcx201/Projects/daytrade/data/earnings/earnings-dte.json
now: 2025-12-28 21:35:55.600093 | eta: 0:02:42.975265 | delta: 0:24:26.777394 | avg: 0:00:32.595053
[46 of 50] FITB
Saved: /home/qcx201/Projects/daytrade/data/chart/chart-fitb.json
Saved: /home/qcx201/Projects/daytrade/data/summary/summary-fitb.json
<Response [200]> https://finance.yahoo.com/calendar/earnings/?symbol=FITB&offset=0&size=100
<Response [200]> https://finance.yahoo.com/calendar/earnings/?symbol=FITB&offset=100&size=100
<Response [200]> https://finance.yahoo.com/calendar/earnings/?symbol=FITB&offset=200&size=100
Saved: /home/qcx201/Projects/daytrade/data/earnings/earnings-fitb.json
now: 2025-12-28 21:36:00.087980 | eta: 0:02:07.936112 | delta: 0:24:31.265281 | avg: 0:00:31.984028
[47 of 50] EME
Saved: /home/qcx201/Projects/daytrade/data/chart/chart-eme.json
Saved: /home/qcx201/Projects/daytrade/data/summary/summary-eme.json
<Response [200]> https://finance.yahoo.com/calendar/earnings/?symbol=EME&offset=0&size=100
Sleeping 90.0 seconds...
<Response [200]> https://finance.yahoo.com/calendar/earnings/?symbol=EME&offset=0&size=100
<Response [200]> https://finance.yahoo.com/calendar/earnings/?symbol=EME&offset=100&size=100
<Response [200]> https://finance.yahoo.com/calendar/earnings/?symbol=EME&offset=200&size=100
Saved: /home/qcx201/Projects/daytrade/data/earnings/earnings-eme.json
now: 2025-12-28 21:37:34.577012 | eta: 0:01:39.941766 | delta: 0:26:05.754313 | avg: 0:00:33.313922
[48 of 50] ADM
Saved: /home/qcx201/Projects/daytrade/data/chart/chart-adm.json
Saved: /home/qcx201/Projects/daytrade/data/summary/summary-adm.json
<Response [200]> https://finance.yahoo.com/calendar/earnings/?symbol=ADM&offset=0&size=100
<Response [200]> https://finance.yahoo.com/calendar/earnings/?symbol=ADM&offset=100&size=100
<Response [200]> https://finance.yahoo.com/calendar/earnings/?symbol=ADM&offset=200&size=100
Saved: /home/qcx201/Projects/daytrade/data/earnings/earnings-adm.json
now: 2025-12-28 21:37:38.586802 | eta: 0:01:05.406838 | delta: 0:26:09.764103 | avg: 0:00:32.703419
[49 of 50] LEN
Saved: /home/qcx201/Projects/daytrade/data/chart/chart-len.json
Saved: /home/qcx201/Projects/daytrade/data/summary/summary-len.json
<Response [200]> https://finance.yahoo.com/calendar/earnings/?symbol=LEN&offset=0&size=100
<Response [200]> https://finance.yahoo.com/calendar/earnings/?symbol=LEN&offset=100&size=100
<Response [200]> https://finance.yahoo.com/calendar/earnings/?symbol=LEN&offset=200&size=100
Sleeping 90.0 seconds...
<Response [200]> https://finance.yahoo.com/calendar/earnings/?symbol=LEN&offset=200&size=100
Saved: /home/qcx201/Projects/daytrade/data/earnings/earnings-len.json
now: 2025-12-28 21:39:13.994114 | eta: 0:00:33.983090 | delta: 0:27:45.171415 | avg: 0:00:33.983090
[50 of 50] AEE
Saved: /home/qcx201/Projects/daytrade/data/chart/chart-aee.json
Saved: /home/qcx201/Projects/daytrade/data/summary/summary-aee.json
<Response [200]> https://finance.yahoo.com/calendar/earnings/?symbol=AEE&offset=0&size=100
<Response [200]> https://finance.yahoo.com/calendar/earnings/?symbol=AEE&offset=100&size=100
<Response [200]> https://finance.yahoo.com/calendar/earnings/?symbol=AEE&offset=200&size=100
Saved: /home/qcx201/Projects/daytrade/data/earnings/earnings-aee.json
now: 2025-12-28 21:39:19.334285 | eta: 0:00:00 | delta: 0:27:50.511586 | avg: 0:00:33.410232
-- Complete --
