[1 of 50] SLB
Saved: /home/qcx201/Projects/daytrade/data/chart/chart-slb.json
Saved: /home/qcx201/Projects/daytrade/data/summary/summary-slb.json
<Response [200]> https://finance.yahoo.com/calendar/earnings/?symbol=SLB&offset=0&size=100
<Response [200]> https://finance.yahoo.com/calendar/earnings/?symbol=SLB&offset=100&size=100
<Response [200]> https://finance.yahoo.com/calendar/earnings/?symbol=SLB&offset=200&size=100
Saved: /home/qcx201/Projects/daytrade/data/earnings/earnings-slb.json
now: 2025-12-28 21:11:33.532936 | eta: 0:03:56.906572 | delta: 0:00:04.834828 | avg: 0:00:04.834828
[2 of 50] FDX
Saved: /home/qcx201/Projects/daytrade/data/chart/chart-fdx.json
Saved: /home/qcx201/Projects/daytrade/data/summary/summary-fdx.json
<Response [200]> https://finance.yahoo.com/calendar/earnings/?symbol=FDX&offset=0&size=100
<Response [200]> https://finance.yahoo.com/calendar/earnings/?symbol=FDX&offset=100&size=100
<Response [200]> https://finance.yahoo.com/calendar/earnings/?symbol=FDX&offset=200&size=100
Saved: /home/qcx201/Projects/daytrade/data/earnings/earnings-fdx.json
now: 2025-12-28 21:11:38.097194 | eta: 0:03:45.578064 | delta: 0:00:09.399086 | avg: 0:00:04.699543
[3 of 50] IDXX
Saved: /home/qcx201/Projects/daytrade/data/chart/chart-idxx.json
Saved: /home/qcx201/Projects/daytrade/data/summary/summary-idxx.json
<Response [200]> https://finance.yahoo.com/calendar/earnings/?symbol=IDXX&offset=0&size=100
<Response [200]> https://finance.yahoo.com/calendar/earnings/?symbol=IDXX&offset=100&size=100
<Response [200]> https://finance.yahoo.com/calendar/earnings/?symbol=IDXX&offset=200&size=100
Saved: /home/qcx201/Projects/daytrade/data/earnings/earnings-idxx.json
now: 2025-12-28 21:11:43.548333 | eta: 0:03:52.653525 | delta: 0:00:14.850225 | avg: 0:00:04.950075
[4 of 50] STX
Saved: /home/qcx201/Projects/daytrade/data/chart/chart-stx.json
Saved: /home/qcx201/Projects/daytrade/data/summary/summary-stx.json
<Response [200]> https://finance.yahoo.com/calendar/earnings/?symbol=STX&offset=0&size=100
<Response [200]> https://finance.yahoo.com/calendar/earnings/?symbol=STX&offset=100&size=100
Saved: /home/qcx201/Projects/daytrade/data/earnings/earnings-stx.json
now: 2025-12-28 21:11:46.491299 | eta: 0:03:24.621708 | delta: 0:00:17.793191 | avg: 0:00:04.448298
[5 of 50] ROST
Saved: /home/qcx201/Projects/daytrade/data/chart/chart-rost.json
Saved: /home/qcx201/Projects/daytrade/data/summary/summary-rost.json
<Response [200]> https://finance.yahoo.com/calendar/earnings/?symbol=ROST&offset=0&size=100
<Response [200]> https://finance.yahoo.com/calendar/earnings/?symbol=ROST&offset=100&size=100
<Response [200]> https://finance.yahoo.com/calendar/earnings/?symbol=ROST&offset=200&size=100
Saved: /home/qcx201/Projects/daytrade/data/earnings/earnings-rost.json
now: 2025-12-28 21:11:50.904413 | eta: 0:03:19.856745 | delta: 0:00:22.206305 | avg: 0:00:04.441261
[6 of 50] WBD
Saved: /home/qcx201/Projects/daytrade/data/chart/chart-wbd.json
Saved: /home/qcx201/Projects/daytrade/data/summary/summary-wbd.json
<Response [200]> https://finance.yahoo.com/calendar/earnings/?symbol=WBD&offset=0&size=100
<Response [200]> https://finance.yahoo.com/calendar/earnings/?symbol=WBD&offset=100&size=100
Saved: /home/qcx201/Projects/daytrade/data/earnings/earnings-wbd.json
now: 2025-12-28 21:11:53.673625 | eta: 0:03:03.153784 | delta: 0:00:24.975517 | avg: 0:00:04.162586
[7 of 50] BKR
Saved: /home/qcx201/Projects/daytrade/data/chart/chart-bkr.json
Saved: /home/qcx201/Projects/daytrade/data/summary/summary-bkr.json
<Response [200]> https://finance.yahoo.com/calendar/earnings/?symbol=BKR&offset=0&size=100
<Response [200]> https://finance.yahoo.com/calendar/earnings/?symbol=BKR&offset=100&size=100
Saved: /home/qcx201/Projects/daytrade/data/earnings/earnings-bkr.json
now: 2025-12-28 21:11:56.837510 | eta: 0:02:52.856345 | delta: 0:00:28.139402 | avg: 0:00:04.019915
[8 of 50] MNST
Saved: /home/qcx201/Projects/daytrade/data/chart/chart-mnst.json
Saved: /home/qcx201/Projects/daytrade/data/summary/summary-mnst.json
<Response [200]> https://finance.yahoo.com/calendar/earnings/?symbol=MNST&offset=0&size=100
<Response [200]> https://finance.yahoo.com/calendar/earnings/?symbol=MNST&offset=100&size=100
Saved: /home/qcx201/Projects/daytrade/data/earnings/earnings-mnst.json
now: 2025-12-28 21:12:00.014778 | eta: 0:02:44.412528 | delta: 0:00:31.316670 | avg: 0:00:03.914584
[9 of 50] CARR
Saved: /home/qcx201/Projects/daytrade/data/chart/chart-carr.json
Saved: /home/qcx201/Projects/daytrade/data/summary/summary-carr.json
<Response [200]> https://finance.yahoo.com/calendar/earnings/?symbol=CARR&offset=0&size=100
<Response [200]> https://finance.yahoo.com/calendar/earnings/?symbol=CARR&offset=100&size=100
Saved: /home/qcx201/Projects/daytrade/data/earnings/earnings-carr.json
now: 2025-12-28 21:12:02.987568 | eta: 0:02:36.207540 | delta: 0:00:34.289460 | avg: 0:00:03.809940
[10 of 50] XEL
Saved: /home/qcx201/Projects/daytrade/data/chart/chart-xel.json
Saved: /home/qcx201/Projects/daytrade/data/summary/summary-xel.json
<Response [200]> https://finance.yahoo.com/calendar/earnings/?symbol=XEL&offset=0&size=100
<Response [200]> https://finance.yahoo.com/calendar/earnings/?symbol=XEL&offset=100&size=100
<Response [200]> https://finance.yahoo.com/calendar/earnings/?symbol=XEL&offset=200&size=100
Saved: /home/qcx201/Projects/daytrade/data/earnings/earnings-xel.json
now: 2025-12-28 21:12:07.562976 | eta: 0:02:35.459480 | delta: 0:00:38.864868 | avg: 0:00:03.886487
[11 of 50] DHI
Saved: /home/qcx201/Projects/daytrade/data/chart/chart-dhi.json
Saved: /home/qcx201/Projects/daytrade/data/summary/summary-dhi.json
<Response [200]> https://finance.yahoo.com/calendar/earnings/?symbol=DHI&offset=0&size=100
Sleeping 90.0 seconds...
<Response [200]> https://finance.yahoo.com/calendar/earnings/?symbol=DHI&offset=0&size=100
<Response [200]> https://finance.yahoo.com/calendar/earnings/?symbol=DHI&offset=100&size=100
<Response [200]> https://finance.yahoo.com/calendar/earnings/?symbol=DHI&offset=200&size=100
Saved: /home/qcx201/Projects/daytrade/data/earnings/earnings-dhi.json
now: 2025-12-28 21:13:42.789152 | eta: 0:07:55.413705 | delta: 0:02:14.091044 | avg: 0:00:12.190095
[12 of 50] F
Saved: /home/qcx201/Projects/daytrade/data/chart/chart-f.json
Saved: /home/qcx201/Projects/daytrade/data/summary/summary-f.json
<Response [200]> https://finance.yahoo.com/calendar/earnings/?symbol=F&offset=0&size=100
<Response [200]> https://finance.yahoo.com/calendar/earnings/?symbol=F&offset=100&size=100
<Response [200]> https://finance.yahoo.com/calendar/earnings/?symbol=F&offset=200&size=100
Saved: /home/qcx201/Projects/daytrade/data/earnings/earnings-f.json
now: 2025-12-28 21:13:47.278114 | eta: 0:07:18.836692 | delta: 0:02:18.580006 | avg: 0:00:11.548334
[13 of 50] RSG
Saved: /home/qcx201/Projects/daytrade/data/chart/chart-rsg.json
Saved: /home/qcx201/Projects/daytrade/data/summary/summary-rsg.json
<Response [200]> https://finance.yahoo.com/calendar/earnings/?symbol=RSG&offset=0&size=100
Sleeping 90.0 seconds...
<Response [200]> https://finance.yahoo.com/calendar/earnings/?symbol=RSG&offset=0&size=100
Sleeping 112.5 seconds...
<Response [200]> https://finance.yahoo.com/calendar/earnings/?symbol=RSG&offset=0&size=100
Sleeping 135.0 seconds...
<Response [200]> https://finance.yahoo.com/calendar/earnings/?symbol=RSG&offset=0&size=100
Sleeping 157.5 seconds...
<Response [200]> https://finance.yahoo.com/calendar/earnings/?symbol=RSG&offset=0&size=100
<Response [200]> https://finance.yahoo.com/calendar/earnings/?symbol=RSG&offset=100&size=100
<Response [200]> https://finance.yahoo.com/calendar/earnings/?symbol=RSG&offset=200&size=100
Saved: /home/qcx201/Projects/daytrade/data/earnings/earnings-rsg.json
now: 2025-12-28 21:22:10.703081 | eta: 0:30:27.244926 | delta: 0:10:42.004973 | avg: 0:00:49.384998
[14 of 50] AMP
Saved: /home/qcx201/Projects/daytrade/data/chart/chart-amp.json
Saved: /home/qcx201/Projects/daytrade/data/summary/summary-amp.json
<Response [200]> https://finance.yahoo.com/calendar/earnings/?symbol=AMP&offset=0&size=100
<Response [200]> https://finance.yahoo.com/calendar/earnings/?symbol=AMP&offset=100&size=100
Saved: /home/qcx201/Projects/daytrade/data/earnings/earnings-amp.json
now: 2025-12-28 21:22:14.457650 | eta: 0:27:40.524552 | delta: 0:10:45.759542 | avg: 0:00:46.125682
[15 of 50] CBRE
Saved: /home/qcx201/Projects/daytrade/data/chart/chart-cbre.json
Saved: /home/qcx201/Projects/daytrade/data/summary/summary-cbre.json
<Response [200]> https://finance.yahoo.com/calendar/earnings/?symbol=CBRE&offset=0&size=100
<Response [200]> https://finance.yahoo.com/calendar/earnings/?symbol=CBRE&offset=100&size=100
Saved: /home/qcx201/Projects/daytrade/data/earnings/earnings-cbre.json
now: 2025-12-28 21:22:17.422859 | eta: 0:25:13.691095 | delta: 0:10:48.724751 | avg: 0:00:43.248317
[16 of 50] DDOG
Saved: /home/qcx201/Projects/daytrade/data/chart/chart-ddog.json
Saved: /home/qcx201/Projects/daytrade/data/summary/summary-ddog.json
<Response [200]> https://finance.yahoo.com/calendar/earnings/?symbol=DDOG&offset=0&size=100
<Response [200]> https://finance.yahoo.com/calendar/earnings/?symbol=DDOG&offset=100&size=100
Sleeping 90.0 seconds...
<Response [200]> https://finance.yahoo.com/calendar/earnings/?symbol=DDOG&offset=100&size=100
Saved: /home/qcx201/Projects/daytrade/data/earnings/earnings-ddog.json
now: 2025-12-28 21:23:50.925729 | eta: 0:26:17.233684 | delta: 0:12:22.227621 | avg: 0:00:46.389226
[17 of 50] MET
Saved: /home/qcx201/Projects/daytrade/data/chart/chart-met.json
Saved: /home/qcx201/Projects/daytrade/data/summary/summary-met.json
<Response [200]> https://finance.yahoo.com/calendar/earnings/?symbol=MET&offset=0&size=100
<Response [200]> https://finance.yahoo.com/calendar/earnings/?symbol=MET&offset=100&size=100
<Response [200]> https://finance.yahoo.com/calendar/earnings/?symbol=MET&offset=200&size=100
Saved: /home/qcx201/Projects/daytrade/data/earnings/earnings-met.json
now: 2025-12-28 21:23:55.330643 | eta: 0:24:09.345513 | delta: 0:12:26.632535 | avg: 0:00:43.919561
[18 of 50] OKE
Saved: /home/qcx201/Projects/daytrade/data/chart/chart-oke.json
Saved: /home/qcx201/Projects/daytrade/data/summary/summary-oke.json
<Response [200]> https://finance.yahoo.com/calendar/earnings/?symbol=OKE&offset=0&size=100
<Response [200]> https://finance.yahoo.com/calendar/earnings/?symbol=OKE&offset=100&size=100
<Response [200]> https://finance.yahoo.com/calendar/earnings/?symbol=OKE&offset=200&size=100
Saved: /home/qcx201/Projects/daytrade/data/earnings/earnings-oke.json
now: 2025-12-28 21:23:59.820333 | eta: 0:22:15.328384 | delta: 0:12:31.122225 | avg: 0:00:41.729012
[19 of 50] CTVA
Saved: /home/qcx201/Projects/daytrade/data/chart/chart-ctva.json
Saved: /home/qcx201/Projects/daytrade/data/summary/summary-ctva.json
<Response [200]> https://finance.yahoo.com/calendar/earnings/?symbol=CTVA&offset=0&size=100
Sleeping 90.0 seconds...
<Response [200]> https://finance.yahoo.com/calendar/earnings/?symbol=CTVA&offset=0&size=100
<Response [200]> https://finance.yahoo.com/calendar/earnings/?symbol=CTVA&offset=100&size=100
Saved: /home/qcx201/Projects/daytrade/data/earnings/earnings-ctva.json
now: 2025-12-28 21:25:33.733952 | eta: 0:22:58.742701 | delta: 0:14:05.035844 | avg: 0:00:44.475571
[20 of 50] EW
Saved: /home/qcx201/Projects/daytrade/data/chart/chart-ew.json
Saved: /home/qcx201/Projects/daytrade/data/summary/summary-ew.json
<Response [200]> https://finance.yahoo.com/calendar/earnings/?symbol=EW&offset=0&size=100
<Response [200]> https://finance.yahoo.com/calendar/earnings/?symbol=EW&offset=100&size=100
<Response [200]> https://finance.yahoo.com/calendar/earnings/?symbol=EW&offset=200&size=100
Saved: /home/qcx201/Projects/daytrade/data/earnings/earnings-ew.json
now: 2025-12-28 21:25:38.080860 | eta: 0:21:14.074140 | delta: 0:14:09.382752 | avg: 0:00:42.469138
[21 of 50] PSA
Saved: /home/qcx201/Projects/daytrade/data/chart/chart-psa.json
Saved: /home/qcx201/Projects/daytrade/data/summary/summary-psa.json
<Response [200]> https://finance.yahoo.com/calendar/earnings/?symbol=PSA&offset=0&size=100
<Response [200]> https://finance.yahoo.com/calendar/earnings/?symbol=PSA&offset=100&size=100
Sleeping 90.0 seconds...
<Response [200]> https://finance.yahoo.com/calendar/earnings/?symbol=PSA&offset=100&size=100
Saved: /home/qcx201/Projects/daytrade/data/earnings/earnings-psa.json
now: 2025-12-28 21:27:12.028755 | eta: 0:21:42.694703 | delta: 0:15:43.330647 | avg: 0:00:44.920507
[22 of 50] EXC
Saved: /home/qcx201/Projects/daytrade/data/chart/chart-exc.json
Saved: /home/qcx201/Projects/daytrade/data/summary/summary-exc.json
<Response [200]> https://finance.yahoo.com/calendar/earnings/?symbol=EXC&offset=0&size=100
<Response [200]> https://finance.yahoo.com/calendar/earnings/?symbol=EXC&offset=100&size=100
<Response [200]> https://finance.yahoo.com/calendar/earnings/?symbol=EXC&offset=200&size=100
Saved: /home/qcx201/Projects/daytrade/data/earnings/earnings-exc.json
now: 2025-12-28 21:27:16.736593 | eta: 0:20:06.594424 | delta: 0:15:48.038485 | avg: 0:00:43.092658
[23 of 50] EA
Saved: /home/qcx201/Projects/daytrade/data/chart/chart-ea.json
Saved: /home/qcx201/Projects/daytrade/data/summary/summary-ea.json
<Response [200]> https://finance.yahoo.com/calendar/earnings/?symbol=EA&offset=0&size=100
<Response [200]> https://finance.yahoo.com/calendar/earnings/?symbol=EA&offset=100&size=100
<Response [200]> https://finance.yahoo.com/calendar/earnings/?symbol=EA&offset=200&size=100
Saved: /home/qcx201/Projects/daytrade/data/earnings/earnings-ea.json
now: 2025-12-28 21:27:21.448205 | eta: 0:18:38.445759 | delta: 0:15:52.750097 | avg: 0:00:41.423917
[24 of 50] TTWO
Saved: /home/qcx201/Projects/daytrade/data/chart/chart-ttwo.json
Saved: /home/qcx201/Projects/daytrade/data/summary/summary-ttwo.json
<Response [200]> https://finance.yahoo.com/calendar/earnings/?symbol=TTWO&offset=0&size=100
Sleeping 90.0 seconds...
<Response [200]> https://finance.yahoo.com/calendar/earnings/?symbol=TTWO&offset=0&size=100
<Response [200]> https://finance.yahoo.com/calendar/earnings/?symbol=TTWO&offset=100&size=100
<Response [200]> https://finance.yahoo.com/calendar/earnings/?symbol=TTWO&offset=200&size=100
Saved: /home/qcx201/Projects/daytrade/data/earnings/earnings-ttwo.json
now: 2025-12-28 21:28:56.341977 | eta: 0:18:54.947528 | delta: 0:17:27.643869 | avg: 0:00:43.651828
[25 of 50] MPWR
Saved: /home/qcx201/Projects/daytrade/data/chart/chart-mpwr.json
Saved: /home/qcx201/Projects/daytrade/data/summary/summary-mpwr.json
<Response [200]> https://finance.yahoo.com/calendar/earnings/?symbol=MPWR&offset=0&size=100
<Response [200]> https://finance.yahoo.com/calendar/earnings/?symbol=MPWR&offset=100&size=100
Saved: /home/qcx201/Projects/daytrade/data/earnings/earnings-mpwr.json
now: 2025-12-28 21:28:59.093927 | eta: 0:17:30.395825 | delta: 0:17:30.395819 | avg: 0:00:42.015833
[26 of 50] MSCI
Saved: /home/qcx201/Projects/daytrade/data/chart/chart-msci.json
Saved: /home/qcx201/Projects/daytrade/data/summary/summary-msci.json
<Response [200]> https://finance.yahoo.com/calendar/earnings/?symbol=MSCI&offset=0&size=100
<Response [200]> https://finance.yahoo.com/calendar/earnings/?symbol=MSCI&offset=100&size=100
Sleeping 90.0 seconds...
<Response [200]> https://finance.yahoo.com/calendar/earnings/?symbol=MSCI&offset=100&size=100
Saved: /home/qcx201/Projects/daytrade/data/earnings/earnings-msci.json
now: 2025-12-28 21:30:32.573845 | eta: 0:17:35.885304 | delta: 0:19:03.875737 | avg: 0:00:43.995221
[27 of 50] AME
Saved: /home/qcx201/Projects/daytrade/data/chart/chart-ame.json
Saved: /home/qcx201/Projects/daytrade/data/summary/summary-ame.json
<Response [200]> https://finance.yahoo.com/calendar/earnings/?symbol=AME&offset=0&size=100
<Response [200]> https://finance.yahoo.com/calendar/earnings/?symbol=AME&offset=100&size=100
<Response [200]> https://finance.yahoo.com/calendar/earnings/?symbol=AME&offset=200&size=100
Saved: /home/qcx201/Projects/daytrade/data/earnings/earnings-ame.json
now: 2025-12-28 21:30:36.795817 | eta: 0:16:18.009151 | delta: 0:19:08.097709 | avg: 0:00:42.522137
[28 of 50] AIG
Saved: /home/qcx201/Projects/daytrade/data/chart/chart-aig.json
Saved: /home/qcx201/Projects/daytrade/data/summary/summary-aig.json
<Response [200]> https://finance.yahoo.com/calendar/earnings/?symbol=AIG&offset=0&size=100
<Response [200]> https://finance.yahoo.com/calendar/earnings/?symbol=AIG&offset=100&size=100
<Response [200]> https://finance.yahoo.com/calendar/earnings/?symbol=AIG&offset=200&size=100
Saved: /home/qcx201/Projects/daytrade/data/earnings/earnings-aig.json
now: 2025-12-28 21:30:41.150003 | eta: 0:15:05.497912 | delta: 0:19:12.451895 | avg: 0:00:41.158996
[29 of 50] DELL
Saved: /home/qcx201/Projects/daytrade/data/chart/chart-dell.json
Saved: /home/qcx201/Projects/daytrade/data/summary/summary-dell.json
<Response [200]> https://finance.yahoo.com/calendar/earnings/?symbol=DELL&offset=0&size=100
Sleeping 90.0 seconds...
<Response [200]> https://finance.yahoo.com/calendar/earnings/?symbol=DELL&offset=0&size=100
Sleeping 112.5 seconds...
<Response [200]> https://finance.yahoo.com/calendar/earnings/?symbol=DELL&offset=0&size=100
<Response [200]> https://finance.yahoo.com/calendar/earnings/?symbol=DELL&offset=100&size=100
Saved: /home/qcx201/Projects/daytrade/data/earnings/earnings-dell.json
now: 2025-12-28 21:34:08.083873 | eta: 0:16:24.382791 | delta: 0:22:39.385765 | avg: 0:00:46.875371
[30 of 50] CCI
Saved: /home/qcx201/Projects/daytrade/data/chart/chart-cci.json
Saved: /home/qcx201/Projects/daytrade/data/summary/summary-cci.json
<Response [200]> https://finance.yahoo.com/calendar/earnings/?symbol=CCI&offset=0&size=100
<Response [200]> https://finance.yahoo.com/calendar/earnings/?symbol=CCI&offset=100&size=100
<Response [200]> https://finance.yahoo.com/calendar/earnings/?symbol=CCI&offset=200&size=100
Saved: /home/qcx201/Projects/daytrade/data/earnings/earnings-cci.json
now: 2025-12-28 21:34:12.384280 | eta: 0:15:09.124120 | delta: 0:22:43.686172 | avg: 0:00:45.456206
[31 of 50] YUM
Saved: /home/qcx201/Projects/daytrade/data/chart/chart-yum.json
Saved: /home/qcx201/Projects/daytrade/data/summary/summary-yum.json
<Response [200]> https://finance.yahoo.com/calendar/earnings/?symbol=YUM&offset=0&size=100
<Response [200]> https://finance.yahoo.com/calendar/earnings/?symbol=YUM&offset=100&size=100
<Response [200]> https://finance.yahoo.com/calendar/earnings/?symbol=YUM&offset=200&size=100
Saved: /home/qcx201/Projects/daytrade/data/earnings/earnings-yum.json
now: 2025-12-28 21:34:16.460024 | eta: 0:13:58.305688 | delta: 0:22:47.761916 | avg: 0:00:44.121352
[32 of 50] GWW
Saved: /home/qcx201/Projects/daytrade/data/chart/chart-gww.json
Saved: /home/qcx201/Projects/daytrade/data/summary/summary-gww.json
<Response [200]> https://finance.yahoo.com/calendar/earnings/?symbol=GWW&offset=0&size=100
<Response [200]> https://finance.yahoo.com/calendar/earnings/?symbol=GWW&offset=100&size=100
<Response [200]> https://finance.yahoo.com/calendar/earnings/?symbol=GWW&offset=200&size=100
Sleeping 90.0 seconds...
<Response [200]> https://finance.yahoo.com/calendar/earnings/?symbol=GWW&offset=200&size=100
Saved: /home/qcx201/Projects/daytrade/data/earnings/earnings-gww.json
now: 2025-12-28 21:35:51.481388 | eta: 0:13:42.815604 | delta: 0:24:22.783280 | avg: 0:00:45.711978
[33 of 50] PEG
Saved: /home/qcx201/Projects/daytrade/data/chart/chart-peg.json
Saved: /home/qcx201/Projects/daytrade/data/summary/summary-peg.json
<Response [200]> https://finance.yahoo.com/calendar/earnings/?symbol=PEG&offset=0&size=100
<Response [200]> https://finance.yahoo.com/calendar/earnings/?symbol=PEG&offset=100&size=100
<Response [200]> https://finance.yahoo.com/calendar/earnings/?symbol=PEG&offset=200&size=100
Saved: /home/qcx201/Projects/daytrade/data/earnings/earnings-peg.json
now: 2025-12-28 21:35:55.892892 | eta: 0:12:35.827616 | delta: 0:24:27.194784 | avg: 0:00:44.460448
[34 of 50] WDC
Saved: /home/qcx201/Projects/daytrade/data/chart/chart-wdc.json
Saved: /home/qcx201/Projects/daytrade/data/summary/summary-wdc.json
<Response [200]> https://finance.yahoo.com/calendar/earnings/?symbol=WDC&offset=0&size=100
<Response [200]> https://finance.yahoo.com/calendar/earnings/?symbol=WDC&offset=100&size=100
<Response [200]> https://finance.yahoo.com/calendar/earnings/?symbol=WDC&offset=200&size=100
Saved: /home/qcx201/Projects/daytrade/data/earnings/earnings-wdc.json
now: 2025-12-28 21:35:59.555583 | eta: 0:11:32.168224 | delta: 0:24:30.857475 | avg: 0:00:43.260514
[35 of 50] ETR
Saved: /home/qcx201/Projects/daytrade/data/chart/chart-etr.json
Saved: /home/qcx201/Projects/daytrade/data/summary/summary-etr.json
<Response [200]> https://finance.yahoo.com/calendar/earnings/?symbol=ETR&offset=0&size=100
Sleeping 90.0 seconds...
<Response [200]> https://finance.yahoo.com/calendar/earnings/?symbol=ETR&offset=0&size=100
<Response [200]> https://finance.yahoo.com/calendar/earnings/?symbol=ETR&offset=100&size=100
<Response [200]> https://finance.yahoo.com/calendar/earnings/?symbol=ETR&offset=200&size=100
Saved: /home/qcx201/Projects/daytrade/data/earnings/earnings-etr.json
now: 2025-12-28 21:37:34.621598 | eta: 0:11:11.110065 | delta: 0:26:05.923490 | avg: 0:00:44.740671
[36 of 50] EBAY
Saved: /home/qcx201/Projects/daytrade/data/chart/chart-ebay.json
Saved: /home/qcx201/Projects/daytrade/data/summary/summary-ebay.json
<Response [200]> https://finance.yahoo.com/calendar/earnings/?symbol=EBAY&offset=0&size=100
<Response [200]> https://finance.yahoo.com/calendar/earnings/?symbol=EBAY&offset=100&size=100
<Response [200]> https://finance.yahoo.com/calendar/earnings/?symbol=EBAY&offset=200&size=100
Saved: /home/qcx201/Projects/daytrade/data/earnings/earnings-ebay.json
now: 2025-12-28 21:37:38.904908 | eta: 0:10:10.635984 | delta: 0:26:10.206800 | avg: 0:00:43.616856
[37 of 50] KMB
Saved: /home/qcx201/Projects/daytrade/data/chart/chart-kmb.json
Saved: /home/qcx201/Projects/daytrade/data/summary/summary-kmb.json
<Response [200]> https://finance.yahoo.com/calendar/earnings/?symbol=KMB&offset=0&size=100
<Response [200]> https://finance.yahoo.com/calendar/earnings/?symbol=KMB&offset=100&size=100
Sleeping 90.0 seconds...
<Response [200]> https://finance.yahoo.com/calendar/earnings/?symbol=KMB&offset=100&size=100
<Response [200]> https://finance.yahoo.com/calendar/earnings/?symbol=KMB&offset=200&size=100
Saved: /home/qcx201/Projects/daytrade/data/earnings/earnings-kmb.json
now: 2025-12-28 21:39:14.210878 | eta: 0:09:45.180167 | delta: 0:27:45.512770 | avg: 0:00:45.013859
[38 of 50] KR
Saved: /home/qcx201/Projects/daytrade/data/chart/chart-kr.json
Saved: /home/qcx201/Projects/daytrade/data/summary/summary-kr.json
<Response [200]> https://finance.yahoo.com/calendar/earnings/?symbol=KR&offset=0&size=100
<Response [200]> https://finance.yahoo.com/calendar/earnings/?symbol=KR&offset=100&size=100
<Response [200]> https://finance.yahoo.com/calendar/earnings/?symbol=KR&offset=200&size=100
Saved: /home/qcx201/Projects/daytrade/data/earnings/earnings-kr.json
now: 2025-12-28 21:39:20.227455 | eta: 0:08:47.851368 | delta: 0:27:51.529347 | avg: 0:00:43.987614
[39 of 50] PAYX
Saved: /home/qcx201/Projects/daytrade/data/chart/chart-payx.json
Saved: /home/qcx201/Projects/daytrade/data/summary/summary-payx.json
<Response [200]> https://finance.yahoo.com/calendar/earnings/?symbol=PAYX&offset=0&size=100
<Response [200]> https://finance.yahoo.com/calendar/earnings/?symbol=PAYX&offset=100&size=100
<Response [200]> https://finance.yahoo.com/calendar/earnings/?symbol=PAYX&offset=200&size=100
Saved: /home/qcx201/Projects/daytrade/data/earnings/earnings-payx.json
now: 2025-12-28 21:39:24.235556 | eta: 0:07:52.587489 | delta: 0:27:55.537448 | avg: 0:00:42.962499
[40 of 50] VMC
Saved: /home/qcx201/Projects/daytrade/data/chart/chart-vmc.json
Saved: /home/qcx201/Projects/daytrade/data/summary/summary-vmc.json
<Response [200]> https://finance.yahoo.com/calendar/earnings/?symbol=VMC&offset=0&size=100
Sleeping 90.0 seconds...
<Response [200]> https://finance.yahoo.com/calendar/earnings/?symbol=VMC&offset=0&size=100
<Response [200]> https://finance.yahoo.com/calendar/earnings/?symbol=VMC&offset=100&size=100
<Response [200]> https://finance.yahoo.com/calendar/earnings/?symbol=VMC&offset=200&size=100
Saved: /home/qcx201/Projects/daytrade/data/earnings/earnings-vmc.json
now: 2025-12-28 21:40:59.699851 | eta: 0:07:22.750440 | delta: 0:29:31.001743 | avg: 0:00:44.275044
[41 of 50] TGT
Saved: /home/qcx201/Projects/daytrade/data/chart/chart-tgt.json
Saved: /home/qcx201/Projects/daytrade/data/summary/summary-tgt.json
<Response [200]> https://finance.yahoo.com/calendar/earnings/?symbol=TGT&offset=0&size=100
<Response [200]> https://finance.yahoo.com/calendar/earnings/?symbol=TGT&offset=100&size=100
<Response [200]> https://finance.yahoo.com/calendar/earnings/?symbol=TGT&offset=200&size=100
Saved: /home/qcx201/Projects/daytrade/data/earnings/earnings-tgt.json
now: 2025-12-28 21:41:04.109478 | eta: 0:06:29.724444 | delta: 0:29:35.411370 | avg: 0:00:43.302716
[42 of 50] GRMN
Saved: /home/qcx201/Projects/daytrade/data/chart/chart-grmn.json
Saved: /home/qcx201/Projects/daytrade/data/summary/summary-grmn.json
<Response [200]> https://finance.yahoo.com/calendar/earnings/?symbol=GRMN&offset=0&size=100
<Response [200]> https://finance.yahoo.com/calendar/earnings/?symbol=GRMN&offset=100&size=100
<Response [200]> https://finance.yahoo.com/calendar/earnings/?symbol=GRMN&offset=200&size=100
Saved: /home/qcx201/Projects/daytrade/data/earnings/earnings-grmn.json
now: 2025-12-28 21:41:08.314487 | eta: 0:05:38.974552 | delta: 0:29:39.616379 | avg: 0:00:42.371819
[43 of 50] NDAQ
Saved: /home/qcx201/Projects/daytrade/data/chart/chart-ndaq.json
Saved: /home/qcx201/Projects/daytrade/data/summary/summary-ndaq.json
<Response [200]> https://finance.yahoo.com/calendar/earnings/?symbol=NDAQ&offset=0&size=100
<Response [200]> https://finance.yahoo.com/calendar/earnings/?symbol=NDAQ&offset=100&size=100
Saved: /home/qcx201/Projects/daytrade/data/earnings/earnings-ndaq.json
now: 2025-12-28 21:41:11.490157 | eta: 0:04:50.221960 | delta: 0:29:42.792049 | avg: 0:00:41.460280
[44 of 50] RMD
Saved: /home/qcx201/Projects/daytrade/data/chart/chart-rmd.json
Saved: /home/qcx201/Projects/daytrade/data/summary/summary-rmd.json
<Response [200]> https://finance.yahoo.com/calendar/earnings/?symbol=RMD&offset=0&size=100
<Response [200]> https://finance.yahoo.com/calendar/earnings/?symbol=RMD&offset=100&size=100
<Response [200]> https://finance.yahoo.com/calendar/earnings/?symbol=RMD&offset=200&size=100
Saved: /home/qcx201/Projects/daytrade/data/earnings/earnings-rmd.json
now: 2025-12-28 21:41:15.565843 | eta: 0:04:03.663780 | delta: 0:29:46.867735 | avg: 0:00:40.610630
[45 of 50] CPRT
Saved: /home/qcx201/Projects/daytrade/data/chart/chart-cprt.json
Saved: /home/qcx201/Projects/daytrade/data/summary/summary-cprt.json
<Response [200]> https://finance.yahoo.com/calendar/earnings/?symbol=CPRT&offset=0&size=100
<Response [200]> https://finance.yahoo.com/calendar/earnings/?symbol=CPRT&offset=100&size=100
<Response [200]> https://finance.yahoo.com/calendar/earnings/?symbol=CPRT&offset=200&size=100
Saved: /home/qcx201/Projects/daytrade/data/earnings/earnings-cprt.json
now: 2025-12-28 21:41:19.836509 | eta: 0:03:19.015380 | delta: 0:29:51.138401 | avg: 0:00:39.803076
[46 of 50] XYZ
Saved: /home/qcx201/Projects/daytrade/data/chart/chart-xyz.json
Saved: /home/qcx201/Projects/daytrade/data/summary/summary-xyz.json
<Response [200]> https://finance.yahoo.com/calendar/earnings/?symbol=XYZ&offset=0&size=100
<Response [200]> https://finance.yahoo.com/calendar/earnings/?symbol=XYZ&offset=100&size=100
Saved: /home/qcx201/Projects/daytrade/data/earnings/earnings-xyz.json
now: 2025-12-28 21:41:22.649433 | eta: 0:02:35.995768 | delta: 0:29:53.951325 | avg: 0:00:38.998942
[47 of 50] SYY
Saved: /home/qcx201/Projects/daytrade/data/chart/chart-syy.json
Saved: /home/qcx201/Projects/daytrade/data/summary/summary-syy.json
<Response [200]> https://finance.yahoo.com/calendar/earnings/?symbol=SYY&offset=0&size=100
<Response [200]> https://finance.yahoo.com/calendar/earnings/?symbol=SYY&offset=100&size=100
<Response [200]> https://finance.yahoo.com/calendar/earnings/?symbol=SYY&offset=200&size=100
Saved: /home/qcx201/Projects/daytrade/data/earnings/earnings-syy.json
now: 2025-12-28 21:41:26.960550 | eta: 0:01:54.782709 | delta: 0:29:58.262442 | avg: 0:00:38.260903
[48 of 50] ROK
Saved: /home/qcx201/Projects/daytrade/data/chart/chart-rok.json
Saved: /home/qcx201/Projects/daytrade/data/summary/summary-rok.json
<Response [200]> https://finance.yahoo.com/calendar/earnings/?symbol=ROK&offset=0&size=100
<Response [200]> https://finance.yahoo.com/calendar/earnings/?symbol=ROK&offset=100&size=100
<Response [200]> https://finance.yahoo.com/calendar/earnings/?symbol=ROK&offset=200&size=100
Saved: /home/qcx201/Projects/daytrade/data/earnings/earnings-rok.json
now: 2025-12-28 21:41:31.282555 | eta: 0:01:15.107686 | delta: 0:30:02.584447 | avg: 0:00:37.553843
[49 of 50] MLM
Saved: /home/qcx201/Projects/daytrade/data/chart/chart-mlm.json
Saved: /home/qcx201/Projects/daytrade/data/summary/summary-mlm.json
<Response [200]> https://finance.yahoo.com/calendar/earnings/?symbol=MLM&offset=0&size=100
<Response [200]> https://finance.yahoo.com/calendar/earnings/?symbol=MLM&offset=100&size=100
<Response [200]> https://finance.yahoo.com/calendar/earnings/?symbol=MLM&offset=200&size=100
Saved: /home/qcx201/Projects/daytrade/data/earnings/earnings-mlm.json
now: 2025-12-28 21:41:35.709651 | eta: 0:00:36.877787 | delta: 0:30:07.011543 | avg: 0:00:36.877787
[50 of 50] HIG
Saved: /home/qcx201/Projects/daytrade/data/chart/chart-hig.json
Saved: /home/qcx201/Projects/daytrade/data/summary/summary-hig.json
<Response [200]> https://finance.yahoo.com/calendar/earnings/?symbol=HIG&offset=0&size=100
<Response [200]> https://finance.yahoo.com/calendar/earnings/?symbol=HIG&offset=100&size=100
<Response [200]> https://finance.yahoo.com/calendar/earnings/?symbol=HIG&offset=200&size=100
Saved: /home/qcx201/Projects/daytrade/data/earnings/earnings-hig.json
now: 2025-12-28 21:41:40.401276 | eta: 0:00:00 | delta: 0:30:11.703168 | avg: 0:00:36.234063
-- Complete --
