[1 of 50] PLD
Saved: /home/qcx201/Projects/daytrade/data/chart/chart-pld.json
Saved: /home/qcx201/Projects/daytrade/data/summary/summary-pld.json
<Response [200]> https://finance.yahoo.com/calendar/earnings/?symbol=PLD&offset=0&size=100
<Response [200]> https://finance.yahoo.com/calendar/earnings/?symbol=PLD&offset=100&size=100
Saved: /home/qcx201/Projects/daytrade/data/earnings/earnings-pld.json
now: 2025-12-28 21:11:32.270439 | eta: 0:02:55.034321 | delta: 0:00:03.572129 | avg: 0:00:03.572129
[2 of 50] CB
Saved: /home/qcx201/Projects/daytrade/data/chart/chart-cb.json
Saved: /home/qcx201/Projects/daytrade/data/summary/summary-cb.json
<Response [200]> https://finance.yahoo.com/calendar/earnings/?symbol=CB&offset=0&size=100
<Response [200]> https://finance.yahoo.com/calendar/earnings/?symbol=CB&offset=100&size=100
<Response [200]> https://finance.yahoo.com/calendar/earnings/?symbol=CB&offset=200&size=100
Saved: /home/qcx201/Projects/daytrade/data/earnings/earnings-cb.json
now: 2025-12-28 21:11:36.607117 | eta: 0:03:09.811392 | delta: 0:00:07.908807 | avg: 0:00:03.954404
[3 of 50] SO
Saved: /home/qcx201/Projects/daytrade/data/chart/chart-so.json
Saved: /home/qcx201/Projects/daytrade/data/summary/summary-so.json
<Response [200]> https://finance.yahoo.com/calendar/earnings/?symbol=SO&offset=0&size=100
<Response [200]> https://finance.yahoo.com/calendar/earnings/?symbol=SO&offset=100&size=100
<Response [200]> https://finance.yahoo.com/calendar/earnings/?symbol=SO&offset=200&size=100
Saved: /home/qcx201/Projects/daytrade/data/earnings/earnings-so.json
now: 2025-12-28 21:11:41.118075 | eta: 0:03:14.576334 | delta: 0:00:12.419765 | avg: 0:00:04.139922
[4 of 50] CEG
Saved: /home/qcx201/Projects/daytrade/data/chart/chart-ceg.json
Saved: /home/qcx201/Projects/daytrade/data/summary/summary-ceg.json
<Response [200]> https://finance.yahoo.com/calendar/earnings/?symbol=CEG&offset=0&size=100
<Response [200]> https://finance.yahoo.com/calendar/earnings/?symbol=CEG&offset=100&size=100
Saved: /home/qcx201/Projects/daytrade/data/earnings/earnings-ceg.json
now: 2025-12-28 21:11:43.647668 | eta: 0:02:51.917640 | delta: 0:00:14.949358 | avg: 0:00:03.737340
[5 of 50] LMT
Saved: /home/qcx201/Projects/daytrade/data/chart/chart-lmt.json
Saved: /home/qcx201/Projects/daytrade/data/summary/summary-lmt.json
<Response [200]> https://finance.yahoo.com/calendar/earnings/?symbol=LMT&offset=0&size=100
<Response [200]> https://finance.yahoo.com/calendar/earnings/?symbol=LMT&offset=100&size=100
<Response [200]> https://finance.yahoo.com/calendar/earnings/?symbol=LMT&offset=200&size=100
Saved: /home/qcx201/Projects/daytrade/data/earnings/earnings-lmt.json
now: 2025-12-28 21:11:48.805126 | eta: 0:03:00.961335 | delta: 0:00:20.106816 | avg: 0:00:04.021363
[6 of 50] DASH
Saved: /home/qcx201/Projects/daytrade/data/chart/chart-dash.json
Saved: /home/qcx201/Projects/daytrade/data/summary/summary-dash.json
<Response [200]> https://finance.yahoo.com/calendar/earnings/?symbol=DASH&offset=0&size=100
<Response [200]> https://finance.yahoo.com/calendar/earnings/?symbol=DASH&offset=100&size=100
Saved: /home/qcx201/Projects/daytrade/data/earnings/earnings-dash.json
now: 2025-12-28 21:11:51.485526 | eta: 0:02:47.106236 | delta: 0:00:22.787216 | avg: 0:00:03.797869
[7 of 50] VRTX
Saved: /home/qcx201/Projects/daytrade/data/chart/chart-vrtx.json
Saved: /home/qcx201/Projects/daytrade/data/summary/summary-vrtx.json
<Response [200]> https://finance.yahoo.com/calendar/earnings/?symbol=VRTX&offset=0&size=100
<Response [200]> https://finance.yahoo.com/calendar/earnings/?symbol=VRTX&offset=100&size=100
Saved: /home/qcx201/Projects/daytrade/data/earnings/earnings-vrtx.json
now: 2025-12-28 21:11:54.631272 | eta: 0:02:39.302487 | delta: 0:00:25.932962 | avg: 0:00:03.704709
[8 of 50] MMC
Saved: /home/qcx201/Projects/daytrade/data/chart/chart-mmc.json
Saved: /home/qcx201/Projects/daytrade/data/summary/summary-mmc.json
<Response [200]> https://finance.yahoo.com/calendar/earnings/?symbol=MMC&offset=0&size=100
<Response [200]> https://finance.yahoo.com/calendar/earnings/?symbol=MMC&offset=100&size=100
<Response [200]> https://finance.yahoo.com/calendar/earnings/?symbol=MMC&offset=200&size=100
Saved: /home/qcx201/Projects/daytrade/data/earnings/earnings-mmc.json
now: 2025-12-28 21:11:59.082839 | eta: 0:02:39.518772 | delta: 0:00:30.384529 | avg: 0:00:03.798066
[9 of 50] CME
Saved: /home/qcx201/Projects/daytrade/data/chart/chart-cme.json
Saved: /home/qcx201/Projects/daytrade/data/summary/summary-cme.json
<Response [200]> https://finance.yahoo.com/calendar/earnings/?symbol=CME&offset=0&size=100
<Response [200]> https://finance.yahoo.com/calendar/earnings/?symbol=CME&offset=100&size=100
Saved: /home/qcx201/Projects/daytrade/data/earnings/earnings-cme.json
now: 2025-12-28 21:12:02.142733 | eta: 0:02:32.357927 | delta: 0:00:33.444423 | avg: 0:00:03.716047
[10 of 50] PH
Saved: /home/qcx201/Projects/daytrade/data/chart/chart-ph.json
Saved: /home/qcx201/Projects/daytrade/data/summary/summary-ph.json
<Response [200]> https://finance.yahoo.com/calendar/earnings/?symbol=PH&offset=0&size=100
<Response [200]> https://finance.yahoo.com/calendar/earnings/?symbol=PH&offset=100&size=100
<Response [200]> https://finance.yahoo.com/calendar/earnings/?symbol=PH&offset=200&size=100
Saved: /home/qcx201/Projects/daytrade/data/earnings/earnings-ph.json
now: 2025-12-28 21:12:06.494781 | eta: 0:02:31.185880 | delta: 0:00:37.796471 | avg: 0:00:03.779647
[11 of 50] ICE
Saved: /home/qcx201/Projects/daytrade/data/chart/chart-ice.json
Saved: /home/qcx201/Projects/daytrade/data/summary/summary-ice.json
<Response [200]> https://finance.yahoo.com/calendar/earnings/?symbol=ICE&offset=0&size=100
<Response [200]> https://finance.yahoo.com/calendar/earnings/?symbol=ICE&offset=100&size=100
Sleeping 90.0 seconds...
<Response [200]> https://finance.yahoo.com/calendar/earnings/?symbol=ICE&offset=100&size=100
Saved: /home/qcx201/Projects/daytrade/data/earnings/earnings-ice.json
now: 2025-12-28 21:13:40.447192 | eta: 0:07:47.109669 | delta: 0:02:11.748882 | avg: 0:00:11.977171
[12 of 50] DUK
Saved: /home/qcx201/Projects/daytrade/data/chart/chart-duk.json
Saved: /home/qcx201/Projects/daytrade/data/summary/summary-duk.json
<Response [200]> https://finance.yahoo.com/calendar/earnings/?symbol=DUK&offset=0&size=100
<Response [200]> https://finance.yahoo.com/calendar/earnings/?symbol=DUK&offset=100&size=100
<Response [200]> https://finance.yahoo.com/calendar/earnings/?symbol=DUK&offset=200&size=100
Saved: /home/qcx201/Projects/daytrade/data/earnings/earnings-duk.json
now: 2025-12-28 21:13:44.870227 | eta: 0:07:11.211080 | delta: 0:02:16.171917 | avg: 0:00:11.347660
[13 of 50] SBUX
Saved: /home/qcx201/Projects/daytrade/data/chart/chart-sbux.json
Saved: /home/qcx201/Projects/daytrade/data/summary/summary-sbux.json
<Response [200]> https://finance.yahoo.com/calendar/earnings/?symbol=SBUX&offset=0&size=100
<Response [200]> https://finance.yahoo.com/calendar/earnings/?symbol=SBUX&offset=100&size=100
<Response [200]> https://finance.yahoo.com/calendar/earnings/?symbol=SBUX&offset=200&size=100
Saved: /home/qcx201/Projects/daytrade/data/earnings/earnings-sbux.json
now: 2025-12-28 21:13:48.956067 | eta: 0:06:39.195146 | delta: 0:02:20.257757 | avg: 0:00:10.789058
[14 of 50] MCK
Saved: /home/qcx201/Projects/daytrade/data/chart/chart-mck.json
Saved: /home/qcx201/Projects/daytrade/data/summary/summary-mck.json
<Response [200]> https://finance.yahoo.com/calendar/earnings/?symbol=MCK&offset=0&size=100
Sleeping 90.0 seconds...
<Response [200]> https://finance.yahoo.com/calendar/earnings/?symbol=MCK&offset=0&size=100
<Response [200]> https://finance.yahoo.com/calendar/earnings/?symbol=MCK&offset=100&size=100
<Response [200]> https://finance.yahoo.com/calendar/earnings/?symbol=MCK&offset=200&size=100
Saved: /home/qcx201/Projects/daytrade/data/earnings/earnings-mck.json
now: 2025-12-28 21:15:24.402296 | eta: 0:10:06.095964 | delta: 0:03:55.703986 | avg: 0:00:16.835999
[15 of 50] CVS
Saved: /home/qcx201/Projects/daytrade/data/chart/chart-cvs.json
Saved: /home/qcx201/Projects/daytrade/data/summary/summary-cvs.json
<Response [200]> https://finance.yahoo.com/calendar/earnings/?symbol=CVS&offset=0&size=100
<Response [200]> https://finance.yahoo.com/calendar/earnings/?symbol=CVS&offset=100&size=100
<Response [200]> https://finance.yahoo.com/calendar/earnings/?symbol=CVS&offset=200&size=100
Saved: /home/qcx201/Projects/daytrade/data/earnings/earnings-cvs.json
now: 2025-12-28 21:15:28.809407 | eta: 0:09:20.259210 | delta: 0:04:00.111097 | avg: 0:00:16.007406
[16 of 50] CDNS
Saved: /home/qcx201/Projects/daytrade/data/chart/chart-cdns.json
Saved: /home/qcx201/Projects/daytrade/data/summary/summary-cdns.json
<Response [200]> https://finance.yahoo.com/calendar/earnings/?symbol=CDNS&offset=0&size=100
Sleeping 90.0 seconds...
<Response [200]> https://finance.yahoo.com/calendar/earnings/?symbol=CDNS&offset=0&size=100
<Response [200]> https://finance.yahoo.com/calendar/earnings/?symbol=CDNS&offset=100&size=100
<Response [200]> https://finance.yahoo.com/calendar/earnings/?symbol=CDNS&offset=200&size=100
Saved: /home/qcx201/Projects/daytrade/data/earnings/earnings-cdns.json
now: 2025-12-28 21:17:03.833258 | eta: 0:11:52.161756 | delta: 0:05:35.134948 | avg: 0:00:20.945934
[17 of 50] TT
Saved: /home/qcx201/Projects/daytrade/data/chart/chart-tt.json
Saved: /home/qcx201/Projects/daytrade/data/summary/summary-tt.json
<Response [200]> https://finance.yahoo.com/calendar/earnings/?symbol=TT&offset=0&size=100
<Response [200]> https://finance.yahoo.com/calendar/earnings/?symbol=TT&offset=100&size=100
<Response [200]> https://finance.yahoo.com/calendar/earnings/?symbol=TT&offset=200&size=100
Saved: /home/qcx201/Projects/daytrade/data/earnings/earnings-tt.json
now: 2025-12-28 21:17:07.918392 | eta: 0:10:58.486026 | delta: 0:05:39.220082 | avg: 0:00:19.954122
[18 of 50] NEM
Saved: /home/qcx201/Projects/daytrade/data/chart/chart-nem.json
Saved: /home/qcx201/Projects/daytrade/data/summary/summary-nem.json
<Response [200]> https://finance.yahoo.com/calendar/earnings/?symbol=NEM&offset=0&size=100
<Response [200]> https://finance.yahoo.com/calendar/earnings/?symbol=NEM&offset=100&size=100
<Response [200]> https://finance.yahoo.com/calendar/earnings/?symbol=NEM&offset=200&size=100
Sleeping 90.0 seconds...
<Response [200]> https://finance.yahoo.com/calendar/earnings/?symbol=NEM&offset=200&size=100
Saved: /home/qcx201/Projects/daytrade/data/earnings/earnings-nem.json
now: 2025-12-28 21:18:44.081030 | eta: 0:12:54.013728 | delta: 0:07:15.382720 | avg: 0:00:24.187929
[19 of 50] BMY
Saved: /home/qcx201/Projects/daytrade/data/chart/chart-bmy.json
Saved: /home/qcx201/Projects/daytrade/data/summary/summary-bmy.json
<Response [200]> https://finance.yahoo.com/calendar/earnings/?symbol=BMY&offset=0&size=100
<Response [200]> https://finance.yahoo.com/calendar/earnings/?symbol=BMY&offset=100&size=100
<Response [200]> https://finance.yahoo.com/calendar/earnings/?symbol=BMY&offset=200&size=100
Saved: /home/qcx201/Projects/daytrade/data/earnings/earnings-bmy.json
now: 2025-12-28 21:18:50.257859 | eta: 0:12:00.439256 | delta: 0:07:21.559549 | avg: 0:00:23.239976
[20 of 50] ORLY
Saved: /home/qcx201/Projects/daytrade/data/chart/chart-orly.json
Saved: /home/qcx201/Projects/daytrade/data/summary/summary-orly.json
<Response [200]> https://finance.yahoo.com/calendar/earnings/?symbol=ORLY&offset=0&size=100
<Response [200]> https://finance.yahoo.com/calendar/earnings/?symbol=ORLY&offset=100&size=100
<Response [200]> https://finance.yahoo.com/calendar/earnings/?symbol=ORLY&offset=200&size=100
Saved: /home/qcx201/Projects/daytrade/data/earnings/earnings-orly.json
now: 2025-12-28 21:18:54.381779 | eta: 0:11:08.525190 | delta: 0:07:25.683469 | avg: 0:00:22.284173
[21 of 50] SNPS
Saved: /home/qcx201/Projects/daytrade/data/chart/chart-snps.json
Saved: /home/qcx201/Projects/daytrade/data/summary/summary-snps.json
<Response [200]> https://finance.yahoo.com/calendar/earnings/?symbol=SNPS&offset=0&size=100
Sleeping 90.0 seconds...
<Response [200]> https://finance.yahoo.com/calendar/earnings/?symbol=SNPS&offset=0&size=100
<Response [200]> https://finance.yahoo.com/calendar/earnings/?symbol=SNPS&offset=100&size=100
<Response [200]> https://finance.yahoo.com/calendar/earnings/?symbol=SNPS&offset=200&size=100
Saved: /home/qcx201/Projects/daytrade/data/earnings/earnings-snps.json
now: 2025-12-28 21:20:29.845301 | eta: 0:12:27.298216 | delta: 0:09:01.146991 | avg: 0:00:25.768904
[22 of 50] AMT
Saved: /home/qcx201/Projects/daytrade/data/chart/chart-amt.json
Saved: /home/qcx201/Projects/daytrade/data/summary/summary-amt.json
<Response [200]> https://finance.yahoo.com/calendar/earnings/?symbol=AMT&offset=0&size=100
<Response [200]> https://finance.yahoo.com/calendar/earnings/?symbol=AMT&offset=100&size=100
<Response [200]> https://finance.yahoo.com/calendar/earnings/?symbol=AMT&offset=200&size=100
Saved: /home/qcx201/Projects/daytrade/data/earnings/earnings-amt.json
now: 2025-12-28 21:20:34.146083 | eta: 0:11:34.206268 | delta: 0:09:05.447773 | avg: 0:00:24.793081
[23 of 50] KKR
Saved: /home/qcx201/Projects/daytrade/data/chart/chart-kkr.json
Saved: /home/qcx201/Projects/daytrade/data/summary/summary-kkr.json
<Response [200]> https://finance.yahoo.com/calendar/earnings/?symbol=KKR&offset=0&size=100
<Response [200]> https://finance.yahoo.com/calendar/earnings/?symbol=KKR&offset=100&size=100
Saved: /home/qcx201/Projects/daytrade/data/earnings/earnings-kkr.json
now: 2025-12-28 21:20:37.049516 | eta: 0:10:43.716639 | delta: 0:09:08.351206 | avg: 0:00:23.841357
[24 of 50] GD
Saved: /home/qcx201/Projects/daytrade/data/chart/chart-gd.json
Saved: /home/qcx201/Projects/daytrade/data/summary/summary-gd.json
<Response [200]> https://finance.yahoo.com/calendar/earnings/?symbol=GD&offset=0&size=100
Sleeping 90.0 seconds...
<Response [200]> https://finance.yahoo.com/calendar/earnings/?symbol=GD&offset=0&size=100
<Response [200]> https://finance.yahoo.com/calendar/earnings/?symbol=GD&offset=100&size=100
<Response [200]> https://finance.yahoo.com/calendar/earnings/?symbol=GD&offset=200&size=100
Saved: /home/qcx201/Projects/daytrade/data/earnings/earnings-gd.json
now: 2025-12-28 21:22:13.366038 | eta: 0:11:38.390030 | delta: 0:10:44.667728 | avg: 0:00:26.861155
[25 of 50] NKE
Saved: /home/qcx201/Projects/daytrade/data/chart/chart-nke.json
Saved: /home/qcx201/Projects/daytrade/data/summary/summary-nke.json
<Response [200]> https://finance.yahoo.com/calendar/earnings/?symbol=NKE&offset=0&size=100
<Response [200]> https://finance.yahoo.com/calendar/earnings/?symbol=NKE&offset=100&size=100
<Response [200]> https://finance.yahoo.com/calendar/earnings/?symbol=NKE&offset=200&size=100
Saved: /home/qcx201/Projects/daytrade/data/earnings/earnings-nke.json
now: 2025-12-28 21:22:17.630902 | eta: 0:10:48.932600 | delta: 0:10:48.932592 | avg: 0:00:25.957304
[26 of 50] MMM
Saved: /home/qcx201/Projects/daytrade/data/chart/chart-mmm.json
Saved: /home/qcx201/Projects/daytrade/data/summary/summary-mmm.json
<Response [200]> https://finance.yahoo.com/calendar/earnings/?symbol=MMM&offset=0&size=100
Sleeping 90.0 seconds...
<Response [200]> https://finance.yahoo.com/calendar/earnings/?symbol=MMM&offset=0&size=100
<Response [200]> https://finance.yahoo.com/calendar/earnings/?symbol=MMM&offset=100&size=100
<Response [200]> https://finance.yahoo.com/calendar/earnings/?symbol=MMM&offset=200&size=100
Saved: /home/qcx201/Projects/daytrade/data/earnings/earnings-mmm.json
now: 2025-12-28 21:23:53.264075 | eta: 0:11:27.291480 | delta: 0:12:24.565765 | avg: 0:00:28.637145
[27 of 50] NOC
Saved: /home/qcx201/Projects/daytrade/data/chart/chart-noc.json
Saved: /home/qcx201/Projects/daytrade/data/summary/summary-noc.json
<Response [200]> https://finance.yahoo.com/calendar/earnings/?symbol=NOC&offset=0&size=100
<Response [200]> https://finance.yahoo.com/calendar/earnings/?symbol=NOC&offset=100&size=100
<Response [200]> https://finance.yahoo.com/calendar/earnings/?symbol=NOC&offset=200&size=100
Saved: /home/qcx201/Projects/daytrade/data/earnings/earnings-noc.json
now: 2025-12-28 21:23:58.204161 | eta: 0:10:38.467948 | delta: 0:12:29.505851 | avg: 0:00:27.759476
[28 of 50] WM
Saved: /home/qcx201/Projects/daytrade/data/chart/chart-wm.json
Saved: /home/qcx201/Projects/daytrade/data/summary/summary-wm.json
<Response [200]> https://finance.yahoo.com/calendar/earnings/?symbol=WM&offset=0&size=100
<Response [200]> https://finance.yahoo.com/calendar/earnings/?symbol=WM&offset=100&size=100
Sleeping 90.0 seconds...
<Response [200]> https://finance.yahoo.com/calendar/earnings/?symbol=WM&offset=100&size=100
<Response [200]> https://finance.yahoo.com/calendar/earnings/?symbol=WM&offset=200&size=100
Saved: /home/qcx201/Projects/daytrade/data/earnings/earnings-wm.json
now: 2025-12-28 21:25:34.185547 | eta: 0:11:04.311406 | delta: 0:14:05.487237 | avg: 0:00:30.195973
[29 of 50] RCL
Saved: /home/qcx201/Projects/daytrade/data/chart/chart-rcl.json
Saved: /home/qcx201/Projects/daytrade/data/summary/summary-rcl.json
<Response [200]> https://finance.yahoo.com/calendar/earnings/?symbol=RCL&offset=0&size=100
<Response [200]> https://finance.yahoo.com/calendar/earnings/?symbol=RCL&offset=100&size=100
<Response [200]> https://finance.yahoo.com/calendar/earnings/?symbol=RCL&offset=200&size=100
Saved: /home/qcx201/Projects/daytrade/data/earnings/earnings-rcl.json
now: 2025-12-28 21:25:38.594614 | eta: 0:10:15.442149 | delta: 0:14:09.896304 | avg: 0:00:29.306769
[30 of 50] MDLZ
Saved: /home/qcx201/Projects/daytrade/data/chart/chart-mdlz.json
Saved: /home/qcx201/Projects/daytrade/data/summary/summary-mdlz.json
<Response [200]> https://finance.yahoo.com/calendar/earnings/?symbol=MDLZ&offset=0&size=100
<Response [200]> https://finance.yahoo.com/calendar/earnings/?symbol=MDLZ&offset=100&size=100
Sleeping 90.0 seconds...
<Response [200]> https://finance.yahoo.com/calendar/earnings/?symbol=MDLZ&offset=100&size=100
Saved: /home/qcx201/Projects/daytrade/data/earnings/earnings-mdlz.json
now: 2025-12-28 21:27:13.006108 | eta: 0:10:29.538540 | delta: 0:15:44.307798 | avg: 0:00:31.476927
[31 of 50] SHW
Saved: /home/qcx201/Projects/daytrade/data/chart/chart-shw.json
Saved: /home/qcx201/Projects/daytrade/data/summary/summary-shw.json
<Response [200]> https://finance.yahoo.com/calendar/earnings/?symbol=SHW&offset=0&size=100
<Response [200]> https://finance.yahoo.com/calendar/earnings/?symbol=SHW&offset=100&size=100
<Response [200]> https://finance.yahoo.com/calendar/earnings/?symbol=SHW&offset=200&size=100
Saved: /home/qcx201/Projects/daytrade/data/earnings/earnings-shw.json
now: 2025-12-28 21:27:17.445431 | eta: 0:09:41.490174 | delta: 0:15:48.747121 | avg: 0:00:30.604746
[32 of 50] AJG
Saved: /home/qcx201/Projects/daytrade/data/chart/chart-ajg.json
Saved: /home/qcx201/Projects/daytrade/data/summary/summary-ajg.json
<Response [200]> https://finance.yahoo.com/calendar/earnings/?symbol=AJG&offset=0&size=100
<Response [200]> https://finance.yahoo.com/calendar/earnings/?symbol=AJG&offset=100&size=100
<Response [200]> https://finance.yahoo.com/calendar/earnings/?symbol=AJG&offset=200&size=100
Sleeping 90.0 seconds...
<Response [200]> https://finance.yahoo.com/calendar/earnings/?symbol=AJG&offset=200&size=100
Saved: /home/qcx201/Projects/daytrade/data/earnings/earnings-ajg.json
now: 2025-12-28 21:28:53.411931 | eta: 0:09:47.651418 | delta: 0:17:24.713621 | avg: 0:00:32.647301
[33 of 50] PNC
Saved: /home/qcx201/Projects/daytrade/data/chart/chart-pnc.json
Saved: /home/qcx201/Projects/daytrade/data/summary/summary-pnc.json
<Response [200]> https://finance.yahoo.com/calendar/earnings/?symbol=PNC&offset=0&size=100
<Response [200]> https://finance.yahoo.com/calendar/earnings/?symbol=PNC&offset=100&size=100
<Response [200]> https://finance.yahoo.com/calendar/earnings/?symbol=PNC&offset=200&size=100
Saved: /home/qcx201/Projects/daytrade/data/earnings/earnings-pnc.json
now: 2025-12-28 21:28:57.550811 | eta: 0:09:00.317953 | delta: 0:17:28.852501 | avg: 0:00:31.783409
[34 of 50] HWM
Saved: /home/qcx201/Projects/daytrade/data/chart/chart-hwm.json
Saved: /home/qcx201/Projects/daytrade/data/summary/summary-hwm.json
<Response [200]> https://finance.yahoo.com/calendar/earnings/?symbol=HWM&offset=0&size=100
<Response [200]> https://finance.yahoo.com/calendar/earnings/?symbol=HWM&offset=100&size=100
Saved: /home/qcx201/Projects/daytrade/data/earnings/earnings-hwm.json
now: 2025-12-28 21:29:00.443418 | eta: 0:08:14.938880 | delta: 0:17:31.745108 | avg: 0:00:30.933680
[35 of 50] WMB
Saved: /home/qcx201/Projects/daytrade/data/chart/chart-wmb.json
Saved: /home/qcx201/Projects/daytrade/data/summary/summary-wmb.json
<Response [200]> https://finance.yahoo.com/calendar/earnings/?symbol=WMB&offset=0&size=100
Sleeping 90.0 seconds...
<Response [200]> https://finance.yahoo.com/calendar/earnings/?symbol=WMB&offset=0&size=100
<Response [200]> https://finance.yahoo.com/calendar/earnings/?symbol=WMB&offset=100&size=100
<Response [200]> https://finance.yahoo.com/calendar/earnings/?symbol=WMB&offset=200&size=100
Saved: /home/qcx201/Projects/daytrade/data/earnings/earnings-wmb.json
now: 2025-12-28 21:30:35.714252 | eta: 0:08:11.578260 | delta: 0:19:07.015942 | avg: 0:00:32.771884
[36 of 50] CI
Saved: /home/qcx201/Projects/daytrade/data/chart/chart-ci.json
Saved: /home/qcx201/Projects/daytrade/data/summary/summary-ci.json
<Response [200]> https://finance.yahoo.com/calendar/earnings/?symbol=CI&offset=0&size=100
<Response [200]> https://finance.yahoo.com/calendar/earnings/?symbol=CI&offset=100&size=100
<Response [200]> https://finance.yahoo.com/calendar/earnings/?symbol=CI&offset=200&size=100
Saved: /home/qcx201/Projects/daytrade/data/earnings/earnings-ci.json
now: 2025-12-28 21:30:40.191313 | eta: 0:07:27.802838 | delta: 0:19:11.493003 | avg: 0:00:31.985917
[37 of 50] AON
Saved: /home/qcx201/Projects/daytrade/data/chart/chart-aon.json
Saved: /home/qcx201/Projects/daytrade/data/summary/summary-aon.json
<Response [200]> https://finance.yahoo.com/calendar/earnings/?symbol=AON&offset=0&size=100
Sleeping 90.0 seconds...
<Response [200]> https://finance.yahoo.com/calendar/earnings/?symbol=AON&offset=0&size=100
Sleeping 112.5 seconds...
<Response [200]> https://finance.yahoo.com/calendar/earnings/?symbol=AON&offset=0&size=100
<Response [200]> https://finance.yahoo.com/calendar/earnings/?symbol=AON&offset=100&size=100
<Response [200]> https://finance.yahoo.com/calendar/earnings/?symbol=AON&offset=200&size=100
Saved: /home/qcx201/Projects/daytrade/data/earnings/earnings-aon.json
now: 2025-12-28 21:34:08.616548 | eta: 0:07:57.809111 | delta: 0:22:39.918238 | avg: 0:00:36.754547
[38 of 50] BK
Saved: /home/qcx201/Projects/daytrade/data/chart/chart-bk.json
Saved: /home/qcx201/Projects/daytrade/data/summary/summary-bk.json
<Response [200]> https://finance.yahoo.com/calendar/earnings/?symbol=BK&offset=0&size=100
<Response [200]> https://finance.yahoo.com/calendar/earnings/?symbol=BK&offset=100&size=100
<Response [200]> https://finance.yahoo.com/calendar/earnings/?symbol=BK&offset=200&size=100
Saved: /home/qcx201/Projects/daytrade/data/earnings/earnings-bk.json
now: 2025-12-28 21:34:12.833378 | eta: 0:07:10.779492 | delta: 0:22:44.135068 | avg: 0:00:35.898291
[39 of 50] EQIX
Saved: /home/qcx201/Projects/daytrade/data/chart/chart-eqix.json
Saved: /home/qcx201/Projects/daytrade/data/summary/summary-eqix.json
<Response [200]> https://finance.yahoo.com/calendar/earnings/?symbol=EQIX&offset=0&size=100
<Response [200]> https://finance.yahoo.com/calendar/earnings/?symbol=EQIX&offset=100&size=100
Saved: /home/qcx201/Projects/daytrade/data/earnings/earnings-eqix.json
now: 2025-12-28 21:34:15.800930 | eta: 0:06:25.593043 | delta: 0:22:47.102620 | avg: 0:00:35.053913
[40 of 50] COIN
Saved: /home/qcx201/Projects/daytrade/data/chart/chart-coin.json
Saved: /home/qcx201/Projects/daytrade/data/summary/summary-coin.json
<Response [200]> https://finance.yahoo.com/calendar/earnings/?symbol=COIN&offset=0&size=100
<Response [200]> https://finance.yahoo.com/calendar/earnings/?symbol=COIN&offset=100&size=100
Saved: /home/qcx201/Projects/daytrade/data/earnings/earnings-coin.json
now: 2025-12-28 21:34:18.305335 | eta: 0:05:42.401760 | delta: 0:22:49.607025 | avg: 0:00:34.240176
[41 of 50] MSI
Saved: /home/qcx201/Projects/daytrade/data/chart/chart-msi.json
Saved: /home/qcx201/Projects/daytrade/data/summary/summary-msi.json
<Response [200]> https://finance.yahoo.com/calendar/earnings/?symbol=MSI&offset=0&size=100
Sleeping 90.0 seconds...
<Response [200]> https://finance.yahoo.com/calendar/earnings/?symbol=MSI&offset=0&size=100
<Response [200]> https://finance.yahoo.com/calendar/earnings/?symbol=MSI&offset=100&size=100
<Response [200]> https://finance.yahoo.com/calendar/earnings/?symbol=MSI&offset=200&size=100
Saved: /home/qcx201/Projects/daytrade/data/earnings/earnings-msi.json
now: 2025-12-28 21:35:53.520637 | eta: 0:05:21.546366 | delta: 0:24:24.822327 | avg: 0:00:35.727374
[42 of 50] USB
Saved: /home/qcx201/Projects/daytrade/data/chart/chart-usb.json
Saved: /home/qcx201/Projects/daytrade/data/summary/summary-usb.json
<Response [200]> https://finance.yahoo.com/calendar/earnings/?symbol=USB&offset=0&size=100
<Response [200]> https://finance.yahoo.com/calendar/earnings/?symbol=USB&offset=100&size=100
Saved: /home/qcx201/Projects/daytrade/data/earnings/earnings-usb.json
now: 2025-12-28 21:35:56.907073 | eta: 0:04:39.658816 | delta: 0:24:28.208763 | avg: 0:00:34.957352
[43 of 50] TDG
Saved: /home/qcx201/Projects/daytrade/data/chart/chart-tdg.json
Saved: /home/qcx201/Projects/daytrade/data/summary/summary-tdg.json
<Response [200]> https://finance.yahoo.com/calendar/earnings/?symbol=TDG&offset=0&size=100
<Response [200]> https://finance.yahoo.com/calendar/earnings/?symbol=TDG&offset=100&size=100
Saved: /home/qcx201/Projects/daytrade/data/earnings/earnings-tdg.json
now: 2025-12-28 21:35:59.654962 | eta: 0:03:59.458058 | delta: 0:24:30.956652 | avg: 0:00:34.208294
[44 of 50] EMR
Saved: /home/qcx201/Projects/daytrade/data/chart/chart-emr.json
Saved: /home/qcx201/Projects/daytrade/data/summary/summary-emr.json
<Response [200]> https://finance.yahoo.com/calendar/earnings/?symbol=EMR&offset=0&size=100
Sleeping 90.0 seconds...
<Response [200]> https://finance.yahoo.com/calendar/earnings/?symbol=EMR&offset=0&size=100
<Response [200]> https://finance.yahoo.com/calendar/earnings/?symbol=EMR&offset=100&size=100
<Response [200]> https://finance.yahoo.com/calendar/earnings/?symbol=EMR&offset=200&size=100
Saved: /home/qcx201/Projects/daytrade/data/earnings/earnings-emr.json
now: 2025-12-28 21:37:34.975124 | eta: 0:03:33.583200 | delta: 0:26:06.276814 | avg: 0:00:35.597200
[45 of 50] MCO
Saved: /home/qcx201/Projects/daytrade/data/chart/chart-mco.json
Saved: /home/qcx201/Projects/daytrade/data/summary/summary-mco.json
<Response [200]> https://finance.yahoo.com/calendar/earnings/?symbol=MCO&offset=0&size=100
<Response [200]> https://finance.yahoo.com/calendar/earnings/?symbol=MCO&offset=100&size=100
<Response [200]> https://finance.yahoo.com/calendar/earnings/?symbol=MCO&offset=200&size=100
Saved: /home/qcx201/Projects/daytrade/data/earnings/earnings-mco.json
now: 2025-12-28 21:37:39.129409 | eta: 0:02:54.492345 | delta: 0:26:10.431099 | avg: 0:00:34.898469
[46 of 50] ELV
Saved: /home/qcx201/Projects/daytrade/data/chart/chart-elv.json
Saved: /home/qcx201/Projects/daytrade/data/summary/summary-elv.json
<Response [200]> https://finance.yahoo.com/calendar/earnings/?symbol=ELV&offset=0&size=100
<Response [200]> https://finance.yahoo.com/calendar/earnings/?symbol=ELV&offset=100&size=100
Saved: /home/qcx201/Projects/daytrade/data/earnings/earnings-elv.json
now: 2025-12-28 21:37:41.868785 | eta: 0:02:16.797432 | delta: 0:26:13.170475 | avg: 0:00:34.199358
[47 of 50] JCI
Saved: /home/qcx201/Projects/daytrade/data/chart/chart-jci.json
Saved: /home/qcx201/Projects/daytrade/data/summary/summary-jci.json
<Response [200]> https://finance.yahoo.com/calendar/earnings/?symbol=JCI&offset=0&size=100
Sleeping 90.0 seconds...
<Response [200]> https://finance.yahoo.com/calendar/earnings/?symbol=JCI&offset=0&size=100
<Response [200]> https://finance.yahoo.com/calendar/earnings/?symbol=JCI&offset=100&size=100
<Response [200]> https://finance.yahoo.com/calendar/earnings/?symbol=JCI&offset=200&size=100
Saved: /home/qcx201/Projects/daytrade/data/earnings/earnings-jci.json
now: 2025-12-28 21:39:16.987299 | eta: 0:01:46.486530 | delta: 0:27:48.288989 | avg: 0:00:35.495510
[48 of 50] AZO
Saved: /home/qcx201/Projects/daytrade/data/chart/chart-azo.json
Saved: /home/qcx201/Projects/daytrade/data/summary/summary-azo.json
<Response [200]> https://finance.yahoo.com/calendar/earnings/?symbol=AZO&offset=0&size=100
<Response [200]> https://finance.yahoo.com/calendar/earnings/?symbol=AZO&offset=100&size=100
<Response [200]> https://finance.yahoo.com/calendar/earnings/?symbol=AZO&offset=200&size=100
Saved: /home/qcx201/Projects/daytrade/data/earnings/earnings-azo.json
now: 2025-12-28 21:39:21.235591 | eta: 0:01:09.689054 | delta: 0:27:52.537281 | avg: 0:00:34.844527
[49 of 50] CTAS
Saved: /home/qcx201/Projects/daytrade/data/chart/chart-ctas.json
Saved: /home/qcx201/Projects/daytrade/data/summary/summary-ctas.json
<Response [200]> https://finance.yahoo.com/calendar/earnings/?symbol=CTAS&offset=0&size=100
<Response [200]> https://finance.yahoo.com/calendar/earnings/?symbol=CTAS&offset=100&size=100
<Response [200]> https://finance.yahoo.com/calendar/earnings/?symbol=CTAS&offset=200&size=100
Sleeping 90.0 seconds...
<Response [200]> https://finance.yahoo.com/calendar/earnings/?symbol=CTAS&offset=200&size=100
Saved: /home/qcx201/Projects/daytrade/data/earnings/earnings-ctas.json
now: 2025-12-28 21:40:56.754185 | eta: 0:00:36.082773 | delta: 0:29:28.055875 | avg: 0:00:36.082773
[50 of 50] FI
Saved: /home/qcx201/Projects/daytrade/data/chart/chart-fi.json
Saved: /home/qcx201/Projects/daytrade/data/summary/summary-fi.json
<Response [200]> https://finance.yahoo.com/calendar/earnings/?symbol=FI&offset=0&size=100
<Response [200]> https://finance.yahoo.com/calendar/earnings/?symbol=FI&offset=100&size=100
<Response [200]> https://finance.yahoo.com/calendar/earnings/?symbol=FI&offset=200&size=100
Saved: /home/qcx201/Projects/daytrade/data/earnings/earnings-fi.json
now: 2025-12-28 21:41:01.384819 | eta: 0:00:00 | delta: 0:29:32.686509 | avg: 0:00:35.453730
-- Complete --
